<?xml version="1.0" encoding="UTF-8"?>
  <testsuite tests="177" failures="2" time="11360.913592757">
      <testcase name="[sig-cluster-lifecycle] Nodes [Disruptive] Resize [Slow] should be able to add nodes" classname="Kubernetes e2e suite" time="0">
          <skipped></skipped>
      </testcase>
      <testcase name="[sig-storage] [Serial] Volume metrics should create metrics for total time taken in volume operations in P/V Controller" classname="Kubernetes e2e suite" time="0">
          <skipped></skipped>
      </testcase>
      <testcase name="[sig-storage] PersistentVolumes-local  StatefulSet with pod affinity [Slow] should use volumes on one node when pod has affinity" classname="Kubernetes e2e suite" time="0">
          <skipped></skipped>
      </testcase>
      <testcase name="[sig-storage] In-tree Volumes [Driver: gluster] [Testpattern: Inline-volume (ext4)] volumes should be mountable" classname="Kubernetes e2e suite" time="0">
          <skipped></skipped>
      </testcase>
      <testcase name="[sig-storage] In-tree Volumes [Driver: local][LocalVolumeType: blockfs] [Testpattern: Dynamic PV (default fs)] subPath should support restarting containers using file as subpath [Slow]" classname="Kubernetes e2e suite" time="0">
          <skipped></skipped>
      </testcase>
      <testcase name="[sig-apps] StatefulSet [k8s.io] Deploy clustered applications [Feature:StatefulSet] [Slow] should creating a working mysql cluster" classname="Kubernetes e2e suite" time="0">
          <skipped></skipped>
      </testcase>
      <testcase name="[sig-storage] CSI Volumes [Driver: pd.csi.storage.gke.io][Serial] [Testpattern: Dynamic PV (default fs)] subPath should fail if subpath file is outside the volume [Slow]" classname="Kubernetes e2e suite" time="0">
          <skipped></skipped>
      </testcase>
      <testcase name="[sig-storage] In-tree Volumes [Driver: cinder] [Testpattern: Dynamic PV (default fs)] subPath should fail if subpath file is outside the volume [Slow]" classname="Kubernetes e2e suite" time="0">
          <skipped></skipped>
      </testcase>
      <testcase name="[sig-storage] In-tree Volumes [Driver: local][LocalVolumeType: blockfs] [Testpattern: Inline-volume (default fs)] volumeIO should write files of various sizes, verify size, validate content [Slow]" classname="Kubernetes e2e suite" time="0">
          <skipped></skipped>
      </testcase>
      <testcase name="[sig-storage] CSI Volumes [Driver: csi-hostpath-v0] [Testpattern: Pre-provisioned PV (default fs)] subPath should verify container cannot write to subpath readonly volumes" classname="Kubernetes e2e suite" time="0">
          <skipped></skipped>
      </testcase>
      <testcase name="[sig-storage] In-tree Volumes [Driver: emptydir] [Testpattern: Pre-provisioned PV (block volmode)] volumeMode should fail to create pod by failing to mount volume" classname="Kubernetes e2e suite" time="0">
          <skipped></skipped>
      </testcase>
      <testcase name="[sig-storage] In-tree Volumes [Driver: ceph][Feature:Volumes] [Testpattern: Dynamic PV (default fs)] subPath should support restarting containers using file as subpath [Slow]" classname="Kubernetes e2e suite" time="0">
          <skipped></skipped>
      </testcase>
      <testcase name="[sig-scheduling] NoExecuteTaintManager Single Pod [Serial] doesn&#39;t evict pod with tolerations from tainted nodes" classname="Kubernetes e2e suite" time="0">
          <skipped></skipped>
      </testcase>
      <testcase name="[sig-storage] In-tree Volumes [Driver: hostPath] [Testpattern: Dynamic PV (default fs)] subPath should fail if subpath file is outside the volume [Slow]" classname="Kubernetes e2e suite" time="0">
          <skipped></skipped>
      </testcase>
      <testcase name="[sig-storage] In-tree Volumes [Driver: gcepd] [Testpattern: Dynamic PV (default fs)] provisioning should access volume from different nodes" classname="Kubernetes e2e suite" time="0">
          <skipped></skipped>
      </testcase>
      <testcase name="[sig-storage] In-tree Volumes [Driver: hostPathSymlink] [Testpattern: Pre-provisioned PV (ext3)] volumes should allow exec of files on the volume" classname="Kubernetes e2e suite" time="0">
          <skipped></skipped>
      </testcase>
      <testcase name="[sig-storage] In-tree Volumes [Driver: nfs] [Testpattern: Inline-volume (default fs)] subPath should be able to unmount after the subpath directory is deleted" classname="Kubernetes e2e suite" time="0">
          <skipped></skipped>
      </testcase>
      <testcase name="[sig-storage] CSI Volumes [Driver: csi-hostpath] [Testpattern: Dynamic PV (default fs)] provisioning should provision storage with snapshot data source [Feature:VolumeSnapshotDataSource]" classname="Kubernetes e2e suite" time="0">
          <skipped></skipped>
      </testcase>
      <testcase name="[sig-storage] Projected configMap should be consumable from pods in volume with mappings [NodeConformance] [Conformance]" classname="Kubernetes e2e suite" time="37.011667468"></testcase>
      <testcase name="[sig-storage] In-tree Volumes [Driver: hostPathSymlink] [Testpattern: Inline-volume (default fs)] subPath should support existing single file" classname="Kubernetes e2e suite" time="0">
          <skipped></skipped>
      </testcase>
      <testcase name="[sig-storage] In-tree Volumes [Driver: local][LocalVolumeType: tmpfs] [Testpattern: Dynamic PV (ntfs)][sig-windows] volumes should allow exec of files on the volume" classname="Kubernetes e2e suite" time="0.001790411">
          <skipped></skipped>
      </testcase>
      <testcase name="[k8s.io] Container Runtime blackbox test when running a container with a new image should not be able to pull non-existing image from gcr.io [NodeConformance]" classname="Kubernetes e2e suite" time="13.365286811"></testcase>
      <testcase name="[sig-storage] In-tree Volumes [Driver: local][LocalVolumeType: dir-bindmounted] [Testpattern: Pre-provisioned PV (default fs)] subPath should support readOnly file specified in the volumeMount" classname="Kubernetes e2e suite" time="0">
          <skipped></skipped>
      </testcase>
      <testcase name="[sig-storage] In-tree Volumes [Driver: local][LocalVolumeType: tmpfs] [Testpattern: Pre-provisioned PV (default fs)] subPath should support creating multiple subpath from same volumes [Slow]" classname="Kubernetes e2e suite" time="0">
          <skipped></skipped>
      </testcase>
      <testcase name="[sig-storage] In-tree Volumes [Driver: rbd][Feature:Volumes] [Testpattern: Inline-volume (default fs)] subPath should support restarting containers using directory as subpath [Slow]" classname="Kubernetes e2e suite" time="0">
          <skipped></skipped>
      </testcase>
      <testcase name="[sig-storage] CSI Volumes [Driver: csi-hostpath] [Testpattern: Dynamic PV (default fs)] subPath should unmount if pod is force deleted while kubelet is down [Disruptive][Slow]" classname="Kubernetes e2e suite" time="0">
          <skipped></skipped>
      </testcase>
      <testcase name="[sig-storage] In-tree Volumes [Driver: local][LocalVolumeType: dir-bindmounted] [Testpattern: Dynamic PV (block volmode)] volumeMode should fail in binding dynamic provisioned PV to PVC" classname="Kubernetes e2e suite" time="0">
          <skipped></skipped>
      </testcase>
      <testcase name="[sig-storage] In-tree Volumes [Driver: gluster] [Testpattern: Pre-provisioned PV (default fs)] subPath should support readOnly file specified in the volumeMount" classname="Kubernetes e2e suite" time="0">
          <skipped></skipped>
      </testcase>
      <testcase name="[sig-apps] StatefulSet [k8s.io] Basic StatefulSet functionality [StatefulSetBasic] should perform canary updates and phased rolling updates of template modifications [Conformance]" classname="Kubernetes e2e suite" time="440.148160409"></testcase>
      <testcase name="[sig-storage] In-tree Volumes [Driver: rbd][Feature:Volumes] [Testpattern: Inline-volume (default fs)] volumeIO should write files of various sizes, verify size, validate content [Slow]" classname="Kubernetes e2e suite" time="0">
          <skipped></skipped>
      </testcase>
      <testcase name="[sig-storage] Regional PD RegionalPD should provision storage [Slow]" classname="Kubernetes e2e suite" time="0">
          <skipped></skipped>
      </testcase>
      <testcase name="[sig-storage] In-tree Volumes [Driver: azure] [Testpattern: Inline-volume (default fs)] subPath should fail if subpath directory is outside the volume [Slow]" classname="Kubernetes e2e suite" time="0">
          <skipped></skipped>
      </testcase>
      <testcase name="[sig-storage] Zone Support Verify a pod is created and attached to a dynamically created PV, based on the allowed zones and storage policy specified in storage class" classname="Kubernetes e2e suite" time="0">
          <skipped></skipped>
      </testcase>
      <testcase name="[sig-storage] In-tree Volumes [Driver: emptydir] [Testpattern: Pre-provisioned PV (default fs)] subPath should fail if subpath with backstepping is outside the volume [Slow]" classname="Kubernetes e2e suite" time="0">
          <skipped></skipped>
      </testcase>
      <testcase name="[sig-storage] In-tree Volumes [Driver: hostPathSymlink] [Testpattern: Pre-provisioned PV (ntfs)][sig-windows] volumes should be mountable" classname="Kubernetes e2e suite" time="0.001152835">
          <skipped></skipped>
      </testcase>
      <testcase name="[sig-storage] In-tree Volumes [Driver: local][LocalVolumeType: gce-localssd-scsi-fs] [Serial] [Testpattern: Dynamic PV (default fs)] volumeIO should write files of various sizes, verify size, validate content [Slow]" classname="Kubernetes e2e suite" time="0">
          <skipped></skipped>
      </testcase>
      <testcase name="[sig-storage] In-tree Volumes [Driver: vSphere] [Testpattern: Dynamic PV (default fs)] subPath should support readOnly directory specified in the volumeMount" classname="Kubernetes e2e suite" time="0">
          <skipped></skipped>
      </testcase>
      <testcase name="[sig-api-machinery] ResourceQuota should create a ResourceQuota and capture the life of a replication controller." classname="Kubernetes e2e suite" time="0">
          <skipped></skipped>
      </testcase>
      <testcase name="[sig-storage] CSI Volumes [Driver: csi-hostpath] [Testpattern: Inline-volume (default fs)] volumes should be mountable" classname="Kubernetes e2e suite" time="0">
          <skipped></skipped>
      </testcase>
      <testcase name="[sig-storage] In-tree Volumes [Driver: azure] [Testpattern: Pre-provisioned PV (default fs)] subPath should support non-existent path" classname="Kubernetes e2e suite" time="0">
          <skipped></skipped>
      </testcase>
      <testcase name="[sig-storage] In-tree Volumes [Driver: local][LocalVolumeType: dir-link] [Testpattern: Dynamic PV (ntfs)][sig-windows] volumes should be mountable" classname="Kubernetes e2e suite" time="0.001045215">
          <skipped></skipped>
      </testcase>
      <testcase name="[sig-storage] CSI Volumes [Driver: pd.csi.storage.gke.io][Serial] [Testpattern: Inline-volume (ntfs)][sig-windows] volumes should allow exec of files on the volume" classname="Kubernetes e2e suite" time="0">
          <skipped></skipped>
      </testcase>
      <testcase name="[sig-storage] Node Unregister [Feature:vsphere] [Slow] [Disruptive] node unregister" classname="Kubernetes e2e suite" time="0">
          <skipped></skipped>
      </testcase>
      <testcase name="[sig-storage] In-tree Volumes [Driver: gcepd] [Testpattern: Dynamic PV (ntfs)][sig-windows] provisioning should create and delete block persistent volumes" classname="Kubernetes e2e suite" time="17.563714167"></testcase>
      <testcase name="[sig-storage] ConfigMap binary data should be reflected in volume [NodeConformance] [Conformance]" classname="Kubernetes e2e suite" time="36.362052356"></testcase>
      <testcase name="[sig-storage] In-tree Volumes [Driver: gluster] [Testpattern: Inline-volume (default fs)] volumes should allow exec of files on the volume" classname="Kubernetes e2e suite" time="0">
          <skipped></skipped>
      </testcase>
      <testcase name="[sig-storage] In-tree Volumes [Driver: hostPathSymlink] [Testpattern: Pre-provisioned PV (default fs)] volumes should be mountable" classname="Kubernetes e2e suite" time="0">
          <skipped></skipped>
      </testcase>
      <testcase name="[sig-storage] CSI Volumes [Driver: csi-hostpath] [Testpattern: Dynamic PV (ext3)] volumes should allow exec of files on the volume" classname="Kubernetes e2e suite" time="0">
          <skipped></skipped>
      </testcase>
      <testcase name="[sig-storage] In-tree Volumes [Driver: gcepd] [Testpattern: Pre-provisioned PV (default fs)] volumes should allow exec of files on the volume" classname="Kubernetes e2e suite" time="0">
          <skipped></skipped>
      </testcase>
      <testcase name="[sig-storage] Volume Provisioning On Clustered Datastore [Feature:vsphere] verify dynamic provision with spbm policy on clustered datastore" classname="Kubernetes e2e suite" time="0">
          <skipped></skipped>
      </testcase>
      <testcase name="[sig-storage] CSI Volumes [Driver: csi-hostpath] [Testpattern: Dynamic PV (default fs)] subPath should be able to unmount after the subpath directory is deleted" classname="Kubernetes e2e suite" time="0">
          <skipped></skipped>
      </testcase>
      <testcase name="[sig-storage] In-tree Volumes [Driver: emptydir] [Testpattern: Dynamic PV (ntfs)][sig-windows] volumes should be mountable" classname="Kubernetes e2e suite" time="0.001995582">
          <skipped></skipped>
      </testcase>
      <testcase name="[sig-storage] In-tree Volumes [Driver: gcepd] [Testpattern: Pre-provisioned PV (block volmode)] volumeMode should create sc, pod, pv, and pvc, read/write to the pv, and delete all created resources" classname="Kubernetes e2e suite" time="0">
          <skipped></skipped>
      </testcase>
      <testcase name="[sig-storage] In-tree Volumes [Driver: local][LocalVolumeType: dir-link-bindmounted] [Testpattern: Dynamic PV (default fs)] subPath should fail if subpath file is outside the volume [Slow]" classname="Kubernetes e2e suite" time="0">
          <skipped></skipped>
      </testcase>
      <testcase name="[sig-storage] In-tree Volumes [Driver: hostPathSymlink] [Testpattern: Pre-provisioned PV (ext4)] volumes should be mountable" classname="Kubernetes e2e suite" time="0">
          <skipped></skipped>
      </testcase>
      <testcase name="[sig-storage] In-tree Volumes [Driver: hostPath] [Testpattern: Pre-provisioned PV (ext3)] volumes should be mountable" classname="Kubernetes e2e suite" time="0">
          <skipped></skipped>
      </testcase>
      <testcase name="[sig-storage] In-tree Volumes [Driver: local][LocalVolumeType: dir] [Testpattern: Dynamic PV (default fs)] subPath should fail if subpath with backstepping is outside the volume [Slow]" classname="Kubernetes e2e suite" time="0">
          <skipped></skipped>
      </testcase>
      <testcase name="[sig-scheduling] SchedulerPredicates [Serial] validates that taints-tolerations is respected if not matching" classname="Kubernetes e2e suite" time="0">
          <skipped></skipped>
      </testcase>
      <testcase name="[sig-storage] In-tree Volumes [Driver: local][LocalVolumeType: tmpfs] [Testpattern: Pre-provisioned PV (default fs)] subPath should be able to unmount after the subpath directory is deleted" classname="Kubernetes e2e suite" time="0">
          <skipped></skipped>
      </testcase>
      <testcase name="[sig-storage] In-tree Volumes [Driver: azure] [Testpattern: Pre-provisioned PV (xfs)] volumes should be mountable" classname="Kubernetes e2e suite" time="0">
          <skipped></skipped>
      </testcase>
      <testcase name="[sig-storage] In-tree Volumes [Driver: local][LocalVolumeType: dir-bindmounted] [Testpattern: Dynamic PV (default fs)] provisioning should allow concurrent writes on the same node" classname="Kubernetes e2e suite" time="0">
          <skipped></skipped>
      </testcase>
      <testcase name="[sig-storage] In-tree Volumes [Driver: local][LocalVolumeType: dir-link] [Testpattern: Dynamic PV (xfs)] volumes should allow exec of files on the volume" classname="Kubernetes e2e suite" time="0">
          <skipped></skipped>
      </testcase>
      <testcase name="[sig-storage] In-tree Volumes [Driver: nfs] [Testpattern: Dynamic PV (default fs)] subPath should support restarting containers using file as subpath [Slow]" classname="Kubernetes e2e suite" time="0">
          <skipped></skipped>
      </testcase>
      <testcase name="[sig-network] DNS configMap nameserver [IPv4] Change stubDomain should be able to change stubDomain configuration [Slow][Serial]" classname="Kubernetes e2e suite" time="0">
          <skipped></skipped>
      </testcase>
      <testcase name="[sig-storage] CSI Volumes [Driver: pd.csi.storage.gke.io][Serial] [Testpattern: Pre-provisioned PV (xfs)] volumes should allow exec of files on the volume" classname="Kubernetes e2e suite" time="0">
          <skipped></skipped>
      </testcase>
      <testcase name="[sig-storage] CSI Volumes [Driver: pd.csi.storage.gke.io][Serial] [Testpattern: Dynamic PV (ntfs)][sig-windows] provisioning should provision storage with snapshot data source [Feature:VolumeSnapshotDataSource]" classname="Kubernetes e2e suite" time="0">
          <skipped></skipped>
      </testcase>
      <testcase name="[sig-api-machinery] Discovery [Feature:StorageVersionHash] Custom resource should have storage version hash" classname="Kubernetes e2e suite" time="0">
          <skipped></skipped>
      </testcase>
      <testcase name="[sig-storage] In-tree Volumes [Driver: emptydir] [Testpattern: Dynamic PV (xfs)] volumes should be mountable" classname="Kubernetes e2e suite" time="0">
          <skipped></skipped>
      </testcase>
      <testcase name="[sig-storage] In-tree Volumes [Driver: rbd][Feature:Volumes] [Testpattern: Pre-provisioned PV (xfs)] volumes should be mountable" classname="Kubernetes e2e suite" time="0">
          <skipped></skipped>
      </testcase>
      <testcase name="[sig-storage] In-tree Volumes [Driver: cinder] [Testpattern: Pre-provisioned PV (xfs)] volumes should allow exec of files on the volume" classname="Kubernetes e2e suite" time="0">
          <skipped></skipped>
      </testcase>
      <testcase name="[sig-storage] In-tree Volumes [Driver: aws] [Testpattern: Dynamic PV (ntfs)][sig-windows] provisioning should create and delete block persistent volumes" classname="Kubernetes e2e suite" time="0.001626623">
          <skipped></skipped>
      </testcase>
      <testcase name="[sig-storage] In-tree Volumes [Driver: aws] [Testpattern: Dynamic PV (ntfs)][sig-windows] provisioning should provision storage with snapshot data source [Feature:VolumeSnapshotDataSource]" classname="Kubernetes e2e suite" time="0">
          <skipped></skipped>
      </testcase>
      <testcase name="[k8s.io] Variable Expansion should allow substituting values in a container&#39;s args [NodeConformance] [Conformance]" classname="Kubernetes e2e suite" time="20.575485764"></testcase>
      <testcase name="[sig-storage] CSI Volumes [Driver: csi-hostpath-v0] [Testpattern: Inline-volume (default fs)] subPath should support restarting containers using file as subpath [Slow]" classname="Kubernetes e2e suite" time="0">
          <skipped></skipped>
      </testcase>
      <testcase name="[sig-storage] In-tree Volumes [Driver: local][LocalVolumeType: dir-bindmounted] [Testpattern: Inline-volume (default fs)] subPath should support file as subpath" classname="Kubernetes e2e suite" time="0">
          <skipped></skipped>
      </testcase>
      <testcase name="[sig-storage] In-tree Volumes [Driver: rbd][Feature:Volumes] [Testpattern: Pre-provisioned PV (default fs)] subPath should fail if subpath directory is outside the volume [Slow]" classname="Kubernetes e2e suite" time="0">
          <skipped></skipped>
      </testcase>
      <testcase name="[sig-cluster-lifecycle] HA-master [Feature:HAMaster] survive addition/removal replicas different zones [Serial][Disruptive]" classname="Kubernetes e2e suite" time="0">
          <skipped></skipped>
      </testcase>
      <testcase name="[sig-storage] In-tree Volumes [Driver: rbd][Feature:Volumes] [Testpattern: Inline-volume (default fs)] subPath should support creating multiple subpath from same volumes [Slow]" classname="Kubernetes e2e suite" time="0">
          <skipped></skipped>
      </testcase>
      <testcase name="[sig-storage] In-tree Volumes [Driver: local][LocalVolumeType: dir-link-bindmounted] [Testpattern: Dynamic PV (default fs)] provisioning should provision storage with mount options" classname="Kubernetes e2e suite" time="0">
          <skipped></skipped>
      </testcase>
      <testcase name="[sig-storage] In-tree Volumes [Driver: local][LocalVolumeType: block] [Testpattern: Pre-provisioned PV (xfs)] volumes should allow exec of files on the volume" classname="Kubernetes e2e suite" time="0">
          <skipped></skipped>
      </testcase>
      <testcase name="[sig-scheduling] PodPriorityResolution [Serial] validates critical system priorities are created and resolved" classname="Kubernetes e2e suite" time="0">
          <skipped></skipped>
      </testcase>
      <testcase name="[sig-storage] In-tree Volumes [Driver: local][LocalVolumeType: dir-bindmounted] [Testpattern: Pre-provisioned PV (default fs)] subPath should fail if subpath with backstepping is outside the volume [Slow]" classname="Kubernetes e2e suite" time="0">
          <skipped></skipped>
      </testcase>
      <testcase name="[sig-storage] PersistentVolumes-local  [Volume type: dir-link] Set fsGroup for local volume should set different fsGroup for second pod if first pod is deleted" classname="Kubernetes e2e suite" time="0">
          <skipped></skipped>
      </testcase>
      <testcase name="[sig-storage] In-tree Volumes [Driver: azure] [Testpattern: Pre-provisioned PV (default fs)] subPath should support readOnly file specified in the volumeMount" classname="Kubernetes e2e suite" time="0">
          <skipped></skipped>
      </testcase>
      <testcase name="[sig-storage] In-tree Volumes [Driver: local][LocalVolumeType: blockfs] [Testpattern: Pre-provisioned PV (default fs)] subPath should fail if subpath with backstepping is outside the volume [Slow]" classname="Kubernetes e2e suite" time="0">
          <skipped></skipped>
      </testcase>
      <testcase name="[sig-storage] Volume FStype [Feature:vsphere] verify invalid fstype" classname="Kubernetes e2e suite" time="0">
          <skipped></skipped>
      </testcase>
      <testcase name="[sig-storage] In-tree Volumes [Driver: local][LocalVolumeType: gce-localssd-scsi-fs] [Serial] [Testpattern: Pre-provisioned PV (default fs)] subPath should support file as subpath" classname="Kubernetes e2e suite" time="0">
          <skipped></skipped>
      </testcase>
      <testcase name="[sig-storage] In-tree Volumes [Driver: local][LocalVolumeType: blockfs] [Testpattern: Inline-volume (default fs)] subPath should fail if subpath with backstepping is outside the volume [Slow]" classname="Kubernetes e2e suite" time="0">
          <skipped></skipped>
      </testcase>
      <testcase name="[sig-storage] In-tree Volumes [Driver: local][LocalVolumeType: dir] [Testpattern: Inline-volume (default fs)] subPath should fail if subpath directory is outside the volume [Slow]" classname="Kubernetes e2e suite" time="0">
          <skipped></skipped>
      </testcase>
      <testcase name="[sig-network] Loadbalancing: L7 GCE [Slow] [Feature:kubemci] should create ingress with pre-shared certificate" classname="Kubernetes e2e suite" time="0">
          <skipped></skipped>
      </testcase>
      <testcase name="[sig-storage] In-tree Volumes [Driver: aws] [Testpattern: Pre-provisioned PV (ext3)] volumes should be mountable" classname="Kubernetes e2e suite" time="0">
          <skipped></skipped>
      </testcase>
      <testcase name="[sig-storage] Volume Provisioning on Datastore [Feature:vsphere] verify dynamically provisioned pv using storageclass fails on an invalid datastore" classname="Kubernetes e2e suite" time="0">
          <skipped></skipped>
      </testcase>
      <testcase name="[sig-storage] In-tree Volumes [Driver: cinder] [Testpattern: Inline-volume (ext4)] volumes should allow exec of files on the volume" classname="Kubernetes e2e suite" time="0">
          <skipped></skipped>
      </testcase>
      <testcase name="[sig-storage] In-tree Volumes [Driver: nfs] [Testpattern: Dynamic PV (ntfs)][sig-windows] provisioning should create and delete block persistent volumes" classname="Kubernetes e2e suite" time="0.001968212">
          <skipped></skipped>
      </testcase>
      <testcase name="[sig-storage] Downward API volume should provide node allocatable (memory) as default memory limit if the limit is not set [NodeConformance] [Conformance]" classname="Kubernetes e2e suite" time="16.495304156"></testcase>
      <testcase name="[sig-storage] In-tree Volumes [Driver: local][LocalVolumeType: gce-localssd-scsi-fs] [Serial] [Testpattern: Inline-volume (default fs)] subPath should unmount if pod is force deleted while kubelet is down [Disruptive][Slow]" classname="Kubernetes e2e suite" time="0">
          <skipped></skipped>
      </testcase>
      <testcase name="[sig-storage] In-tree Volumes [Driver: rbd][Feature:Volumes] [Testpattern: Pre-provisioned PV (xfs)] volumes should allow exec of files on the volume" classname="Kubernetes e2e suite" time="0">
          <skipped></skipped>
      </testcase>
      <testcase name="[k8s.io] Container Runtime blackbox test when running a container with a new image should be able to pull image from gcr.io [NodeConformance]" classname="Kubernetes e2e suite" time="16.517472854"></testcase>
      <testcase name="[sig-storage] CSI Volumes [Driver: csi-hostpath-v0] [Testpattern: Pre-provisioned PV (ext3)] volumes should allow exec of files on the volume" classname="Kubernetes e2e suite" time="0">
          <skipped></skipped>
      </testcase>
      <testcase name="[sig-autoscaling] Cluster size autoscaling [Slow] should increase cluster size if pods are pending due to pod anti-affinity [Feature:ClusterSizeAutoscalingScaleUp]" classname="Kubernetes e2e suite" time="0">
          <skipped></skipped>
      </testcase>
      <testcase name="[sig-storage] In-tree Volumes [Driver: vSphere] [Testpattern: Dynamic PV (default fs)] subPath should support creating multiple subpath from same volumes [Slow]" classname="Kubernetes e2e suite" time="0">
          <skipped></skipped>
      </testcase>
      <testcase name="[sig-auth] [Feature:NodeAuthorizer] A node shouldn&#39;t be able to delete another node" classname="Kubernetes e2e suite" time="0">
          <skipped></skipped>
      </testcase>
      <testcase name="[sig-cluster-lifecycle] HA-master [Feature:HAMaster] survive addition/removal replicas same zone [Serial][Disruptive]" classname="Kubernetes e2e suite" time="0">
          <skipped></skipped>
      </testcase>
      <testcase name="[sig-storage] In-tree Volumes [Driver: local][LocalVolumeType: dir-link] [Testpattern: Dynamic PV (default fs)] subPath should fail if non-existent subpath is outside the volume [Slow]" classname="Kubernetes e2e suite" time="0">
          <skipped></skipped>
      </testcase>
      <testcase name="[sig-storage] In-tree Volumes [Driver: local][LocalVolumeType: dir-link-bindmounted] [Testpattern: Pre-provisioned PV (default fs)] subPath should support non-existent path" classname="Kubernetes e2e suite" time="0">
          <skipped></skipped>
      </testcase>
      <testcase name="[sig-storage] In-tree Volumes [Driver: aws] [Testpattern: Inline-volume (default fs)] subPath should support existing directories when readOnly specified in the volumeSource" classname="Kubernetes e2e suite" time="0">
          <skipped></skipped>
      </testcase>
      <testcase name="[sig-storage] In-tree Volumes [Driver: gcepd] [Testpattern: Inline-volume (ext4)] volumes should be mountable" classname="Kubernetes e2e suite" time="0">
          <skipped></skipped>
      </testcase>
      <testcase name="[sig-storage] In-tree Volumes [Driver: iscsi][Feature:Volumes] [Testpattern: Pre-provisioned PV (default fs)] subPath should support restarting containers using file as subpath [Slow]" classname="Kubernetes e2e suite" time="0">
          <skipped></skipped>
      </testcase>
      <testcase name="[sig-storage] In-tree Volumes [Driver: local][LocalVolumeType: dir] [Testpattern: Inline-volume (ext3)] volumes should allow exec of files on the volume" classname="Kubernetes e2e suite" time="0">
          <skipped></skipped>
      </testcase>
      <testcase name="[sig-storage] In-tree Volumes [Driver: nfs] [Testpattern: Inline-volume (default fs)] subPath should support restarting containers using file as subpath [Slow]" classname="Kubernetes e2e suite" time="0">
          <skipped></skipped>
      </testcase>
      <testcase name="[sig-storage] Secrets should be able to mount in a volume regardless of a different secret existing with same name in different namespace [NodeConformance] [Conformance]" classname="Kubernetes e2e suite" time="32.629096349"></testcase>
      <testcase name="[sig-storage] In-tree Volumes [Driver: local][LocalVolumeType: block] [Testpattern: Pre-provisioned PV (ext4)] volumes should be mountable" classname="Kubernetes e2e suite" time="0">
          <skipped></skipped>
      </testcase>
      <testcase name="[sig-storage] In-tree Volumes [Driver: local][LocalVolumeType: block] [Testpattern: Pre-provisioned PV (default fs)] subPath should support existing single file" classname="Kubernetes e2e suite" time="0">
          <skipped></skipped>
      </testcase>
      <testcase name="[sig-storage] PersistentVolumes NFS with Single PV - PVC pairs create a PVC and a pre-bound PV: test write access" classname="Kubernetes e2e suite" time="0">
          <skipped></skipped>
      </testcase>
      <testcase name="[sig-scheduling] SchedulerPredicates [Serial] validates that there exists conflict between pods with same hostPort and protocol but one using 0.0.0.0 hostIP" classname="Kubernetes e2e suite" time="0">
          <skipped></skipped>
      </testcase>
      <testcase name="[sig-storage] In-tree Volumes [Driver: local][LocalVolumeType: dir-link] [Testpattern: Dynamic PV (default fs)] subPath should support restarting containers using file as subpath [Slow]" classname="Kubernetes e2e suite" time="0">
          <skipped></skipped>
      </testcase>
      <testcase name="[sig-storage] In-tree Volumes [Driver: local][LocalVolumeType: dir-link] [Testpattern: Inline-volume (default fs)] subPath should support file as subpath" classname="Kubernetes e2e suite" time="0">
          <skipped></skipped>
      </testcase>
      <testcase name="[sig-storage] In-tree Volumes [Driver: iscsi][Feature:Volumes] [Testpattern: Pre-provisioned PV (default fs)] volumeIO should write files of various sizes, verify size, validate content [Slow]" classname="Kubernetes e2e suite" time="0">
          <skipped></skipped>
      </testcase>
      <testcase name="[k8s.io] Security Context When creating a container with runAsUser should run the container with uid 65534 [LinuxOnly] [NodeConformance]" classname="Kubernetes e2e suite" time="0">
          <skipped></skipped>
      </testcase>
      <testcase name="[sig-cli] Kubectl client [k8s.io] Kubectl cluster-info dump should check if cluster-info dump succeeds" classname="Kubernetes e2e suite" time="0">
          <skipped></skipped>
      </testcase>
      <testcase name="[sig-storage] In-tree Volumes [Driver: nfs] [Testpattern: Inline-volume (default fs)] subPath should fail if subpath file is outside the volume [Slow]" classname="Kubernetes e2e suite" time="0">
          <skipped></skipped>
      </testcase>
      <testcase name="[sig-storage] In-tree Volumes [Driver: gcepd] [Testpattern: Inline-volume (default fs)] volumes should allow exec of files on the volume" classname="Kubernetes e2e suite" time="0">
          <skipped></skipped>
      </testcase>
      <testcase name="[sig-storage] In-tree Volumes [Driver: local][LocalVolumeType: dir-link] [Testpattern: Pre-provisioned PV (block volmode)] volumeMode should fail to create pod by failing to mount volume" classname="Kubernetes e2e suite" time="0">
          <skipped></skipped>
      </testcase>
      <testcase name="[sig-storage] In-tree Volumes [Driver: local][LocalVolumeType: gce-localssd-scsi-fs] [Serial] [Testpattern: Pre-provisioned PV (default fs)] subPath should support existing directories when readOnly specified in the volumeSource" classname="Kubernetes e2e suite" time="0">
          <skipped></skipped>
      </testcase>
      <testcase name="[sig-storage] In-tree Volumes [Driver: local][LocalVolumeType: dir-bindmounted] [Testpattern: Dynamic PV (default fs)] subPath should fail if non-existent subpath is outside the volume [Slow]" classname="Kubernetes e2e suite" time="0">
          <skipped></skipped>
      </testcase>
      <testcase name="[sig-storage] In-tree Volumes [Driver: cinder] [Testpattern: Pre-provisioned PV (default fs)] subPath should unmount if pod is force deleted while kubelet is down [Disruptive][Slow]" classname="Kubernetes e2e suite" time="0">
          <skipped></skipped>
      </testcase>
      <testcase name="[sig-storage] In-tree Volumes [Driver: local][LocalVolumeType: dir-link-bindmounted] [Testpattern: Pre-provisioned PV (ntfs)][sig-windows] volumes should allow exec of files on the volume" classname="Kubernetes e2e suite" time="0.002208664">
          <skipped></skipped>
      </testcase>
      <testcase name="[sig-storage] PV Protection Verify that PV bound to a PVC is not removed immediately" classname="Kubernetes e2e suite" time="0">
          <skipped></skipped>
      </testcase>
      <testcase name="[sig-storage] Projected configMap should be consumable from pods in volume with mappings as non-root with FSGroup [NodeFeature:FSGroup]" classname="Kubernetes e2e suite" time="0">
          <skipped></skipped>
      </testcase>
      <testcase name="[sig-storage] In-tree Volumes [Driver: local][LocalVolumeType: dir] [Testpattern: Pre-provisioned PV (ntfs)][sig-windows] volumes should be mountable" classname="Kubernetes e2e suite" time="0.00190521">
          <skipped></skipped>
      </testcase>
      <testcase name="[sig-storage] EmptyDir volumes when FSGroup is specified [NodeFeature:FSGroup] volume on default medium should have the correct mode using FSGroup" classname="Kubernetes e2e suite" time="0">
          <skipped></skipped>
      </testcase>
      <testcase name="[sig-cli] Kubectl client [k8s.io] Simple pod should support exec" classname="Kubernetes e2e suite" time="0">
          <skipped></skipped>
      </testcase>
      <testcase name="[sig-storage] In-tree Volumes [Driver: local][LocalVolumeType: tmpfs] [Testpattern: Dynamic PV (default fs)] subPath should unmount if pod is force deleted while kubelet is down [Disruptive][Slow]" classname="Kubernetes e2e suite" time="0">
          <skipped></skipped>
      </testcase>
      <testcase name="[sig-storage] In-tree Volumes [Driver: hostPath] [Testpattern: Dynamic PV (default fs)] subPath should support existing single file" classname="Kubernetes e2e suite" time="0">
          <skipped></skipped>
      </testcase>
      <testcase name="[k8s.io] Container Runtime blackbox test on terminated container should report termination message [LinuxOnly] if TerminationMessagePath is set as non-root user and at a non-default path [NodeConformance]" classname="Kubernetes e2e suite" time="0">
          <skipped></skipped>
      </testcase>
      <testcase name="[sig-network] Loadbalancing: L7 GCE [Slow] [Feature:Ingress] should update ingress while sync failures occur on other ingresses" classname="Kubernetes e2e suite" time="0">
          <skipped></skipped>
      </testcase>
      <testcase name="[sig-network] Services should release NodePorts on delete" classname="Kubernetes e2e suite" time="0">
          <skipped></skipped>
      </testcase>
      <testcase name="[sig-storage] In-tree Volumes [Driver: local][LocalVolumeType: blockfs] [Testpattern: Dynamic PV (default fs)] provisioning should allow concurrent writes on the same node" classname="Kubernetes e2e suite" time="0">
          <skipped></skipped>
      </testcase>
      <testcase name="[sig-storage] In-tree Volumes [Driver: local][LocalVolumeType: dir-bindmounted] [Testpattern: Pre-provisioned PV (default fs)] subPath should support existing directories when readOnly specified in the volumeSource" classname="Kubernetes e2e suite" time="0">
          <skipped></skipped>
      </testcase>
      <testcase name="[sig-storage] Storage Policy Based Volume Provisioning [Feature:vsphere] verify VSAN storage capability with non-vsan datastore is not honored for dynamically provisioned pvc using storageclass" classname="Kubernetes e2e suite" time="0">
          <skipped></skipped>
      </testcase>
      <testcase name="[sig-storage] In-tree Volumes [Driver: emptydir] [Testpattern: Dynamic PV (default fs)] subPath should fail if subpath with backstepping is outside the volume [Slow]" classname="Kubernetes e2e suite" time="0">
          <skipped></skipped>
      </testcase>
      <testcase name="[sig-storage] In-tree Volumes [Driver: cinder] [Testpattern: Dynamic PV (default fs)] volumeIO should write files of various sizes, verify size, validate content [Slow]" classname="Kubernetes e2e suite" time="0">
          <skipped></skipped>
      </testcase>
      <testcase name="[k8s.io] Container Runtime blackbox test on terminated container should report termination message [LinuxOnly] from file when pod succeeds and TerminationMessagePolicy FallbackToLogsOnError is set [NodeConformance]" classname="Kubernetes e2e suite" time="0">
          <skipped></skipped>
      </testcase>
      <testcase name="[sig-storage] In-tree Volumes [Driver: local][LocalVolumeType: dir-link-bindmounted] [Testpattern: Dynamic PV (default fs)] provisioning should provision storage with defaults" classname="Kubernetes e2e suite" time="0">
          <skipped></skipped>
      </testcase>
      <testcase name="[sig-storage] In-tree Volumes [Driver: vSphere] [Testpattern: Inline-volume (default fs)] subPath should support file as subpath" classname="Kubernetes e2e suite" time="0">
          <skipped></skipped>
      </testcase>
      <testcase name="[sig-storage] In-tree Volumes [Driver: rbd][Feature:Volumes] [Testpattern: Inline-volume (default fs)] subPath should support file as subpath" classname="Kubernetes e2e suite" time="0">
          <skipped></skipped>
      </testcase>
      <testcase name="[sig-storage] In-tree Volumes [Driver: vSphere] [Testpattern: Pre-provisioned PV (default fs)] subPath should fail if subpath directory is outside the volume [Slow]" classname="Kubernetes e2e suite" time="0">
          <skipped></skipped>
      </testcase>
      <testcase name="[sig-apps] Job should exceed active deadline" classname="Kubernetes e2e suite" time="0">
          <skipped></skipped>
      </testcase>
      <testcase name="[sig-network] DNS configMap nameserver [Feature:Networking-IPv6] Change stubDomain should be able to change stubDomain configuration [Slow][Serial]" classname="Kubernetes e2e suite" time="0">
          <skipped></skipped>
      </testcase>
      <testcase name="[sig-storage] In-tree Volumes [Driver: hostPath] [Testpattern: Pre-provisioned PV (filesystem volmode)] volumeMode should create sc, pod, pv, and pvc, read/write to the pv, and delete all created resources" classname="Kubernetes e2e suite" time="0">
          <skipped></skipped>
      </testcase>
      <testcase name="[sig-cli] Kubectl client [k8s.io] Kubectl api-versions should check if v1 is in available api versions  [Conformance]" classname="Kubernetes e2e suite" time="8.273388114"></testcase>
      <testcase name="[sig-storage] In-tree Volumes [Driver: rbd][Feature:Volumes] [Testpattern: Inline-volume (default fs)] subPath should support existing directory" classname="Kubernetes e2e suite" time="0">
          <skipped></skipped>
      </testcase>
      <testcase name="[sig-storage] Projected configMap optional updates should be reflected in volume [NodeConformance] [Conformance]" classname="Kubernetes e2e suite" time="86.797335069"></testcase>
      <testcase name="[sig-storage] In-tree Volumes [Driver: local][LocalVolumeType: dir-link-bindmounted] [Testpattern: Dynamic PV (default fs)] volumes should be mountable" classname="Kubernetes e2e suite" time="0">
          <skipped></skipped>
      </testcase>
      <testcase name="[sig-storage] In-tree Volumes [Driver: nfs] [Testpattern: Dynamic PV (default fs)] subPath should fail if non-existent subpath is outside the volume [Slow]" classname="Kubernetes e2e suite" time="0">
          <skipped></skipped>
      </testcase>
      <testcase name="[sig-api-machinery] ResourceQuota should create a ResourceQuota and capture the life of a service." classname="Kubernetes e2e suite" time="0">
          <skipped></skipped>
      </testcase>
      <testcase name="[sig-storage] In-tree Volumes [Driver: hostPathSymlink] [Testpattern: Pre-provisioned PV (default fs)] subPath should fail if subpath file is outside the volume [Slow]" classname="Kubernetes e2e suite" time="0">
          <skipped></skipped>
      </testcase>
      <testcase name="[sig-storage] In-tree Volumes [Driver: gluster] [Testpattern: Dynamic PV (ext3)] volumes should allow exec of files on the volume" classname="Kubernetes e2e suite" time="0">
          <skipped></skipped>
      </testcase>
      <testcase name="[sig-network] Networking Granular Checks: Services [Slow] should function for endpoint-Service: udp" classname="Kubernetes e2e suite" time="0">
          <skipped></skipped>
      </testcase>
      <testcase name="[sig-storage] In-tree Volumes [Driver: aws] [Testpattern: Pre-provisioned PV (ext3)] volumes should allow exec of files on the volume" classname="Kubernetes e2e suite" time="0">
          <skipped></skipped>
      </testcase>
      <testcase name="[sig-storage] In-tree Volumes [Driver: local][LocalVolumeType: dir-bindmounted] [Testpattern: Dynamic PV (ntfs)][sig-windows] provisioning should create and delete block persistent volumes" classname="Kubernetes e2e suite" time="0.002177789">
          <skipped></skipped>
      </testcase>
      <testcase name="[sig-storage] In-tree Volumes [Driver: aws] [Testpattern: Dynamic PV (default fs)] subPath should unmount if pod is force deleted while kubelet is down [Disruptive][Slow]" classname="Kubernetes e2e suite" time="0">
          <skipped></skipped>
      </testcase>
      <testcase name="[sig-storage] In-tree Volumes [Driver: nfs] [Testpattern: Dynamic PV (xfs)] volumes should be mountable" classname="Kubernetes e2e suite" time="0">
          <skipped></skipped>
      </testcase>
      <testcase name="[sig-storage] [Serial] Volume metrics PVController should create none metrics for pvc controller before creating any PV or PVC" classname="Kubernetes e2e suite" time="0">
          <skipped></skipped>
      </testcase>
      <testcase name="[sig-storage] In-tree Volumes [Driver: aws] [Testpattern: Inline-volume (ext3)] volumes should allow exec of files on the volume" classname="Kubernetes e2e suite" time="0">
          <skipped></skipped>
      </testcase>
      <testcase name="[sig-storage] In-tree Volumes [Driver: local][LocalVolumeType: dir-bindmounted] [Testpattern: Dynamic PV (default fs)] subPath should support existing directories when readOnly specified in the volumeSource" classname="Kubernetes e2e suite" time="0">
          <skipped></skipped>
      </testcase>
      <testcase name="[sig-network] Services should be able to change the type from ExternalName to NodePort" classname="Kubernetes e2e suite" time="0">
          <skipped></skipped>
      </testcase>
      <testcase name="[sig-storage] In-tree Volumes [Driver: nfs] [Testpattern: Dynamic PV (default fs)] subPath should support readOnly file specified in the volumeMount" classname="Kubernetes e2e suite" time="0">
          <skipped></skipped>
      </testcase>
      <testcase name="[k8s.io] [sig-node] Security Context should support seccomp default which is unconfined [Feature:Seccomp] [LinuxOnly]" classname="Kubernetes e2e suite" time="0">
          <skipped></skipped>
      </testcase>
      <testcase name="[sig-storage] Projected downwardAPI should provide podname as non-root with fsgroup [NodeFeature:FSGroup]" classname="Kubernetes e2e suite" time="0">
          <skipped></skipped>
      </testcase>
      <testcase name="[sig-storage] Volume FStype [Feature:vsphere] verify fstype - ext3 formatted volume" classname="Kubernetes e2e suite" time="0">
          <skipped></skipped>
      </testcase>
      <testcase name="[sig-storage] In-tree Volumes [Driver: rbd][Feature:Volumes] [Testpattern: Dynamic PV (ntfs)][sig-windows] provisioning should access volume from different nodes" classname="Kubernetes e2e suite" time="0">
          <skipped></skipped>
      </testcase>
      <testcase name="[sig-storage] In-tree Volumes [Driver: emptydir] [Testpattern: Dynamic PV (ntfs)][sig-windows] provisioning should provision storage with mount options" classname="Kubernetes e2e suite" time="0.001647725">
          <skipped></skipped>
      </testcase>
      <testcase name="[sig-storage] In-tree Volumes [Driver: gcepd] [Testpattern: Pre-provisioned PV (ntfs)][sig-windows] volumes should be mountable" classname="Kubernetes e2e suite" time="105.742934706"></testcase>
      <testcase name="[sig-autoscaling] Cluster size autoscaling [Slow] should scale up correct target pool [Feature:ClusterSizeAutoscalingScaleUp]" classname="Kubernetes e2e suite" time="0">
          <skipped></skipped>
      </testcase>
      <testcase name="[sig-storage] In-tree Volumes [Driver: gcepd] [Testpattern: Inline-volume (default fs)] subPath should fail if subpath file is outside the volume [Slow]" classname="Kubernetes e2e suite" time="0">
          <skipped></skipped>
      </testcase>
      <testcase name="[sig-apps] StatefulSet [k8s.io] Basic StatefulSet functionality [StatefulSetBasic] Should recreate evicted statefulset [Conformance]" classname="Kubernetes e2e suite" time="47.245044685"></testcase>
      <testcase name="[sig-storage] In-tree Volumes [Driver: azure] [Testpattern: Inline-volume (default fs)] subPath should fail if subpath with backstepping is outside the volume [Slow]" classname="Kubernetes e2e suite" time="0">
          <skipped></skipped>
      </testcase>
      <testcase name="[sig-network] Firewall rule should have correct firewall rules for e2e cluster" classname="Kubernetes e2e suite" time="0">
          <skipped></skipped>
      </testcase>
      <testcase name="[sig-storage] [Serial] Volume metrics should create metrics for total number of volumes in A/D Controller" classname="Kubernetes e2e suite" time="0">
          <skipped></skipped>
      </testcase>
      <testcase name="[sig-storage] CSI Volumes [Driver: csi-hostpath] [Testpattern: Inline-volume (default fs)] subPath should support restarting containers using file as subpath [Slow]" classname="Kubernetes e2e suite" time="0">
          <skipped></skipped>
      </testcase>
      <testcase name="[sig-storage] In-tree Volumes [Driver: hostPath] [Testpattern: Inline-volume (default fs)] subPath should verify container cannot write to subpath readonly volumes" classname="Kubernetes e2e suite" time="0">
          <skipped></skipped>
      </testcase>
      <testcase name="[sig-storage] CSI Volumes [Driver: pd.csi.storage.gke.io][Feature: gcePD-external] [Testpattern: Dynamic PV (ntfs)][sig-windows] provisioning should provision storage with mount options" classname="Kubernetes e2e suite" time="0">
          <skipped></skipped>
      </testcase>
      <testcase name="[sig-storage] In-tree Volumes [Driver: azure] [Testpattern: Dynamic PV (default fs)] subPath should support restarting containers using file as subpath [Slow]" classname="Kubernetes e2e suite" time="0">
          <skipped></skipped>
      </testcase>
      <testcase name="[sig-storage] [Serial] Volume metrics should create volume metrics in Volume Manager" classname="Kubernetes e2e suite" time="0">
          <skipped></skipped>
      </testcase>
      <testcase name="[sig-storage] In-tree Volumes [Driver: local][LocalVolumeType: gce-localssd-scsi-fs] [Serial] [Testpattern: Dynamic PV (default fs)] subPath should support readOnly file specified in the volumeMount" classname="Kubernetes e2e suite" time="0">
          <skipped></skipped>
      </testcase>
      <testcase name="[sig-storage] Volume Operations Storm [Feature:vsphere] should create pod with many volumes and verify no attach call fails" classname="Kubernetes e2e suite" time="0">
          <skipped></skipped>
      </testcase>
      <testcase name="[sig-storage] In-tree Volumes [Driver: vSphere] [Testpattern: Pre-provisioned PV (ext4)] volumes should be mountable" classname="Kubernetes e2e suite" time="0">
          <skipped></skipped>
      </testcase>
      <testcase name="[sig-storage] In-tree Volumes [Driver: aws] [Testpattern: Inline-volume (default fs)] subPath should verify container cannot write to subpath readonly volumes" classname="Kubernetes e2e suite" time="0">
          <skipped></skipped>
      </testcase>
      <testcase name="[sig-storage] CSI Volumes [Driver: pd.csi.storage.gke.io][Feature: gcePD-external] [Testpattern: Dynamic PV (default fs)] provisioning should provision storage with snapshot data source [Feature:VolumeSnapshotDataSource]" classname="Kubernetes e2e suite" time="0">
          <skipped></skipped>
      </testcase>
      <testcase name="[sig-scalability] Load capacity [Feature:ManualPerformance] should be able to handle 30 pods per node Random with 0 secrets, 0 configmaps and 0 daemons" classname="Kubernetes e2e suite" time="0">
          <skipped></skipped>
      </testcase>
      <testcase name="[sig-storage] In-tree Volumes [Driver: local][LocalVolumeType: gce-localssd-scsi-fs] [Serial] [Testpattern: Dynamic PV (default fs)] provisioning should allow concurrent writes on the same node" classname="Kubernetes e2e suite" time="0">
          <skipped></skipped>
      </testcase>
      <testcase name="[sig-scalability] Load capacity [Feature:ManualPerformance] should be able to handle 30 pods per node Deployment.extensions with 0 secrets, 0 configmaps and 0 daemons" classname="Kubernetes e2e suite" time="0">
          <skipped></skipped>
      </testcase>
      <testcase name="[sig-storage] In-tree Volumes [Driver: emptydir] [Testpattern: Inline-volume (ext3)] volumes should allow exec of files on the volume" classname="Kubernetes e2e suite" time="0">
          <skipped></skipped>
      </testcase>
      <testcase name="[sig-storage] Storage Policy Based Volume Provisioning [Feature:vsphere] verify VSAN storage capability with valid diskStripes and objectSpaceReservation values is honored for dynamically provisioned pvc using storageclass" classname="Kubernetes e2e suite" time="0">
          <skipped></skipped>
      </testcase>
      <testcase name="[sig-storage] CSI Volumes [Driver: csi-hostpath] [Testpattern: Dynamic PV (filesystem volmode)] volumeMode should create sc, pod, pv, and pvc, read/write to the pv, and delete all created resources" classname="Kubernetes e2e suite" time="0">
          <skipped></skipped>
      </testcase>
      <testcase name="[sig-storage] In-tree Volumes [Driver: gluster] [Testpattern: Inline-volume (default fs)] subPath should unmount if pod is gracefully deleted while kubelet is down [Disruptive][Slow]" classname="Kubernetes e2e suite" time="0">
          <skipped></skipped>
      </testcase>
      <testcase name="[sig-storage] In-tree Volumes [Driver: local][LocalVolumeType: dir-bindmounted] [Testpattern: Inline-volume (xfs)] volumes should be mountable" classname="Kubernetes e2e suite" time="0">
          <skipped></skipped>
      </testcase>
      <testcase name="[sig-cli] Kubectl client [k8s.io] Kubectl run pod should create a pod from an image when restart is Never  [Conformance]" classname="Kubernetes e2e suite" time="11.261045109"></testcase>
      <testcase name="[sig-scheduling] SchedulerPredicates [Serial] validates local ephemeral storage resource limits of pods that are allowed to run [Feature:LocalStorageCapacityIsolation]" classname="Kubernetes e2e suite" time="0">
          <skipped></skipped>
      </testcase>
      <testcase name="[sig-storage] In-tree Volumes [Driver: hostPath] [Testpattern: Pre-provisioned PV (xfs)] volumes should allow exec of files on the volume" classname="Kubernetes e2e suite" time="0">
          <skipped></skipped>
      </testcase>
      <testcase name="[sig-storage] In-tree Volumes [Driver: vSphere] [Testpattern: Dynamic PV (default fs)] subPath should fail if subpath directory is outside the volume [Slow]" classname="Kubernetes e2e suite" time="0">
          <skipped></skipped>
      </testcase>
      <testcase name="[sig-storage] In-tree Volumes [Driver: emptydir] [Testpattern: Dynamic PV (ext4)] volumes should be mountable" classname="Kubernetes e2e suite" time="0">
          <skipped></skipped>
      </testcase>
      <testcase name="[sig-storage] CSI Volumes [Driver: csi-hostpath] [Testpattern: Pre-provisioned PV (default fs)] subPath should support existing single file" classname="Kubernetes e2e suite" time="0">
          <skipped></skipped>
      </testcase>
      <testcase name="[sig-storage] In-tree Volumes [Driver: cinder] [Testpattern: Dynamic PV (ntfs)][sig-windows] provisioning should provision storage with snapshot data source [Feature:VolumeSnapshotDataSource]" classname="Kubernetes e2e suite" time="0">
          <skipped></skipped>
      </testcase>
      <testcase name="[sig-storage] In-tree Volumes [Driver: rbd][Feature:Volumes] [Testpattern: Dynamic PV (default fs)] subPath should support readOnly file specified in the volumeMount" classname="Kubernetes e2e suite" time="0">
          <skipped></skipped>
      </testcase>
      <testcase name="[sig-storage] In-tree Volumes [Driver: rbd][Feature:Volumes] [Testpattern: Pre-provisioned PV (default fs)] subPath should support creating multiple subpath from same volumes [Slow]" classname="Kubernetes e2e suite" time="0">
          <skipped></skipped>
      </testcase>
      <testcase name="[sig-storage] In-tree Volumes [Driver: local][LocalVolumeType: blockfs] [Testpattern: Pre-provisioned PV (ext3)] volumes should be mountable" classname="Kubernetes e2e suite" time="0">
          <skipped></skipped>
      </testcase>
      <testcase name="[sig-storage] In-tree Volumes [Driver: local][LocalVolumeType: dir-link] [Testpattern: Inline-volume (default fs)] subPath should support readOnly file specified in the volumeMount" classname="Kubernetes e2e suite" time="0">
          <skipped></skipped>
      </testcase>
      <testcase name="[sig-api-machinery] Etcd failure [Disruptive] should recover from SIGKILL" classname="Kubernetes e2e suite" time="0">
          <skipped></skipped>
      </testcase>
      <testcase name="[sig-storage] ConfigMap should be consumable from pods in volume as non-root [LinuxOnly] [NodeConformance] [Conformance]" classname="Kubernetes e2e suite" time="0">
          <skipped></skipped>
      </testcase>
      <testcase name="[sig-storage] In-tree Volumes [Driver: rbd][Feature:Volumes] [Testpattern: Dynamic PV (default fs)] subPath should support non-existent path" classname="Kubernetes e2e suite" time="0">
          <skipped></skipped>
      </testcase>
      <testcase name="[sig-storage] CSI Volumes [Driver: pd.csi.storage.gke.io][Serial] [Testpattern: Dynamic PV (default fs)] subPath should support existing single file" classname="Kubernetes e2e suite" time="0">
          <skipped></skipped>
      </testcase>
      <testcase name="[sig-network] Services should have session affinity work for service with type clusterIP" classname="Kubernetes e2e suite" time="0">
          <skipped></skipped>
      </testcase>
      <testcase name="[sig-storage] In-tree Volumes [Driver: local][LocalVolumeType: blockfs] [Testpattern: Dynamic PV (ext4)] volumes should be mountable" classname="Kubernetes e2e suite" time="0">
          <skipped></skipped>
      </testcase>
      <testcase name="[sig-storage] In-tree Volumes [Driver: iscsi][Feature:Volumes] [Testpattern: Inline-volume (xfs)] volumes should be mountable" classname="Kubernetes e2e suite" time="0">
          <skipped></skipped>
      </testcase>
      <testcase name="[sig-storage] In-tree Volumes [Driver: ceph][Feature:Volumes] [Testpattern: Dynamic PV (default fs)] subPath should support non-existent path" classname="Kubernetes e2e suite" time="0">
          <skipped></skipped>
      </testcase>
      <testcase name="[sig-storage] In-tree Volumes [Driver: gluster] [Testpattern: Dynamic PV (default fs)] provisioning should access volume from different nodes" classname="Kubernetes e2e suite" time="0">
          <skipped></skipped>
      </testcase>
      <testcase name="[k8s.io] Container Lifecycle Hook when create a pod with lifecycle hook should execute prestop exec hook properly [NodeConformance] [Conformance]" classname="Kubernetes e2e suite" time="56.650041534"></testcase>
      <testcase name="[sig-storage] Volume Disk Size [Feature:vsphere] verify dynamically provisioned pv using storageclass with an invalid disk size fails" classname="Kubernetes e2e suite" time="0">
          <skipped></skipped>
      </testcase>
      <testcase name="[sig-storage] Subpath Atomic writer volumes should support subpaths with downward pod [LinuxOnly] [Conformance]" classname="Kubernetes e2e suite" time="0">
          <skipped></skipped>
      </testcase>
      <testcase name="[sig-storage] In-tree Volumes [Driver: local][LocalVolumeType: dir-link] [Testpattern: Inline-volume (ext4)] volumes should be mountable" classname="Kubernetes e2e suite" time="0">
          <skipped></skipped>
      </testcase>
      <testcase name="[sig-storage] In-tree Volumes [Driver: gluster] [Testpattern: Pre-provisioned PV (ntfs)][sig-windows] volumes should allow exec of files on the volume" classname="Kubernetes e2e suite" time="0.001828269">
          <skipped></skipped>
      </testcase>
      <testcase name="[sig-storage] In-tree Volumes [Driver: nfs] [Testpattern: Dynamic PV (default fs)] subPath should fail if subpath file is outside the volume [Slow]" classname="Kubernetes e2e suite" time="0">
          <skipped></skipped>
      </testcase>
      <testcase name="[sig-apps] CronJob should remove from active list jobs that have been deleted" classname="Kubernetes e2e suite" time="0">
          <skipped></skipped>
      </testcase>
      <testcase name="[sig-storage] Zone Support Verify PVC creation fails if only storage policy is specified in the storage class (No shared datastores exist among all the nodes)" classname="Kubernetes e2e suite" time="0">
          <skipped></skipped>
      </testcase>
      <testcase name="[sig-storage] CSI Volumes [Driver: csi-hostpath] [Testpattern: Pre-provisioned PV (filesystem volmode)] volumeMode should create sc, pod, pv, and pvc, read/write to the pv, and delete all created resources" classname="Kubernetes e2e suite" time="0">
          <skipped></skipped>
      </testcase>
      <testcase name="[sig-storage] CSI Volumes [Driver: csi-hostpath] [Testpattern: Dynamic PV (default fs)] subPath should fail if subpath directory is outside the volume [Slow]" classname="Kubernetes e2e suite" time="0">
          <skipped></skipped>
      </testcase>
      <testcase name="[sig-storage] CSI Volumes [Driver: csi-hostpath] [Testpattern: Dynamic PV (default fs)] provisioning should provision storage with defaults" classname="Kubernetes e2e suite" time="0">
          <skipped></skipped>
      </testcase>
      <testcase name="[sig-storage] In-tree Volumes [Driver: local][LocalVolumeType: blockfs] [Testpattern: Inline-volume (default fs)] subPath should support existing directories when readOnly specified in the volumeSource" classname="Kubernetes e2e suite" time="0">
          <skipped></skipped>
      </testcase>
      <testcase name="[sig-storage] In-tree Volumes [Driver: gluster] [Testpattern: Dynamic PV (ext3)] volumes should be mountable" classname="Kubernetes e2e suite" time="0">
          <skipped></skipped>
      </testcase>
      <testcase name="[sig-storage] In-tree Volumes [Driver: local][LocalVolumeType: dir-link-bindmounted] [Testpattern: Dynamic PV (default fs)] subPath should fail if subpath directory is outside the volume [Slow]" classname="Kubernetes e2e suite" time="0">
          <skipped></skipped>
      </testcase>
      <testcase name="[sig-storage] In-tree Volumes [Driver: vSphere] [Testpattern: Dynamic PV (default fs)] provisioning should access volume from different nodes" classname="Kubernetes e2e suite" time="0">
          <skipped></skipped>
      </testcase>
      <testcase name="[sig-storage] In-tree Volumes [Driver: local][LocalVolumeType: blockfs] [Testpattern: Pre-provisioned PV (default fs)] subPath should support restarting containers using directory as subpath [Slow]" classname="Kubernetes e2e suite" time="0">
          <skipped></skipped>
      </testcase>
      <testcase name="[sig-storage] In-tree Volumes [Driver: local][LocalVolumeType: tmpfs] [Testpattern: Dynamic PV (default fs)] provisioning should provision storage with defaults" classname="Kubernetes e2e suite" time="0">
          <skipped></skipped>
      </testcase>
      <testcase name="[k8s.io] Docker Containers should be able to override the image&#39;s default command and arguments [NodeConformance] [Conformance]" classname="Kubernetes e2e suite" time="20.541836447"></testcase>
      <testcase name="[sig-network] DNS configMap nameserver [Feature:Networking-IPv6] Forward PTR lookup should forward PTR records lookup to upstream nameserver [Slow][Serial]" classname="Kubernetes e2e suite" time="0">
          <skipped></skipped>
      </testcase>
      <testcase name="[sig-storage] PersistentVolumes-local  [Volume type: dir-link] Set fsGroup for local volume should set fsGroup for one pod" classname="Kubernetes e2e suite" time="0">
          <skipped></skipped>
      </testcase>
      <testcase name="[sig-storage] In-tree Volumes [Driver: aws] [Testpattern: Pre-provisioned PV (xfs)] volumes should be mountable" classname="Kubernetes e2e suite" time="0">
          <skipped></skipped>
      </testcase>
      <testcase name="[sig-storage] In-tree Volumes [Driver: local][LocalVolumeType: dir-link] [Testpattern: Dynamic PV (default fs)] subPath should be able to unmount after the subpath directory is deleted" classname="Kubernetes e2e suite" time="0">
          <skipped></skipped>
      </testcase>
      <testcase name="[sig-storage] In-tree Volumes [Driver: local][LocalVolumeType: tmpfs] [Testpattern: Inline-volume (ext3)] volumes should allow exec of files on the volume" classname="Kubernetes e2e suite" time="0">
          <skipped></skipped>
      </testcase>
      <testcase name="[sig-storage] In-tree Volumes [Driver: rbd][Feature:Volumes] [Testpattern: Pre-provisioned PV (default fs)] subPath should fail if non-existent subpath is outside the volume [Slow]" classname="Kubernetes e2e suite" time="0">
          <skipped></skipped>
      </testcase>
      <testcase name="[k8s.io] PrivilegedPod [NodeConformance] should enable privileged commands [LinuxOnly]" classname="Kubernetes e2e suite" time="0">
          <skipped></skipped>
      </testcase>
      <testcase name="[sig-storage] In-tree Volumes [Driver: hostPathSymlink] [Testpattern: Inline-volume (default fs)] subPath should support restarting containers using directory as subpath [Slow]" classname="Kubernetes e2e suite" time="0">
          <skipped></skipped>
      </testcase>
      <testcase name="[sig-storage] CSI Volumes [Driver: csi-hostpath-v0] [Testpattern: Pre-provisioned PV (filesystem volmode)] volumeMode should create sc, pod, pv, and pvc, read/write to the pv, and delete all created resources" classname="Kubernetes e2e suite" time="0">
          <skipped></skipped>
      </testcase>
      <testcase name="[sig-storage] In-tree Volumes [Driver: ceph][Feature:Volumes] [Testpattern: Dynamic PV (default fs)] subPath should fail if subpath with backstepping is outside the volume [Slow]" classname="Kubernetes e2e suite" time="0">
          <skipped></skipped>
      </testcase>
      <testcase name="[sig-storage] In-tree Volumes [Driver: local][LocalVolumeType: gce-localssd-scsi-fs] [Serial] [Testpattern: Pre-provisioned PV (default fs)] subPath should support readOnly directory specified in the volumeMount" classname="Kubernetes e2e suite" time="0">
          <skipped></skipped>
      </testcase>
      <testcase name="[sig-storage] CSI Volumes [Driver: pd.csi.storage.gke.io][Feature: gcePD-external] [Testpattern: Inline-volume (default fs)] subPath should support creating multiple subpath from same volumes [Slow]" classname="Kubernetes e2e suite" time="0">
          <skipped></skipped>
      </testcase>
      <testcase name="[sig-storage] In-tree Volumes [Driver: local][LocalVolumeType: block] [Testpattern: Dynamic PV (xfs)] volumes should be mountable" classname="Kubernetes e2e suite" time="0">
          <skipped></skipped>
      </testcase>
      <testcase name="[sig-storage] In-tree Volumes [Driver: local][LocalVolumeType: gce-localssd-scsi-fs] [Serial] [Testpattern: Inline-volume (default fs)] subPath should support existing directories when readOnly specified in the volumeSource" classname="Kubernetes e2e suite" time="0">
          <skipped></skipped>
      </testcase>
      <testcase name="[k8s.io] EquivalenceCache [Serial] validates pod affinity works properly when new replica pod is scheduled" classname="Kubernetes e2e suite" time="0">
          <skipped></skipped>
      </testcase>
      <testcase name="[sig-storage] CSI Volumes [Driver: pd.csi.storage.gke.io][Feature: gcePD-external] [Testpattern: Pre-provisioned PV (default fs)] subPath should support readOnly file specified in the volumeMount" classname="Kubernetes e2e suite" time="0">
          <skipped></skipped>
      </testcase>
      <testcase name="[sig-network] DNS should provide DNS for the cluster  [Conformance]" classname="Kubernetes e2e suite" time="41.098309351"></testcase>
      <testcase name="[sig-storage] Projected downwardAPI should update labels on modification [NodeConformance] [Conformance]" classname="Kubernetes e2e suite" time="81.070852298"></testcase>
      <testcase name="[sig-storage] In-tree Volumes [Driver: gluster] [Testpattern: Pre-provisioned PV (default fs)] subPath should unmount if pod is gracefully deleted while kubelet is down [Disruptive][Slow]" classname="Kubernetes e2e suite" time="0">
          <skipped></skipped>
      </testcase>
      <testcase name="[sig-storage] In-tree Volumes [Driver: hostPathSymlink] [Testpattern: Pre-provisioned PV (default fs)] volumeIO should write files of various sizes, verify size, validate content [Slow]" classname="Kubernetes e2e suite" time="0">
          <skipped></skipped>
      </testcase>
      <testcase name="[sig-storage] In-tree Volumes [Driver: nfs] [Testpattern: Dynamic PV (ext4)] volumes should be mountable" classname="Kubernetes e2e suite" time="0">
          <skipped></skipped>
      </testcase>
      <testcase name="[sig-storage] In-tree Volumes [Driver: hostPath] [Testpattern: Inline-volume (default fs)] subPath should be able to unmount after the subpath directory is deleted" classname="Kubernetes e2e suite" time="0">
          <skipped></skipped>
      </testcase>
      <testcase name="[sig-storage] In-tree Volumes [Driver: rbd][Feature:Volumes] [Testpattern: Pre-provisioned PV (default fs)] subPath should support file as subpath" classname="Kubernetes e2e suite" time="0">
          <skipped></skipped>
      </testcase>
      <testcase name="[k8s.io] Downward API [Serial] [Disruptive] [NodeFeature:EphemeralStorage] Downward API tests for local ephemeral storage should provide container&#39;s limits.ephemeral-storage and requests.ephemeral-storage as env vars" classname="Kubernetes e2e suite" time="0">
          <skipped></skipped>
      </testcase>
      <testcase name="[sig-storage] In-tree Volumes [Driver: ceph][Feature:Volumes] [Testpattern: Dynamic PV (ntfs)][sig-windows] provisioning should allow concurrent writes on the same node" classname="Kubernetes e2e suite" time="0">
          <skipped></skipped>
      </testcase>
      <testcase name="[sig-storage] In-tree Volumes [Driver: azure] [Testpattern: Inline-volume (default fs)] subPath should support file as subpath" classname="Kubernetes e2e suite" time="0">
          <skipped></skipped>
      </testcase>
      <testcase name="[sig-storage] In-tree Volumes [Driver: iscsi][Feature:Volumes] [Testpattern: Inline-volume (ext3)] volumes should allow exec of files on the volume" classname="Kubernetes e2e suite" time="0">
          <skipped></skipped>
      </testcase>
      <testcase name="[k8s.io] Container Runtime blackbox test when running a container with a new image should be able to pull image from gcr.io [LinuxOnly] [NodeConformance]" classname="Kubernetes e2e suite" time="0">
          <skipped></skipped>
      </testcase>
      <testcase name="[sig-storage] In-tree Volumes [Driver: hostPath] [Testpattern: Dynamic PV (ext3)] volumes should allow exec of files on the volume" classname="Kubernetes e2e suite" time="0">
          <skipped></skipped>
      </testcase>
      <testcase name="[sig-storage] In-tree Volumes [Driver: aws] [Testpattern: Inline-volume (default fs)] subPath should fail if subpath directory is outside the volume [Slow]" classname="Kubernetes e2e suite" time="0">
          <skipped></skipped>
      </testcase>
      <testcase name="[sig-storage] In-tree Volumes [Driver: rbd][Feature:Volumes] [Testpattern: Dynamic PV (default fs)] subPath should support restarting containers using file as subpath [Slow]" classname="Kubernetes e2e suite" time="0">
          <skipped></skipped>
      </testcase>
      <testcase name="[sig-storage] In-tree Volumes [Driver: hostPath] [Testpattern: Inline-volume (ntfs)][sig-windows] volumes should allow exec of files on the volume" classname="Kubernetes e2e suite" time="0.001742894">
          <skipped></skipped>
      </testcase>
      <testcase name="[sig-storage] In-tree Volumes [Driver: nfs] [Testpattern: Pre-provisioned PV (default fs)] subPath should verify container cannot write to subpath readonly volumes" classname="Kubernetes e2e suite" time="0">
          <skipped></skipped>
      </testcase>
      <testcase name="[sig-storage] In-tree Volumes [Driver: gcepd] [Testpattern: Inline-volume (default fs)] subPath should support non-existent path" classname="Kubernetes e2e suite" time="0">
          <skipped></skipped>
      </testcase>
      <testcase name="[sig-storage] EmptyDir volumes when FSGroup is specified [NodeFeature:FSGroup] new files should be created with FSGroup ownership when container is non-root" classname="Kubernetes e2e suite" time="0">
          <skipped></skipped>
      </testcase>
      <testcase name="[sig-storage] In-tree Volumes [Driver: local][LocalVolumeType: dir-bindmounted] [Testpattern: Inline-volume (default fs)] subPath should support existing directories when readOnly specified in the volumeSource" classname="Kubernetes e2e suite" time="0">
          <skipped></skipped>
      </testcase>
      <testcase name="[k8s.io] Variable Expansion should allow substituting values in a volume subpath [Feature:VolumeSubpathEnvExpansion][NodeAlphaFeature:VolumeSubpathEnvExpansion]" classname="Kubernetes e2e suite" time="0">
          <skipped></skipped>
      </testcase>
      <testcase name="[sig-storage] In-tree Volumes [Driver: local][LocalVolumeType: dir-link-bindmounted] [Testpattern: Pre-provisioned PV (default fs)] subPath should support existing directory" classname="Kubernetes e2e suite" time="0">
          <skipped></skipped>
      </testcase>
      <testcase name="[sig-scheduling] SchedulerPredicates [Serial] validates that taints-tolerations is respected if matching" classname="Kubernetes e2e suite" time="0">
          <skipped></skipped>
      </testcase>
      <testcase name="[sig-storage] In-tree Volumes [Driver: local][LocalVolumeType: block] [Testpattern: Dynamic PV (default fs)] provisioning should provision storage with defaults" classname="Kubernetes e2e suite" time="0">
          <skipped></skipped>
      </testcase>
      <testcase name="[sig-storage] In-tree Volumes [Driver: local][LocalVolumeType: blockfs] [Testpattern: Inline-volume (default fs)] subPath should support restarting containers using file as subpath [Slow]" classname="Kubernetes e2e suite" time="0">
          <skipped></skipped>
      </testcase>
      <testcase name="[sig-storage] Dynamic Provisioning DynamicProvisioner [Slow] should test that deleting a claim before the volume is provisioned deletes the volume." classname="Kubernetes e2e suite" time="0">
          <skipped></skipped>
      </testcase>
      <testcase name="[sig-apps] Deployment iterative rollouts should eventually progress" classname="Kubernetes e2e suite" time="0">
          <skipped></skipped>
      </testcase>
      <testcase name="[sig-storage] In-tree Volumes [Driver: local][LocalVolumeType: dir-link] [Testpattern: Inline-volume (default fs)] subPath should support existing directory" classname="Kubernetes e2e suite" time="0">
          <skipped></skipped>
      </testcase>
      <testcase name="[sig-storage] CSI Volumes [Driver: csi-hostpath-v0] [Testpattern: Dynamic PV (default fs)] subPath should fail if subpath with backstepping is outside the volume [Slow]" classname="Kubernetes e2e suite" time="0">
          <skipped></skipped>
      </testcase>
      <testcase name="[sig-storage] In-tree Volumes [Driver: vSphere] [Testpattern: Inline-volume (default fs)] volumes should allow exec of files on the volume" classname="Kubernetes e2e suite" time="0">
          <skipped></skipped>
      </testcase>
      <testcase name="[sig-network] NetworkPolicy NetworkPolicy between server and client should enforce multiple, stacked policies with overlapping podSelectors [Feature:NetworkPolicy]" classname="Kubernetes e2e suite" time="0">
          <skipped></skipped>
      </testcase>
      <testcase name="[sig-storage] In-tree Volumes [Driver: emptydir] [Testpattern: Pre-provisioned PV (default fs)] subPath should support non-existent path" classname="Kubernetes e2e suite" time="0">
          <skipped></skipped>
      </testcase>
      <testcase name="[sig-cluster-lifecycle] Upgrade [Feature:Upgrade] node upgrade should maintain a functioning cluster [Feature:NodeUpgrade]" classname="Kubernetes e2e suite" time="0">
          <skipped></skipped>
      </testcase>
      <testcase name="[sig-storage] GenericPersistentVolume[Disruptive] When kubelet restarts Should test that a file written to the mount before kubelet restart is readable after restart." classname="Kubernetes e2e suite" time="0">
          <skipped></skipped>
      </testcase>
      <testcase name="[sig-storage] In-tree Volumes [Driver: local][LocalVolumeType: gce-localssd-scsi-fs] [Serial] [Testpattern: Pre-provisioned PV (default fs)] volumeIO should write files of various sizes, verify size, validate content [Slow]" classname="Kubernetes e2e suite" time="0">
          <skipped></skipped>
      </testcase>
      <testcase name="[sig-storage] In-tree Volumes [Driver: gluster] [Testpattern: Inline-volume (default fs)] subPath should support existing single file" classname="Kubernetes e2e suite" time="0">
          <skipped></skipped>
      </testcase>
      <testcase name="[sig-storage] In-tree Volumes [Driver: azure] [Testpattern: Pre-provisioned PV (default fs)] volumes should be mountable" classname="Kubernetes e2e suite" time="0">
          <skipped></skipped>
      </testcase>
      <testcase name="[sig-storage] In-tree Volumes [Driver: local][LocalVolumeType: tmpfs] [Testpattern: Inline-volume (default fs)] subPath should be able to unmount after the subpath directory is deleted" classname="Kubernetes e2e suite" time="0">
          <skipped></skipped>
      </testcase>
      <testcase name="[k8s.io] Pods should contain environment variables for services [NodeConformance] [Conformance]" classname="Kubernetes e2e suite" time="44.656384022"></testcase>
      <testcase name="[sig-storage] CSI Volumes [Driver: pd.csi.storage.gke.io][Feature: gcePD-external] [Testpattern: Dynamic PV (ext3)] volumes should allow exec of files on the volume" classname="Kubernetes e2e suite" time="0">
          <skipped></skipped>
      </testcase>
      <testcase name="[sig-storage] CSI Volumes [Driver: pd.csi.storage.gke.io][Serial] [Testpattern: Pre-provisioned PV (ext3)] volumes should be mountable" classname="Kubernetes e2e suite" time="0">
          <skipped></skipped>
      </testcase>
      <testcase name="[sig-storage] In-tree Volumes [Driver: gcepd] [Testpattern: Pre-provisioned PV (default fs)] subPath should unmount if pod is force deleted while kubelet is down [Disruptive][Slow]" classname="Kubernetes e2e suite" time="0">
          <skipped></skipped>
      </testcase>
      <testcase name="[sig-storage] GenericPersistentVolume[Disruptive] When kubelet restarts Should test that a volume mounted to a pod that is force deleted while the kubelet is down unmounts when the kubelet returns." classname="Kubernetes e2e suite" time="0">
          <skipped></skipped>
      </testcase>
      <testcase name="[sig-storage] In-tree Volumes [Driver: ceph][Feature:Volumes] [Testpattern: Dynamic PV (ntfs)][sig-windows] volumes should be mountable" classname="Kubernetes e2e suite" time="0">
          <skipped></skipped>
      </testcase>
      <testcase name="[sig-storage] CSI Volumes [Driver: csi-hostpath-v0] [Testpattern: Pre-provisioned PV (default fs)] subPath should support existing directory" classname="Kubernetes e2e suite" time="0">
          <skipped></skipped>
      </testcase>
      <testcase name="[sig-storage] In-tree Volumes [Driver: local][LocalVolumeType: blockfs] [Testpattern: Dynamic PV (default fs)] provisioning should access volume from different nodes" classname="Kubernetes e2e suite" time="0">
          <skipped></skipped>
      </testcase>
      <testcase name="[sig-storage] In-tree Volumes [Driver: rbd][Feature:Volumes] [Testpattern: Dynamic PV (default fs)] subPath should be able to unmount after the subpath directory is deleted" classname="Kubernetes e2e suite" time="0">
          <skipped></skipped>
      </testcase>
      <testcase name="[sig-storage] CSI Volumes [Driver: pd.csi.storage.gke.io][Serial] [Testpattern: Pre-provisioned PV (ntfs)][sig-windows] volumes should allow exec of files on the volume" classname="Kubernetes e2e suite" time="0">
          <skipped></skipped>
      </testcase>
      <testcase name="[sig-storage] In-tree Volumes [Driver: local][LocalVolumeType: gce-localssd-scsi-fs] [Serial] [Testpattern: Pre-provisioned PV (default fs)] subPath should be able to unmount after the subpath directory is deleted" classname="Kubernetes e2e suite" time="0">
          <skipped></skipped>
      </testcase>
      <testcase name="[sig-storage] In-tree Volumes [Driver: local][LocalVolumeType: tmpfs] [Testpattern: Dynamic PV (default fs)] subPath should fail if subpath file is outside the volume [Slow]" classname="Kubernetes e2e suite" time="0">
          <skipped></skipped>
      </testcase>
      <testcase name="[sig-api-machinery] ResourceQuota [Feature:PodPriority] should verify ResourceQuota&#39;s priority class scope (quota set to pod count: 1) against a pod with same priority class." classname="Kubernetes e2e suite" time="0">
          <skipped></skipped>
      </testcase>
      <testcase name="[sig-apps] DisruptionController evictions: no PDB =&gt; should allow an eviction" classname="Kubernetes e2e suite" time="0">
          <skipped></skipped>
      </testcase>
      <testcase name="[sig-storage] Zone Support Verify PVC creation fails if only datastore is specified in the storage class (No shared datastores exist among all the nodes)" classname="Kubernetes e2e suite" time="0">
          <skipped></skipped>
      </testcase>
      <testcase name="[sig-storage] In-tree Volumes [Driver: ceph][Feature:Volumes] [Testpattern: Inline-volume (ext4)] volumes should be mountable" classname="Kubernetes e2e suite" time="0">
          <skipped></skipped>
      </testcase>
      <testcase name="[sig-storage] ConfigMap should be consumable from pods in volume with mappings [NodeConformance] [Conformance]" classname="Kubernetes e2e suite" time="24.641660186"></testcase>
      <testcase name="[sig-storage] In-tree Volumes [Driver: ceph][Feature:Volumes] [Testpattern: Pre-provisioned PV (default fs)] subPath should support file as subpath" classname="Kubernetes e2e suite" time="0">
          <skipped></skipped>
      </testcase>
      <testcase name="[sig-storage] In-tree Volumes [Driver: rbd][Feature:Volumes] [Testpattern: Dynamic PV (default fs)] subPath should unmount if pod is gracefully deleted while kubelet is down [Disruptive][Slow]" classname="Kubernetes e2e suite" time="0">
          <skipped></skipped>
      </testcase>
      <testcase name="[sig-storage] In-tree Volumes [Driver: ceph][Feature:Volumes] [Testpattern: Pre-provisioned PV (default fs)] volumes should be mountable" classname="Kubernetes e2e suite" time="0">
          <skipped></skipped>
      </testcase>
      <testcase name="[sig-storage] In-tree Volumes [Driver: local][LocalVolumeType: block] [Testpattern: Pre-provisioned PV (default fs)] subPath should unmount if pod is gracefully deleted while kubelet is down [Disruptive][Slow]" classname="Kubernetes e2e suite" time="0">
          <skipped></skipped>
      </testcase>
      <testcase name="[sig-storage] PersistentVolumes-local  [Volume type: gce-localssd-scsi-fs] [Serial] Set fsGroup for local volume should set different fsGroup for second pod if first pod is deleted" classname="Kubernetes e2e suite" time="0">
          <skipped></skipped>
      </testcase>
      <testcase name="[sig-storage] In-tree Volumes [Driver: iscsi][Feature:Volumes] [Testpattern: Inline-volume (default fs)] subPath should support existing single file" classname="Kubernetes e2e suite" time="0">
          <skipped></skipped>
      </testcase>
      <testcase name="[sig-scheduling] NoExecuteTaintManager Multiple Pods [Serial] evicts pods with minTolerationSeconds" classname="Kubernetes e2e suite" time="0">
          <skipped></skipped>
      </testcase>
      <testcase name="[sig-storage] In-tree Volumes [Driver: nfs] [Testpattern: Dynamic PV (default fs)] subPath should support restarting containers using directory as subpath [Slow]" classname="Kubernetes e2e suite" time="0">
          <skipped></skipped>
      </testcase>
      <testcase name="[sig-storage] In-tree Volumes [Driver: local][LocalVolumeType: dir-link-bindmounted] [Testpattern: Dynamic PV (ext4)] volumes should be mountable" classname="Kubernetes e2e suite" time="0">
          <skipped></skipped>
      </testcase>
      <testcase name="[sig-storage] In-tree Volumes [Driver: local][LocalVolumeType: tmpfs] [Testpattern: Dynamic PV (default fs)] subPath should support restarting containers using file as subpath [Slow]" classname="Kubernetes e2e suite" time="0">
          <skipped></skipped>
      </testcase>
      <testcase name="[sig-storage] In-tree Volumes [Driver: local][LocalVolumeType: tmpfs] [Testpattern: Inline-volume (default fs)] subPath should fail if subpath file is outside the volume [Slow]" classname="Kubernetes e2e suite" time="0">
          <skipped></skipped>
      </testcase>
      <testcase name="[sig-storage] In-tree Volumes [Driver: local][LocalVolumeType: tmpfs] [Testpattern: Inline-volume (default fs)] subPath should unmount if pod is gracefully deleted while kubelet is down [Disruptive][Slow]" classname="Kubernetes e2e suite" time="0">
          <skipped></skipped>
      </testcase>
      <testcase name="[sig-storage] In-tree Volumes [Driver: nfs] [Testpattern: Inline-volume (default fs)] subPath should fail if subpath with backstepping is outside the volume [Slow]" classname="Kubernetes e2e suite" time="0">
          <skipped></skipped>
      </testcase>
      <testcase name="[sig-storage] CSI Volumes [Driver: csi-hostpath-v0] [Testpattern: Inline-volume (default fs)] subPath should support existing directories when readOnly specified in the volumeSource" classname="Kubernetes e2e suite" time="0">
          <skipped></skipped>
      </testcase>
      <testcase name="[sig-storage] In-tree Volumes [Driver: nfs] [Testpattern: Dynamic PV (default fs)] subPath should support existing directory" classname="Kubernetes e2e suite" time="0">
          <skipped></skipped>
      </testcase>
      <testcase name="[sig-storage] In-tree Volumes [Driver: local][LocalVolumeType: dir-link] [Testpattern: Inline-volume (ext3)] volumes should be mountable" classname="Kubernetes e2e suite" time="0">
          <skipped></skipped>
      </testcase>
      <testcase name="[sig-cli] Kubectl client [k8s.io] Kubectl apply should reuse port when apply to an existing SVC" classname="Kubernetes e2e suite" time="0">
          <skipped></skipped>
      </testcase>
      <testcase name="[sig-storage] CSI Volumes [Driver: pd.csi.storage.gke.io][Feature: gcePD-external] [Testpattern: Pre-provisioned PV (default fs)] subPath should support existing directory" classname="Kubernetes e2e suite" time="0">
          <skipped></skipped>
      </testcase>
      <testcase name="[k8s.io] Container Runtime blackbox test on terminated container should report termination message [LinuxOnly] if TerminationMessagePath is set [NodeConformance]" classname="Kubernetes e2e suite" time="0">
          <skipped></skipped>
      </testcase>
      <testcase name="[sig-storage] In-tree Volumes [Driver: ceph][Feature:Volumes] [Testpattern: Dynamic PV (default fs)] subPath should support existing directory" classname="Kubernetes e2e suite" time="0">
          <skipped></skipped>
      </testcase>
      <testcase name="[sig-storage] In-tree Volumes [Driver: local][LocalVolumeType: dir] [Testpattern: Dynamic PV (ntfs)][sig-windows] volumes should allow exec of files on the volume" classname="Kubernetes e2e suite" time="0.001799983">
          <skipped></skipped>
      </testcase>
      <testcase name="[sig-storage] In-tree Volumes [Driver: local][LocalVolumeType: tmpfs] [Testpattern: Inline-volume (default fs)] subPath should support creating multiple subpath from same volumes [Slow]" classname="Kubernetes e2e suite" time="0">
          <skipped></skipped>
      </testcase>
      <testcase name="[sig-storage] In-tree Volumes [Driver: ceph][Feature:Volumes] [Testpattern: Pre-provisioned PV (xfs)] volumes should allow exec of files on the volume" classname="Kubernetes e2e suite" time="0">
          <skipped></skipped>
      </testcase>
      <testcase name="[sig-apps] StatefulSet [k8s.io] Basic StatefulSet functionality [StatefulSetBasic] should not deadlock when a pod&#39;s predecessor fails" classname="Kubernetes e2e suite" time="0">
          <skipped></skipped>
      </testcase>
      <testcase name="[sig-storage] CSI Volumes [Driver: csi-hostpath-v0] [Testpattern: Pre-provisioned PV (default fs)] subPath should support existing single file" classname="Kubernetes e2e suite" time="0">
          <skipped></skipped>
      </testcase>
      <testcase name="[sig-storage] CSI Volumes [Driver: pd.csi.storage.gke.io][Feature: gcePD-external] [Testpattern: Dynamic PV (default fs)] volumes should allow exec of files on the volume" classname="Kubernetes e2e suite" time="0">
          <skipped></skipped>
      </testcase>
      <testcase name="[k8s.io] [sig-node] PreStop should call prestop when killing a pod  [Conformance]" classname="Kubernetes e2e suite" time="45.460242432"></testcase>
      <testcase name="[sig-storage] In-tree Volumes [Driver: emptydir] [Testpattern: Pre-provisioned PV (default fs)] subPath should support existing directory" classname="Kubernetes e2e suite" time="0">
          <skipped></skipped>
      </testcase>
      <testcase name="[sig-network] Proxy version v1 should proxy through a service and a pod  [Conformance]" classname="Kubernetes e2e suite" time="22.2550824"></testcase>
      <testcase name="[sig-storage] CSI Volumes [Driver: csi-hostpath-v0] [Testpattern: Dynamic PV (ext3)] volumes should be mountable" classname="Kubernetes e2e suite" time="0">
          <skipped></skipped>
      </testcase>
      <testcase name="[sig-api-machinery] Garbage collector should orphan pods created by rc if delete options say so [Conformance]" classname="Kubernetes e2e suite" time="48.397108075"></testcase>
      <testcase name="[sig-auth] Advanced Audit [DisabledForLargeClusters] should audit API calls to create, get, update, patch, delete, list, watch deployments." classname="Kubernetes e2e suite" time="0">
          <skipped></skipped>
      </testcase>
      <testcase name="[sig-storage] CSI Volumes [Driver: csi-hostpath-v0] [Testpattern: Dynamic PV (default fs)] subPath should support readOnly file specified in the volumeMount" classname="Kubernetes e2e suite" time="0">
          <skipped></skipped>
      </testcase>
      <testcase name="[sig-storage] In-tree Volumes [Driver: local][LocalVolumeType: tmpfs] [Testpattern: Dynamic PV (default fs)] subPath should fail if subpath directory is outside the volume [Slow]" classname="Kubernetes e2e suite" time="0">
          <skipped></skipped>
      </testcase>
      <testcase name="[sig-storage] CSI mock volume CSI workload information using mock driver should be passed when podInfoOnMount=true" classname="Kubernetes e2e suite" time="0">
          <skipped></skipped>
      </testcase>
      <testcase name="[sig-storage] In-tree Volumes [Driver: local][LocalVolumeType: dir-bindmounted] [Testpattern: Dynamic PV (ext4)] volumes should be mountable" classname="Kubernetes e2e suite" time="0">
          <skipped></skipped>
      </testcase>
      <testcase name="[sig-storage] In-tree Volumes [Driver: local][LocalVolumeType: blockfs] [Testpattern: Dynamic PV (ext3)] volumes should allow exec of files on the volume" classname="Kubernetes e2e suite" time="0">
          <skipped></skipped>
      </testcase>
      <testcase name="[sig-storage] Volumes ConfigMap should be mountable" classname="Kubernetes e2e suite" time="0">
          <skipped></skipped>
      </testcase>
      <testcase name="[sig-storage] In-tree Volumes [Driver: local][LocalVolumeType: blockfs] [Testpattern: Dynamic PV (default fs)] subPath should support existing single file" classname="Kubernetes e2e suite" time="0">
          <skipped></skipped>
      </testcase>
      <testcase name="[sig-storage] In-tree Volumes [Driver: aws] [Testpattern: Dynamic PV (default fs)] subPath should fail if subpath directory is outside the volume [Slow]" classname="Kubernetes e2e suite" time="0">
          <skipped></skipped>
      </testcase>
      <testcase name="[sig-storage] In-tree Volumes [Driver: local][LocalVolumeType: tmpfs] [Testpattern: Inline-volume (default fs)] subPath should support existing directories when readOnly specified in the volumeSource" classname="Kubernetes e2e suite" time="0">
          <skipped></skipped>
      </testcase>
      <testcase name="[sig-storage] In-tree Volumes [Driver: cinder] [Testpattern: Pre-provisioned PV (ext3)] volumes should allow exec of files on the volume" classname="Kubernetes e2e suite" time="0">
          <skipped></skipped>
      </testcase>
      <testcase name="[sig-storage] Storage Policy Based Volume Provisioning [Feature:vsphere] verify if a SPBM policy is not honored on a non-compatible datastore for dynamically provisioned pvc using storageclass" classname="Kubernetes e2e suite" time="0">
          <skipped></skipped>
      </testcase>
      <testcase name="[sig-storage] In-tree Volumes [Driver: local][LocalVolumeType: dir-link] [Testpattern: Dynamic PV (default fs)] volumes should allow exec of files on the volume" classname="Kubernetes e2e suite" time="0">
          <skipped></skipped>
      </testcase>
      <testcase name="[sig-storage] In-tree Volumes [Driver: nfs] [Testpattern: Pre-provisioned PV (ntfs)][sig-windows] volumes should allow exec of files on the volume" classname="Kubernetes e2e suite" time="0.00112655">
          <skipped></skipped>
      </testcase>
      <testcase name="[sig-storage] PersistentVolumes [Feature:ReclaimPolicy] [sig-storage] persistentvolumereclaim:vsphere should not detach and unmount PV when associated pvc with delete as reclaimPolicy is deleted when it is in use by the pod" classname="Kubernetes e2e suite" time="0">
          <skipped></skipped>
      </testcase>
      <testcase name="[sig-storage] In-tree Volumes [Driver: cinder] [Testpattern: Dynamic PV (filesystem volmode)] volumeMode should create sc, pod, pv, and pvc, read/write to the pv, and delete all created resources" classname="Kubernetes e2e suite" time="0">
          <skipped></skipped>
      </testcase>
      <testcase name="[sig-network] Services should have session affinity work for LoadBalancer service with ESIPP on [Slow] [DisabledForLargeClusters]" classname="Kubernetes e2e suite" time="0">
          <skipped></skipped>
      </testcase>
      <testcase name="[sig-storage] In-tree Volumes [Driver: local][LocalVolumeType: block] [Testpattern: Dynamic PV (ext3)] volumes should be mountable" classname="Kubernetes e2e suite" time="0">
          <skipped></skipped>
      </testcase>
      <testcase name="[sig-storage] In-tree Volumes [Driver: aws] [Testpattern: Inline-volume (default fs)] subPath should fail if subpath file is outside the volume [Slow]" classname="Kubernetes e2e suite" time="0">
          <skipped></skipped>
      </testcase>
      <testcase name="[sig-storage] In-tree Volumes [Driver: nfs] [Testpattern: Dynamic PV (ext3)] volumes should be mountable" classname="Kubernetes e2e suite" time="0">
          <skipped></skipped>
      </testcase>
      <testcase name="[sig-storage] Zone Support Verify PVC creation with compatible policy and datastore without any zones specified in the storage class fails (No shared datastores exist among all the nodes)" classname="Kubernetes e2e suite" time="0">
          <skipped></skipped>
      </testcase>
      <testcase name="[sig-storage] In-tree Volumes [Driver: aws] [Testpattern: Pre-provisioned PV (ext4)] volumes should allow exec of files on the volume" classname="Kubernetes e2e suite" time="0">
          <skipped></skipped>
      </testcase>
      <testcase name="[sig-storage] In-tree Volumes [Driver: local][LocalVolumeType: tmpfs] [Testpattern: Dynamic PV (default fs)] provisioning should create and delete block persistent volumes" classname="Kubernetes e2e suite" time="0">
          <skipped></skipped>
      </testcase>
      <testcase name="[sig-storage] In-tree Volumes [Driver: local][LocalVolumeType: dir-bindmounted] [Testpattern: Inline-volume (default fs)] subPath should support restarting containers using file as subpath [Slow]" classname="Kubernetes e2e suite" time="0">
          <skipped></skipped>
      </testcase>
      <testcase name="[sig-storage] In-tree Volumes [Driver: local][LocalVolumeType: dir-link-bindmounted] [Testpattern: Pre-provisioned PV (default fs)] subPath should support readOnly file specified in the volumeMount" classname="Kubernetes e2e suite" time="0">
          <skipped></skipped>
      </testcase>
      <testcase name="[sig-storage] CSI Volumes [Driver: pd.csi.storage.gke.io][Serial] [Testpattern: Inline-volume (default fs)] volumes should allow exec of files on the volume" classname="Kubernetes e2e suite" time="0">
          <skipped></skipped>
      </testcase>
      <testcase name="[sig-storage] In-tree Volumes [Driver: local][LocalVolumeType: dir-bindmounted] [Testpattern: Dynamic PV (ext3)] volumes should be mountable" classname="Kubernetes e2e suite" time="0">
          <skipped></skipped>
      </testcase>
      <testcase name="[sig-storage] In-tree Volumes [Driver: hostPathSymlink] [Testpattern: Inline-volume (default fs)] subPath should fail if subpath file is outside the volume [Slow]" classname="Kubernetes e2e suite" time="0">
          <skipped></skipped>
      </testcase>
      <testcase name="[sig-storage] In-tree Volumes [Driver: azure] [Testpattern: Pre-provisioned PV (ntfs)][sig-windows] volumes should be mountable" classname="Kubernetes e2e suite" time="0.001102739">
          <skipped></skipped>
      </testcase>
      <testcase name="[sig-storage] In-tree Volumes [Driver: local][LocalVolumeType: dir-bindmounted] [Testpattern: Inline-volume (default fs)] subPath should unmount if pod is force deleted while kubelet is down [Disruptive][Slow]" classname="Kubernetes e2e suite" time="0">
          <skipped></skipped>
      </testcase>
      <testcase name="[sig-storage] In-tree Volumes [Driver: local][LocalVolumeType: blockfs] [Testpattern: Inline-volume (ext3)] volumes should allow exec of files on the volume" classname="Kubernetes e2e suite" time="0">
          <skipped></skipped>
      </testcase>
      <testcase name="[sig-storage] In-tree Volumes [Driver: cinder] [Testpattern: Inline-volume (ntfs)][sig-windows] volumes should be mountable" classname="Kubernetes e2e suite" time="0.001166103">
          <skipped></skipped>
      </testcase>
      <testcase name="[sig-storage] In-tree Volumes [Driver: local][LocalVolumeType: dir-bindmounted] [Testpattern: Dynamic PV (default fs)] subPath should fail if subpath file is outside the volume [Slow]" classname="Kubernetes e2e suite" time="0">
          <skipped></skipped>
      </testcase>
      <testcase name="[sig-storage] In-tree Volumes [Driver: hostPathSymlink] [Testpattern: Dynamic PV (default fs)] subPath should unmount if pod is gracefully deleted while kubelet is down [Disruptive][Slow]" classname="Kubernetes e2e suite" time="0">
          <skipped></skipped>
      </testcase>
      <testcase name="[k8s.io] Cluster size autoscaler scalability [Slow] should scale up at all [Feature:ClusterAutoscalerScalability1]" classname="Kubernetes e2e suite" time="0">
          <skipped></skipped>
      </testcase>
      <testcase name="[sig-storage] In-tree Volumes [Driver: local][LocalVolumeType: tmpfs] [Testpattern: Pre-provisioned PV (default fs)] subPath should support existing directory" classname="Kubernetes e2e suite" time="0">
          <skipped></skipped>
      </testcase>
      <testcase name="[sig-network] Loadbalancing: L7 GCE [Slow] [Feature:NEG] should create NEGs for all ports with the Ingress annotation, and NEGs for the standalone annotation otherwise" classname="Kubernetes e2e suite" time="0">
          <skipped></skipped>
      </testcase>
      <testcase name="[sig-storage] In-tree Volumes [Driver: hostPath] [Testpattern: Inline-volume (default fs)] subPath should support existing directories when readOnly specified in the volumeSource" classname="Kubernetes e2e suite" time="0">
          <skipped></skipped>
      </testcase>
      <testcase name="[sig-storage] In-tree Volumes [Driver: local][LocalVolumeType: dir-link] [Testpattern: Dynamic PV (ntfs)][sig-windows] provisioning should allow concurrent writes on the same node" classname="Kubernetes e2e suite" time="0.001089928">
          <skipped></skipped>
      </testcase>
      <testcase name="[sig-service-catalog] [Feature:PodPreset] PodPreset should not modify the pod on conflict" classname="Kubernetes e2e suite" time="0">
          <skipped></skipped>
      </testcase>
      <testcase name="[sig-storage] In-tree Volumes [Driver: hostPath] [Testpattern: Pre-provisioned PV (default fs)] subPath should support existing directories when readOnly specified in the volumeSource" classname="Kubernetes e2e suite" time="0">
          <skipped></skipped>
      </testcase>
      <testcase name="[sig-scheduling] NoExecuteTaintManager Single Pod [Serial] removing taint cancels eviction" classname="Kubernetes e2e suite" time="0">
          <skipped></skipped>
      </testcase>
      <testcase name="[sig-storage] In-tree Volumes [Driver: vSphere] [Testpattern: Inline-volume (ext3)] volumes should be mountable" classname="Kubernetes e2e suite" time="0">
          <skipped></skipped>
      </testcase>
      <testcase name="[sig-storage] In-tree Volumes [Driver: gluster] [Testpattern: Dynamic PV (default fs)] subPath should support readOnly file specified in the volumeMount" classname="Kubernetes e2e suite" time="0">
          <skipped></skipped>
      </testcase>
      <testcase name="[sig-storage] In-tree Volumes [Driver: azure] [Testpattern: Pre-provisioned PV (ext3)] volumes should allow exec of files on the volume" classname="Kubernetes e2e suite" time="0">
          <skipped></skipped>
      </testcase>
      <testcase name="[sig-storage] In-tree Volumes [Driver: emptydir] [Testpattern: Inline-volume (xfs)] volumes should be mountable" classname="Kubernetes e2e suite" time="0">
          <skipped></skipped>
      </testcase>
      <testcase name="[sig-storage] CSI Volumes [Driver: pd.csi.storage.gke.io][Serial] [Testpattern: Dynamic PV (default fs)] subPath should fail if subpath with backstepping is outside the volume [Slow]" classname="Kubernetes e2e suite" time="0">
          <skipped></skipped>
      </testcase>
      <testcase name="[sig-storage] In-tree Volumes [Driver: gluster] [Testpattern: Dynamic PV (default fs)] subPath should be able to unmount after the subpath directory is deleted" classname="Kubernetes e2e suite" time="0">
          <skipped></skipped>
      </testcase>
      <testcase name="[sig-storage] In-tree Volumes [Driver: vSphere] [Testpattern: Pre-provisioned PV (ext4)] volumes should allow exec of files on the volume" classname="Kubernetes e2e suite" time="0">
          <skipped></skipped>
      </testcase>
      <testcase name="[sig-storage] In-tree Volumes [Driver: hostPathSymlink] [Testpattern: Inline-volume (default fs)] subPath should unmount if pod is gracefully deleted while kubelet is down [Disruptive][Slow]" classname="Kubernetes e2e suite" time="0">
          <skipped></skipped>
      </testcase>
      <testcase name="[sig-storage] In-tree Volumes [Driver: ceph][Feature:Volumes] [Testpattern: Inline-volume (default fs)] subPath should fail if subpath with backstepping is outside the volume [Slow]" classname="Kubernetes e2e suite" time="0">
          <skipped></skipped>
      </testcase>
      <testcase name="[sig-storage] In-tree Volumes [Driver: hostPath] [Testpattern: Dynamic PV (default fs)] volumes should be mountable" classname="Kubernetes e2e suite" time="0">
          <skipped></skipped>
      </testcase>
      <testcase name="[sig-storage] In-tree Volumes [Driver: vSphere] [Testpattern: Pre-provisioned PV (ext3)] volumes should allow exec of files on the volume" classname="Kubernetes e2e suite" time="0">
          <skipped></skipped>
      </testcase>
      <testcase name="[sig-storage] CSI Volumes [Driver: pd.csi.storage.gke.io][Feature: gcePD-external] [Testpattern: Dynamic PV (default fs)] subPath should fail if subpath with backstepping is outside the volume [Slow]" classname="Kubernetes e2e suite" time="0">
          <skipped></skipped>
      </testcase>
      <testcase name="[sig-storage] In-tree Volumes [Driver: local][LocalVolumeType: block] [Testpattern: Dynamic PV (ntfs)][sig-windows] volumes should allow exec of files on the volume" classname="Kubernetes e2e suite" time="0.001044931">
          <skipped></skipped>
      </testcase>
      <testcase name="[sig-storage] CSI Volumes [Driver: csi-hostpath-v0] [Testpattern: Dynamic PV (default fs)] subPath should support existing single file" classname="Kubernetes e2e suite" time="0">
          <skipped></skipped>
      </testcase>
      <testcase name="[sig-storage] PersistentVolumes-local  [Volume type: blockfswithoutformat] Two pods mounting a local volume at the same time should be able to write from pod1 and read from pod2" classname="Kubernetes e2e suite" time="0">
          <skipped></skipped>
      </testcase>
      <testcase name="[sig-storage] In-tree Volumes [Driver: local][LocalVolumeType: dir-link-bindmounted] [Testpattern: Inline-volume (default fs)] volumeIO should write files of various sizes, verify size, validate content [Slow]" classname="Kubernetes e2e suite" time="0">
          <skipped></skipped>
      </testcase>
      <testcase name="[sig-storage] In-tree Volumes [Driver: vSphere] [Testpattern: Dynamic PV (default fs)] subPath should support existing directories when readOnly specified in the volumeSource" classname="Kubernetes e2e suite" time="0">
          <skipped></skipped>
      </testcase>
      <testcase name="[sig-cluster-lifecycle] Addon update should propagate add-on file changes [Slow]" classname="Kubernetes e2e suite" time="0">
          <skipped></skipped>
      </testcase>
      <testcase name="[sig-autoscaling] Cluster size autoscaling [Slow] shouldn&#39;t trigger additional scale-ups during processing scale-up [Feature:ClusterSizeAutoscalingScaleUp]" classname="Kubernetes e2e suite" time="0">
          <skipped></skipped>
      </testcase>
      <testcase name="[k8s.io] [sig-node] Security Context should support seccomp alpha unconfined annotation on the pod [Feature:Seccomp] [LinuxOnly]" classname="Kubernetes e2e suite" time="0">
          <skipped></skipped>
      </testcase>
      <testcase name="[sig-storage] In-tree Volumes [Driver: nfs] [Testpattern: Pre-provisioned PV (default fs)] subPath should support non-existent path" classname="Kubernetes e2e suite" time="0">
          <skipped></skipped>
      </testcase>
      <testcase name="[sig-storage] In-tree Volumes [Driver: ceph][Feature:Volumes] [Testpattern: Inline-volume (default fs)] volumes should allow exec of files on the volume" classname="Kubernetes e2e suite" time="0">
          <skipped></skipped>
      </testcase>
      <testcase name="[sig-storage] In-tree Volumes [Driver: gcepd] [Testpattern: Dynamic PV (default fs)] subPath should support restarting containers using file as subpath [Slow]" classname="Kubernetes e2e suite" time="0">
          <skipped></skipped>
      </testcase>
      <testcase name="[sig-storage] In-tree Volumes [Driver: aws] [Testpattern: Dynamic PV (default fs)] subPath should support existing single file" classname="Kubernetes e2e suite" time="0">
          <skipped></skipped>
      </testcase>
      <testcase name="[sig-storage] CSI Volumes [Driver: csi-hostpath] [Testpattern: Inline-volume (default fs)] subPath should support restarting containers using directory as subpath [Slow]" classname="Kubernetes e2e suite" time="0">
          <skipped></skipped>
      </testcase>
      <testcase name="[sig-storage] In-tree Volumes [Driver: local][LocalVolumeType: dir-link-bindmounted] [Testpattern: Inline-volume (default fs)] subPath should fail if non-existent subpath is outside the volume [Slow]" classname="Kubernetes e2e suite" time="0">
          <skipped></skipped>
      </testcase>
      <testcase name="[sig-storage] In-tree Volumes [Driver: local][LocalVolumeType: dir-bindmounted] [Testpattern: Inline-volume (default fs)] subPath should support existing single file" classname="Kubernetes e2e suite" time="0">
          <skipped></skipped>
      </testcase>
      <testcase name="[sig-storage] In-tree Volumes [Driver: gcepd] [Testpattern: Dynamic PV (ntfs)][sig-windows] provisioning should provision storage with snapshot data source [Feature:VolumeSnapshotDataSource]" classname="Kubernetes e2e suite" time="0">
          <skipped></skipped>
      </testcase>
      <testcase name="[sig-storage] In-tree Volumes [Driver: vSphere] [Testpattern: Inline-volume (ntfs)][sig-windows] volumes should allow exec of files on the volume" classname="Kubernetes e2e suite" time="0.001115153">
          <skipped></skipped>
      </testcase>
      <testcase name="[sig-storage] In-tree Volumes [Driver: azure] [Testpattern: Inline-volume (ext3)] volumes should allow exec of files on the volume" classname="Kubernetes e2e suite" time="0">
          <skipped></skipped>
      </testcase>
      <testcase name="[sig-storage] In-tree Volumes [Driver: vSphere] [Testpattern: Inline-volume (default fs)] volumes should be mountable" classname="Kubernetes e2e suite" time="0">
          <skipped></skipped>
      </testcase>
      <testcase name="[sig-storage] In-tree Volumes [Driver: local][LocalVolumeType: blockfs] [Testpattern: Inline-volume (ext3)] volumes should be mountable" classname="Kubernetes e2e suite" time="0">
          <skipped></skipped>
      </testcase>
      <testcase name="[sig-storage] In-tree Volumes [Driver: aws] [Testpattern: Dynamic PV (ntfs)][sig-windows] volumes should allow exec of files on the volume" classname="Kubernetes e2e suite" time="0.001893743">
          <skipped></skipped>
      </testcase>
      <testcase name="[sig-storage] In-tree Volumes [Driver: emptydir] [Testpattern: Inline-volume (default fs)] subPath should support non-existent path" classname="Kubernetes e2e suite" time="0">
          <skipped></skipped>
      </testcase>
      <testcase name="[sig-storage] Projected secret should be consumable in multiple volumes in a pod [NodeConformance] [Conformance]" classname="Kubernetes e2e suite" time="92.197212299"></testcase>
      <testcase name="[sig-storage] In-tree Volumes [Driver: local][LocalVolumeType: dir] [Testpattern: Dynamic PV (xfs)] volumes should allow exec of files on the volume" classname="Kubernetes e2e suite" time="0">
          <skipped></skipped>
      </testcase>
      <testcase name="[sig-storage] CSI Volumes [Driver: csi-hostpath] [Testpattern: Pre-provisioned PV (xfs)] volumes should be mountable" classname="Kubernetes e2e suite" time="0">
          <skipped></skipped>
      </testcase>
      <testcase name="[sig-storage] Storage Policy Based Volume Provisioning [Feature:vsphere] verify VSAN storage capability with valid hostFailuresToTolerate and cacheReservation values is honored for dynamically provisioned pvc using storageclass" classname="Kubernetes e2e suite" time="0">
          <skipped></skipped>
      </testcase>
      <testcase name="[sig-storage] In-tree Volumes [Driver: emptydir] [Testpattern: Pre-provisioned PV (default fs)] subPath should support readOnly directory specified in the volumeMount" classname="Kubernetes e2e suite" time="0">
          <skipped></skipped>
      </testcase>
      <testcase name="[sig-storage] In-tree Volumes [Driver: local][LocalVolumeType: dir] [Testpattern: Pre-provisioned PV (ext3)] volumes should be mountable" classname="Kubernetes e2e suite" time="0">
          <skipped></skipped>
      </testcase>
      <testcase name="[sig-storage] CSI Volumes [Driver: pd.csi.storage.gke.io][Serial] [Testpattern: Dynamic Snapshot] snapshottable should create snapshot with defaults [Feature:VolumeSnapshotDataSource]" classname="Kubernetes e2e suite" time="0">
          <skipped></skipped>
      </testcase>
      <testcase name="[sig-network] Networking Granular Checks: Services [Slow] should function for pod-Service: udp" classname="Kubernetes e2e suite" time="0">
          <skipped></skipped>
      </testcase>
      <testcase name="[sig-storage] In-tree Volumes [Driver: hostPath] [Testpattern: Inline-volume (default fs)] subPath should support existing directory" classname="Kubernetes e2e suite" time="0">
          <skipped></skipped>
      </testcase>
      <testcase name="[sig-storage] PersistentVolumes-local  [Volume type: dir-bindmounted] Set fsGroup for local volume should set same fsGroup for two pods simultaneously" classname="Kubernetes e2e suite" time="0">
          <skipped></skipped>
      </testcase>
      <testcase name="[sig-storage] In-tree Volumes [Driver: cinder] [Testpattern: Dynamic PV (ntfs)][sig-windows] provisioning should allow concurrent writes on the same node" classname="Kubernetes e2e suite" time="0.00179418">
          <skipped></skipped>
      </testcase>
      <testcase name="[sig-storage] In-tree Volumes [Driver: local][LocalVolumeType: gce-localssd-scsi-fs] [Serial] [Testpattern: Pre-provisioned PV (default fs)] subPath should support readOnly file specified in the volumeMount" classname="Kubernetes e2e suite" time="0">
          <skipped></skipped>
      </testcase>
      <testcase name="[sig-scalability] Load capacity [Feature:Performance] should be able to handle 30 pods per node ReplicationController with 0 secrets, 0 configmaps and 0 daemons" classname="Kubernetes e2e suite" time="0">
          <skipped></skipped>
      </testcase>
      <testcase name="[sig-storage] Projected secret should be consumable from pods in volume with defaultMode set [LinuxOnly] [NodeConformance] [Conformance]" classname="Kubernetes e2e suite" time="0">
          <skipped></skipped>
      </testcase>
      <testcase name="[sig-instrumentation] Cluster level logging implemented by Stackdriver should ingest events [Feature:StackdriverLogging]" classname="Kubernetes e2e suite" time="0">
          <skipped></skipped>
      </testcase>
      <testcase name="[sig-storage] In-tree Volumes [Driver: local][LocalVolumeType: dir-link] [Testpattern: Pre-provisioned PV (default fs)] subPath should support creating multiple subpath from same volumes [Slow]" classname="Kubernetes e2e suite" time="0">
          <skipped></skipped>
      </testcase>
      <testcase name="[sig-storage] In-tree Volumes [Driver: hostPathSymlink] [Testpattern: Dynamic PV (default fs)] subPath should support readOnly directory specified in the volumeMount" classname="Kubernetes e2e suite" time="0">
          <skipped></skipped>
      </testcase>
      <testcase name="[k8s.io] [Feature:Example] [k8s.io] Downward API should create a pod that prints his name and namespace" classname="Kubernetes e2e suite" time="0">
          <skipped></skipped>
      </testcase>
      <testcase name="[sig-storage] In-tree Volumes [Driver: local][LocalVolumeType: dir-link] [Testpattern: Inline-volume (default fs)] subPath should fail if subpath with backstepping is outside the volume [Slow]" classname="Kubernetes e2e suite" time="0">
          <skipped></skipped>
      </testcase>
      <testcase name="[sig-storage] In-tree Volumes [Driver: cinder] [Testpattern: Pre-provisioned PV (default fs)] subPath should unmount if pod is gracefully deleted while kubelet is down [Disruptive][Slow]" classname="Kubernetes e2e suite" time="0">
          <skipped></skipped>
      </testcase>
      <testcase name="[sig-cli] Kubectl client [k8s.io] Kubectl cluster-info should check if Kubernetes master services is included in cluster-info  [Conformance]" classname="Kubernetes e2e suite" time="8.388427984"></testcase>
      <testcase name="[sig-storage] In-tree Volumes [Driver: local][LocalVolumeType: dir-bindmounted] [Testpattern: Dynamic PV (default fs)] provisioning should create and delete block persistent volumes" classname="Kubernetes e2e suite" time="0">
          <skipped></skipped>
      </testcase>
      <testcase name="[sig-storage] CSI Volumes [Driver: csi-hostpath-v0] [Testpattern: Dynamic PV (ntfs)][sig-windows] volumes should be mountable" classname="Kubernetes e2e suite" time="0.001998342">
          <skipped></skipped>
      </testcase>
      <testcase name="[sig-storage] In-tree Volumes [Driver: local][LocalVolumeType: dir-link-bindmounted] [Testpattern: Dynamic PV (ntfs)][sig-windows] provisioning should provision storage with mount options" classname="Kubernetes e2e suite" time="0.001864623">
          <skipped></skipped>
      </testcase>
      <testcase name="[sig-storage] In-tree Volumes [Driver: local][LocalVolumeType: blockfs] [Testpattern: Pre-provisioned PV (default fs)] subPath should support readOnly file specified in the volumeMount" classname="Kubernetes e2e suite" time="0">
          <skipped></skipped>
      </testcase>
      <testcase name="[sig-storage] In-tree Volumes [Driver: local][LocalVolumeType: dir] [Testpattern: Inline-volume (ntfs)][sig-windows] volumes should allow exec of files on the volume" classname="Kubernetes e2e suite" time="0.001519906">
          <skipped></skipped>
      </testcase>
      <testcase name="[sig-storage] In-tree Volumes [Driver: aws] [Testpattern: Dynamic PV (default fs)] provisioning should allow concurrent writes on the same node" classname="Kubernetes e2e suite" time="0">
          <skipped></skipped>
      </testcase>
      <testcase name="[sig-storage] In-tree Volumes [Driver: gluster] [Testpattern: Dynamic PV (default fs)] subPath should support file as subpath" classname="Kubernetes e2e suite" time="0">
          <skipped></skipped>
      </testcase>
      <testcase name="[k8s.io] Probing container should be restarted with a /healthz http liveness probe [NodeConformance] [Conformance]" classname="Kubernetes e2e suite" time="214.917301088"></testcase>
      <testcase name="[sig-storage] Projected configMap should be consumable from pods in volume as non-root with defaultMode and fsGroup set [NodeFeature:FSGroup]" classname="Kubernetes e2e suite" time="0">
          <skipped></skipped>
      </testcase>
      <testcase name="[sig-storage] In-tree Volumes [Driver: vSphere] [Testpattern: Dynamic PV (block volmode)] volumeMode should fail in binding dynamic provisioned PV to PVC" classname="Kubernetes e2e suite" time="0">
          <skipped></skipped>
      </testcase>
      <testcase name="[sig-storage] In-tree Volumes [Driver: local][LocalVolumeType: block] [Testpattern: Dynamic PV (default fs)] subPath should support existing directories when readOnly specified in the volumeSource" classname="Kubernetes e2e suite" time="0">
          <skipped></skipped>
      </testcase>
      <testcase name="[sig-storage] In-tree Volumes [Driver: azure] [Testpattern: Dynamic PV (default fs)] provisioning should allow concurrent writes on the same node" classname="Kubernetes e2e suite" time="0">
          <skipped></skipped>
      </testcase>
      <testcase name="[sig-storage] CSI Volumes [Driver: csi-hostpath] [Testpattern: Dynamic PV (default fs)] subPath should support file as subpath" classname="Kubernetes e2e suite" time="0">
          <skipped></skipped>
      </testcase>
      <testcase name="[sig-storage] CSI Volumes [Driver: pd.csi.storage.gke.io][Serial] [Testpattern: Pre-provisioned PV (default fs)] subPath should fail if subpath with backstepping is outside the volume [Slow]" classname="Kubernetes e2e suite" time="0">
          <skipped></skipped>
      </testcase>
      <testcase name="[sig-storage] In-tree Volumes [Driver: local][LocalVolumeType: gce-localssd-scsi-fs] [Serial] [Testpattern: Pre-provisioned PV (default fs)] subPath should verify container cannot write to subpath readonly volumes" classname="Kubernetes e2e suite" time="0">
          <skipped></skipped>
      </testcase>
      <testcase name="[sig-storage] In-tree Volumes [Driver: vSphere] [Testpattern: Dynamic PV (default fs)] subPath should unmount if pod is force deleted while kubelet is down [Disruptive][Slow]" classname="Kubernetes e2e suite" time="0">
          <skipped></skipped>
      </testcase>
      <testcase name="[sig-network] NetworkPolicy NetworkPolicy between server and client should enforce policy based on Ports [Feature:NetworkPolicy]" classname="Kubernetes e2e suite" time="0">
          <skipped></skipped>
      </testcase>
      <testcase name="[sig-storage] In-tree Volumes [Driver: iscsi][Feature:Volumes] [Testpattern: Inline-volume (default fs)] subPath should fail if subpath file is outside the volume [Slow]" classname="Kubernetes e2e suite" time="0">
          <skipped></skipped>
      </testcase>
      <testcase name="[sig-instrumentation] Logging soak [Performance] [Slow] [Disruptive] should survive logging 1KB every 1s seconds, for a duration of 2m0s" classname="Kubernetes e2e suite" time="0">
          <skipped></skipped>
      </testcase>
      <testcase name="[sig-storage] In-tree Volumes [Driver: azure] [Testpattern: Pre-provisioned PV (default fs)] subPath should support restarting containers using file as subpath [Slow]" classname="Kubernetes e2e suite" time="0">
          <skipped></skipped>
      </testcase>
      <testcase name="[sig-storage] In-tree Volumes [Driver: gluster] [Testpattern: Dynamic PV (default fs)] subPath should support restarting containers using directory as subpath [Slow]" classname="Kubernetes e2e suite" time="0">
          <skipped></skipped>
      </testcase>
      <testcase name="[sig-storage] In-tree Volumes [Driver: local][LocalVolumeType: dir] [Testpattern: Inline-volume (default fs)] volumes should allow exec of files on the volume" classname="Kubernetes e2e suite" time="0">
          <skipped></skipped>
      </testcase>
      <testcase name="[sig-storage] In-tree Volumes [Driver: hostPath] [Testpattern: Dynamic PV (filesystem volmode)] volumeMode should create sc, pod, pv, and pvc, read/write to the pv, and delete all created resources" classname="Kubernetes e2e suite" time="0">
          <skipped></skipped>
      </testcase>
      <testcase name="[sig-storage] CSI Volumes [Driver: csi-hostpath-v0] [Testpattern: Inline-volume (xfs)] volumes should be mountable" classname="Kubernetes e2e suite" time="0">
          <skipped></skipped>
      </testcase>
      <testcase name="[sig-network] DNS should resolve DNS of partial qualified names for services " classname="Kubernetes e2e suite" time="0">
          <skipped></skipped>
      </testcase>
      <testcase name="[sig-storage] In-tree Volumes [Driver: rbd][Feature:Volumes] [Testpattern: Pre-provisioned PV (ext3)] volumes should allow exec of files on the volume" classname="Kubernetes e2e suite" time="0">
          <skipped></skipped>
      </testcase>
      <testcase name="[sig-storage] In-tree Volumes [Driver: emptydir] [Testpattern: Inline-volume (default fs)] subPath should support existing single file" classname="Kubernetes e2e suite" time="0">
          <skipped></skipped>
      </testcase>
      <testcase name="[sig-storage] In-tree Volumes [Driver: local][LocalVolumeType: dir-bindmounted] [Testpattern: Inline-volume (default fs)] volumes should allow exec of files on the volume" classname="Kubernetes e2e suite" time="0">
          <skipped></skipped>
      </testcase>
      <testcase name="[sig-storage] In-tree Volumes [Driver: hostPathSymlink] [Testpattern: Inline-volume (ext4)] volumes should be mountable" classname="Kubernetes e2e suite" time="0">
          <skipped></skipped>
      </testcase>
      <testcase name="[sig-storage] In-tree Volumes [Driver: nfs] [Testpattern: Inline-volume (ext4)] volumes should allow exec of files on the volume" classname="Kubernetes e2e suite" time="0">
          <skipped></skipped>
      </testcase>
      <testcase name="[sig-storage] In-tree Volumes [Driver: vSphere] [Testpattern: Pre-provisioned PV (xfs)] volumes should allow exec of files on the volume" classname="Kubernetes e2e suite" time="0">
          <skipped></skipped>
      </testcase>
      <testcase name="[sig-storage] In-tree Volumes [Driver: gcepd] [Testpattern: Dynamic PV (default fs)] subPath should support existing single file" classname="Kubernetes e2e suite" time="0">
          <skipped></skipped>
      </testcase>
      <testcase name="[sig-storage] In-tree Volumes [Driver: vSphere] [Testpattern: Dynamic PV (default fs)] provisioning should provision storage with defaults" classname="Kubernetes e2e suite" time="0">
          <skipped></skipped>
      </testcase>
      <testcase name="[sig-storage] In-tree Volumes [Driver: emptydir] [Testpattern: Pre-provisioned PV (default fs)] subPath should support creating multiple subpath from same volumes [Slow]" classname="Kubernetes e2e suite" time="0">
          <skipped></skipped>
      </testcase>
      <testcase name="[sig-apps] StatefulSet [k8s.io] Basic StatefulSet functionality [StatefulSetBasic] should have a working scale subresource" classname="Kubernetes e2e suite" time="0">
          <skipped></skipped>
      </testcase>
      <testcase name="[sig-storage] In-tree Volumes [Driver: local][LocalVolumeType: gce-localssd-scsi-fs] [Serial] [Testpattern: Pre-provisioned PV (default fs)] volumes should be mountable" classname="Kubernetes e2e suite" time="0">
          <skipped></skipped>
      </testcase>
      <testcase name="[sig-storage] CSI Volumes [Driver: csi-hostpath] [Testpattern: Dynamic PV (default fs)] subPath should support restarting containers using directory as subpath [Slow]" classname="Kubernetes e2e suite" time="0">
          <skipped></skipped>
      </testcase>
      <testcase name="[sig-storage] In-tree Volumes [Driver: azure] [Testpattern: Pre-provisioned PV (default fs)] subPath should support file as subpath" classname="Kubernetes e2e suite" time="0">
          <skipped></skipped>
      </testcase>
      <testcase name="[sig-storage] In-tree Volumes [Driver: local][LocalVolumeType: dir-link-bindmounted] [Testpattern: Pre-provisioned PV (default fs)] subPath should support creating multiple subpath from same volumes [Slow]" classname="Kubernetes e2e suite" time="0">
          <skipped></skipped>
      </testcase>
      <testcase name="[sig-storage] In-tree Volumes [Driver: local][LocalVolumeType: dir-bindmounted] [Testpattern: Dynamic PV (ext4)] volumes should allow exec of files on the volume" classname="Kubernetes e2e suite" time="0">
          <skipped></skipped>
      </testcase>
      <testcase name="[sig-storage] In-tree Volumes [Driver: hostPathSymlink] [Testpattern: Dynamic PV (block volmode)] volumeMode should fail in binding dynamic provisioned PV to PVC" classname="Kubernetes e2e suite" time="0">
          <skipped></skipped>
      </testcase>
      <testcase name="[sig-storage] In-tree Volumes [Driver: local][LocalVolumeType: dir] [Testpattern: Pre-provisioned PV (default fs)] volumes should be mountable" classname="Kubernetes e2e suite" time="0">
          <skipped></skipped>
      </testcase>
      <testcase name="[sig-storage] Zone Support Verify a pod is created and attached to a dynamically created PV, based on the allowed zones, datastore and storage policy specified in storage class" classname="Kubernetes e2e suite" time="0">
          <skipped></skipped>
      </testcase>
      <testcase name="[sig-storage] In-tree Volumes [Driver: local][LocalVolumeType: dir] [Testpattern: Inline-volume (default fs)] subPath should support existing directory" classname="Kubernetes e2e suite" time="0">
          <skipped></skipped>
      </testcase>
      <testcase name="[sig-storage] In-tree Volumes [Driver: gluster] [Testpattern: Dynamic PV (default fs)] volumes should allow exec of files on the volume" classname="Kubernetes e2e suite" time="0">
          <skipped></skipped>
      </testcase>
      <testcase name="[sig-storage] In-tree Volumes [Driver: iscsi][Feature:Volumes] [Testpattern: Dynamic PV (default fs)] provisioning should provision storage with mount options" classname="Kubernetes e2e suite" time="0">
          <skipped></skipped>
      </testcase>
      <testcase name="[sig-storage] In-tree Volumes [Driver: local][LocalVolumeType: gce-localssd-scsi-fs] [Serial] [Testpattern: Dynamic PV (default fs)] subPath should fail if subpath file is outside the volume [Slow]" classname="Kubernetes e2e suite" time="0">
          <skipped></skipped>
      </testcase>
      <testcase name="[sig-storage] In-tree Volumes [Driver: ceph][Feature:Volumes] [Testpattern: Pre-provisioned PV (ext3)] volumes should allow exec of files on the volume" classname="Kubernetes e2e suite" time="0">
          <skipped></skipped>
      </testcase>
      <testcase name="[sig-storage] CSI Volumes [Driver: csi-hostpath-v0] [Testpattern: Dynamic PV (default fs)] provisioning should allow concurrent writes on the same node" classname="Kubernetes e2e suite" time="0">
          <skipped></skipped>
      </testcase>
      <testcase name="[sig-storage] CSI Volumes [Driver: csi-hostpath] [Testpattern: Inline-volume (default fs)] subPath should support existing directory" classname="Kubernetes e2e suite" time="0">
          <skipped></skipped>
      </testcase>
      <testcase name="[sig-storage] In-tree Volumes [Driver: hostPath] [Testpattern: Inline-volume (ext3)] volumes should be mountable" classname="Kubernetes e2e suite" time="0">
          <skipped></skipped>
      </testcase>
      <testcase name="[sig-autoscaling] DNS horizontal autoscaling [DisabledForLargeClusters] kube-dns-autoscaler should scale kube-dns pods in both nonfaulty and faulty scenarios" classname="Kubernetes e2e suite" time="0">
          <skipped></skipped>
      </testcase>
      <testcase name="[sig-storage] CSI Volumes [Driver: csi-hostpath] [Testpattern: Pre-provisioned PV (ntfs)][sig-windows] volumes should be mountable" classname="Kubernetes e2e suite" time="0.000837565">
          <skipped></skipped>
      </testcase>
      <testcase name="[sig-storage] In-tree Volumes [Driver: local][LocalVolumeType: blockfs] [Testpattern: Inline-volume (xfs)] volumes should be mountable" classname="Kubernetes e2e suite" time="0">
          <skipped></skipped>
      </testcase>
      <testcase name="[sig-storage] CSI Volumes [Driver: pd.csi.storage.gke.io][Feature: gcePD-external] [Testpattern: Inline-volume (default fs)] subPath should support non-existent path" classname="Kubernetes e2e suite" time="0">
          <skipped></skipped>
      </testcase>
      <testcase name="[sig-storage] In-tree Volumes [Driver: local][LocalVolumeType: blockfs] [Testpattern: Inline-volume (default fs)] subPath should support existing directory" classname="Kubernetes e2e suite" time="0">
          <skipped></skipped>
      </testcase>
      <testcase name="[sig-storage] Zone Support Verify PVC creation with incompatible datastore and zone combination specified in storage class fails" classname="Kubernetes e2e suite" time="0">
          <skipped></skipped>
      </testcase>
      <testcase name="[sig-storage] In-tree Volumes [Driver: gcepd] [Testpattern: Dynamic PV (default fs)] subPath should support restarting containers using directory as subpath [Slow]" classname="Kubernetes e2e suite" time="0">
          <skipped></skipped>
      </testcase>
      <testcase name="[sig-storage] In-tree Volumes [Driver: cinder] [Testpattern: Pre-provisioned PV (default fs)] subPath should support non-existent path" classname="Kubernetes e2e suite" time="0">
          <skipped></skipped>
      </testcase>
      <testcase name="[sig-storage] CSI Volumes [Driver: csi-hostpath] [Testpattern: Inline-volume (default fs)] subPath should support file as subpath" classname="Kubernetes e2e suite" time="0">
          <skipped></skipped>
      </testcase>
      <testcase name="[sig-storage] In-tree Volumes [Driver: local][LocalVolumeType: dir] [Testpattern: Inline-volume (default fs)] subPath should support existing directories when readOnly specified in the volumeSource" classname="Kubernetes e2e suite" time="0">
          <skipped></skipped>
      </testcase>
      <testcase name="[sig-storage] In-tree Volumes [Driver: nfs] [Testpattern: Dynamic PV (ext4)] volumes should allow exec of files on the volume" classname="Kubernetes e2e suite" time="0">
          <skipped></skipped>
      </testcase>
      <testcase name="[sig-storage] In-tree Volumes [Driver: ceph][Feature:Volumes] [Testpattern: Pre-provisioned PV (default fs)] subPath should be able to unmount after the subpath directory is deleted" classname="Kubernetes e2e suite" time="0">
          <skipped></skipped>
      </testcase>
      <testcase name="[sig-storage] In-tree Volumes [Driver: rbd][Feature:Volumes] [Testpattern: Pre-provisioned PV (default fs)] subPath should unmount if pod is force deleted while kubelet is down [Disruptive][Slow]" classname="Kubernetes e2e suite" time="0">
          <skipped></skipped>
      </testcase>
      <testcase name="[sig-storage] In-tree Volumes [Driver: iscsi][Feature:Volumes] [Testpattern: Dynamic PV (ext3)] volumes should allow exec of files on the volume" classname="Kubernetes e2e suite" time="0">
          <skipped></skipped>
      </testcase>
      <testcase name="[sig-storage] In-tree Volumes [Driver: local][LocalVolumeType: gce-localssd-scsi-fs] [Serial] [Testpattern: Dynamic PV (default fs)] subPath should support existing directories when readOnly specified in the volumeSource" classname="Kubernetes e2e suite" time="0">
          <skipped></skipped>
      </testcase>
      <testcase name="[sig-storage] HostPath should support r/w [NodeConformance]" classname="Kubernetes e2e suite" time="26.656401269"></testcase>
      <testcase name="[sig-storage] In-tree Volumes [Driver: local][LocalVolumeType: dir-bindmounted] [Testpattern: Inline-volume (default fs)] subPath should fail if non-existent subpath is outside the volume [Slow]" classname="Kubernetes e2e suite" time="0">
          <skipped></skipped>
      </testcase>
      <testcase name="[sig-storage] In-tree Volumes [Driver: gluster] [Testpattern: Pre-provisioned PV (default fs)] subPath should support file as subpath" classname="Kubernetes e2e suite" time="0">
          <skipped></skipped>
      </testcase>
      <testcase name="[sig-storage] In-tree Volumes [Driver: local][LocalVolumeType: dir-link] [Testpattern: Pre-provisioned PV (default fs)] subPath should support existing directories when readOnly specified in the volumeSource" classname="Kubernetes e2e suite" time="0">
          <skipped></skipped>
      </testcase>
      <testcase name="[sig-storage] In-tree Volumes [Driver: local][LocalVolumeType: dir-bindmounted] [Testpattern: Inline-volume (ext3)] volumes should allow exec of files on the volume" classname="Kubernetes e2e suite" time="0">
          <skipped></skipped>
      </testcase>
      <testcase name="[sig-storage] In-tree Volumes [Driver: local][LocalVolumeType: dir-link] [Testpattern: Inline-volume (ntfs)][sig-windows] volumes should allow exec of files on the volume" classname="Kubernetes e2e suite" time="0.001939011">
          <skipped></skipped>
      </testcase>
      <testcase name="[sig-storage] CSI Volumes [Driver: csi-hostpath] [Testpattern: Dynamic PV (default fs)] subPath should verify container cannot write to subpath readonly volumes" classname="Kubernetes e2e suite" time="0">
          <skipped></skipped>
      </testcase>
      <testcase name="[sig-storage] Zone Support Verify PVC creation with incompatible storagePolicy and zone combination specified in storage class fails" classname="Kubernetes e2e suite" time="0">
          <skipped></skipped>
      </testcase>
      <testcase name="[sig-network] Services should create endpoints for unready pods" classname="Kubernetes e2e suite" time="0">
          <skipped></skipped>
      </testcase>
      <testcase name="[sig-network] NetworkPolicy NetworkPolicy between server and client should allow ingress access on one named port [Feature:NetworkPolicy]" classname="Kubernetes e2e suite" time="0">
          <skipped></skipped>
      </testcase>
      <testcase name="[sig-storage] In-tree Volumes [Driver: azure] [Testpattern: Dynamic PV (ntfs)][sig-windows] provisioning should provision storage with snapshot data source [Feature:VolumeSnapshotDataSource]" classname="Kubernetes e2e suite" time="0">
          <skipped></skipped>
      </testcase>
      <testcase name="[sig-storage] In-tree Volumes [Driver: nfs] [Testpattern: Pre-provisioned PV (default fs)] volumes should be mountable" classname="Kubernetes e2e suite" time="0">
          <skipped></skipped>
      </testcase>
      <testcase name="[sig-scheduling] TaintBasedEvictions [Serial] Checks that the node becomes unreachable" classname="Kubernetes e2e suite" time="0">
          <skipped></skipped>
      </testcase>
      <testcase name="[sig-storage] In-tree Volumes [Driver: emptydir] [Testpattern: Inline-volume (ext3)] volumes should be mountable" classname="Kubernetes e2e suite" time="0">
          <skipped></skipped>
      </testcase>
      <testcase name="[sig-storage] In-tree Volumes [Driver: local][LocalVolumeType: dir-bindmounted] [Testpattern: Pre-provisioned PV (default fs)] volumeIO should write files of various sizes, verify size, validate content [Slow]" classname="Kubernetes e2e suite" time="0">
          <skipped></skipped>
      </testcase>
      <testcase name="[sig-storage] In-tree Volumes [Driver: local][LocalVolumeType: dir-link] [Testpattern: Pre-provisioned PV (filesystem volmode)] volumeMode should create sc, pod, pv, and pvc, read/write to the pv, and delete all created resources" classname="Kubernetes e2e suite" time="0">
          <skipped></skipped>
      </testcase>
      <testcase name="[sig-storage] PersistentVolumes-local  [Volume type: dir-bindmounted] One pod requesting one prebound PVC should be able to mount volume and read from pod1" classname="Kubernetes e2e suite" time="0">
          <skipped></skipped>
      </testcase>
      <testcase name="[sig-storage] In-tree Volumes [Driver: vSphere] [Testpattern: Pre-provisioned PV (block volmode)] volumeMode should fail to create pod by failing to mount volume" classname="Kubernetes e2e suite" time="0">
          <skipped></skipped>
      </testcase>
      <testcase name="[sig-storage] In-tree Volumes [Driver: azure] [Testpattern: Dynamic PV (default fs)] subPath should fail if subpath directory is outside the volume [Slow]" classname="Kubernetes e2e suite" time="0">
          <skipped></skipped>
      </testcase>
      <testcase name="[sig-storage] CSI Volumes [Driver: csi-hostpath-v0] [Testpattern: Dynamic PV (default fs)] provisioning should create and delete block persistent volumes" classname="Kubernetes e2e suite" time="0">
          <skipped></skipped>
      </testcase>
      <testcase name="[k8s.io] [sig-node] NodeProblemDetector [DisabledForLargeClusters] should run without error" classname="Kubernetes e2e suite" time="0">
          <skipped></skipped>
      </testcase>
      <testcase name="[sig-storage] In-tree Volumes [Driver: hostPathSymlink] [Testpattern: Dynamic PV (filesystem volmode)] volumeMode should create sc, pod, pv, and pvc, read/write to the pv, and delete all created resources" classname="Kubernetes e2e suite" time="0">
          <skipped></skipped>
      </testcase>
      <testcase name="[k8s.io] [sig-node] Security Context should support seccomp alpha unconfined annotation on the container [Feature:Seccomp] [LinuxOnly]" classname="Kubernetes e2e suite" time="0">
          <skipped></skipped>
      </testcase>
      <testcase name="[sig-storage] In-tree Volumes [Driver: local][LocalVolumeType: blockfs] [Testpattern: Pre-provisioned PV (default fs)] subPath should unmount if pod is force deleted while kubelet is down [Disruptive][Slow]" classname="Kubernetes e2e suite" time="0">
          <skipped></skipped>
      </testcase>
      <testcase name="[sig-storage] In-tree Volumes [Driver: ceph][Feature:Volumes] [Testpattern: Inline-volume (default fs)] subPath should support restarting containers using directory as subpath [Slow]" classname="Kubernetes e2e suite" time="0">
          <skipped></skipped>
      </testcase>
      <testcase name="[sig-storage] In-tree Volumes [Driver: aws] [Testpattern: Inline-volume (default fs)] subPath should support restarting containers using file as subpath [Slow]" classname="Kubernetes e2e suite" time="0">
          <skipped></skipped>
      </testcase>
      <testcase name="[sig-storage] Volume expand should not allow expansion of pvcs without AllowVolumeExpansion property" classname="Kubernetes e2e suite" time="0">
          <skipped></skipped>
      </testcase>
      <testcase name="[sig-storage] In-tree Volumes [Driver: local][LocalVolumeType: dir-link-bindmounted] [Testpattern: Inline-volume (default fs)] subPath should support existing directories when readOnly specified in the volumeSource" classname="Kubernetes e2e suite" time="0">
          <skipped></skipped>
      </testcase>
      <testcase name="[sig-storage] In-tree Volumes [Driver: nfs] [Testpattern: Inline-volume (default fs)] subPath should support existing directories when readOnly specified in the volumeSource" classname="Kubernetes e2e suite" time="0">
          <skipped></skipped>
      </testcase>
      <testcase name="[sig-storage] In-tree Volumes [Driver: local][LocalVolumeType: dir-link] [Testpattern: Inline-volume (default fs)] subPath should fail if subpath directory is outside the volume [Slow]" classname="Kubernetes e2e suite" time="0">
          <skipped></skipped>
      </testcase>
      <testcase name="[sig-storage] In-tree Volumes [Driver: ceph][Feature:Volumes] [Testpattern: Dynamic PV (default fs)] subPath should support readOnly file specified in the volumeMount" classname="Kubernetes e2e suite" time="0">
          <skipped></skipped>
      </testcase>
      <testcase name="[sig-network] Services should be able to change the type from ExternalName to ClusterIP" classname="Kubernetes e2e suite" time="0">
          <skipped></skipped>
      </testcase>
      <testcase name="[sig-storage] CSI Volumes [Driver: csi-hostpath] [Testpattern: Pre-provisioned PV (default fs)] subPath should be able to unmount after the subpath directory is deleted" classname="Kubernetes e2e suite" time="0">
          <skipped></skipped>
      </testcase>
      <testcase name="[sig-storage] CSI Volumes [Driver: pd.csi.storage.gke.io][Serial] [Testpattern: Pre-provisioned PV (default fs)] subPath should support file as subpath" classname="Kubernetes e2e suite" time="0">
          <skipped></skipped>
      </testcase>
      <testcase name="[sig-storage] Downward API volume should set DefaultMode on files [LinuxOnly] [NodeConformance] [Conformance]" classname="Kubernetes e2e suite" time="0">
          <skipped></skipped>
      </testcase>
      <testcase name="[sig-storage] CSI Volumes [Driver: pd.csi.storage.gke.io][Feature: gcePD-external] [Testpattern: Inline-volume (default fs)] subPath should unmount if pod is force deleted while kubelet is down [Disruptive][Slow]" classname="Kubernetes e2e suite" time="0">
          <skipped></skipped>
      </testcase>
      <testcase name="[sig-cli] Kubectl client [k8s.io] Kubectl run deployment should create a deployment from an image  [Conformance]" classname="Kubernetes e2e suite" time="11.204225373"></testcase>
      <testcase name="[sig-storage] CSI Volumes [Driver: csi-hostpath-v0] [Testpattern: Dynamic PV (default fs)] subPath should unmount if pod is gracefully deleted while kubelet is down [Disruptive][Slow]" classname="Kubernetes e2e suite" time="0">
          <skipped></skipped>
      </testcase>
      <testcase name="[sig-storage] In-tree Volumes [Driver: ceph][Feature:Volumes] [Testpattern: Inline-volume (default fs)] subPath should be able to unmount after the subpath directory is deleted" classname="Kubernetes e2e suite" time="0">
          <skipped></skipped>
      </testcase>
      <testcase name="[sig-storage] In-tree Volumes [Driver: local][LocalVolumeType: dir] [Testpattern: Pre-provisioned PV (default fs)] volumes should allow exec of files on the volume" classname="Kubernetes e2e suite" time="0">
          <skipped></skipped>
      </testcase>
      <testcase name="[sig-storage] In-tree Volumes [Driver: local][LocalVolumeType: dir-link] [Testpattern: Dynamic PV (filesystem volmode)] volumeMode should create sc, pod, pv, and pvc, read/write to the pv, and delete all created resources" classname="Kubernetes e2e suite" time="0">
          <skipped></skipped>
      </testcase>
      <testcase name="[sig-storage] In-tree Volumes [Driver: emptydir] [Testpattern: Pre-provisioned PV (default fs)] subPath should support restarting containers using directory as subpath [Slow]" classname="Kubernetes e2e suite" time="0">
          <skipped></skipped>
      </testcase>
      <testcase name="[sig-storage] In-tree Volumes [Driver: hostPath] [Testpattern: Dynamic PV (ext4)] volumes should be mountable" classname="Kubernetes e2e suite" time="0">
          <skipped></skipped>
      </testcase>
      <testcase name="[sig-api-machinery] ResourceQuota should create a ResourceQuota and capture the life of a secret." classname="Kubernetes e2e suite" time="0">
          <skipped></skipped>
      </testcase>
      <testcase name="[sig-storage] In-tree Volumes [Driver: local][LocalVolumeType: dir-link] [Testpattern: Pre-provisioned PV (default fs)] volumes should be mountable" classname="Kubernetes e2e suite" time="0">
          <skipped></skipped>
      </testcase>
      <testcase name="[sig-storage] In-tree Volumes [Driver: gcepd] [Testpattern: Dynamic PV (default fs)] provisioning should provision storage with snapshot data source [Feature:VolumeSnapshotDataSource]" classname="Kubernetes e2e suite" time="0">
          <skipped></skipped>
      </testcase>
      <testcase name="[sig-storage] In-tree Volumes [Driver: hostPath] [Testpattern: Dynamic PV (block volmode)] volumeMode should fail in binding dynamic provisioned PV to PVC" classname="Kubernetes e2e suite" time="0">
          <skipped></skipped>
      </testcase>
      <testcase name="[sig-storage] In-tree Volumes [Driver: ceph][Feature:Volumes] [Testpattern: Inline-volume (default fs)] subPath should support existing single file" classname="Kubernetes e2e suite" time="0">
          <skipped></skipped>
      </testcase>
      <testcase name="[sig-storage] In-tree Volumes [Driver: iscsi][Feature:Volumes] [Testpattern: Dynamic PV (ntfs)][sig-windows] provisioning should allow concurrent writes on the same node" classname="Kubernetes e2e suite" time="0">
          <skipped></skipped>
      </testcase>
      <testcase name="[sig-storage] CSI Volumes [Driver: csi-hostpath-v0] [Testpattern: Dynamic PV (default fs)] subPath should support existing directories when readOnly specified in the volumeSource" classname="Kubernetes e2e suite" time="0">
          <skipped></skipped>
      </testcase>
      <testcase name="[sig-apps] ReplicationController should release no longer matching pods [Conformance]" classname="Kubernetes e2e suite" time="8.269038683"></testcase>
      <testcase name="[sig-storage] In-tree Volumes [Driver: hostPathSymlink] [Testpattern: Pre-provisioned PV (default fs)] subPath should verify container cannot write to subpath readonly volumes" classname="Kubernetes e2e suite" time="0">
          <skipped></skipped>
      </testcase>
      <testcase name="[sig-storage] In-tree Volumes [Driver: local][LocalVolumeType: block] [Testpattern: Inline-volume (xfs)] volumes should be mountable" classname="Kubernetes e2e suite" time="0">
          <skipped></skipped>
      </testcase>
      <testcase name="[sig-storage] In-tree Volumes [Driver: rbd][Feature:Volumes] [Testpattern: Inline-volume (default fs)] subPath should fail if subpath with backstepping is outside the volume [Slow]" classname="Kubernetes e2e suite" time="0">
          <skipped></skipped>
      </testcase>
      <testcase name="[sig-storage] In-tree Volumes [Driver: cinder] [Testpattern: Pre-provisioned PV (block volmode)] volumeMode should fail to create pod by failing to mount volume" classname="Kubernetes e2e suite" time="0">
          <skipped></skipped>
      </testcase>
      <testcase name="[sig-storage] In-tree Volumes [Driver: aws] [Testpattern: Dynamic PV (ntfs)][sig-windows] provisioning should allow concurrent writes on the same node" classname="Kubernetes e2e suite" time="0.001856257">
          <skipped></skipped>
      </testcase>
      <testcase name="[sig-storage] CSI Volumes [Driver: pd.csi.storage.gke.io][Feature: gcePD-external] [Testpattern: Dynamic PV (default fs)] provisioning should provision storage with mount options" classname="Kubernetes e2e suite" time="0">
          <skipped></skipped>
      </testcase>
      <testcase name="[sig-storage] In-tree Volumes [Driver: local][LocalVolumeType: block] [Testpattern: Dynamic PV (filesystem volmode)] volumeMode should create sc, pod, pv, and pvc, read/write to the pv, and delete all created resources" classname="Kubernetes e2e suite" time="0">
          <skipped></skipped>
      </testcase>
      <testcase name="[sig-auth] [Feature:DynamicAudit] should dynamically audit API calls" classname="Kubernetes e2e suite" time="0">
          <skipped></skipped>
      </testcase>
      <testcase name="[sig-storage] In-tree Volumes [Driver: gluster] [Testpattern: Inline-volume (default fs)] subPath should support restarting containers using file as subpath [Slow]" classname="Kubernetes e2e suite" time="0">
          <skipped></skipped>
      </testcase>
      <testcase name="[sig-autoscaling] [HPA] Horizontal pod autoscaling (scale resource: CPU) [sig-autoscaling] [Serial] [Slow] ReplicationController Should scale from 5 pods to 3 pods and from 3 to 1 and verify decision stability" classname="Kubernetes e2e suite" time="0">
          <skipped></skipped>
      </testcase>
      <testcase name="[sig-instrumentation] Stackdriver Monitoring should run Stackdriver Metadata Agent [Feature:StackdriverMetadataAgent]" classname="Kubernetes e2e suite" time="0">
          <skipped></skipped>
      </testcase>
      <testcase name="[sig-autoscaling] [HPA] Horizontal pod autoscaling (scale resource: Custom Metrics from Stackdriver) should scale down with External Metric with target average value from Stackdriver [Feature:CustomMetricsAutoscaling]" classname="Kubernetes e2e suite" time="0">
          <skipped></skipped>
      </testcase>
      <testcase name="[sig-storage] In-tree Volumes [Driver: local][LocalVolumeType: dir] [Testpattern: Dynamic PV (filesystem volmode)] volumeMode should create sc, pod, pv, and pvc, read/write to the pv, and delete all created resources" classname="Kubernetes e2e suite" time="0">
          <skipped></skipped>
      </testcase>
      <testcase name="[sig-storage] In-tree Volumes [Driver: azure] [Testpattern: Inline-volume (ext4)] volumes should allow exec of files on the volume" classname="Kubernetes e2e suite" time="0">
          <skipped></skipped>
      </testcase>
      <testcase name="[sig-storage] In-tree Volumes [Driver: hostPathSymlink] [Testpattern: Inline-volume (default fs)] volumes should be mountable" classname="Kubernetes e2e suite" time="0">
          <skipped></skipped>
      </testcase>
      <testcase name="[sig-storage] In-tree Volumes [Driver: cinder] [Testpattern: Dynamic PV (default fs)] subPath should unmount if pod is force deleted while kubelet is down [Disruptive][Slow]" classname="Kubernetes e2e suite" time="0">
          <skipped></skipped>
      </testcase>
      <testcase name="[sig-storage] CSI mock volume CSI Volume expansion [Feature:ExpandCSIVolumes] should not expand volume if resizingOnDriver=off, resizingOnSC=on" classname="Kubernetes e2e suite" time="0">
          <skipped></skipped>
      </testcase>
      <testcase name="[sig-storage] In-tree Volumes [Driver: azure] [Testpattern: Dynamic PV (default fs)] provisioning should provision storage with snapshot data source [Feature:VolumeSnapshotDataSource]" classname="Kubernetes e2e suite" time="0">
          <skipped></skipped>
      </testcase>
      <testcase name="[sig-storage] In-tree Volumes [Driver: cinder] [Testpattern: Dynamic PV (default fs)] subPath should support readOnly directory specified in the volumeMount" classname="Kubernetes e2e suite" time="0">
          <skipped></skipped>
      </testcase>
      <testcase name="[sig-windows] [Feature:Windows] Memory Limits [Serial] [Slow] attempt to deploy past allocatable memory limits should fail deployments of pods once there isn&#39;t enough memory" classname="Kubernetes e2e suite" time="0">
          <skipped></skipped>
      </testcase>
      <testcase name="[sig-storage] In-tree Volumes [Driver: aws] [Testpattern: Dynamic PV (block volmode)] volumeMode should create sc, pod, pv, and pvc, read/write to the pv, and delete all created resources" classname="Kubernetes e2e suite" time="0">
          <skipped></skipped>
      </testcase>
      <testcase name="[sig-storage] In-tree Volumes [Driver: local][LocalVolumeType: block] [Testpattern: Inline-volume (default fs)] subPath should support restarting containers using directory as subpath [Slow]" classname="Kubernetes e2e suite" time="0">
          <skipped></skipped>
      </testcase>
      <testcase name="[sig-storage] In-tree Volumes [Driver: gluster] [Testpattern: Inline-volume (default fs)] subPath should support restarting containers using directory as subpath [Slow]" classname="Kubernetes e2e suite" time="0">
          <skipped></skipped>
      </testcase>
      <testcase name="[sig-network] Services should prevent NodePort collisions" classname="Kubernetes e2e suite" time="0">
          <skipped></skipped>
      </testcase>
      <testcase name="[sig-storage] In-tree Volumes [Driver: local][LocalVolumeType: dir] [Testpattern: Dynamic PV (default fs)] subPath should support restarting containers using directory as subpath [Slow]" classname="Kubernetes e2e suite" time="0">
          <skipped></skipped>
      </testcase>
      <testcase name="[sig-storage] In-tree Volumes [Driver: gcepd] [Testpattern: Pre-provisioned PV (ext3)] volumes should allow exec of files on the volume" classname="Kubernetes e2e suite" time="0">
          <skipped></skipped>
      </testcase>
      <testcase name="[sig-storage] CSI Volumes [Driver: csi-hostpath-v0] [Testpattern: Pre-provisioned PV (default fs)] subPath should fail if subpath directory is outside the volume [Slow]" classname="Kubernetes e2e suite" time="0">
          <skipped></skipped>
      </testcase>
      <testcase name="[sig-storage] CSI Volumes [Driver: csi-hostpath] [Testpattern: Dynamic PV (ext4)] volumes should be mountable" classname="Kubernetes e2e suite" time="0">
          <skipped></skipped>
      </testcase>
      <testcase name="[sig-storage] CSI Volumes [Driver: csi-hostpath] [Testpattern: Dynamic PV (ext4)] volumes should allow exec of files on the volume" classname="Kubernetes e2e suite" time="0">
          <skipped></skipped>
      </testcase>
      <testcase name="[sig-storage] In-tree Volumes [Driver: gcepd] [Testpattern: Pre-provisioned PV (default fs)] subPath should support non-existent path" classname="Kubernetes e2e suite" time="0">
          <skipped></skipped>
      </testcase>
      <testcase name="[sig-storage] CSI Volumes [Driver: pd.csi.storage.gke.io][Serial] [Testpattern: Inline-volume (default fs)] subPath should support file as subpath" classname="Kubernetes e2e suite" time="0">
          <skipped></skipped>
      </testcase>
      <testcase name="[sig-cluster-lifecycle] Reboot [Disruptive] [Feature:Reboot] each node by ordering clean reboot and ensure they function upon restart" classname="Kubernetes e2e suite" time="0">
          <skipped></skipped>
      </testcase>
      <testcase name="[sig-storage] In-tree Volumes [Driver: nfs] [Testpattern: Pre-provisioned PV (default fs)] subPath should support restarting containers using directory as subpath [Slow]" classname="Kubernetes e2e suite" time="0">
          <skipped></skipped>
      </testcase>
      <testcase name="[sig-storage] In-tree Volumes [Driver: aws] [Testpattern: Dynamic PV (default fs)] subPath should be able to unmount after the subpath directory is deleted" classname="Kubernetes e2e suite" time="0">
          <skipped></skipped>
      </testcase>
      <testcase name="[sig-storage] In-tree Volumes [Driver: rbd][Feature:Volumes] [Testpattern: Dynamic PV (default fs)] subPath should support creating multiple subpath from same volumes [Slow]" classname="Kubernetes e2e suite" time="0">
          <skipped></skipped>
      </testcase>
      <testcase name="[sig-storage] CSI mock volume CSI online volume expansion [Feature:ExpandCSIVolumes][Feature:ExpandInUseVolumes] should expand volume without restarting pod if attach=on, nodeExpansion=on" classname="Kubernetes e2e suite" time="0">
          <skipped></skipped>
      </testcase>
      <testcase name="[sig-storage] In-tree Volumes [Driver: emptydir] [Testpattern: Dynamic PV (default fs)] subPath should unmount if pod is gracefully deleted while kubelet is down [Disruptive][Slow]" classname="Kubernetes e2e suite" time="0">
          <skipped></skipped>
      </testcase>
      <testcase name="[sig-storage] In-tree Volumes [Driver: local][LocalVolumeType: block] [Testpattern: Dynamic PV (ntfs)][sig-windows] volumes should be mountable" classname="Kubernetes e2e suite" time="0.001719244">
          <skipped></skipped>
      </testcase>
      <testcase name="[sig-api-machinery] Namespaces [Serial] should ensure that all services are removed when a namespace is deleted [Conformance]" classname="Kubernetes e2e suite" time="0">
          <skipped></skipped>
      </testcase>
      <testcase name="[sig-network] Networking Granular Checks: Pods should function for node-pod communication: http [LinuxOnly] [NodeConformance] [Conformance]" classname="Kubernetes e2e suite" time="0">
          <skipped></skipped>
      </testcase>
      <testcase name="[sig-api-machinery] Garbage collector should orphan pods created by rc if deleteOptions.OrphanDependents is nil" classname="Kubernetes e2e suite" time="0">
          <skipped></skipped>
      </testcase>
      <testcase name="[sig-storage] In-tree Volumes [Driver: emptydir] [Testpattern: Dynamic PV (default fs)] provisioning should provision storage with defaults" classname="Kubernetes e2e suite" time="0">
          <skipped></skipped>
      </testcase>
      <testcase name="[sig-storage] In-tree Volumes [Driver: hostPathSymlink] [Testpattern: Dynamic PV (default fs)] subPath should be able to unmount after the subpath directory is deleted" classname="Kubernetes e2e suite" time="0">
          <skipped></skipped>
      </testcase>
      <testcase name="[sig-storage] In-tree Volumes [Driver: local][LocalVolumeType: block] [Testpattern: Dynamic PV (block volmode)] volumeMode should create sc, pod, pv, and pvc, read/write to the pv, and delete all created resources" classname="Kubernetes e2e suite" time="0">
          <skipped></skipped>
      </testcase>
      <testcase name="[sig-storage] CSI Volumes [Driver: csi-hostpath] [Testpattern: Dynamic Snapshot] snapshottable should create snapshot with defaults [Feature:VolumeSnapshotDataSource]" classname="Kubernetes e2e suite" time="0">
          <skipped></skipped>
      </testcase>
      <testcase name="[sig-auth] Advanced Audit [DisabledForLargeClusters] should list pods as impersonated user." classname="Kubernetes e2e suite" time="0">
          <skipped></skipped>
      </testcase>
      <testcase name="[sig-network] Services should implement service.kubernetes.io/service-proxy-name" classname="Kubernetes e2e suite" time="0">
          <skipped></skipped>
      </testcase>
      <testcase name="[sig-storage] Storage Policy Based Volume Provisioning [Feature:vsphere] verify an if a SPBM policy and VSAN capabilities cannot be honored for dynamically provisioned pvc using storageclass" classname="Kubernetes e2e suite" time="0">
          <skipped></skipped>
      </testcase>
      <testcase name="[sig-storage] [Serial] Volume metrics PVController should create unbound pv count metrics for pvc controller after creating pv only" classname="Kubernetes e2e suite" time="0">
          <skipped></skipped>
      </testcase>
      <testcase name="[sig-storage] In-tree Volumes [Driver: aws] [Testpattern: Inline-volume (ntfs)][sig-windows] volumes should allow exec of files on the volume" classname="Kubernetes e2e suite" time="0.001786071">
          <skipped></skipped>
      </testcase>
      <testcase name="[sig-storage] In-tree Volumes [Driver: hostPath] [Testpattern: Dynamic PV (ntfs)][sig-windows] volumes should allow exec of files on the volume" classname="Kubernetes e2e suite" time="0.001786051">
          <skipped></skipped>
      </testcase>
      <testcase name="[sig-storage] Zone Support Verify dynamically created pv with multiple zones specified in the storage class, shows both the zones on its labels" classname="Kubernetes e2e suite" time="0">
          <skipped></skipped>
      </testcase>
      <testcase name="[sig-storage] In-tree Volumes [Driver: local][LocalVolumeType: dir-link-bindmounted] [Testpattern: Inline-volume (ext3)] volumes should allow exec of files on the volume" classname="Kubernetes e2e suite" time="0">
          <skipped></skipped>
      </testcase>
      <testcase name="[sig-storage] In-tree Volumes [Driver: iscsi][Feature:Volumes] [Testpattern: Pre-provisioned PV (default fs)] subPath should support existing single file" classname="Kubernetes e2e suite" time="0">
          <skipped></skipped>
      </testcase>
      <testcase name="[sig-storage] In-tree Volumes [Driver: azure] [Testpattern: Dynamic PV (ext4)] volumes should allow exec of files on the volume" classname="Kubernetes e2e suite" time="0">
          <skipped></skipped>
      </testcase>
      <testcase name="[sig-cluster-lifecycle] Downgrade [Feature:Downgrade] cluster downgrade should maintain a functioning cluster [Feature:ClusterDowngrade]" classname="Kubernetes e2e suite" time="0">
          <skipped></skipped>
      </testcase>
      <testcase name="[sig-storage] In-tree Volumes [Driver: nfs] [Testpattern: Pre-provisioned PV (default fs)] subPath should fail if non-existent subpath is outside the volume [Slow]" classname="Kubernetes e2e suite" time="0">
          <skipped></skipped>
      </testcase>
      <testcase name="[sig-storage] In-tree Volumes [Driver: local][LocalVolumeType: block] [Testpattern: Pre-provisioned PV (default fs)] subPath should support creating multiple subpath from same volumes [Slow]" classname="Kubernetes e2e suite" time="0">
          <skipped></skipped>
      </testcase>
      <testcase name="[sig-network] Networking Granular Checks: Services [Slow] should function for node-Service: http" classname="Kubernetes e2e suite" time="0">
          <skipped></skipped>
      </testcase>
      <testcase name="[sig-api-machinery] ResourceQuota [Feature:PodPriority] should verify ResourceQuota&#39;s priority class scope (quota set to pod count: 1) against a pod with different priority class (ScopeSelectorOpExists)." classname="Kubernetes e2e suite" time="0">
          <skipped></skipped>
      </testcase>
      <testcase name="[sig-storage] In-tree Volumes [Driver: emptydir] [Testpattern: Inline-volume (default fs)] subPath should fail if subpath with backstepping is outside the volume [Slow]" classname="Kubernetes e2e suite" time="0">
          <skipped></skipped>
      </testcase>
      <testcase name="[sig-storage] In-tree Volumes [Driver: local][LocalVolumeType: gce-localssd-scsi-fs] [Serial] [Testpattern: Inline-volume (ext4)] volumes should be mountable" classname="Kubernetes e2e suite" time="0">
          <skipped></skipped>
      </testcase>
      <testcase name="[sig-storage] In-tree Volumes [Driver: gcepd] [Testpattern: Inline-volume (default fs)] volumeIO should write files of various sizes, verify size, validate content [Slow]" classname="Kubernetes e2e suite" time="0">
          <skipped></skipped>
      </testcase>
      <testcase name="[sig-storage] CSI Volumes [Driver: pd.csi.storage.gke.io][Feature: gcePD-external] [Testpattern: Pre-provisioned PV (default fs)] subPath should support existing single file" classname="Kubernetes e2e suite" time="0">
          <skipped></skipped>
      </testcase>
      <testcase name="[sig-storage] In-tree Volumes [Driver: local][LocalVolumeType: gce-localssd-scsi-fs] [Serial] [Testpattern: Dynamic PV (default fs)] subPath should support file as subpath" classname="Kubernetes e2e suite" time="0">
          <skipped></skipped>
      </testcase>
      <testcase name="[sig-storage] In-tree Volumes [Driver: vSphere] [Testpattern: Pre-provisioned PV (default fs)] subPath should unmount if pod is force deleted while kubelet is down [Disruptive][Slow]" classname="Kubernetes e2e suite" time="0">
          <skipped></skipped>
      </testcase>
      <testcase name="[sig-storage] In-tree Volumes [Driver: azure] [Testpattern: Pre-provisioned PV (default fs)] subPath should unmount if pod is force deleted while kubelet is down [Disruptive][Slow]" classname="Kubernetes e2e suite" time="0">
          <skipped></skipped>
      </testcase>
      <testcase name="[sig-storage] In-tree Volumes [Driver: hostPath] [Testpattern: Pre-provisioned PV (default fs)] volumes should be mountable" classname="Kubernetes e2e suite" time="0">
          <skipped></skipped>
      </testcase>
      <testcase name="[sig-cluster-lifecycle] [Disruptive]NodeLease NodeLease deletion node lease should be deleted when corresponding node is deleted" classname="Kubernetes e2e suite" time="0">
          <skipped></skipped>
      </testcase>
      <testcase name="[sig-storage] In-tree Volumes [Driver: rbd][Feature:Volumes] [Testpattern: Inline-volume (xfs)] volumes should allow exec of files on the volume" classname="Kubernetes e2e suite" time="0">
          <skipped></skipped>
      </testcase>
      <testcase name="[sig-storage] In-tree Volumes [Driver: iscsi][Feature:Volumes] [Testpattern: Inline-volume (default fs)] subPath should support readOnly file specified in the volumeMount" classname="Kubernetes e2e suite" time="0">
          <skipped></skipped>
      </testcase>
      <testcase name="[sig-storage] In-tree Volumes [Driver: aws] [Testpattern: Pre-provisioned PV (default fs)] subPath should fail if subpath with backstepping is outside the volume [Slow]" classname="Kubernetes e2e suite" time="0">
          <skipped></skipped>
      </testcase>
      <testcase name="[sig-storage] In-tree Volumes [Driver: local][LocalVolumeType: dir-bindmounted] [Testpattern: Dynamic PV (xfs)] volumes should be mountable" classname="Kubernetes e2e suite" time="0">
          <skipped></skipped>
      </testcase>
      <testcase name="[sig-storage] In-tree Volumes [Driver: iscsi][Feature:Volumes] [Testpattern: Dynamic PV (default fs)] subPath should fail if subpath directory is outside the volume [Slow]" classname="Kubernetes e2e suite" time="0">
          <skipped></skipped>
      </testcase>
      <testcase name="[sig-storage] In-tree Volumes [Driver: hostPathSymlink] [Testpattern: Inline-volume (default fs)] subPath should support readOnly file specified in the volumeMount" classname="Kubernetes e2e suite" time="0">
          <skipped></skipped>
      </testcase>
      <testcase name="[sig-storage] In-tree Volumes [Driver: rbd][Feature:Volumes] [Testpattern: Pre-provisioned PV (default fs)] subPath should support readOnly file specified in the volumeMount" classname="Kubernetes e2e suite" time="0">
          <skipped></skipped>
      </testcase>
      <testcase name="[sig-storage] In-tree Volumes [Driver: cinder] [Testpattern: Pre-provisioned PV (filesystem volmode)] volumeMode should create sc, pod, pv, and pvc, read/write to the pv, and delete all created resources" classname="Kubernetes e2e suite" time="0">
          <skipped></skipped>
      </testcase>
      <testcase name="[sig-storage] In-tree Volumes [Driver: emptydir] [Testpattern: Dynamic PV (xfs)] volumes should allow exec of files on the volume" classname="Kubernetes e2e suite" time="0">
          <skipped></skipped>
      </testcase>
      <testcase name="[sig-network] Services should be able to change the type from NodePort to ExternalName" classname="Kubernetes e2e suite" time="0">
          <skipped></skipped>
      </testcase>
      <testcase name="[sig-storage] In-tree Volumes [Driver: gluster] [Testpattern: Pre-provisioned PV (default fs)] subPath should support non-existent path" classname="Kubernetes e2e suite" time="0">
          <skipped></skipped>
      </testcase>
      <testcase name="[sig-storage] In-tree Volumes [Driver: gcepd] [Testpattern: Inline-volume (ext3)] volumes should allow exec of files on the volume" classname="Kubernetes e2e suite" time="0">
          <skipped></skipped>
      </testcase>
      <testcase name="[sig-storage] PersistentVolumes-local  [Volume type: tmpfs] Two pods mounting a local volume one after the other should be able to write from pod1 and read from pod2" classname="Kubernetes e2e suite" time="0">
          <skipped></skipped>
      </testcase>
      <testcase name="[sig-storage] CSI Volumes [Driver: csi-hostpath-v0] [Testpattern: Dynamic PV (ntfs)][sig-windows] volumes should allow exec of files on the volume" classname="Kubernetes e2e suite" time="0.001156372">
          <skipped></skipped>
      </testcase>
      <testcase name="[sig-storage] In-tree Volumes [Driver: vSphere] [Testpattern: Pre-provisioned PV (xfs)] volumes should be mountable" classname="Kubernetes e2e suite" time="0">
          <skipped></skipped>
      </testcase>
      <testcase name="[sig-storage] In-tree Volumes [Driver: gluster] [Testpattern: Inline-volume (default fs)] subPath should support readOnly file specified in the volumeMount" classname="Kubernetes e2e suite" time="0">
          <skipped></skipped>
      </testcase>
      <testcase name="[sig-storage] In-tree Volumes [Driver: local][LocalVolumeType: block] [Testpattern: Dynamic PV (default fs)] provisioning should provision storage with mount options" classname="Kubernetes e2e suite" time="0">
          <skipped></skipped>
      </testcase>
      <testcase name="[sig-storage] CSI Volumes [Driver: pd.csi.storage.gke.io][Serial] [Testpattern: Dynamic PV (default fs)] provisioning should create and delete block persistent volumes" classname="Kubernetes e2e suite" time="0">
          <skipped></skipped>
      </testcase>
      <testcase name="[sig-storage] In-tree Volumes [Driver: aws] [Testpattern: Pre-provisioned PV (default fs)] subPath should support restarting containers using file as subpath [Slow]" classname="Kubernetes e2e suite" time="0">
          <skipped></skipped>
      </testcase>
      <testcase name="[sig-storage] In-tree Volumes [Driver: iscsi][Feature:Volumes] [Testpattern: Dynamic PV (default fs)] subPath should unmount if pod is force deleted while kubelet is down [Disruptive][Slow]" classname="Kubernetes e2e suite" time="0">
          <skipped></skipped>
      </testcase>
      <testcase name="[sig-storage] CSI Volumes [Driver: csi-hostpath] [Testpattern: Inline-volume (default fs)] volumeIO should write files of various sizes, verify size, validate content [Slow]" classname="Kubernetes e2e suite" time="0">
          <skipped></skipped>
      </testcase>
      <testcase name="[sig-storage] PersistentVolumes-local  Pod with node different from PV&#39;s NodeAffinity should fail scheduling due to different NodeSelector" classname="Kubernetes e2e suite" time="0">
          <skipped></skipped>
      </testcase>
      <testcase name="[sig-storage] CSI Volumes [Driver: pd.csi.storage.gke.io][Serial] [Testpattern: Dynamic PV (default fs)] subPath should fail if non-existent subpath is outside the volume [Slow]" classname="Kubernetes e2e suite" time="0">
          <skipped></skipped>
      </testcase>
      <testcase name="[sig-storage] In-tree Volumes [Driver: vSphere] [Testpattern: Pre-provisioned PV (default fs)] subPath should support existing directories when readOnly specified in the volumeSource" classname="Kubernetes e2e suite" time="0">
          <skipped></skipped>
      </testcase>
      <testcase name="[sig-storage] In-tree Volumes [Driver: local][LocalVolumeType: blockfs] [Testpattern: Inline-volume (default fs)] subPath should support restarting containers using directory as subpath [Slow]" classname="Kubernetes e2e suite" time="0">
          <skipped></skipped>
      </testcase>
      <testcase name="[sig-storage] In-tree Volumes [Driver: rbd][Feature:Volumes] [Testpattern: Pre-provisioned PV (default fs)] subPath should support restarting containers using file as subpath [Slow]" classname="Kubernetes e2e suite" time="0">
          <skipped></skipped>
      </testcase>
      <testcase name="[sig-storage] CSI Volumes [Driver: pd.csi.storage.gke.io][Serial] [Testpattern: Dynamic PV (default fs)] volumeIO should write files of various sizes, verify size, validate content [Slow]" classname="Kubernetes e2e suite" time="0">
          <skipped></skipped>
      </testcase>
      <testcase name="[sig-storage] CSI Volumes [Driver: pd.csi.storage.gke.io][Feature: gcePD-external] [Testpattern: Dynamic PV (default fs)] subPath should support file as subpath" classname="Kubernetes e2e suite" time="0">
          <skipped></skipped>
      </testcase>
      <testcase name="[sig-storage] ConfigMap should be consumable from pods in volume as non-root with defaultMode and fsGroup set [NodeFeature:FSGroup]" classname="Kubernetes e2e suite" time="0">
          <skipped></skipped>
      </testcase>
      <testcase name="[sig-storage] CSI Volumes [Driver: csi-hostpath] [Testpattern: Inline-volume (default fs)] subPath should support non-existent path" classname="Kubernetes e2e suite" time="0">
          <skipped></skipped>
      </testcase>
      <testcase name="[sig-storage] In-tree Volumes [Driver: local][LocalVolumeType: dir-link-bindmounted] [Testpattern: Inline-volume (default fs)] volumes should allow exec of files on the volume" classname="Kubernetes e2e suite" time="0">
          <skipped></skipped>
      </testcase>
      <testcase name="[sig-storage] CSI Volumes [Driver: pd.csi.storage.gke.io][Feature: gcePD-external] [Testpattern: Pre-provisioned PV (default fs)] subPath should fail if subpath with backstepping is outside the volume [Slow]" classname="Kubernetes e2e suite" time="0">
          <skipped></skipped>
      </testcase>
      <testcase name="[sig-storage] In-tree Volumes [Driver: local][LocalVolumeType: dir] [Testpattern: Dynamic PV (default fs)] subPath should support restarting containers using file as subpath [Slow]" classname="Kubernetes e2e suite" time="0">
          <skipped></skipped>
      </testcase>
      <testcase name="[sig-network] Services should be able to up and down services" classname="Kubernetes e2e suite" time="0">
          <skipped></skipped>
      </testcase>
      <testcase name="[sig-api-machinery] ResourceQuota should create a ResourceQuota and capture the life of a configMap." classname="Kubernetes e2e suite" time="0">
          <skipped></skipped>
      </testcase>
      <testcase name="[sig-storage] In-tree Volumes [Driver: local][LocalVolumeType: dir-link] [Testpattern: Pre-provisioned PV (default fs)] subPath should support existing directory" classname="Kubernetes e2e suite" time="0">
          <skipped></skipped>
      </testcase>
      <testcase name="[sig-storage] In-tree Volumes [Driver: emptydir] [Testpattern: Pre-provisioned PV (default fs)] subPath should support file as subpath" classname="Kubernetes e2e suite" time="0">
          <skipped></skipped>
      </testcase>
      <testcase name="[sig-storage] In-tree Volumes [Driver: hostPathSymlink] [Testpattern: Dynamic PV (default fs)] subPath should support file as subpath" classname="Kubernetes e2e suite" time="0">
          <skipped></skipped>
      </testcase>
      <testcase name="[sig-storage] In-tree Volumes [Driver: aws] [Testpattern: Pre-provisioned PV (block volmode)] volumeMode should create sc, pod, pv, and pvc, read/write to the pv, and delete all created resources" classname="Kubernetes e2e suite" time="0">
          <skipped></skipped>
      </testcase>
      <testcase name="[sig-storage] In-tree Volumes [Driver: vSphere] [Testpattern: Dynamic PV (default fs)] volumeIO should write files of various sizes, verify size, validate content [Slow]" classname="Kubernetes e2e suite" time="0">
          <skipped></skipped>
      </testcase>
      <testcase name="[sig-storage] In-tree Volumes [Driver: gcepd] [Testpattern: Dynamic PV (ntfs)][sig-windows] volumes should be mountable" classname="Kubernetes e2e suite" time="95.715615673"></testcase>
      <testcase name="[sig-storage] In-tree Volumes [Driver: local][LocalVolumeType: blockfs] [Testpattern: Pre-provisioned PV (ntfs)][sig-windows] volumes should be mountable" classname="Kubernetes e2e suite" time="0.001911678">
          <skipped></skipped>
      </testcase>
      <testcase name="[sig-storage] In-tree Volumes [Driver: local][LocalVolumeType: gce-localssd-scsi-fs] [Serial] [Testpattern: Dynamic PV (ext3)] volumes should be mountable" classname="Kubernetes e2e suite" time="0">
          <skipped></skipped>
      </testcase>
      <testcase name="[sig-storage] EmptyDir volumes should support (root,0777,default) [LinuxOnly] [NodeConformance] [Conformance]" classname="Kubernetes e2e suite" time="0">
          <skipped></skipped>
      </testcase>
      <testcase name="[sig-storage] In-tree Volumes [Driver: local][LocalVolumeType: dir-bindmounted] [Testpattern: Pre-provisioned PV (default fs)] subPath should fail if non-existent subpath is outside the volume [Slow]" classname="Kubernetes e2e suite" time="0">
          <skipped></skipped>
      </testcase>
      <testcase name="[sig-storage] CSI mock volume CSI workload information using mock driver should not be passed when CSIDriver does not exist" classname="Kubernetes e2e suite" time="0">
          <skipped></skipped>
      </testcase>
      <testcase name="[sig-network] Networking should check kube-proxy urls" classname="Kubernetes e2e suite" time="0">
          <skipped></skipped>
      </testcase>
      <testcase name="[sig-storage] In-tree Volumes [Driver: local][LocalVolumeType: gce-localssd-scsi-fs] [Serial] [Testpattern: Pre-provisioned PV (ext3)] volumes should allow exec of files on the volume" classname="Kubernetes e2e suite" time="0">
          <skipped></skipped>
      </testcase>
      <testcase name="[sig-storage] In-tree Volumes [Driver: local][LocalVolumeType: dir-link-bindmounted] [Testpattern: Pre-provisioned PV (default fs)] subPath should support restarting containers using file as subpath [Slow]" classname="Kubernetes e2e suite" time="0">
          <skipped></skipped>
      </testcase>
      <testcase name="[sig-storage] In-tree Volumes [Driver: vSphere] [Testpattern: Inline-volume (ext3)] volumes should allow exec of files on the volume" classname="Kubernetes e2e suite" time="0">
          <skipped></skipped>
      </testcase>
      <testcase name="[sig-storage] In-tree Volumes [Driver: iscsi][Feature:Volumes] [Testpattern: Inline-volume (ext4)] volumes should allow exec of files on the volume" classname="Kubernetes e2e suite" time="0">
          <skipped></skipped>
      </testcase>
      <testcase name="[sig-autoscaling] Cluster size autoscaling [Slow] should correctly scale down after a node is not needed [Feature:ClusterSizeAutoscalingScaleDown]" classname="Kubernetes e2e suite" time="0">
          <skipped></skipped>
      </testcase>
      <testcase name="[sig-storage] In-tree Volumes [Driver: local][LocalVolumeType: dir-bindmounted] [Testpattern: Inline-volume (ext4)] volumes should allow exec of files on the volume" classname="Kubernetes e2e suite" time="0">
          <skipped></skipped>
      </testcase>
      <testcase name="[sig-api-machinery] Garbage collector should keep the rc around until all its pods are deleted if the deleteOptions says so [Conformance]" classname="Kubernetes e2e suite" time="14.356072437"></testcase>
      <testcase name="[sig-network] DNS should support configurable pod resolv.conf" classname="Kubernetes e2e suite" time="0">
          <skipped></skipped>
      </testcase>
      <testcase name="[sig-storage] ConfigMap should be consumable from pods in volume with mappings as non-root [LinuxOnly] [NodeConformance] [Conformance]" classname="Kubernetes e2e suite" time="0">
          <skipped></skipped>
      </testcase>
      <testcase name="[sig-storage] In-tree Volumes [Driver: iscsi][Feature:Volumes] [Testpattern: Dynamic PV (xfs)] volumes should be mountable" classname="Kubernetes e2e suite" time="0">
          <skipped></skipped>
      </testcase>
      <testcase name="[sig-cli] Kubectl Port forwarding [k8s.io] With a server listening on localhost [k8s.io] that expects a client request should support a client that connects, sends DATA, and disconnects" classname="Kubernetes e2e suite" time="0">
          <skipped></skipped>
      </testcase>
      <testcase name="[sig-storage] In-tree Volumes [Driver: local][LocalVolumeType: dir] [Testpattern: Dynamic PV (default fs)] subPath should support non-existent path" classname="Kubernetes e2e suite" time="0">
          <skipped></skipped>
      </testcase>
      <testcase name="[sig-storage] In-tree Volumes [Driver: local][LocalVolumeType: dir-bindmounted] [Testpattern: Inline-volume (default fs)] volumeIO should write files of various sizes, verify size, validate content [Slow]" classname="Kubernetes e2e suite" time="0">
          <skipped></skipped>
      </testcase>
      <testcase name="[sig-auth] ServiceAccounts should ensure a single API token exists" classname="Kubernetes e2e suite" time="0">
          <skipped></skipped>
      </testcase>
      <testcase name="[sig-storage] In-tree Volumes [Driver: local][LocalVolumeType: dir-bindmounted] [Testpattern: Dynamic PV (default fs)] volumes should allow exec of files on the volume" classname="Kubernetes e2e suite" time="0">
          <skipped></skipped>
      </testcase>
      <testcase name="[sig-storage] In-tree Volumes [Driver: aws] [Testpattern: Pre-provisioned PV (default fs)] subPath should support existing directory" classname="Kubernetes e2e suite" time="0">
          <skipped></skipped>
      </testcase>
      <testcase name="[sig-storage] In-tree Volumes [Driver: local][LocalVolumeType: block] [Testpattern: Dynamic PV (ntfs)][sig-windows] provisioning should provision storage with snapshot data source [Feature:VolumeSnapshotDataSource]" classname="Kubernetes e2e suite" time="0">
          <skipped></skipped>
      </testcase>
      <testcase name="[sig-storage] In-tree Volumes [Driver: cinder] [Testpattern: Dynamic PV (default fs)] volumes should allow exec of files on the volume" classname="Kubernetes e2e suite" time="0">
          <skipped></skipped>
      </testcase>
      <testcase name="[sig-api-machinery] AdmissionWebhook Should mutate custom resource" classname="Kubernetes e2e suite" time="0">
          <skipped></skipped>
      </testcase>
      <testcase name="[sig-storage] In-tree Volumes [Driver: nfs] [Testpattern: Inline-volume (default fs)] subPath should support existing single file" classname="Kubernetes e2e suite" time="0">
          <skipped></skipped>
      </testcase>
      <testcase name="[sig-storage] In-tree Volumes [Driver: cinder] [Testpattern: Dynamic PV (xfs)] volumes should be mountable" classname="Kubernetes e2e suite" time="0">
          <skipped></skipped>
      </testcase>
      <testcase name="[sig-storage] CSI Volumes [Driver: pd.csi.storage.gke.io][Feature: gcePD-external] [Testpattern: Inline-volume (default fs)] subPath should support file as subpath" classname="Kubernetes e2e suite" time="0">
          <skipped></skipped>
      </testcase>
      <testcase name="[sig-storage] In-tree Volumes [Driver: cinder] [Testpattern: Pre-provisioned PV (default fs)] subPath should fail if subpath directory is outside the volume [Slow]" classname="Kubernetes e2e suite" time="0">
          <skipped></skipped>
      </testcase>
      <testcase name="[sig-storage] In-tree Volumes [Driver: hostPath] [Testpattern: Pre-provisioned PV (ext4)] volumes should be mountable" classname="Kubernetes e2e suite" time="0">
          <skipped></skipped>
      </testcase>
      <testcase name="[sig-storage] In-tree Volumes [Driver: local][LocalVolumeType: tmpfs] [Testpattern: Pre-provisioned PV (default fs)] subPath should fail if non-existent subpath is outside the volume [Slow]" classname="Kubernetes e2e suite" time="0">
          <skipped></skipped>
      </testcase>
      <testcase name="[sig-storage] In-tree Volumes [Driver: emptydir] [Testpattern: Pre-provisioned PV (ntfs)][sig-windows] volumes should be mountable" classname="Kubernetes e2e suite" time="0.001831547">
          <skipped></skipped>
      </testcase>
      <testcase name="[sig-network] Networking Granular Checks: Services [Slow] should update endpoints: http" classname="Kubernetes e2e suite" time="0">
          <skipped></skipped>
      </testcase>
      <testcase name="[sig-cluster-lifecycle] Ports Security Check [Feature:KubeletSecurity] should not be able to proxy to cadvisor port 4194 using proxy subresource" classname="Kubernetes e2e suite" time="0">
          <skipped></skipped>
      </testcase>
      <testcase name="[sig-storage] In-tree Volumes [Driver: azure] [Testpattern: Inline-volume (default fs)] subPath should be able to unmount after the subpath directory is deleted" classname="Kubernetes e2e suite" time="0">
          <skipped></skipped>
      </testcase>
      <testcase name="[sig-auth] [Feature:NodeAuthenticator] The kubelet&#39;s main port 10250 should reject requests with no credentials" classname="Kubernetes e2e suite" time="0">
          <skipped></skipped>
      </testcase>
      <testcase name="[sig-storage] In-tree Volumes [Driver: iscsi][Feature:Volumes] [Testpattern: Inline-volume (default fs)] subPath should support non-existent path" classname="Kubernetes e2e suite" time="0">
          <skipped></skipped>
      </testcase>
      <testcase name="[sig-storage] In-tree Volumes [Driver: hostPathSymlink] [Testpattern: Pre-provisioned PV (default fs)] subPath should support existing single file" classname="Kubernetes e2e suite" time="0">
          <skipped></skipped>
      </testcase>
      <testcase name="[sig-instrumentation] Cluster level logging implemented by Stackdriver should ingest system logs from all nodes [Feature:StackdriverLogging]" classname="Kubernetes e2e suite" time="0">
          <skipped></skipped>
      </testcase>
      <testcase name="[sig-storage] In-tree Volumes [Driver: azure] [Testpattern: Dynamic PV (filesystem volmode)] volumeMode should create sc, pod, pv, and pvc, read/write to the pv, and delete all created resources" classname="Kubernetes e2e suite" time="0">
          <skipped></skipped>
      </testcase>
      <testcase name="[sig-storage] Volume Provisioning On Clustered Datastore [Feature:vsphere] verify static provisioning on clustered datastore" classname="Kubernetes e2e suite" time="0">
          <skipped></skipped>
      </testcase>
      <testcase name="[sig-storage] In-tree Volumes [Driver: nfs] [Testpattern: Inline-volume (default fs)] subPath should support creating multiple subpath from same volumes [Slow]" classname="Kubernetes e2e suite" time="0">
          <skipped></skipped>
      </testcase>
      <testcase name="[sig-storage] In-tree Volumes [Driver: cinder] [Testpattern: Pre-provisioned PV (default fs)] subPath should support readOnly file specified in the volumeMount" classname="Kubernetes e2e suite" time="0">
          <skipped></skipped>
      </testcase>
      <testcase name="[sig-storage] In-tree Volumes [Driver: local][LocalVolumeType: dir-link-bindmounted] [Testpattern: Dynamic PV (default fs)] subPath should support non-existent path" classname="Kubernetes e2e suite" time="0">
          <skipped></skipped>
      </testcase>
      <testcase name="[sig-storage] In-tree Volumes [Driver: cinder] [Testpattern: Dynamic PV (ntfs)][sig-windows] provisioning should provision storage with defaults" classname="Kubernetes e2e suite" time="0.001636101">
          <skipped></skipped>
      </testcase>
      <testcase name="[k8s.io] Pods should cap back-off at MaxContainerBackOff [Slow][NodeConformance]" classname="Kubernetes e2e suite" time="1702.300278408"></testcase>
      <testcase name="[sig-storage] In-tree Volumes [Driver: local][LocalVolumeType: block] [Testpattern: Inline-volume (default fs)] subPath should fail if subpath file is outside the volume [Slow]" classname="Kubernetes e2e suite" time="0">
          <skipped></skipped>
      </testcase>
      <testcase name="[sig-network] Loadbalancing: L7 GCE [Slow] [Feature:NEG] should sync endpoints to NEG" classname="Kubernetes e2e suite" time="0">
          <skipped></skipped>
      </testcase>
      <testcase name="[sig-storage] In-tree Volumes [Driver: local][LocalVolumeType: dir-link-bindmounted] [Testpattern: Dynamic PV (default fs)] provisioning should access volume from different nodes" classname="Kubernetes e2e suite" time="0">
          <skipped></skipped>
      </testcase>
      <testcase name="[k8s.io] [sig-node] PreStop graceful pod terminated should wait until preStop hook completes the process" classname="Kubernetes e2e suite" time="0">
          <skipped></skipped>
      </testcase>
      <testcase name="[sig-network] Services should have session affinity work for LoadBalancer service with ESIPP off [Slow] [DisabledForLargeClusters]" classname="Kubernetes e2e suite" time="0">
          <skipped></skipped>
      </testcase>
      <testcase name="[sig-storage] CSI Volumes [Driver: csi-hostpath] [Testpattern: Inline-volume (default fs)] subPath should support existing single file" classname="Kubernetes e2e suite" time="0">
          <skipped></skipped>
      </testcase>
      <testcase name="[sig-api-machinery] CustomResourcePublishOpenAPI [Feature:CustomResourcePublishOpenAPI] works for CRD with validation schema" classname="Kubernetes e2e suite" time="0">
          <skipped></skipped>
      </testcase>
      <testcase name="[sig-apps] Daemon set [Serial] should retry creating failed daemon pods [Conformance]" classname="Kubernetes e2e suite" time="0">
          <skipped></skipped>
      </testcase>
      <testcase name="[sig-storage] In-tree Volumes [Driver: local][LocalVolumeType: block] [Testpattern: Dynamic PV (default fs)] provisioning should access volume from different nodes" classname="Kubernetes e2e suite" time="0">
          <skipped></skipped>
      </testcase>
      <testcase name="[sig-storage] In-tree Volumes [Driver: local][LocalVolumeType: dir-link-bindmounted] [Testpattern: Dynamic PV (ntfs)][sig-windows] volumes should be mountable" classname="Kubernetes e2e suite" time="0.00209125">
          <skipped></skipped>
      </testcase>
      <testcase name="[sig-scheduling] Multi-AZ Cluster Volumes [sig-storage] should only be allowed to provision PDs in zones where nodes exist" classname="Kubernetes e2e suite" time="0">
          <skipped></skipped>
      </testcase>
      <testcase name="[sig-api-machinery] AdmissionWebhook Should mutate pod and apply defaults after mutation" classname="Kubernetes e2e suite" time="0">
          <skipped></skipped>
      </testcase>
      <testcase name="[sig-storage] In-tree Volumes [Driver: hostPath] [Testpattern: Pre-provisioned PV (default fs)] subPath should support existing single file" classname="Kubernetes e2e suite" time="0">
          <skipped></skipped>
      </testcase>
      <testcase name="[sig-storage] In-tree Volumes [Driver: local][LocalVolumeType: blockfs] [Testpattern: Inline-volume (default fs)] subPath should unmount if pod is gracefully deleted while kubelet is down [Disruptive][Slow]" classname="Kubernetes e2e suite" time="0">
          <skipped></skipped>
      </testcase>
      <testcase name="[sig-storage] In-tree Volumes [Driver: ceph][Feature:Volumes] [Testpattern: Pre-provisioned PV (default fs)] subPath should support restarting containers using file as subpath [Slow]" classname="Kubernetes e2e suite" time="0">
          <skipped></skipped>
      </testcase>
      <testcase name="[sig-storage] CSI Volumes [Driver: pd.csi.storage.gke.io][Serial] [Testpattern: Pre-provisioned PV (ext4)] volumes should be mountable" classname="Kubernetes e2e suite" time="0">
          <skipped></skipped>
      </testcase>
      <testcase name="[sig-storage] In-tree Volumes [Driver: local][LocalVolumeType: blockfs] [Testpattern: Pre-provisioned PV (xfs)] volumes should be mountable" classname="Kubernetes e2e suite" time="0">
          <skipped></skipped>
      </testcase>
      <testcase name="[sig-storage] In-tree Volumes [Driver: vSphere] [Testpattern: Dynamic PV (default fs)] subPath should support existing single file" classname="Kubernetes e2e suite" time="0">
          <skipped></skipped>
      </testcase>
      <testcase name="[sig-storage] In-tree Volumes [Driver: local][LocalVolumeType: block] [Testpattern: Inline-volume (default fs)] subPath should unmount if pod is force deleted while kubelet is down [Disruptive][Slow]" classname="Kubernetes e2e suite" time="0">
          <skipped></skipped>
      </testcase>
      <testcase name="[sig-storage] In-tree Volumes [Driver: local][LocalVolumeType: block] [Testpattern: Dynamic PV (ext4)] volumes should be mountable" classname="Kubernetes e2e suite" time="0">
          <skipped></skipped>
      </testcase>
      <testcase name="[sig-storage] CSI Volumes [Driver: csi-hostpath] [Testpattern: Pre-provisioned PV (default fs)] subPath should support restarting containers using directory as subpath [Slow]" classname="Kubernetes e2e suite" time="0">
          <skipped></skipped>
      </testcase>
      <testcase name="[sig-storage] In-tree Volumes [Driver: iscsi][Feature:Volumes] [Testpattern: Dynamic PV (ntfs)][sig-windows] volumes should be mountable" classname="Kubernetes e2e suite" time="0">
          <skipped></skipped>
      </testcase>
      <testcase name="[sig-storage] CSI Volumes [Driver: pd.csi.storage.gke.io][Feature: gcePD-external] [Testpattern: Dynamic PV (default fs)] provisioning should create and delete block persistent volumes" classname="Kubernetes e2e suite" time="0">
          <skipped></skipped>
      </testcase>
      <testcase name="[sig-storage] In-tree Volumes [Driver: local][LocalVolumeType: dir] [Testpattern: Dynamic PV (default fs)] subPath should support existing directory" classname="Kubernetes e2e suite" time="0">
          <skipped></skipped>
      </testcase>
      <testcase name="[sig-storage] In-tree Volumes [Driver: ceph][Feature:Volumes] [Testpattern: Pre-provisioned PV (default fs)] subPath should support existing directory" classname="Kubernetes e2e suite" time="0">
          <skipped></skipped>
      </testcase>
      <testcase name="[sig-storage] CSI Volumes [Driver: pd.csi.storage.gke.io][Serial] [Testpattern: Inline-volume (default fs)] subPath should support readOnly file specified in the volumeMount" classname="Kubernetes e2e suite" time="0">
          <skipped></skipped>
      </testcase>
      <testcase name="[sig-storage] In-tree Volumes [Driver: local][LocalVolumeType: blockfs] [Testpattern: Inline-volume (ntfs)][sig-windows] volumes should be mountable" classname="Kubernetes e2e suite" time="0.001867885">
          <skipped></skipped>
      </testcase>
      <testcase name="[sig-autoscaling] Cluster size autoscaling [Slow] Should be able to scale a node group up from 0[Feature:ClusterSizeAutoscalingScaleUp]" classname="Kubernetes e2e suite" time="0">
          <skipped></skipped>
      </testcase>
      <testcase name="[sig-storage] In-tree Volumes [Driver: azure] [Testpattern: Pre-provisioned PV (default fs)] subPath should support readOnly directory specified in the volumeMount" classname="Kubernetes e2e suite" time="0">
          <skipped></skipped>
      </testcase>
      <testcase name="[sig-storage] In-tree Volumes [Driver: local][LocalVolumeType: gce-localssd-scsi-fs] [Serial] [Testpattern: Inline-volume (default fs)] subPath should support file as subpath" classname="Kubernetes e2e suite" time="0">
          <skipped></skipped>
      </testcase>
      <testcase name="[sig-storage] In-tree Volumes [Driver: local][LocalVolumeType: block] [Testpattern: Dynamic PV (default fs)] subPath should fail if non-existent subpath is outside the volume [Slow]" classname="Kubernetes e2e suite" time="0">
          <skipped></skipped>
      </testcase>
      <testcase name="[sig-storage] In-tree Volumes [Driver: gluster] [Testpattern: Dynamic PV (default fs)] provisioning should provision storage with defaults" classname="Kubernetes e2e suite" time="0">
          <skipped></skipped>
      </testcase>
      <testcase name="[sig-storage] In-tree Volumes [Driver: emptydir] [Testpattern: Dynamic PV (default fs)] subPath should support creating multiple subpath from same volumes [Slow]" classname="Kubernetes e2e suite" time="0">
          <skipped></skipped>
      </testcase>
      <testcase name="[sig-storage] In-tree Volumes [Driver: vSphere] [Testpattern: Pre-provisioned PV (default fs)] subPath should support creating multiple subpath from same volumes [Slow]" classname="Kubernetes e2e suite" time="0">
          <skipped></skipped>
      </testcase>
      <testcase name="[k8s.io] [sig-node] Security Context should support seccomp alpha runtime/default annotation [Feature:Seccomp] [LinuxOnly]" classname="Kubernetes e2e suite" time="0">
          <skipped></skipped>
      </testcase>
      <testcase name="[sig-storage] In-tree Volumes [Driver: gluster] [Testpattern: Inline-volume (default fs)] subPath should support creating multiple subpath from same volumes [Slow]" classname="Kubernetes e2e suite" time="0">
          <skipped></skipped>
      </testcase>
      <testcase name="[sig-storage] In-tree Volumes [Driver: azure] [Testpattern: Dynamic PV (ntfs)][sig-windows] provisioning should create and delete block persistent volumes" classname="Kubernetes e2e suite" time="0.001474661">
          <skipped></skipped>
      </testcase>
      <testcase name="[sig-storage] CSI Volumes [Driver: csi-hostpath-v0] [Testpattern: Pre-provisioned PV (default fs)] volumeIO should write files of various sizes, verify size, validate content [Slow]" classname="Kubernetes e2e suite" time="0">
          <skipped></skipped>
      </testcase>
      <testcase name="[sig-storage] In-tree Volumes [Driver: nfs] [Testpattern: Dynamic PV (default fs)] volumeIO should write files of various sizes, verify size, validate content [Slow]" classname="Kubernetes e2e suite" time="0">
          <skipped></skipped>
      </testcase>
      <testcase name="[sig-storage] PersistentVolumes-local  [Volume type: dir-link-bindmounted] Two pods mounting a local volume at the same time should be able to write from pod1 and read from pod2" classname="Kubernetes e2e suite" time="0">
          <skipped></skipped>
      </testcase>
      <testcase name="[sig-storage] CSI Volumes [Driver: pd.csi.storage.gke.io][Serial] [Testpattern: Dynamic PV (default fs)] provisioning should provision storage with snapshot data source [Feature:VolumeSnapshotDataSource]" classname="Kubernetes e2e suite" time="0">
          <skipped></skipped>
      </testcase>
      <testcase name="[sig-storage] In-tree Volumes [Driver: local][LocalVolumeType: dir-link] [Testpattern: Dynamic PV (ntfs)][sig-windows] provisioning should provision storage with defaults" classname="Kubernetes e2e suite" time="0.001520529">
          <skipped></skipped>
      </testcase>
      <testcase name="[sig-windows] Windows volume mounts  check volume mount permissions container should have readOnly permissions on emptyDir" classname="Kubernetes e2e suite" time="43.963753095"></testcase>
      <testcase name="[sig-storage] CSI Volumes [Driver: csi-hostpath] [Testpattern: Pre-provisioned PV (block volmode)] volumeMode should create sc, pod, pv, and pvc, read/write to the pv, and delete all created resources" classname="Kubernetes e2e suite" time="0">
          <skipped></skipped>
      </testcase>
      <testcase name="[sig-storage] In-tree Volumes [Driver: azure] [Testpattern: Pre-provisioned PV (default fs)] volumes should allow exec of files on the volume" classname="Kubernetes e2e suite" time="0">
          <skipped></skipped>
      </testcase>
      <testcase name="[sig-storage] In-tree Volumes [Driver: local][LocalVolumeType: gce-localssd-scsi-fs] [Serial] [Testpattern: Inline-volume (default fs)] subPath should support existing directory" classname="Kubernetes e2e suite" time="0">
          <skipped></skipped>
      </testcase>
      <testcase name="[sig-cluster-lifecycle] HA-master [Feature:HAMaster] survive addition/removal replicas multizone workers [Serial][Disruptive]" classname="Kubernetes e2e suite" time="0">
          <skipped></skipped>
      </testcase>
      <testcase name="[sig-storage] In-tree Volumes [Driver: cinder] [Testpattern: Pre-provisioned PV (default fs)] subPath should fail if non-existent subpath is outside the volume [Slow]" classname="Kubernetes e2e suite" time="0">
          <skipped></skipped>
      </testcase>
      <testcase name="[sig-storage] In-tree Volumes [Driver: gluster] [Testpattern: Inline-volume (ntfs)][sig-windows] volumes should be mountable" classname="Kubernetes e2e suite" time="0.001785858">
          <skipped></skipped>
      </testcase>
      <testcase name="[sig-storage] In-tree Volumes [Driver: local][LocalVolumeType: dir-link-bindmounted] [Testpattern: Dynamic PV (default fs)] subPath should support existing directory" classname="Kubernetes e2e suite" time="0">
          <skipped></skipped>
      </testcase>
      <testcase name="[sig-storage] In-tree Volumes [Driver: local][LocalVolumeType: dir-bindmounted] [Testpattern: Dynamic PV (default fs)] subPath should support restarting containers using file as subpath [Slow]" classname="Kubernetes e2e suite" time="0">
          <skipped></skipped>
      </testcase>
      <testcase name="[sig-auth] [Feature:NodeAuthorizer] Getting a non-existent configmap should exit with the Forbidden error, not a NotFound error" classname="Kubernetes e2e suite" time="0">
          <skipped></skipped>
      </testcase>
      <testcase name="[sig-autoscaling] Cluster size autoscaling [Slow] should scale down when expendable pod is running [Feature:ClusterSizeAutoscalingScaleDown]" classname="Kubernetes e2e suite" time="0">
          <skipped></skipped>
      </testcase>
      <testcase name="[sig-storage] In-tree Volumes [Driver: local][LocalVolumeType: dir] [Testpattern: Pre-provisioned PV (default fs)] subPath should support creating multiple subpath from same volumes [Slow]" classname="Kubernetes e2e suite" time="0">
          <skipped></skipped>
      </testcase>
      <testcase name="[sig-storage] In-tree Volumes [Driver: gluster] [Testpattern: Inline-volume (default fs)] subPath should verify container cannot write to subpath readonly volumes" classname="Kubernetes e2e suite" time="0">
          <skipped></skipped>
      </testcase>
      <testcase name="[sig-storage] In-tree Volumes [Driver: local][LocalVolumeType: gce-localssd-scsi-fs] [Serial] [Testpattern: Dynamic PV (default fs)] subPath should fail if non-existent subpath is outside the volume [Slow]" classname="Kubernetes e2e suite" time="0">
          <skipped></skipped>
      </testcase>
      <testcase name="[sig-storage] In-tree Volumes [Driver: vSphere] [Testpattern: Dynamic PV (default fs)] subPath should verify container cannot write to subpath readonly volumes" classname="Kubernetes e2e suite" time="0">
          <skipped></skipped>
      </testcase>
      <testcase name="[sig-storage] Ephemeralstorage When pod refers to non-existent ephemeral storage should allow deletion of pod with invalid volume : projected" classname="Kubernetes e2e suite" time="0">
          <skipped></skipped>
      </testcase>
      <testcase name="[sig-storage] In-tree Volumes [Driver: nfs] [Testpattern: Dynamic PV (default fs)] subPath should unmount if pod is force deleted while kubelet is down [Disruptive][Slow]" classname="Kubernetes e2e suite" time="0">
          <skipped></skipped>
      </testcase>
      <testcase name="[sig-storage] In-tree Volumes [Driver: hostPath] [Testpattern: Inline-volume (default fs)] subPath should unmount if pod is force deleted while kubelet is down [Disruptive][Slow]" classname="Kubernetes e2e suite" time="0">
          <skipped></skipped>
      </testcase>
      <testcase name="[sig-storage] In-tree Volumes [Driver: gcepd] [Testpattern: Inline-volume (default fs)] subPath should support restarting containers using file as subpath [Slow]" classname="Kubernetes e2e suite" time="0">
          <skipped></skipped>
      </testcase>
      <testcase name="[sig-storage] In-tree Volumes [Driver: nfs] [Testpattern: Inline-volume (default fs)] subPath should unmount if pod is force deleted while kubelet is down [Disruptive][Slow]" classname="Kubernetes e2e suite" time="0">
          <skipped></skipped>
      </testcase>
      <testcase name="[sig-storage] Projected secret Should fail non-optional pod creation due to secret object does not exist [Slow]" classname="Kubernetes e2e suite" time="0">
          <skipped></skipped>
      </testcase>
      <testcase name="[sig-storage] In-tree Volumes [Driver: hostPathSymlink] [Testpattern: Inline-volume (default fs)] subPath should support readOnly directory specified in the volumeMount" classname="Kubernetes e2e suite" time="0">
          <skipped></skipped>
      </testcase>
      <testcase name="[sig-storage] In-tree Volumes [Driver: local][LocalVolumeType: dir-bindmounted] [Testpattern: Inline-volume (default fs)] subPath should support readOnly file specified in the volumeMount" classname="Kubernetes e2e suite" time="0">
          <skipped></skipped>
      </testcase>
      <testcase name="[sig-api-machinery] AdmissionWebhook Should unconditionally reject operations on fail closed webhook" classname="Kubernetes e2e suite" time="0">
          <skipped></skipped>
      </testcase>
      <testcase name="[sig-storage] In-tree Volumes [Driver: local][LocalVolumeType: gce-localssd-scsi-fs] [Serial] [Testpattern: Dynamic PV (ext4)] volumes should be mountable" classname="Kubernetes e2e suite" time="0">
          <skipped></skipped>
      </testcase>
      <testcase name="[sig-storage] In-tree Volumes [Driver: hostPathSymlink] [Testpattern: Pre-provisioned PV (block volmode)] volumeMode should fail to create pod by failing to mount volume" classname="Kubernetes e2e suite" time="0">
          <skipped></skipped>
      </testcase>
      <testcase name="[sig-storage] In-tree Volumes [Driver: nfs] [Testpattern: Inline-volume (default fs)] subPath should support restarting containers using directory as subpath [Slow]" classname="Kubernetes e2e suite" time="0">
          <skipped></skipped>
      </testcase>
      <testcase name="[sig-storage] In-tree Volumes [Driver: rbd][Feature:Volumes] [Testpattern: Dynamic PV (block volmode)] volumeMode should create sc, pod, pv, and pvc, read/write to the pv, and delete all created resources" classname="Kubernetes e2e suite" time="0">
          <skipped></skipped>
      </testcase>
      <testcase name="[sig-storage] In-tree Volumes [Driver: cinder] [Testpattern: Dynamic PV (ntfs)][sig-windows] volumes should allow exec of files on the volume" classname="Kubernetes e2e suite" time="0.001703978">
          <skipped></skipped>
      </testcase>
      <testcase name="[sig-storage] CSI Volumes [Driver: pd.csi.storage.gke.io][Feature: gcePD-external] [Testpattern: Pre-provisioned PV (default fs)] subPath should fail if subpath directory is outside the volume [Slow]" classname="Kubernetes e2e suite" time="0">
          <skipped></skipped>
      </testcase>
      <testcase name="[sig-storage] In-tree Volumes [Driver: aws] [Testpattern: Dynamic PV (default fs)] subPath should support existing directory" classname="Kubernetes e2e suite" time="0">
          <skipped></skipped>
      </testcase>
      <testcase name="[sig-network] Networking Granular Checks: Services [Slow] should update endpoints: udp" classname="Kubernetes e2e suite" time="0">
          <skipped></skipped>
      </testcase>
      <testcase name="[sig-storage] In-tree Volumes [Driver: gcepd] [Testpattern: Dynamic PV (block volmode)] volumeMode should create sc, pod, pv, and pvc, read/write to the pv, and delete all created resources" classname="Kubernetes e2e suite" time="0">
          <skipped></skipped>
      </testcase>
      <testcase name="[sig-storage] CSI Volumes [Driver: csi-hostpath] [Testpattern: Dynamic PV (default fs)] volumes should allow exec of files on the volume" classname="Kubernetes e2e suite" time="0">
          <skipped></skipped>
      </testcase>
      <testcase name="[sig-storage] In-tree Volumes [Driver: local][LocalVolumeType: dir] [Testpattern: Pre-provisioned PV (default fs)] subPath should support existing single file" classname="Kubernetes e2e suite" time="0">
          <skipped></skipped>
      </testcase>
      <testcase name="[sig-storage] CSI Volumes [Driver: csi-hostpath] [Testpattern: Dynamic PV (default fs)] subPath should support readOnly file specified in the volumeMount" classname="Kubernetes e2e suite" time="0">
          <skipped></skipped>
      </testcase>
      <testcase name="[sig-storage] GCP Volumes NFSv3 should be mountable for NFSv3" classname="Kubernetes e2e suite" time="0">
          <skipped></skipped>
      </testcase>
      <testcase name="[sig-storage] In-tree Volumes [Driver: local][LocalVolumeType: dir-bindmounted] [Testpattern: Pre-provisioned PV (default fs)] subPath should fail if subpath file is outside the volume [Slow]" classname="Kubernetes e2e suite" time="0">
          <skipped></skipped>
      </testcase>
      <testcase name="[sig-storage] In-tree Volumes [Driver: emptydir] [Testpattern: Dynamic PV (default fs)] subPath should be able to unmount after the subpath directory is deleted" classname="Kubernetes e2e suite" time="0">
          <skipped></skipped>
      </testcase>
      <testcase name="[sig-storage] In-tree Volumes [Driver: gcepd] [Testpattern: Inline-volume (default fs)] subPath should unmount if pod is force deleted while kubelet is down [Disruptive][Slow]" classname="Kubernetes e2e suite" time="0">
          <skipped></skipped>
      </testcase>
      <testcase name="[sig-storage] In-tree Volumes [Driver: local][LocalVolumeType: dir-link-bindmounted] [Testpattern: Inline-volume (default fs)] subPath should support creating multiple subpath from same volumes [Slow]" classname="Kubernetes e2e suite" time="0">
          <skipped></skipped>
      </testcase>
      <testcase name="[sig-storage] In-tree Volumes [Driver: local][LocalVolumeType: gce-localssd-scsi-fs] [Serial] [Testpattern: Pre-provisioned PV (ntfs)][sig-windows] volumes should be mountable" classname="Kubernetes e2e suite" time="0">
          <skipped></skipped>
      </testcase>
      <testcase name="[sig-storage] In-tree Volumes [Driver: hostPathSymlink] [Testpattern: Pre-provisioned PV (default fs)] subPath should support creating multiple subpath from same volumes [Slow]" classname="Kubernetes e2e suite" time="0">
          <skipped></skipped>
      </testcase>
      <testcase name="[sig-storage] In-tree Volumes [Driver: vSphere] [Testpattern: Inline-volume (ext4)] volumes should allow exec of files on the volume" classname="Kubernetes e2e suite" time="0">
          <skipped></skipped>
      </testcase>
      <testcase name="[sig-network] [sig-windows] Networking Granular Checks: Pods should function for node-pod communication: udp" classname="Kubernetes e2e suite" time="68.905489284"></testcase>
      <testcase name="[sig-storage] In-tree Volumes [Driver: emptydir] [Testpattern: Dynamic PV (ext3)] volumes should be mountable" classname="Kubernetes e2e suite" time="0">
          <skipped></skipped>
      </testcase>
      <testcase name="[sig-storage] CSI Volumes [Driver: pd.csi.storage.gke.io][Serial] [Testpattern: Dynamic PV (ntfs)][sig-windows] provisioning should provision storage with defaults" classname="Kubernetes e2e suite" time="0">
          <skipped></skipped>
      </testcase>
      <testcase name="[k8s.io] [Feature:Example] [k8s.io] Liveness liveness pods should be automatically restarted" classname="Kubernetes e2e suite" time="0">
          <skipped></skipped>
      </testcase>
      <testcase name="[sig-storage] CSI Volumes [Driver: pd.csi.storage.gke.io][Feature: gcePD-external] [Testpattern: Pre-provisioned PV (xfs)] volumes should allow exec of files on the volume" classname="Kubernetes e2e suite" time="0">
          <skipped></skipped>
      </testcase>
      <testcase name="[sig-storage] In-tree Volumes [Driver: local][LocalVolumeType: dir-link] [Testpattern: Dynamic PV (default fs)] provisioning should allow concurrent writes on the same node" classname="Kubernetes e2e suite" time="0">
          <skipped></skipped>
      </testcase>
      <testcase name="[sig-storage] Zone Support Verify a pod is created and attached to a dynamically created PV, based on multiple zones specified in storage class " classname="Kubernetes e2e suite" time="0">
          <skipped></skipped>
      </testcase>
      <testcase name="[sig-storage] NFSPersistentVolumes[Disruptive][Flaky] when kube-controller-manager restarts should delete a bound PVC from a clientPod, restart the kube-control-manager, and ensure the kube-controller-manager does not crash" classname="Kubernetes e2e suite" time="0">
          <skipped></skipped>
      </testcase>
      <testcase name="[sig-storage] In-tree Volumes [Driver: local][LocalVolumeType: tmpfs] [Testpattern: Dynamic PV (default fs)] subPath should unmount if pod is gracefully deleted while kubelet is down [Disruptive][Slow]" classname="Kubernetes e2e suite" time="0">
          <skipped></skipped>
      </testcase>
      <testcase name="[sig-api-machinery] AdmissionWebhook Should mutate configmap" classname="Kubernetes e2e suite" time="0">
          <skipped></skipped>
      </testcase>
      <testcase name="[sig-storage] In-tree Volumes [Driver: hostPathSymlink] [Testpattern: Inline-volume (ntfs)][sig-windows] volumes should be mountable" classname="Kubernetes e2e suite" time="0.001831549">
          <skipped></skipped>
      </testcase>
      <testcase name="[sig-storage] In-tree Volumes [Driver: vSphere] [Testpattern: Pre-provisioned PV (default fs)] volumes should be mountable" classname="Kubernetes e2e suite" time="0">
          <skipped></skipped>
      </testcase>
      <testcase name="[sig-storage] CSI Volumes [Driver: pd.csi.storage.gke.io][Feature: gcePD-external] [Testpattern: Dynamic PV (ext3)] volumes should be mountable" classname="Kubernetes e2e suite" time="0">
          <skipped></skipped>
      </testcase>
      <testcase name="[sig-storage] In-tree Volumes [Driver: local][LocalVolumeType: dir-link] [Testpattern: Dynamic PV (ntfs)][sig-windows] provisioning should provision storage with snapshot data source [Feature:VolumeSnapshotDataSource]" classname="Kubernetes e2e suite" time="0">
          <skipped></skipped>
      </testcase>
      <testcase name="[sig-storage] In-tree Volumes [Driver: hostPath] [Testpattern: Pre-provisioned PV (default fs)] subPath should be able to unmount after the subpath directory is deleted" classname="Kubernetes e2e suite" time="0">
          <skipped></skipped>
      </testcase>
      <testcase name="[sig-storage] In-tree Volumes [Driver: gcepd] [Testpattern: Pre-provisioned PV (default fs)] subPath should support existing directory" classname="Kubernetes e2e suite" time="0">
          <skipped></skipped>
      </testcase>
      <testcase name="[sig-storage] In-tree Volumes [Driver: ceph][Feature:Volumes] [Testpattern: Dynamic PV (ntfs)][sig-windows] provisioning should create and delete block persistent volumes" classname="Kubernetes e2e suite" time="0">
          <skipped></skipped>
      </testcase>
      <testcase name="[sig-storage] NFSPersistentVolumes[Disruptive][Flaky] when kubelet restarts Should test that a file written to the mount before kubelet restart is readable after restart." classname="Kubernetes e2e suite" time="0">
          <skipped></skipped>
      </testcase>
      <testcase name="[sig-storage] In-tree Volumes [Driver: local][LocalVolumeType: dir-link-bindmounted] [Testpattern: Pre-provisioned PV (ext4)] volumes should allow exec of files on the volume" classname="Kubernetes e2e suite" time="0">
          <skipped></skipped>
      </testcase>
      <testcase name="[sig-storage] In-tree Volumes [Driver: local][LocalVolumeType: dir-link] [Testpattern: Dynamic PV (xfs)] volumes should be mountable" classname="Kubernetes e2e suite" time="0">
          <skipped></skipped>
      </testcase>
      <testcase name="[sig-storage] In-tree Volumes [Driver: local][LocalVolumeType: dir] [Testpattern: Inline-volume (default fs)] volumeIO should write files of various sizes, verify size, validate content [Slow]" classname="Kubernetes e2e suite" time="0">
          <skipped></skipped>
      </testcase>
      <testcase name="[sig-apps] Deployment test Deployment ReplicaSet orphaning and adoption regarding controllerRef" classname="Kubernetes e2e suite" time="0">
          <skipped></skipped>
      </testcase>
      <testcase name="[sig-storage] PVC Protection Verify &#34;immediate&#34; deletion of a PVC that is not in active use by a pod" classname="Kubernetes e2e suite" time="0">
          <skipped></skipped>
      </testcase>
      <testcase name="[sig-storage] In-tree Volumes [Driver: local][LocalVolumeType: blockfs] [Testpattern: Pre-provisioned PV (default fs)] subPath should fail if subpath directory is outside the volume [Slow]" classname="Kubernetes e2e suite" time="0">
          <skipped></skipped>
      </testcase>
      <testcase name="[sig-storage] In-tree Volumes [Driver: hostPathSymlink] [Testpattern: Dynamic PV (ext3)] volumes should allow exec of files on the volume" classname="Kubernetes e2e suite" time="0">
          <skipped></skipped>
      </testcase>
      <testcase name="[k8s.io] [sig-node] Security Context should support pod.Spec.SecurityContext.RunAsUser [LinuxOnly]" classname="Kubernetes e2e suite" time="0">
          <skipped></skipped>
      </testcase>
      <testcase name="[sig-storage] In-tree Volumes [Driver: local][LocalVolumeType: dir-link] [Testpattern: Pre-provisioned PV (ext4)] volumes should allow exec of files on the volume" classname="Kubernetes e2e suite" time="0">
          <skipped></skipped>
      </testcase>
      <testcase name="[sig-storage] In-tree Volumes [Driver: iscsi][Feature:Volumes] [Testpattern: Dynamic PV (ntfs)][sig-windows] volumes should allow exec of files on the volume" classname="Kubernetes e2e suite" time="0">
          <skipped></skipped>
      </testcase>
      <testcase name="[sig-storage] In-tree Volumes [Driver: local][LocalVolumeType: tmpfs] [Testpattern: Pre-provisioned PV (default fs)] subPath should support existing single file" classname="Kubernetes e2e suite" time="0">
          <skipped></skipped>
      </testcase>
      <testcase name="[sig-storage] In-tree Volumes [Driver: local][LocalVolumeType: gce-localssd-scsi-fs] [Serial] [Testpattern: Dynamic PV (ntfs)][sig-windows] volumes should be mountable" classname="Kubernetes e2e suite" time="0">
          <skipped></skipped>
      </testcase>
      <testcase name="[sig-storage] In-tree Volumes [Driver: iscsi][Feature:Volumes] [Testpattern: Dynamic PV (ntfs)][sig-windows] provisioning should provision storage with mount options" classname="Kubernetes e2e suite" time="0">
          <skipped></skipped>
      </testcase>
      <testcase name="[sig-storage] In-tree Volumes [Driver: local][LocalVolumeType: dir] [Testpattern: Pre-provisioned PV (default fs)] subPath should unmount if pod is force deleted while kubelet is down [Disruptive][Slow]" classname="Kubernetes e2e suite" time="0">
          <skipped></skipped>
      </testcase>
      <testcase name="[sig-storage] In-tree Volumes [Driver: local][LocalVolumeType: dir-link-bindmounted] [Testpattern: Pre-provisioned PV (default fs)] subPath should unmount if pod is gracefully deleted while kubelet is down [Disruptive][Slow]" classname="Kubernetes e2e suite" time="0">
          <skipped></skipped>
      </testcase>
      <testcase name="[sig-storage] CSI Volumes [Driver: pd.csi.storage.gke.io][Feature: gcePD-external] [Testpattern: Pre-provisioned PV (default fs)] volumes should be mountable" classname="Kubernetes e2e suite" time="0">
          <skipped></skipped>
      </testcase>
      <testcase name="[sig-storage] In-tree Volumes [Driver: local][LocalVolumeType: dir-bindmounted] [Testpattern: Pre-provisioned PV (default fs)] subPath should support restarting containers using file as subpath [Slow]" classname="Kubernetes e2e suite" time="0">
          <skipped></skipped>
      </testcase>
      <testcase name="[sig-storage] In-tree Volumes [Driver: local][LocalVolumeType: block] [Testpattern: Dynamic PV (ntfs)][sig-windows] provisioning should allow concurrent writes on the same node" classname="Kubernetes e2e suite" time="0.001638387">
          <skipped></skipped>
      </testcase>
      <testcase name="[sig-storage] PersistentVolumes-local  [Volume type: blockfswithformat] Two pods mounting a local volume at the same time should be able to write from pod1 and read from pod2" classname="Kubernetes e2e suite" time="0">
          <skipped></skipped>
      </testcase>
      <testcase name="[sig-api-machinery] CustomResourceConversionWebhook [Feature:CustomResourceWebhookConversion] Should be able to convert from CR v1 to CR v2" classname="Kubernetes e2e suite" time="0">
          <skipped></skipped>
      </testcase>
      <testcase name="[sig-storage] In-tree Volumes [Driver: local][LocalVolumeType: dir-link] [Testpattern: Dynamic PV (default fs)] subPath should unmount if pod is force deleted while kubelet is down [Disruptive][Slow]" classname="Kubernetes e2e suite" time="0">
          <skipped></skipped>
      </testcase>
      <testcase name="[sig-storage] In-tree Volumes [Driver: azure] [Testpattern: Inline-volume (default fs)] subPath should fail if subpath file is outside the volume [Slow]" classname="Kubernetes e2e suite" time="0">
          <skipped></skipped>
      </testcase>
      <testcase name="[sig-storage] CSI Volumes [Driver: pd.csi.storage.gke.io][Serial] [Testpattern: Inline-volume (default fs)] subPath should support creating multiple subpath from same volumes [Slow]" classname="Kubernetes e2e suite" time="0">
          <skipped></skipped>
      </testcase>
      <testcase name="[sig-storage] In-tree Volumes [Driver: local][LocalVolumeType: dir-link] [Testpattern: Dynamic PV (block volmode)] volumeMode should fail in binding dynamic provisioned PV to PVC" classname="Kubernetes e2e suite" time="0">
          <skipped></skipped>
      </testcase>
      <testcase name="[sig-cluster-lifecycle] [Feature:BootstrapTokens] should delete the token secret when the secret expired" classname="Kubernetes e2e suite" time="0">
          <skipped></skipped>
      </testcase>
      <testcase name="[sig-storage] CSI Volumes [Driver: pd.csi.storage.gke.io][Serial] [Testpattern: Inline-volume (ext3)] volumes should allow exec of files on the volume" classname="Kubernetes e2e suite" time="0">
          <skipped></skipped>
      </testcase>
      <testcase name="[sig-storage] In-tree Volumes [Driver: hostPathSymlink] [Testpattern: Pre-provisioned PV (default fs)] subPath should support existing directory" classname="Kubernetes e2e suite" time="0">
          <skipped></skipped>
      </testcase>
      <testcase name="[sig-storage] In-tree Volumes [Driver: local][LocalVolumeType: gce-localssd-scsi-fs] [Serial] [Testpattern: Pre-provisioned PV (xfs)] volumes should be mountable" classname="Kubernetes e2e suite" time="0">
          <skipped></skipped>
      </testcase>
      <testcase name="[sig-storage] In-tree Volumes [Driver: local][LocalVolumeType: tmpfs] [Testpattern: Dynamic PV (ntfs)][sig-windows] provisioning should allow concurrent writes on the same node" classname="Kubernetes e2e suite" time="0.001757793">
          <skipped></skipped>
      </testcase>
      <testcase name="[sig-storage] In-tree Volumes [Driver: local][LocalVolumeType: block] [Testpattern: Pre-provisioned PV (default fs)] volumes should be mountable" classname="Kubernetes e2e suite" time="0">
          <skipped></skipped>
      </testcase>
      <testcase name="[sig-storage] In-tree Volumes [Driver: local][LocalVolumeType: gce-localssd-scsi-fs] [Serial] [Testpattern: Inline-volume (default fs)] volumes should allow exec of files on the volume" classname="Kubernetes e2e suite" time="0">
          <skipped></skipped>
      </testcase>
      <testcase name="[sig-network] Networking Granular Checks: Services [Slow] should function for node-Service: udp" classname="Kubernetes e2e suite" time="0">
          <skipped></skipped>
      </testcase>
      <testcase name="[sig-storage] In-tree Volumes [Driver: aws] [Testpattern: Dynamic PV (default fs)] subPath should support non-existent path" classname="Kubernetes e2e suite" time="0">
          <skipped></skipped>
      </testcase>
      <testcase name="[sig-storage] In-tree Volumes [Driver: gluster] [Testpattern: Pre-provisioned PV (default fs)] subPath should support creating multiple subpath from same volumes [Slow]" classname="Kubernetes e2e suite" time="0">
          <skipped></skipped>
      </testcase>
      <testcase name="[sig-scheduling] SchedulerPredicates [Serial] validates MaxPods limit number of pods that are allowed to run [Slow]" classname="Kubernetes e2e suite" time="0">
          <skipped></skipped>
      </testcase>
      <testcase name="[k8s.io] Probing container should *not* be restarted with a /healthz http liveness probe [NodeConformance] [Conformance]" classname="Kubernetes e2e suite" time="257.351231909"></testcase>
      <testcase name="[sig-storage] In-tree Volumes [Driver: local][LocalVolumeType: dir] [Testpattern: Dynamic PV (default fs)] subPath should fail if subpath directory is outside the volume [Slow]" classname="Kubernetes e2e suite" time="0">
          <skipped></skipped>
      </testcase>
      <testcase name="[sig-storage] CSI Volumes [Driver: pd.csi.storage.gke.io][Feature: gcePD-external] [Testpattern: Pre-provisioned PV (default fs)] subPath should unmount if pod is force deleted while kubelet is down [Disruptive][Slow]" classname="Kubernetes e2e suite" time="0">
          <skipped></skipped>
      </testcase>
      <testcase name="[sig-storage] In-tree Volumes [Driver: local][LocalVolumeType: gce-localssd-scsi-fs] [Serial] [Testpattern: Dynamic PV (ext3)] volumes should allow exec of files on the volume" classname="Kubernetes e2e suite" time="0">
          <skipped></skipped>
      </testcase>
      <testcase name="[sig-storage] In-tree Volumes [Driver: hostPath] [Testpattern: Dynamic PV (ext4)] volumes should allow exec of files on the volume" classname="Kubernetes e2e suite" time="0">
          <skipped></skipped>
      </testcase>
      <testcase name="[sig-storage] In-tree Volumes [Driver: local][LocalVolumeType: dir-link] [Testpattern: Dynamic PV (default fs)] provisioning should provision storage with defaults" classname="Kubernetes e2e suite" time="0">
          <skipped></skipped>
      </testcase>
      <testcase name="[sig-storage] In-tree Volumes [Driver: nfs] [Testpattern: Pre-provisioned PV (ntfs)][sig-windows] volumes should be mountable" classname="Kubernetes e2e suite" time="0.001772981">
          <skipped></skipped>
      </testcase>
      <testcase name="[sig-storage] PVC Protection Verify that scheduling of a pod that uses PVC that is being deleted fails and the pod becomes Unschedulable" classname="Kubernetes e2e suite" time="0">
          <skipped></skipped>
      </testcase>
      <testcase name="[sig-storage] In-tree Volumes [Driver: rbd][Feature:Volumes] [Testpattern: Pre-provisioned PV (default fs)] subPath should support existing directories when readOnly specified in the volumeSource" classname="Kubernetes e2e suite" time="0">
          <skipped></skipped>
      </testcase>
      <testcase name="[sig-storage] In-tree Volumes [Driver: local][LocalVolumeType: tmpfs] [Testpattern: Inline-volume (ext4)] volumes should allow exec of files on the volume" classname="Kubernetes e2e suite" time="0">
          <skipped></skipped>
      </testcase>
      <testcase name="[sig-storage] In-tree Volumes [Driver: local][LocalVolumeType: gce-localssd-scsi-fs] [Serial] [Testpattern: Inline-volume (xfs)] volumes should allow exec of files on the volume" classname="Kubernetes e2e suite" time="0">
          <skipped></skipped>
      </testcase>
      <testcase name="[sig-api-machinery] Watchers should be able to start watching from a specific resource version [Conformance]" classname="Kubernetes e2e suite" time="8.298372257"></testcase>
      <testcase name="[sig-storage] In-tree Volumes [Driver: hostPathSymlink] [Testpattern: Inline-volume (default fs)] subPath should support existing directory" classname="Kubernetes e2e suite" time="0">
          <skipped></skipped>
      </testcase>
      <testcase name="[sig-storage] CSI Volumes [Driver: csi-hostpath-v0] [Testpattern: Dynamic PV (default fs)] volumeIO should write files of various sizes, verify size, validate content [Slow]" classname="Kubernetes e2e suite" time="0">
          <skipped></skipped>
      </testcase>
      <testcase name="[sig-storage] In-tree Volumes [Driver: vSphere] [Testpattern: Inline-volume (default fs)] subPath should support non-existent path" classname="Kubernetes e2e suite" time="0">
          <skipped></skipped>
      </testcase>
      <testcase name="[sig-autoscaling] Cluster size autoscaling [Slow] should correctly scale down after a node is not needed and one node is broken [Feature:ClusterSizeAutoscalingScaleDown]" classname="Kubernetes e2e suite" time="0">
          <skipped></skipped>
      </testcase>
      <testcase name="[sig-storage] In-tree Volumes [Driver: ceph][Feature:Volumes] [Testpattern: Dynamic PV (default fs)] provisioning should access volume from different nodes" classname="Kubernetes e2e suite" time="0">
          <skipped></skipped>
      </testcase>
      <testcase name="[sig-storage] In-tree Volumes [Driver: local][LocalVolumeType: dir-bindmounted] [Testpattern: Dynamic PV (default fs)] subPath should support creating multiple subpath from same volumes [Slow]" classname="Kubernetes e2e suite" time="0">
          <skipped></skipped>
      </testcase>
      <testcase name="[sig-storage] In-tree Volumes [Driver: vSphere] [Testpattern: Inline-volume (xfs)] volumes should allow exec of files on the volume" classname="Kubernetes e2e suite" time="0">
          <skipped></skipped>
      </testcase>
      <testcase name="[sig-cli] Kubectl client [k8s.io] Kubectl create quota should create a quota without scopes" classname="Kubernetes e2e suite" time="0">
          <skipped></skipped>
      </testcase>
      <testcase name="[sig-network] Loadbalancing: L7 GCE [Slow] [Feature:kubemci] should conform to Ingress spec" classname="Kubernetes e2e suite" time="0">
          <skipped></skipped>
      </testcase>
      <testcase name="[sig-storage] In-tree Volumes [Driver: ceph][Feature:Volumes] [Testpattern: Dynamic PV (xfs)] volumes should be mountable" classname="Kubernetes e2e suite" time="0">
          <skipped></skipped>
      </testcase>
      <testcase name="[sig-storage] In-tree Volumes [Driver: rbd][Feature:Volumes] [Testpattern: Dynamic PV (ext3)] volumes should allow exec of files on the volume" classname="Kubernetes e2e suite" time="0">
          <skipped></skipped>
      </testcase>
      <testcase name="[sig-api-machinery] AdmissionWebhook Should mutate custom resource with different stored version" classname="Kubernetes e2e suite" time="0">
          <skipped></skipped>
      </testcase>
      <testcase name="[sig-storage] In-tree Volumes [Driver: cinder] [Testpattern: Dynamic PV (default fs)] subPath should fail if subpath with backstepping is outside the volume [Slow]" classname="Kubernetes e2e suite" time="0">
          <skipped></skipped>
      </testcase>
      <testcase name="[k8s.io] Variable Expansion should succeed in writing subpaths in container [Feature:VolumeSubpathEnvExpansion][NodeAlphaFeature:VolumeSubpathEnvExpansion][Slow]" classname="Kubernetes e2e suite" time="0">
          <skipped></skipped>
      </testcase>
      <testcase name="[sig-storage] In-tree Volumes [Driver: local][LocalVolumeType: block] [Testpattern: Inline-volume (default fs)] subPath should support creating multiple subpath from same volumes [Slow]" classname="Kubernetes e2e suite" time="0">
          <skipped></skipped>
      </testcase>
      <testcase name="[sig-storage] In-tree Volumes [Driver: local][LocalVolumeType: gce-localssd-scsi-fs] [Serial] [Testpattern: Dynamic PV (filesystem volmode)] volumeMode should create sc, pod, pv, and pvc, read/write to the pv, and delete all created resources" classname="Kubernetes e2e suite" time="0">
          <skipped></skipped>
      </testcase>
      <testcase name="[sig-storage] In-tree Volumes [Driver: vSphere] [Testpattern: Dynamic PV (default fs)] subPath should support non-existent path" classname="Kubernetes e2e suite" time="0">
          <skipped></skipped>
      </testcase>
      <testcase name="[sig-network] Networking Granular Checks: Services [Slow] should function for pod-Service: http" classname="Kubernetes e2e suite" time="0">
          <skipped></skipped>
      </testcase>
      <testcase name="[sig-storage] In-tree Volumes [Driver: local][LocalVolumeType: dir-bindmounted] [Testpattern: Dynamic PV (ntfs)][sig-windows] provisioning should provision storage with defaults" classname="Kubernetes e2e suite" time="0.001785072">
          <skipped></skipped>
      </testcase>
      <testcase name="[sig-storage] In-tree Volumes [Driver: emptydir] [Testpattern: Inline-volume (default fs)] subPath should fail if subpath file is outside the volume [Slow]" classname="Kubernetes e2e suite" time="0">
          <skipped></skipped>
      </testcase>
      <testcase name="[sig-storage] In-tree Volumes [Driver: hostPath] [Testpattern: Pre-provisioned PV (default fs)] subPath should unmount if pod is gracefully deleted while kubelet is down [Disruptive][Slow]" classname="Kubernetes e2e suite" time="0">
          <skipped></skipped>
      </testcase>
      <testcase name="[sig-storage] In-tree Volumes [Driver: hostPathSymlink] [Testpattern: Dynamic PV (default fs)] subPath should support non-existent path" classname="Kubernetes e2e suite" time="0">
          <skipped></skipped>
      </testcase>
      <testcase name="[sig-storage] In-tree Volumes [Driver: ceph][Feature:Volumes] [Testpattern: Inline-volume (ntfs)][sig-windows] volumes should be mountable" classname="Kubernetes e2e suite" time="0">
          <skipped></skipped>
      </testcase>
      <testcase name="[sig-storage] In-tree Volumes [Driver: azure] [Testpattern: Inline-volume (xfs)] volumes should allow exec of files on the volume" classname="Kubernetes e2e suite" time="0">
          <skipped></skipped>
      </testcase>
      <testcase name="[sig-storage] In-tree Volumes [Driver: gluster] [Testpattern: Pre-provisioned PV (ntfs)][sig-windows] volumes should be mountable" classname="Kubernetes e2e suite" time="0.001708539">
          <skipped></skipped>
      </testcase>
      <testcase name="[sig-storage] CSI Volumes [Driver: csi-hostpath-v0] [Testpattern: Inline-volume (default fs)] subPath should verify container cannot write to subpath readonly volumes" classname="Kubernetes e2e suite" time="0">
          <skipped></skipped>
      </testcase>
      <testcase name="[sig-storage] In-tree Volumes [Driver: hostPathSymlink] [Testpattern: Pre-provisioned PV (default fs)] subPath should support existing directories when readOnly specified in the volumeSource" classname="Kubernetes e2e suite" time="0">
          <skipped></skipped>
      </testcase>
      <testcase name="[sig-apps] StatefulSet [k8s.io] Basic StatefulSet functionality [StatefulSetBasic] should adopt matching orphans and release non-matching pods" classname="Kubernetes e2e suite" time="0">
          <skipped></skipped>
      </testcase>
      <testcase name="[sig-cli] Kubectl client [k8s.io] Simple pod should support exec through kubectl proxy" classname="Kubernetes e2e suite" time="0">
          <skipped></skipped>
      </testcase>
      <testcase name="[sig-storage] In-tree Volumes [Driver: iscsi][Feature:Volumes] [Testpattern: Inline-volume (default fs)] subPath should support restarting containers using directory as subpath [Slow]" classname="Kubernetes e2e suite" time="0">
          <skipped></skipped>
      </testcase>
      <testcase name="[sig-storage] In-tree Volumes [Driver: azure] [Testpattern: Inline-volume (default fs)] volumes should allow exec of files on the volume" classname="Kubernetes e2e suite" time="0">
          <skipped></skipped>
      </testcase>
      <testcase name="[sig-storage] In-tree Volumes [Driver: local][LocalVolumeType: block] [Testpattern: Inline-volume (default fs)] volumes should allow exec of files on the volume" classname="Kubernetes e2e suite" time="0">
          <skipped></skipped>
      </testcase>
      <testcase name="[sig-storage] In-tree Volumes [Driver: local][LocalVolumeType: blockfs] [Testpattern: Dynamic PV (ext4)] volumes should allow exec of files on the volume" classname="Kubernetes e2e suite" time="0">
          <skipped></skipped>
      </testcase>
      <testcase name="[sig-storage] CSI Volumes [Driver: pd.csi.storage.gke.io][Serial] [Testpattern: Dynamic PV (ntfs)][sig-windows] provisioning should create and delete block persistent volumes" classname="Kubernetes e2e suite" time="0">
          <skipped></skipped>
      </testcase>
      <testcase name="[sig-storage] PersistentVolumes-local  [Volume type: block] Two pods mounting a local volume one after the other should be able to write from pod1 and read from pod2" classname="Kubernetes e2e suite" time="0">
          <skipped></skipped>
      </testcase>
      <testcase name="[sig-storage] In-tree Volumes [Driver: local][LocalVolumeType: tmpfs] [Testpattern: Inline-volume (ext4)] volumes should be mountable" classname="Kubernetes e2e suite" time="0">
          <skipped></skipped>
      </testcase>
      <testcase name="[sig-network] Services should work after restarting apiserver [Disruptive]" classname="Kubernetes e2e suite" time="0">
          <skipped></skipped>
      </testcase>
      <testcase name="[sig-scalability] Density [Feature:ManualPerformance] should allow starting 30 pods per node using Deployment.extensions with 0 secrets, 0 configmaps, 0 token projections, and 0 daemons" classname="Kubernetes e2e suite" time="0">
          <skipped></skipped>
      </testcase>
      <testcase name="[sig-instrumentation] [Feature:PrometheusMonitoring] Prometheus should scrape container metrics from all nodes." classname="Kubernetes e2e suite" time="0">
          <skipped></skipped>
      </testcase>
      <testcase name="[sig-storage] In-tree Volumes [Driver: local][LocalVolumeType: dir-link] [Testpattern: Pre-provisioned PV (default fs)] subPath should unmount if pod is gracefully deleted while kubelet is down [Disruptive][Slow]" classname="Kubernetes e2e suite" time="0">
          <skipped></skipped>
      </testcase>
      <testcase name="[sig-storage] In-tree Volumes [Driver: rbd][Feature:Volumes] [Testpattern: Pre-provisioned PV (ntfs)][sig-windows] volumes should allow exec of files on the volume" classname="Kubernetes e2e suite" time="0">
          <skipped></skipped>
      </testcase>
      <testcase name="[sig-storage] In-tree Volumes [Driver: local][LocalVolumeType: dir-link-bindmounted] [Testpattern: Dynamic PV (ext4)] volumes should allow exec of files on the volume" classname="Kubernetes e2e suite" time="0">
          <skipped></skipped>
      </testcase>
      <testcase name="[sig-storage] In-tree Volumes [Driver: hostPathSymlink] [Testpattern: Inline-volume (default fs)] volumes should allow exec of files on the volume" classname="Kubernetes e2e suite" time="0">
          <skipped></skipped>
      </testcase>
      <testcase name="[sig-scalability] Load capacity [Feature:ManualPerformance] should be able to handle 30 pods per node Deployment.extensions with 0 secrets, 2 configmaps and 0 daemons" classname="Kubernetes e2e suite" time="0">
          <skipped></skipped>
      </testcase>
      <testcase name="[sig-storage] In-tree Volumes [Driver: iscsi][Feature:Volumes] [Testpattern: Pre-provisioned PV (default fs)] subPath should fail if non-existent subpath is outside the volume [Slow]" classname="Kubernetes e2e suite" time="0">
          <skipped></skipped>
      </testcase>
      <testcase name="[sig-storage] Downward API volume should provide container&#39;s memory limit [NodeConformance] [Conformance]" classname="Kubernetes e2e suite" time="16.468775284"></testcase>
      <testcase name="[sig-storage] In-tree Volumes [Driver: gcepd] [Testpattern: Dynamic PV (ntfs)][sig-windows] provisioning should access volume from different nodes" classname="Kubernetes e2e suite" time="109.778847252"></testcase>
      <testcase name="[sig-storage] In-tree Volumes [Driver: hostPathSymlink] [Testpattern: Inline-volume (default fs)] subPath should unmount if pod is force deleted while kubelet is down [Disruptive][Slow]" classname="Kubernetes e2e suite" time="0">
          <skipped></skipped>
      </testcase>
      <testcase name="[sig-storage] In-tree Volumes [Driver: iscsi][Feature:Volumes] [Testpattern: Dynamic PV (default fs)] provisioning should allow concurrent writes on the same node" classname="Kubernetes e2e suite" time="0">
          <skipped></skipped>
      </testcase>
      <testcase name="[sig-storage] Zone Support Verify PVC creation with an invalid VSAN capability along with a compatible zone combination specified in storage class fails" classname="Kubernetes e2e suite" time="0">
          <skipped></skipped>
      </testcase>
      <testcase name="[sig-storage] In-tree Volumes [Driver: gluster] [Testpattern: Inline-volume (default fs)] subPath should support existing directory" classname="Kubernetes e2e suite" time="0">
          <skipped></skipped>
      </testcase>
      <testcase name="[sig-storage] In-tree Volumes [Driver: local][LocalVolumeType: dir-link-bindmounted] [Testpattern: Dynamic PV (ext3)] volumes should be mountable" classname="Kubernetes e2e suite" time="0">
          <skipped></skipped>
      </testcase>
      <testcase name="[k8s.io] Cluster size autoscaler scalability [Slow] CA ignores unschedulable pods while scheduling schedulable pods [Feature:ClusterAutoscalerScalability6]" classname="Kubernetes e2e suite" time="0">
          <skipped></skipped>
      </testcase>
      <testcase name="[sig-storage] In-tree Volumes [Driver: aws] [Testpattern: Dynamic PV (default fs)] volumes should be mountable" classname="Kubernetes e2e suite" time="0">
          <skipped></skipped>
      </testcase>
      <testcase name="[sig-storage] In-tree Volumes [Driver: hostPath] [Testpattern: Dynamic PV (ntfs)][sig-windows] volumes should be mountable" classname="Kubernetes e2e suite" time="0.001829214">
          <skipped></skipped>
      </testcase>
      <testcase name="[sig-storage] CSI Volumes [Driver: pd.csi.storage.gke.io][Serial] [Testpattern: Dynamic PV (ntfs)][sig-windows] volumes should be mountable" classname="Kubernetes e2e suite" time="0">
          <skipped></skipped>
      </testcase>
      <testcase name="[sig-storage] In-tree Volumes [Driver: aws] [Testpattern: Inline-volume (default fs)] subPath should unmount if pod is gracefully deleted while kubelet is down [Disruptive][Slow]" classname="Kubernetes e2e suite" time="0">
          <skipped></skipped>
      </testcase>
      <testcase name="[sig-storage] In-tree Volumes [Driver: local][LocalVolumeType: dir-link-bindmounted] [Testpattern: Inline-volume (default fs)] volumes should be mountable" classname="Kubernetes e2e suite" time="0">
          <skipped></skipped>
      </testcase>
      <testcase name="[sig-storage] PersistentVolumes-local  [Volume type: blockfswithformat] Set fsGroup for local volume should set same fsGroup for two pods simultaneously" classname="Kubernetes e2e suite" time="0">
          <skipped></skipped>
      </testcase>
      <testcase name="[sig-storage] In-tree Volumes [Driver: vSphere] [Testpattern: Inline-volume (default fs)] subPath should support creating multiple subpath from same volumes [Slow]" classname="Kubernetes e2e suite" time="0">
          <skipped></skipped>
      </testcase>
      <testcase name="[sig-storage] In-tree Volumes [Driver: local][LocalVolumeType: dir-link-bindmounted] [Testpattern: Dynamic PV (ext3)] volumes should allow exec of files on the volume" classname="Kubernetes e2e suite" time="0">
          <skipped></skipped>
      </testcase>
      <testcase name="[sig-storage] In-tree Volumes [Driver: nfs] [Testpattern: Dynamic PV (default fs)] provisioning should provision storage with defaults" classname="Kubernetes e2e suite" time="0">
          <skipped></skipped>
      </testcase>
      <testcase name="[sig-scheduling] SchedulerPriorities [Serial] Pod should be scheduled to node that don&#39;t match the PodAntiAffinity terms" classname="Kubernetes e2e suite" time="0">
          <skipped></skipped>
      </testcase>
      <testcase name="[sig-storage] In-tree Volumes [Driver: local][LocalVolumeType: block] [Testpattern: Pre-provisioned PV (ext3)] volumes should be mountable" classname="Kubernetes e2e suite" time="0">
          <skipped></skipped>
      </testcase>
      <testcase name="[sig-storage] In-tree Volumes [Driver: aws] [Testpattern: Dynamic PV (xfs)] volumes should be mountable" classname="Kubernetes e2e suite" time="0">
          <skipped></skipped>
      </testcase>
      <testcase name="[sig-storage] In-tree Volumes [Driver: local][LocalVolumeType: dir-link] [Testpattern: Pre-provisioned PV (ntfs)][sig-windows] volumes should be mountable" classname="Kubernetes e2e suite" time="0.001825456">
          <skipped></skipped>
      </testcase>
      <testcase name="[sig-storage] In-tree Volumes [Driver: hostPath] [Testpattern: Inline-volume (ext3)] volumes should allow exec of files on the volume" classname="Kubernetes e2e suite" time="0">
          <skipped></skipped>
      </testcase>
      <testcase name="[sig-storage] PersistentVolumes NFS with Single PV - PVC pairs create a PVC and non-pre-bound PV: test write access" classname="Kubernetes e2e suite" time="0">
          <skipped></skipped>
      </testcase>
      <testcase name="[sig-storage] In-tree Volumes [Driver: local][LocalVolumeType: dir-link] [Testpattern: Pre-provisioned PV (default fs)] subPath should support readOnly directory specified in the volumeMount" classname="Kubernetes e2e suite" time="0">
          <skipped></skipped>
      </testcase>
      <testcase name="[sig-storage] CSI Volumes [Driver: csi-hostpath] [Testpattern: Inline-volume (default fs)] subPath should unmount if pod is gracefully deleted while kubelet is down [Disruptive][Slow]" classname="Kubernetes e2e suite" time="0">
          <skipped></skipped>
      </testcase>
      <testcase name="[sig-storage] In-tree Volumes [Driver: hostPathSymlink] [Testpattern: Pre-provisioned PV (default fs)] subPath should be able to unmount after the subpath directory is deleted" classname="Kubernetes e2e suite" time="0">
          <skipped></skipped>
      </testcase>
      <testcase name="[sig-storage] CSI Volumes [Driver: pd.csi.storage.gke.io][Feature: gcePD-external] [Testpattern: Inline-volume (default fs)] volumes should be mountable" classname="Kubernetes e2e suite" time="0">
          <skipped></skipped>
      </testcase>
      <testcase name="[sig-storage] In-tree Volumes [Driver: local][LocalVolumeType: dir-bindmounted] [Testpattern: Dynamic PV (default fs)] volumeIO should write files of various sizes, verify size, validate content [Slow]" classname="Kubernetes e2e suite" time="0">
          <skipped></skipped>
      </testcase>
      <testcase name="[sig-storage] In-tree Volumes [Driver: hostPathSymlink] [Testpattern: Inline-volume (default fs)] subPath should fail if subpath with backstepping is outside the volume [Slow]" classname="Kubernetes e2e suite" time="0">
          <skipped></skipped>
      </testcase>
      <testcase name="[sig-storage] In-tree Volumes [Driver: local][LocalVolumeType: dir-bindmounted] [Testpattern: Dynamic PV (default fs)] subPath should support restarting containers using directory as subpath [Slow]" classname="Kubernetes e2e suite" time="0">
          <skipped></skipped>
      </testcase>
      <testcase name="[sig-storage] In-tree Volumes [Driver: gluster] [Testpattern: Dynamic PV (ntfs)][sig-windows] provisioning should create and delete block persistent volumes" classname="Kubernetes e2e suite" time="0.001632069">
          <skipped></skipped>
      </testcase>
      <testcase name="[sig-network] Services should be able to change the type and ports of a service [Slow] [DisabledForLargeClusters]" classname="Kubernetes e2e suite" time="0">
          <skipped></skipped>
      </testcase>
      <testcase name="[sig-api-machinery] Garbage collector should delete RS created by deployment when not orphaning [Conformance]" classname="Kubernetes e2e suite" time="9.067183441"></testcase>
      <testcase name="[sig-storage] In-tree Volumes [Driver: azure] [Testpattern: Pre-provisioned PV (default fs)] subPath should unmount if pod is gracefully deleted while kubelet is down [Disruptive][Slow]" classname="Kubernetes e2e suite" time="0">
          <skipped></skipped>
      </testcase>
      <testcase name="[sig-storage] CSI mock volume CSI online volume expansion [Feature:ExpandCSIVolumes][Feature:ExpandInUseVolumes] should expand volume without restarting pod if attach=off, nodeExpansion=on" classname="Kubernetes e2e suite" time="0">
          <skipped></skipped>
      </testcase>
      <testcase name="[sig-storage] In-tree Volumes [Driver: local][LocalVolumeType: blockfs] [Testpattern: Dynamic PV (default fs)] subPath should fail if non-existent subpath is outside the volume [Slow]" classname="Kubernetes e2e suite" time="0">
          <skipped></skipped>
      </testcase>
      <testcase name="[sig-storage] In-tree Volumes [Driver: ceph][Feature:Volumes] [Testpattern: Pre-provisioned PV (default fs)] volumes should allow exec of files on the volume" classname="Kubernetes e2e suite" time="0">
          <skipped></skipped>
      </testcase>
      <testcase name="[sig-storage] In-tree Volumes [Driver: aws] [Testpattern: Dynamic PV (default fs)] subPath should support creating multiple subpath from same volumes [Slow]" classname="Kubernetes e2e suite" time="0">
          <skipped></skipped>
      </testcase>
      <testcase name="[sig-storage] In-tree Volumes [Driver: local][LocalVolumeType: dir-bindmounted] [Testpattern: Pre-provisioned PV (ext4)] volumes should be mountable" classname="Kubernetes e2e suite" time="0">
          <skipped></skipped>
      </testcase>
      <testcase name="[sig-windows] [Feature:Windows] [Feature:WindowsGMSA] GMSA [Slow] kubelet GMSA support when creating a pod with correct GMSA credential specs passes the credential specs down to the Pod&#39;s containers" classname="Kubernetes e2e suite" time="0">
          <skipped></skipped>
      </testcase>
      <testcase name="[sig-storage] In-tree Volumes [Driver: ceph][Feature:Volumes] [Testpattern: Pre-provisioned PV (ext4)] volumes should allow exec of files on the volume" classname="Kubernetes e2e suite" time="0">
          <skipped></skipped>
      </testcase>
      <testcase name="[sig-storage] In-tree Volumes [Driver: ceph][Feature:Volumes] [Testpattern: Pre-provisioned PV (default fs)] subPath should fail if subpath directory is outside the volume [Slow]" classname="Kubernetes e2e suite" time="0">
          <skipped></skipped>
      </testcase>
      <testcase name="[sig-network] Loadbalancing: L7 [Slow] Nginx should conform to Ingress spec" classname="Kubernetes e2e suite" time="0">
          <skipped></skipped>
      </testcase>
      <testcase name="[sig-cli] Kubectl client [k8s.io] Kubectl apply should apply a new configuration to an existing RC" classname="Kubernetes e2e suite" time="0">
          <skipped></skipped>
      </testcase>
      <testcase name="[sig-storage] Subpath Atomic writer volumes should support subpaths with secret pod [LinuxOnly] [Conformance]" classname="Kubernetes e2e suite" time="0">
          <skipped></skipped>
      </testcase>
      <testcase name="[sig-storage] Volume Disk Format [Feature:vsphere] verify disk format type - eagerzeroedthick is honored for dynamically provisioned pv using storageclass" classname="Kubernetes e2e suite" time="0">
          <skipped></skipped>
      </testcase>
      <testcase name="[sig-storage] In-tree Volumes [Driver: local][LocalVolumeType: gce-localssd-scsi-fs] [Serial] [Testpattern: Dynamic PV (default fs)] subPath should support readOnly directory specified in the volumeMount" classname="Kubernetes e2e suite" time="0">
          <skipped></skipped>
      </testcase>
      <testcase name="[sig-storage] In-tree Volumes [Driver: ceph][Feature:Volumes] [Testpattern: Dynamic PV (default fs)] volumes should allow exec of files on the volume" classname="Kubernetes e2e suite" time="0">
          <skipped></skipped>
      </testcase>
      <testcase name="[sig-storage] In-tree Volumes [Driver: local][LocalVolumeType: tmpfs] [Testpattern: Pre-provisioned PV (filesystem volmode)] volumeMode should create sc, pod, pv, and pvc, read/write to the pv, and delete all created resources" classname="Kubernetes e2e suite" time="0">
          <skipped></skipped>
      </testcase>
      <testcase name="[sig-storage] CSI Volumes [Driver: pd.csi.storage.gke.io][Feature: gcePD-external] [Testpattern: Dynamic PV (block volmode)] volumeMode should fail in binding dynamic provisioned PV to PVC" classname="Kubernetes e2e suite" time="0">
          <skipped></skipped>
      </testcase>
      <testcase name="[sig-storage] In-tree Volumes [Driver: gcepd] [Testpattern: Dynamic PV (default fs)] subPath should support readOnly directory specified in the volumeMount" classname="Kubernetes e2e suite" time="0">
          <skipped></skipped>
      </testcase>
      <testcase name="[sig-storage] In-tree Volumes [Driver: local][LocalVolumeType: block] [Testpattern: Pre-provisioned PV (default fs)] subPath should support readOnly directory specified in the volumeMount" classname="Kubernetes e2e suite" time="0">
          <skipped></skipped>
      </testcase>
      <testcase name="[sig-storage] In-tree Volumes [Driver: cinder] [Testpattern: Inline-volume (default fs)] subPath should unmount if pod is gracefully deleted while kubelet is down [Disruptive][Slow]" classname="Kubernetes e2e suite" time="0">
          <skipped></skipped>
      </testcase>
      <testcase name="[k8s.io] Docker Containers should be able to override the image&#39;s default command (docker entrypoint) [NodeConformance] [Conformance]" classname="Kubernetes e2e suite" time="20.797093776"></testcase>
      <testcase name="[sig-storage] In-tree Volumes [Driver: hostPath] [Testpattern: Inline-volume (default fs)] subPath should support file as subpath" classname="Kubernetes e2e suite" time="0">
          <skipped></skipped>
      </testcase>
      <testcase name="[sig-storage] In-tree Volumes [Driver: local][LocalVolumeType: dir-bindmounted] [Testpattern: Dynamic PV (ntfs)][sig-windows] volumes should allow exec of files on the volume" classname="Kubernetes e2e suite" time="0.00194567">
          <skipped></skipped>
      </testcase>
      <testcase name="[sig-storage] In-tree Volumes [Driver: local][LocalVolumeType: dir-bindmounted] [Testpattern: Pre-provisioned PV (ntfs)][sig-windows] volumes should be mountable" classname="Kubernetes e2e suite" time="0.00165704">
          <skipped></skipped>
      </testcase>
      <testcase name="[sig-storage] In-tree Volumes [Driver: local][LocalVolumeType: block] [Testpattern: Pre-provisioned PV (default fs)] subPath should fail if subpath directory is outside the volume [Slow]" classname="Kubernetes e2e suite" time="0">
          <skipped></skipped>
      </testcase>
      <testcase name="[sig-storage] In-tree Volumes [Driver: ceph][Feature:Volumes] [Testpattern: Pre-provisioned PV (default fs)] subPath should support readOnly directory specified in the volumeMount" classname="Kubernetes e2e suite" time="0">
          <skipped></skipped>
      </testcase>
      <testcase name="[sig-storage] In-tree Volumes [Driver: vSphere] [Testpattern: Inline-volume (ntfs)][sig-windows] volumes should be mountable" classname="Kubernetes e2e suite" time="0.001258198">
          <skipped></skipped>
      </testcase>
      <testcase name="[sig-storage] In-tree Volumes [Driver: ceph][Feature:Volumes] [Testpattern: Inline-volume (ext3)] volumes should be mountable" classname="Kubernetes e2e suite" time="0">
          <skipped></skipped>
      </testcase>
      <testcase name="[sig-storage] In-tree Volumes [Driver: ceph][Feature:Volumes] [Testpattern: Pre-provisioned PV (default fs)] subPath should support existing directories when readOnly specified in the volumeSource" classname="Kubernetes e2e suite" time="0">
          <skipped></skipped>
      </testcase>
      <testcase name="[sig-storage] In-tree Volumes [Driver: gcepd] [Testpattern: Dynamic PV (default fs)] provisioning should allow concurrent writes on the same node" classname="Kubernetes e2e suite" time="0">
          <skipped></skipped>
      </testcase>
      <testcase name="[sig-storage] PersistentVolumes-local  [Volume type: blockfswithformat] Two pods mounting a local volume one after the other should be able to write from pod1 and read from pod2" classname="Kubernetes e2e suite" time="0">
          <skipped></skipped>
      </testcase>
      <testcase name="[sig-storage] In-tree Volumes [Driver: iscsi][Feature:Volumes] [Testpattern: Inline-volume (ext4)] volumes should be mountable" classname="Kubernetes e2e suite" time="0">
          <skipped></skipped>
      </testcase>
      <testcase name="[sig-storage] In-tree Volumes [Driver: gluster] [Testpattern: Dynamic PV (ext4)] volumes should allow exec of files on the volume" classname="Kubernetes e2e suite" time="0">
          <skipped></skipped>
      </testcase>
      <testcase name="[sig-cluster-lifecycle] Ports Security Check [Feature:KubeletSecurity] should not be able to proxy to the readonly kubelet port 10255 using proxy subresource" classname="Kubernetes e2e suite" time="0">
          <skipped></skipped>
      </testcase>
      <testcase name="[sig-storage] In-tree Volumes [Driver: local][LocalVolumeType: dir-bindmounted] [Testpattern: Dynamic PV (default fs)] subPath should fail if subpath directory is outside the volume [Slow]" classname="Kubernetes e2e suite" time="0">
          <skipped></skipped>
      </testcase>
      <testcase name="[sig-autoscaling] Cluster size autoscaling [Slow] shouldn&#39;t scale down when non expendable pod is running [Feature:ClusterSizeAutoscalingScaleDown]" classname="Kubernetes e2e suite" time="0">
          <skipped></skipped>
      </testcase>
      <testcase name="[sig-storage] In-tree Volumes [Driver: hostPath] [Testpattern: Inline-volume (ext4)] volumes should be mountable" classname="Kubernetes e2e suite" time="0">
          <skipped></skipped>
      </testcase>
      <testcase name="[sig-storage] In-tree Volumes [Driver: local][LocalVolumeType: tmpfs] [Testpattern: Inline-volume (default fs)] subPath should support restarting containers using file as subpath [Slow]" classname="Kubernetes e2e suite" time="0">
          <skipped></skipped>
      </testcase>
      <testcase name="[sig-storage] CSI Volumes [Driver: pd.csi.storage.gke.io][Feature: gcePD-external] [Testpattern: Inline-volume (xfs)] volumes should be mountable" classname="Kubernetes e2e suite" time="0">
          <skipped></skipped>
      </testcase>
      <testcase name="[sig-storage] In-tree Volumes [Driver: vSphere] [Testpattern: Pre-provisioned PV (default fs)] subPath should be able to unmount after the subpath directory is deleted" classname="Kubernetes e2e suite" time="0">
          <skipped></skipped>
      </testcase>
      <testcase name="[sig-storage] In-tree Volumes [Driver: cinder] [Testpattern: Inline-volume (default fs)] subPath should support restarting containers using directory as subpath [Slow]" classname="Kubernetes e2e suite" time="0">
          <skipped></skipped>
      </testcase>
      <testcase name="[sig-storage] CSI Volumes [Driver: pd.csi.storage.gke.io][Serial] [Testpattern: Dynamic PV (ext3)] volumes should be mountable" classname="Kubernetes e2e suite" time="0">
          <skipped></skipped>
      </testcase>
      <testcase name="[sig-storage] CSI Volumes [Driver: pd.csi.storage.gke.io][Serial] [Testpattern: Inline-volume (default fs)] subPath should be able to unmount after the subpath directory is deleted" classname="Kubernetes e2e suite" time="0">
          <skipped></skipped>
      </testcase>
      <testcase name="[sig-storage] In-tree Volumes [Driver: ceph][Feature:Volumes] [Testpattern: Inline-volume (default fs)] subPath should fail if non-existent subpath is outside the volume [Slow]" classname="Kubernetes e2e suite" time="0">
          <skipped></skipped>
      </testcase>
      <testcase name="[sig-storage] In-tree Volumes [Driver: gluster] [Testpattern: Inline-volume (default fs)] subPath should be able to unmount after the subpath directory is deleted" classname="Kubernetes e2e suite" time="0">
          <skipped></skipped>
      </testcase>
      <testcase name="[sig-storage] CSI mock volume CSI Volume expansion [Feature:ExpandCSIVolumes] should expand volume without restarting pod if nodeExpansion=off" classname="Kubernetes e2e suite" time="0">
          <skipped></skipped>
      </testcase>
      <testcase name="[sig-storage] In-tree Volumes [Driver: hostPathSymlink] [Testpattern: Dynamic PV (default fs)] subPath should verify container cannot write to subpath readonly volumes" classname="Kubernetes e2e suite" time="0">
          <skipped></skipped>
      </testcase>
      <testcase name="[sig-api-machinery] ResourceQuota [Feature:ScopeSelectors] should verify ResourceQuota with best effort scope using scope-selectors." classname="Kubernetes e2e suite" time="0">
          <skipped></skipped>
      </testcase>
      <testcase name="[sig-api-machinery] ResourceQuota should create a ResourceQuota and capture the life of a replica set." classname="Kubernetes e2e suite" time="0">
          <skipped></skipped>
      </testcase>
      <testcase name="[sig-storage] In-tree Volumes [Driver: local][LocalVolumeType: gce-localssd-scsi-fs] [Serial] [Testpattern: Inline-volume (ntfs)][sig-windows] volumes should be mountable" classname="Kubernetes e2e suite" time="0">
          <skipped></skipped>
      </testcase>
      <testcase name="[sig-storage] In-tree Volumes [Driver: gcepd] [Testpattern: Inline-volume (default fs)] subPath should support restarting containers using directory as subpath [Slow]" classname="Kubernetes e2e suite" time="0">
          <skipped></skipped>
      </testcase>
      <testcase name="[sig-storage] In-tree Volumes [Driver: aws] [Testpattern: Pre-provisioned PV (default fs)] volumeIO should write files of various sizes, verify size, validate content [Slow]" classname="Kubernetes e2e suite" time="0">
          <skipped></skipped>
      </testcase>
      <testcase name="[sig-storage] In-tree Volumes [Driver: aws] [Testpattern: Inline-volume (default fs)] subPath should support restarting containers using directory as subpath [Slow]" classname="Kubernetes e2e suite" time="0">
          <skipped></skipped>
      </testcase>
      <testcase name="[sig-storage] In-tree Volumes [Driver: local][LocalVolumeType: dir-link-bindmounted] [Testpattern: Pre-provisioned PV (default fs)] subPath should fail if subpath with backstepping is outside the volume [Slow]" classname="Kubernetes e2e suite" time="0">
          <skipped></skipped>
      </testcase>
      <testcase name="[sig-storage] In-tree Volumes [Driver: ceph][Feature:Volumes] [Testpattern: Inline-volume (ext3)] volumes should allow exec of files on the volume" classname="Kubernetes e2e suite" time="0">
          <skipped></skipped>
      </testcase>
      <testcase name="[sig-storage] In-tree Volumes [Driver: local][LocalVolumeType: dir-link] [Testpattern: Inline-volume (default fs)] subPath should support creating multiple subpath from same volumes [Slow]" classname="Kubernetes e2e suite" time="0">
          <skipped></skipped>
      </testcase>
      <testcase name="[sig-storage] In-tree Volumes [Driver: gluster] [Testpattern: Pre-provisioned PV (default fs)] subPath should support existing directory" classname="Kubernetes e2e suite" time="0">
          <skipped></skipped>
      </testcase>
      <testcase name="[sig-storage] In-tree Volumes [Driver: hostPath] [Testpattern: Pre-provisioned PV (default fs)] subPath should support readOnly directory specified in the volumeMount" classname="Kubernetes e2e suite" time="0">
          <skipped></skipped>
      </testcase>
      <testcase name="[sig-storage] In-tree Volumes [Driver: hostPath] [Testpattern: Pre-provisioned PV (default fs)] subPath should support restarting containers using directory as subpath [Slow]" classname="Kubernetes e2e suite" time="0">
          <skipped></skipped>
      </testcase>
      <testcase name="[sig-storage] Secrets should be consumable from pods in volume as non-root with defaultMode and fsGroup set [LinuxOnly] [NodeConformance] [Conformance]" classname="Kubernetes e2e suite" time="0">
          <skipped></skipped>
      </testcase>
      <testcase name="[sig-storage] In-tree Volumes [Driver: ceph][Feature:Volumes] [Testpattern: Inline-volume (default fs)] subPath should support non-existent path" classname="Kubernetes e2e suite" time="0">
          <skipped></skipped>
      </testcase>
      <testcase name="[sig-storage] PersistentVolumes-local  [Volume type: gce-localssd-scsi-fs] [Serial] One pod requesting one prebound PVC should be able to mount volume and read from pod1" classname="Kubernetes e2e suite" time="0">
          <skipped></skipped>
      </testcase>
      <testcase name="[sig-storage] In-tree Volumes [Driver: hostPath] [Testpattern: Dynamic PV (ntfs)][sig-windows] provisioning should access volume from different nodes" classname="Kubernetes e2e suite" time="0.001279722">
          <skipped></skipped>
      </testcase>
      <testcase name="[sig-storage] In-tree Volumes [Driver: nfs] [Testpattern: Pre-provisioned PV (default fs)] subPath should support creating multiple subpath from same volumes [Slow]" classname="Kubernetes e2e suite" time="0">
          <skipped></skipped>
      </testcase>
      <testcase name="[sig-storage] PersistentVolumes-local  [Volume type: block] Two pods mounting a local volume at the same time should be able to write from pod1 and read from pod2" classname="Kubernetes e2e suite" time="0">
          <skipped></skipped>
      </testcase>
      <testcase name="[sig-storage] In-tree Volumes [Driver: local][LocalVolumeType: block] [Testpattern: Inline-volume (default fs)] subPath should support file as subpath" classname="Kubernetes e2e suite" time="0">
          <skipped></skipped>
      </testcase>
      <testcase name="[sig-storage] PersistentVolumes-local  [Volume type: dir-link] One pod requesting one prebound PVC should be able to mount volume and write from pod1" classname="Kubernetes e2e suite" time="0">
          <skipped></skipped>
      </testcase>
      <testcase name="[sig-network] Loadbalancing: L7 GCE [Slow] [Feature:NEG] rolling update backend pods should not cause service disruption" classname="Kubernetes e2e suite" time="0">
          <skipped></skipped>
      </testcase>
      <testcase name="[sig-storage] In-tree Volumes [Driver: hostPath] [Testpattern: Pre-provisioned PV (ext4)] volumes should allow exec of files on the volume" classname="Kubernetes e2e suite" time="0">
          <skipped></skipped>
      </testcase>
      <testcase name="[sig-cli] Kubectl Port forwarding [k8s.io] With a server listening on 0.0.0.0 should support forwarding over websockets" classname="Kubernetes e2e suite" time="0">
          <skipped></skipped>
      </testcase>
      <testcase name="[sig-api-machinery] Watchers should observe add, update, and delete watch notifications on configmaps [Conformance]" classname="Kubernetes e2e suite" time="68.458961252"></testcase>
      <testcase name="[sig-storage] In-tree Volumes [Driver: cinder] [Testpattern: Pre-provisioned PV (ext4)] volumes should allow exec of files on the volume" classname="Kubernetes e2e suite" time="0">
          <skipped></skipped>
      </testcase>
      <testcase name="[sig-storage] In-tree Volumes [Driver: local][LocalVolumeType: dir-bindmounted] [Testpattern: Pre-provisioned PV (ntfs)][sig-windows] volumes should allow exec of files on the volume" classname="Kubernetes e2e suite" time="0.001838726">
          <skipped></skipped>
      </testcase>
      <testcase name="[sig-storage] In-tree Volumes [Driver: local][LocalVolumeType: dir-link] [Testpattern: Inline-volume (default fs)] subPath should support existing single file" classname="Kubernetes e2e suite" time="0">
          <skipped></skipped>
      </testcase>
      <testcase name="[sig-storage] In-tree Volumes [Driver: local][LocalVolumeType: dir] [Testpattern: Dynamic PV (ext3)] volumes should allow exec of files on the volume" classname="Kubernetes e2e suite" time="0">
          <skipped></skipped>
      </testcase>
      <testcase name="[sig-storage] In-tree Volumes [Driver: hostPath] [Testpattern: Dynamic PV (ntfs)][sig-windows] provisioning should allow concurrent writes on the same node" classname="Kubernetes e2e suite" time="0.001659135">
          <skipped></skipped>
      </testcase>
      <testcase name="[sig-storage] In-tree Volumes [Driver: gluster] [Testpattern: Pre-provisioned PV (filesystem volmode)] volumeMode should create sc, pod, pv, and pvc, read/write to the pv, and delete all created resources" classname="Kubernetes e2e suite" time="0">
          <skipped></skipped>
      </testcase>
      <testcase name="[sig-storage] In-tree Volumes [Driver: local][LocalVolumeType: dir-link] [Testpattern: Inline-volume (default fs)] volumes should be mountable" classname="Kubernetes e2e suite" time="0">
          <skipped></skipped>
      </testcase>
      <testcase name="[sig-storage] In-tree Volumes [Driver: iscsi][Feature:Volumes] [Testpattern: Pre-provisioned PV (default fs)] subPath should fail if subpath directory is outside the volume [Slow]" classname="Kubernetes e2e suite" time="0">
          <skipped></skipped>
      </testcase>
      <testcase name="[sig-storage] In-tree Volumes [Driver: local][LocalVolumeType: tmpfs] [Testpattern: Dynamic PV (xfs)] volumes should allow exec of files on the volume" classname="Kubernetes e2e suite" time="0">
          <skipped></skipped>
      </testcase>
      <testcase name="[sig-storage] Pod Disks schedule a pod w/ RW PD(s) mounted to 1 or more containers, write to PD, verify content, delete pod, and repeat in rapid succession [Slow] using 4 containers and 1 PDs" classname="Kubernetes e2e suite" time="0">
          <skipped></skipped>
      </testcase>
      <testcase name="[sig-storage] In-tree Volumes [Driver: aws] [Testpattern: Inline-volume (default fs)] subPath should support creating multiple subpath from same volumes [Slow]" classname="Kubernetes e2e suite" time="0">
          <skipped></skipped>
      </testcase>
      <testcase name="[sig-storage] In-tree Volumes [Driver: gcepd] [Testpattern: Dynamic PV (default fs)] subPath should verify container cannot write to subpath readonly volumes" classname="Kubernetes e2e suite" time="0">
          <skipped></skipped>
      </testcase>
      <testcase name="[sig-storage] CSI Volumes [Driver: csi-hostpath-v0] [Testpattern: Pre-provisioned PV (ntfs)][sig-windows] volumes should be mountable" classname="Kubernetes e2e suite" time="0.001637731">
          <skipped></skipped>
      </testcase>
      <testcase name="[sig-storage] In-tree Volumes [Driver: hostPath] [Testpattern: Pre-provisioned PV (default fs)] subPath should fail if subpath directory is outside the volume [Slow]" classname="Kubernetes e2e suite" time="0">
          <skipped></skipped>
      </testcase>
      <testcase name="[sig-storage] In-tree Volumes [Driver: ceph][Feature:Volumes] [Testpattern: Inline-volume (default fs)] subPath should support existing directory" classname="Kubernetes e2e suite" time="0">
          <skipped></skipped>
      </testcase>
      <testcase name="[sig-storage] In-tree Volumes [Driver: local][LocalVolumeType: tmpfs] [Testpattern: Dynamic PV (ext3)] volumes should be mountable" classname="Kubernetes e2e suite" time="0">
          <skipped></skipped>
      </testcase>
      <testcase name="[sig-storage] In-tree Volumes [Driver: gluster] [Testpattern: Inline-volume (ext3)] volumes should allow exec of files on the volume" classname="Kubernetes e2e suite" time="0">
          <skipped></skipped>
      </testcase>
      <testcase name="[sig-storage] In-tree Volumes [Driver: emptydir] [Testpattern: Dynamic PV (ntfs)][sig-windows] volumes should allow exec of files on the volume" classname="Kubernetes e2e suite" time="0.001639332">
          <skipped></skipped>
      </testcase>
      <testcase name="[sig-storage] In-tree Volumes [Driver: aws] [Testpattern: Inline-volume (ext4)] volumes should allow exec of files on the volume" classname="Kubernetes e2e suite" time="0">
          <skipped></skipped>
      </testcase>
      <testcase name="[sig-storage] CSI Volumes [Driver: csi-hostpath-v0] [Testpattern: Pre-provisioned PV (default fs)] subPath should support restarting containers using directory as subpath [Slow]" classname="Kubernetes e2e suite" time="0">
          <skipped></skipped>
      </testcase>
      <testcase name="[sig-storage] In-tree Volumes [Driver: local][LocalVolumeType: blockfs] [Testpattern: Dynamic PV (default fs)] subPath should unmount if pod is gracefully deleted while kubelet is down [Disruptive][Slow]" classname="Kubernetes e2e suite" time="0">
          <skipped></skipped>
      </testcase>
      <testcase name="[sig-storage] CSI Volumes [Driver: pd.csi.storage.gke.io][Serial] [Testpattern: Dynamic PV (ext4)] volumes should be mountable" classname="Kubernetes e2e suite" time="0">
          <skipped></skipped>
      </testcase>
      <testcase name="[sig-storage] In-tree Volumes [Driver: local][LocalVolumeType: block] [Testpattern: Pre-provisioned PV (default fs)] subPath should support readOnly file specified in the volumeMount" classname="Kubernetes e2e suite" time="0">
          <skipped></skipped>
      </testcase>
      <testcase name="[sig-storage] In-tree Volumes [Driver: hostPathSymlink] [Testpattern: Dynamic PV (default fs)] provisioning should provision storage with mount options" classname="Kubernetes e2e suite" time="0">
          <skipped></skipped>
      </testcase>
      <testcase name="[sig-storage] In-tree Volumes [Driver: gluster] [Testpattern: Dynamic PV (default fs)] provisioning should provision storage with snapshot data source [Feature:VolumeSnapshotDataSource]" classname="Kubernetes e2e suite" time="0">
          <skipped></skipped>
      </testcase>
      <testcase name="[sig-storage] In-tree Volumes [Driver: iscsi][Feature:Volumes] [Testpattern: Inline-volume (ntfs)][sig-windows] volumes should allow exec of files on the volume" classname="Kubernetes e2e suite" time="0">
          <skipped></skipped>
      </testcase>
      <testcase name="[sig-storage] In-tree Volumes [Driver: cinder] [Testpattern: Inline-volume (ext4)] volumes should be mountable" classname="Kubernetes e2e suite" time="0">
          <skipped></skipped>
      </testcase>
      <testcase name="[sig-storage] In-tree Volumes [Driver: gluster] [Testpattern: Inline-volume (default fs)] subPath should support non-existent path" classname="Kubernetes e2e suite" time="0">
          <skipped></skipped>
      </testcase>
      <testcase name="[sig-storage] Storage Policy Based Volume Provisioning [Feature:vsphere] verify VSAN storage capability with valid diskStripes and objectSpaceReservation values and a VSAN datastore is honored for dynamically provisioned pvc using storageclass" classname="Kubernetes e2e suite" time="0">
          <skipped></skipped>
      </testcase>
      <testcase name="[k8s.io] InitContainer [NodeConformance] should invoke init containers on a RestartAlways pod [Conformance]" classname="Kubernetes e2e suite" time="44.321464435"></testcase>
      <testcase name="[sig-storage] In-tree Volumes [Driver: aws] [Testpattern: Dynamic PV (default fs)] provisioning should provision storage with defaults" classname="Kubernetes e2e suite" time="0">
          <skipped></skipped>
      </testcase>
      <testcase name="[sig-storage] In-tree Volumes [Driver: emptydir] [Testpattern: Dynamic PV (default fs)] subPath should support existing directories when readOnly specified in the volumeSource" classname="Kubernetes e2e suite" time="0">
          <skipped></skipped>
      </testcase>
      <testcase name="[sig-storage] In-tree Volumes [Driver: hostPath] [Testpattern: Pre-provisioned PV (xfs)] volumes should be mountable" classname="Kubernetes e2e suite" time="0">
          <skipped></skipped>
      </testcase>
      <testcase name="[sig-storage] In-tree Volumes [Driver: azure] [Testpattern: Inline-volume (default fs)] subPath should support existing single file" classname="Kubernetes e2e suite" time="0">
          <skipped></skipped>
      </testcase>
      <testcase name="[sig-cli] Kubectl client [k8s.io] Update Demo should do a rolling update of a replication controller  [Conformance]" classname="Kubernetes e2e suite" time="129.703372378"></testcase>
      <testcase name="[sig-storage] Projected configMap should be consumable from pods in volume with mappings as non-root [LinuxOnly] [NodeConformance] [Conformance]" classname="Kubernetes e2e suite" time="0">
          <skipped></skipped>
      </testcase>
      <testcase name="[sig-api-machinery] Namespaces [Serial] should ensure that all pods are removed when a namespace is deleted [Conformance]" classname="Kubernetes e2e suite" time="0">
          <skipped></skipped>
      </testcase>
      <testcase name="[sig-api-machinery] Etcd failure [Disruptive] should recover from network partition with master" classname="Kubernetes e2e suite" time="0">
          <skipped></skipped>
      </testcase>
      <testcase name="[sig-cli] Kubectl client [k8s.io] Simple pod should return command exit codes" classname="Kubernetes e2e suite" time="0">
          <skipped></skipped>
      </testcase>
      <testcase name="[sig-storage] In-tree Volumes [Driver: azure] [Testpattern: Dynamic PV (default fs)] subPath should unmount if pod is gracefully deleted while kubelet is down [Disruptive][Slow]" classname="Kubernetes e2e suite" time="0">
          <skipped></skipped>
      </testcase>
      <testcase name="[sig-storage] Downward API volume should provide container&#39;s cpu request [NodeConformance] [Conformance]" classname="Kubernetes e2e suite" time="22.694602357"></testcase>
      <testcase name="[sig-storage] In-tree Volumes [Driver: cinder] [Testpattern: Pre-provisioned PV (ntfs)][sig-windows] volumes should allow exec of files on the volume" classname="Kubernetes e2e suite" time="0.001936977">
          <skipped></skipped>
      </testcase>
      <testcase name="[sig-storage] In-tree Volumes [Driver: rbd][Feature:Volumes] [Testpattern: Pre-provisioned PV (default fs)] volumes should be mountable" classname="Kubernetes e2e suite" time="0">
          <skipped></skipped>
      </testcase>
      <testcase name="[sig-storage] In-tree Volumes [Driver: local][LocalVolumeType: block] [Testpattern: Inline-volume (ext4)] volumes should be mountable" classname="Kubernetes e2e suite" time="0">
          <skipped></skipped>
      </testcase>
      <testcase name="[sig-storage] CSI Volumes [Driver: csi-hostpath] [Testpattern: Pre-provisioned PV (default fs)] subPath should unmount if pod is gracefully deleted while kubelet is down [Disruptive][Slow]" classname="Kubernetes e2e suite" time="0">
          <skipped></skipped>
      </testcase>
      <testcase name="[sig-storage] CSI Volumes [Driver: pd.csi.storage.gke.io][Serial] [Testpattern: Inline-volume (default fs)] subPath should support existing single file" classname="Kubernetes e2e suite" time="0">
          <skipped></skipped>
      </testcase>
      <testcase name="[sig-storage] In-tree Volumes [Driver: cinder] [Testpattern: Pre-provisioned PV (default fs)] subPath should support existing single file" classname="Kubernetes e2e suite" time="0">
          <skipped></skipped>
      </testcase>
      <testcase name="[k8s.io] InitContainer [NodeConformance] should invoke init containers on a RestartNever pod [Conformance]" classname="Kubernetes e2e suite" time="21.7190237"></testcase>
      <testcase name="[sig-storage] In-tree Volumes [Driver: local][LocalVolumeType: gce-localssd-scsi-fs] [Serial] [Testpattern: Inline-volume (ext3)] volumes should allow exec of files on the volume" classname="Kubernetes e2e suite" time="0">
          <skipped></skipped>
      </testcase>
      <testcase name="[sig-storage] In-tree Volumes [Driver: local][LocalVolumeType: blockfs] [Testpattern: Inline-volume (default fs)] subPath should be able to unmount after the subpath directory is deleted" classname="Kubernetes e2e suite" time="0">
          <skipped></skipped>
      </testcase>
      <testcase name="[sig-storage] CSI Volumes [Driver: csi-hostpath] [Testpattern: Inline-volume (default fs)] subPath should fail if subpath directory is outside the volume [Slow]" classname="Kubernetes e2e suite" time="0">
          <skipped></skipped>
      </testcase>
      <testcase name="[sig-storage] In-tree Volumes [Driver: aws] [Testpattern: Dynamic PV (default fs)] subPath should support file as subpath" classname="Kubernetes e2e suite" time="0">
          <skipped></skipped>
      </testcase>
      <testcase name="[sig-storage] CSI Volumes [Driver: csi-hostpath] [Testpattern: Pre-provisioned PV (default fs)] subPath should unmount if pod is force deleted while kubelet is down [Disruptive][Slow]" classname="Kubernetes e2e suite" time="0">
          <skipped></skipped>
      </testcase>
      <testcase name="[sig-storage] In-tree Volumes [Driver: azure] [Testpattern: Dynamic PV (default fs)] subPath should verify container cannot write to subpath readonly volumes" classname="Kubernetes e2e suite" time="0">
          <skipped></skipped>
      </testcase>
      <testcase name="[sig-storage] In-tree Volumes [Driver: nfs] [Testpattern: Pre-provisioned PV (default fs)] subPath should fail if subpath directory is outside the volume [Slow]" classname="Kubernetes e2e suite" time="0">
          <skipped></skipped>
      </testcase>
      <testcase name="[sig-storage] In-tree Volumes [Driver: gluster] [Testpattern: Pre-provisioned PV (xfs)] volumes should allow exec of files on the volume" classname="Kubernetes e2e suite" time="0">
          <skipped></skipped>
      </testcase>
      <testcase name="[sig-storage] In-tree Volumes [Driver: cinder] [Testpattern: Inline-volume (ntfs)][sig-windows] volumes should allow exec of files on the volume" classname="Kubernetes e2e suite" time="0.001779713">
          <skipped></skipped>
      </testcase>
      <testcase name="[sig-storage] In-tree Volumes [Driver: azure] [Testpattern: Pre-provisioned PV (ntfs)][sig-windows] volumes should allow exec of files on the volume" classname="Kubernetes e2e suite" time="0.001901191">
          <skipped></skipped>
      </testcase>
      <testcase name="[sig-storage] In-tree Volumes [Driver: local][LocalVolumeType: block] [Testpattern: Dynamic PV (default fs)] subPath should be able to unmount after the subpath directory is deleted" classname="Kubernetes e2e suite" time="0">
          <skipped></skipped>
      </testcase>
      <testcase name="[sig-storage] In-tree Volumes [Driver: local][LocalVolumeType: dir-bindmounted] [Testpattern: Dynamic PV (default fs)] provisioning should provision storage with defaults" classname="Kubernetes e2e suite" time="0">
          <skipped></skipped>
      </testcase>
      <testcase name="[sig-storage] In-tree Volumes [Driver: local][LocalVolumeType: dir-bindmounted] [Testpattern: Inline-volume (ntfs)][sig-windows] volumes should be mountable" classname="Kubernetes e2e suite" time="0.001332638">
          <skipped></skipped>
      </testcase>
      <testcase name="[sig-storage] CSI Volumes [Driver: pd.csi.storage.gke.io][Serial] [Testpattern: Inline-volume (default fs)] subPath should unmount if pod is force deleted while kubelet is down [Disruptive][Slow]" classname="Kubernetes e2e suite" time="0">
          <skipped></skipped>
      </testcase>
      <testcase name="[sig-storage] In-tree Volumes [Driver: azure] [Testpattern: Dynamic PV (xfs)] volumes should be mountable" classname="Kubernetes e2e suite" time="0">
          <skipped></skipped>
      </testcase>
      <testcase name="[sig-storage] In-tree Volumes [Driver: iscsi][Feature:Volumes] [Testpattern: Pre-provisioned PV (ext4)] volumes should allow exec of files on the volume" classname="Kubernetes e2e suite" time="0">
          <skipped></skipped>
      </testcase>
      <testcase name="[sig-storage] In-tree Volumes [Driver: iscsi][Feature:Volumes] [Testpattern: Dynamic PV (default fs)] provisioning should access volume from different nodes" classname="Kubernetes e2e suite" time="0">
          <skipped></skipped>
      </testcase>
      <testcase name="[sig-storage] In-tree Volumes [Driver: gcepd] [Testpattern: Inline-volume (ext4)] volumes should allow exec of files on the volume" classname="Kubernetes e2e suite" time="0">
          <skipped></skipped>
      </testcase>
      <testcase name="[sig-storage] In-tree Volumes [Driver: ceph][Feature:Volumes] [Testpattern: Pre-provisioned PV (default fs)] subPath should support restarting containers using directory as subpath [Slow]" classname="Kubernetes e2e suite" time="0">
          <skipped></skipped>
      </testcase>
      <testcase name="[sig-storage] CSI Volumes [Driver: csi-hostpath] [Testpattern: Pre-provisioned PV (ext3)] volumes should be mountable" classname="Kubernetes e2e suite" time="0">
          <skipped></skipped>
      </testcase>
      <testcase name="[sig-storage] Volume FStype [Feature:vsphere] verify fstype - default value should be ext4" classname="Kubernetes e2e suite" time="0">
          <skipped></skipped>
      </testcase>
      <testcase name="[sig-storage] Dynamic Provisioning DynamicProvisioner [Slow] deletion should be idempotent" classname="Kubernetes e2e suite" time="0">
          <skipped></skipped>
      </testcase>
      <testcase name="[sig-storage] In-tree Volumes [Driver: gluster] [Testpattern: Pre-provisioned PV (default fs)] volumes should be mountable" classname="Kubernetes e2e suite" time="0">
          <skipped></skipped>
      </testcase>
      <testcase name="[sig-storage] In-tree Volumes [Driver: local][LocalVolumeType: tmpfs] [Testpattern: Pre-provisioned PV (ext3)] volumes should be mountable" classname="Kubernetes e2e suite" time="0">
          <skipped></skipped>
      </testcase>
      <testcase name="[sig-storage] In-tree Volumes [Driver: rbd][Feature:Volumes] [Testpattern: Pre-provisioned PV (ext3)] volumes should be mountable" classname="Kubernetes e2e suite" time="0">
          <skipped></skipped>
      </testcase>
      <testcase name="[sig-storage] In-tree Volumes [Driver: local][LocalVolumeType: dir-link] [Testpattern: Inline-volume (xfs)] volumes should allow exec of files on the volume" classname="Kubernetes e2e suite" time="0">
          <skipped></skipped>
      </testcase>
      <testcase name="[sig-storage] In-tree Volumes [Driver: azure] [Testpattern: Dynamic PV (default fs)] provisioning should access volume from different nodes" classname="Kubernetes e2e suite" time="0">
          <skipped></skipped>
      </testcase>
      <testcase name="[sig-scalability] Load capacity [Feature:ManualPerformance] should be able to handle 30 pods per node Deployment.extensions with 2 secrets, 0 configmaps and 0 daemons" classname="Kubernetes e2e suite" time="0">
          <skipped></skipped>
      </testcase>
      <testcase name="[sig-storage] In-tree Volumes [Driver: local][LocalVolumeType: dir-link-bindmounted] [Testpattern: Pre-provisioned PV (ext3)] volumes should be mountable" classname="Kubernetes e2e suite" time="0">
          <skipped></skipped>
      </testcase>
      <testcase name="[sig-storage] In-tree Volumes [Driver: local][LocalVolumeType: dir-link-bindmounted] [Testpattern: Dynamic PV (default fs)] subPath should support restarting containers using file as subpath [Slow]" classname="Kubernetes e2e suite" time="0">
          <skipped></skipped>
      </testcase>
      <testcase name="[sig-storage] In-tree Volumes [Driver: hostPathSymlink] [Testpattern: Dynamic PV (default fs)] volumes should allow exec of files on the volume" classname="Kubernetes e2e suite" time="0">
          <skipped></skipped>
      </testcase>
      <testcase name="[sig-storage] In-tree Volumes [Driver: vSphere] [Testpattern: Inline-volume (ext4)] volumes should be mountable" classname="Kubernetes e2e suite" time="0">
          <skipped></skipped>
      </testcase>
      <testcase name="[sig-storage] CSI Volumes [Driver: csi-hostpath-v0] [Testpattern: Inline-volume (default fs)] subPath should fail if subpath file is outside the volume [Slow]" classname="Kubernetes e2e suite" time="0">
          <skipped></skipped>
      </testcase>
      <testcase name="[sig-scheduling] SchedulerPredicates [Serial] validates that NodeSelector is respected if not matching  [Conformance]" classname="Kubernetes e2e suite" time="0">
          <skipped></skipped>
      </testcase>
      <testcase name="[sig-storage] CSI Volumes [Driver: csi-hostpath-v0] [Testpattern: Dynamic PV (ntfs)][sig-windows] provisioning should provision storage with defaults" classname="Kubernetes e2e suite" time="0.001308955">
          <skipped></skipped>
      </testcase>
      <testcase name="[sig-storage] In-tree Volumes [Driver: emptydir] [Testpattern: Inline-volume (default fs)] subPath should support creating multiple subpath from same volumes [Slow]" classname="Kubernetes e2e suite" time="0">
          <skipped></skipped>
      </testcase>
      <testcase name="[sig-storage] CSI Volumes [Driver: csi-hostpath-v0] [Testpattern: Dynamic PV (default fs)] subPath should support non-existent path" classname="Kubernetes e2e suite" time="0">
          <skipped></skipped>
      </testcase>
      <testcase name="[sig-storage] In-tree Volumes [Driver: local][LocalVolumeType: dir-link-bindmounted] [Testpattern: Pre-provisioned PV (default fs)] subPath should unmount if pod is force deleted while kubelet is down [Disruptive][Slow]" classname="Kubernetes e2e suite" time="0">
          <skipped></skipped>
      </testcase>
      <testcase name="[sig-storage] CSI Volumes [Driver: pd.csi.storage.gke.io][Feature: gcePD-external] [Testpattern: Inline-volume (ext3)] volumes should allow exec of files on the volume" classname="Kubernetes e2e suite" time="0">
          <skipped></skipped>
      </testcase>
      <testcase name="[sig-storage] In-tree Volumes [Driver: iscsi][Feature:Volumes] [Testpattern: Dynamic PV (default fs)] subPath should fail if non-existent subpath is outside the volume [Slow]" classname="Kubernetes e2e suite" time="0">
          <skipped></skipped>
      </testcase>
      <testcase name="[sig-storage] In-tree Volumes [Driver: rbd][Feature:Volumes] [Testpattern: Dynamic PV (xfs)] volumes should be mountable" classname="Kubernetes e2e suite" time="0">
          <skipped></skipped>
      </testcase>
      <testcase name="[k8s.io] [sig-node] AppArmor load AppArmor profiles can disable an AppArmor profile, using unconfined" classname="Kubernetes e2e suite" time="0">
          <skipped></skipped>
      </testcase>
      <testcase name="[sig-storage] PersistentVolumes-local  [Volume type: dir] Two pods mounting a local volume one after the other should be able to write from pod1 and read from pod2" classname="Kubernetes e2e suite" time="0">
          <skipped></skipped>
      </testcase>
      <testcase name="[sig-storage] PersistentVolumes-local  [Volume type: tmpfs] Set fsGroup for local volume should set same fsGroup for two pods simultaneously" classname="Kubernetes e2e suite" time="0">
          <skipped></skipped>
      </testcase>
      <testcase name="[sig-scalability] Density [Feature:ManualPerformance] should allow starting 30 pods per node using ReplicationController with 0 secrets, 0 configmaps, 0 token projections, and 2 daemons" classname="Kubernetes e2e suite" time="0">
          <skipped></skipped>
      </testcase>
      <testcase name="[sig-storage] In-tree Volumes [Driver: gluster] [Testpattern: Pre-provisioned PV (ext3)] volumes should allow exec of files on the volume" classname="Kubernetes e2e suite" time="0">
          <skipped></skipped>
      </testcase>
      <testcase name="[sig-storage] In-tree Volumes [Driver: cinder] [Testpattern: Pre-provisioned PV (default fs)] subPath should fail if subpath with backstepping is outside the volume [Slow]" classname="Kubernetes e2e suite" time="0">
          <skipped></skipped>
      </testcase>
      <testcase name="[sig-storage] In-tree Volumes [Driver: ceph][Feature:Volumes] [Testpattern: Pre-provisioned PV (default fs)] subPath should unmount if pod is force deleted while kubelet is down [Disruptive][Slow]" classname="Kubernetes e2e suite" time="0">
          <skipped></skipped>
      </testcase>
      <testcase name="[sig-storage] In-tree Volumes [Driver: local][LocalVolumeType: dir-bindmounted] [Testpattern: Dynamic PV (filesystem volmode)] volumeMode should create sc, pod, pv, and pvc, read/write to the pv, and delete all created resources" classname="Kubernetes e2e suite" time="0">
          <skipped></skipped>
      </testcase>
      <testcase name="[sig-storage] In-tree Volumes [Driver: local][LocalVolumeType: gce-localssd-scsi-fs] [Serial] [Testpattern: Dynamic PV (default fs)] subPath should be able to unmount after the subpath directory is deleted" classname="Kubernetes e2e suite" time="0">
          <skipped></skipped>
      </testcase>
      <testcase name="[sig-storage] CSI Volumes [Driver: csi-hostpath] [Testpattern: Inline-volume (default fs)] subPath should support readOnly file specified in the volumeMount" classname="Kubernetes e2e suite" time="0">
          <skipped></skipped>
      </testcase>
      <testcase name="[sig-storage] In-tree Volumes [Driver: nfs] [Testpattern: Dynamic PV (block volmode)] volumeMode should fail in binding dynamic provisioned PV to PVC" classname="Kubernetes e2e suite" time="0">
          <skipped></skipped>
      </testcase>
      <testcase name="[sig-storage] In-tree Volumes [Driver: ceph][Feature:Volumes] [Testpattern: Inline-volume (default fs)] subPath should unmount if pod is force deleted while kubelet is down [Disruptive][Slow]" classname="Kubernetes e2e suite" time="0">
          <skipped></skipped>
      </testcase>
      <testcase name="[sig-windows] Services should be able to create a functioning NodePort service for Windows" classname="Kubernetes e2e suite" time="52.757738758"></testcase>
      <testcase name="[sig-storage] In-tree Volumes [Driver: local][LocalVolumeType: dir-link-bindmounted] [Testpattern: Inline-volume (default fs)] subPath should fail if subpath directory is outside the volume [Slow]" classname="Kubernetes e2e suite" time="0">
          <skipped></skipped>
      </testcase>
      <testcase name="[sig-storage] Projected downwardAPI should set mode on item file [LinuxOnly] [NodeConformance] [Conformance]" classname="Kubernetes e2e suite" time="0">
          <skipped></skipped>
      </testcase>
      <testcase name="[sig-storage] CSI Volumes [Driver: csi-hostpath-v0] [Testpattern: Dynamic PV (default fs)] provisioning should access volume from different nodes" classname="Kubernetes e2e suite" time="0">
          <skipped></skipped>
      </testcase>
      <testcase name="[sig-storage] In-tree Volumes [Driver: local][LocalVolumeType: dir-bindmounted] [Testpattern: Dynamic PV (default fs)] subPath should support existing directory" classname="Kubernetes e2e suite" time="0">
          <skipped></skipped>
      </testcase>
      <testcase name="[sig-storage] In-tree Volumes [Driver: local][LocalVolumeType: dir] [Testpattern: Dynamic PV (default fs)] subPath should fail if subpath file is outside the volume [Slow]" classname="Kubernetes e2e suite" time="0">
          <skipped></skipped>
      </testcase>
      <testcase name="[sig-storage] In-tree Volumes [Driver: aws] [Testpattern: Dynamic PV (default fs)] volumes should allow exec of files on the volume" classname="Kubernetes e2e suite" time="0">
          <skipped></skipped>
      </testcase>
      <testcase name="[sig-storage] In-tree Volumes [Driver: local][LocalVolumeType: blockfs] [Testpattern: Inline-volume (default fs)] subPath should fail if subpath directory is outside the volume [Slow]" classname="Kubernetes e2e suite" time="0">
          <skipped></skipped>
      </testcase>
      <testcase name="[sig-storage] In-tree Volumes [Driver: local][LocalVolumeType: dir-bindmounted] [Testpattern: Dynamic PV (xfs)] volumes should allow exec of files on the volume" classname="Kubernetes e2e suite" time="0">
          <skipped></skipped>
      </testcase>
      <testcase name="[sig-storage] In-tree Volumes [Driver: aws] [Testpattern: Dynamic PV (default fs)] provisioning should provision storage with mount options" classname="Kubernetes e2e suite" time="0">
          <skipped></skipped>
      </testcase>
      <testcase name="[sig-storage] In-tree Volumes [Driver: gcepd] [Testpattern: Pre-provisioned PV (default fs)] volumes should be mountable" classname="Kubernetes e2e suite" time="0">
          <skipped></skipped>
      </testcase>
      <testcase name="[sig-storage] CSI Volumes [Driver: csi-hostpath-v0] [Testpattern: Pre-provisioned PV (default fs)] subPath should fail if subpath file is outside the volume [Slow]" classname="Kubernetes e2e suite" time="0">
          <skipped></skipped>
      </testcase>
      <testcase name="[sig-storage] In-tree Volumes [Driver: vSphere] [Testpattern: Dynamic PV (default fs)] subPath should support file as subpath" classname="Kubernetes e2e suite" time="0">
          <skipped></skipped>
      </testcase>
      <testcase name="[sig-storage] In-tree Volumes [Driver: rbd][Feature:Volumes] [Testpattern: Pre-provisioned PV (default fs)] subPath should support non-existent path" classname="Kubernetes e2e suite" time="0">
          <skipped></skipped>
      </testcase>
      <testcase name="[sig-storage] In-tree Volumes [Driver: local][LocalVolumeType: dir-bindmounted] [Testpattern: Inline-volume (default fs)] subPath should fail if subpath directory is outside the volume [Slow]" classname="Kubernetes e2e suite" time="0">
          <skipped></skipped>
      </testcase>
      <testcase name="[sig-storage] In-tree Volumes [Driver: emptydir] [Testpattern: Pre-provisioned PV (default fs)] subPath should be able to unmount after the subpath directory is deleted" classname="Kubernetes e2e suite" time="0">
          <skipped></skipped>
      </testcase>
      <testcase name="[sig-storage] In-tree Volumes [Driver: nfs] [Testpattern: Inline-volume (default fs)] subPath should fail if non-existent subpath is outside the volume [Slow]" classname="Kubernetes e2e suite" time="0">
          <skipped></skipped>
      </testcase>
      <testcase name="[k8s.io] Variable Expansion should not change the subpath mount on a container restart if the environment variable changes [Feature:VolumeSubpathEnvExpansion][NodeAlphaFeature:VolumeSubpathEnvExpansion][Slow]" classname="Kubernetes e2e suite" time="0">
          <skipped></skipped>
      </testcase>
      <testcase name="[sig-storage] In-tree Volumes [Driver: ceph][Feature:Volumes] [Testpattern: Inline-volume (xfs)] volumes should be mountable" classname="Kubernetes e2e suite" time="0">
          <skipped></skipped>
      </testcase>
      <testcase name="[sig-storage] In-tree Volumes [Driver: vSphere] [Testpattern: Inline-volume (default fs)] subPath should support existing directory" classname="Kubernetes e2e suite" time="0">
          <skipped></skipped>
      </testcase>
      <testcase name="[sig-storage] CSI Volumes [Driver: pd.csi.storage.gke.io][Feature: gcePD-external] [Testpattern: Dynamic PV (default fs)] subPath should be able to unmount after the subpath directory is deleted" classname="Kubernetes e2e suite" time="0">
          <skipped></skipped>
      </testcase>
      <testcase name="[sig-storage] PersistentVolumes-local  [Volume type: blockfswithformat] Set fsGroup for local volume should set different fsGroup for second pod if first pod is deleted" classname="Kubernetes e2e suite" time="0">
          <skipped></skipped>
      </testcase>
      <testcase name="[sig-storage] In-tree Volumes [Driver: gluster] [Testpattern: Dynamic PV (ntfs)][sig-windows] provisioning should provision storage with snapshot data source [Feature:VolumeSnapshotDataSource]" classname="Kubernetes e2e suite" time="0">
          <skipped></skipped>
      </testcase>
      <testcase name="[sig-storage] In-tree Volumes [Driver: local][LocalVolumeType: dir-link-bindmounted] [Testpattern: Pre-provisioned PV (default fs)] volumes should be mountable" classname="Kubernetes e2e suite" time="0">
          <skipped></skipped>
      </testcase>
      <testcase name="[sig-storage] In-tree Volumes [Driver: local][LocalVolumeType: dir-link-bindmounted] [Testpattern: Inline-volume (default fs)] subPath should support readOnly directory specified in the volumeMount" classname="Kubernetes e2e suite" time="0">
          <skipped></skipped>
      </testcase>
      <testcase name="[sig-autoscaling] Cluster size autoscaling [Slow] shouldn&#39;t increase cluster size if pending pod is too large [Feature:ClusterSizeAutoscalingScaleUp]" classname="Kubernetes e2e suite" time="0">
          <skipped></skipped>
      </testcase>
      <testcase name="[sig-storage] ConfigMap should be consumable from pods in volume [NodeConformance] [Conformance]" classname="Kubernetes e2e suite" time="24.927746083"></testcase>
      <testcase name="[sig-storage] In-tree Volumes [Driver: local][LocalVolumeType: tmpfs] [Testpattern: Inline-volume (default fs)] volumes should allow exec of files on the volume" classname="Kubernetes e2e suite" time="0">
          <skipped></skipped>
      </testcase>
      <testcase name="[k8s.io] Container Runtime blackbox test on terminated container should report termination message [LinuxOnly] from log output if TerminationMessagePolicy FallbackToLogsOnError is set [NodeConformance]" classname="Kubernetes e2e suite" time="0">
          <skipped></skipped>
      </testcase>
      <testcase name="[sig-storage] PersistentVolumes-local  [Volume type: dir-link] Two pods mounting a local volume one after the other should be able to write from pod1 and read from pod2" classname="Kubernetes e2e suite" time="0">
          <skipped></skipped>
      </testcase>
      <testcase name="[sig-node] ConfigMap should be consumable via the environment [NodeConformance] [Conformance]" classname="Kubernetes e2e suite" time="20.642347664"></testcase>
      <testcase name="[sig-storage] In-tree Volumes [Driver: nfs] [Testpattern: Inline-volume (default fs)] subPath should support file as subpath" classname="Kubernetes e2e suite" time="0">
          <skipped></skipped>
      </testcase>
      <testcase name="[sig-storage] In-tree Volumes [Driver: local][LocalVolumeType: blockfs] [Testpattern: Inline-volume (default fs)] subPath should support readOnly file specified in the volumeMount" classname="Kubernetes e2e suite" time="0">
          <skipped></skipped>
      </testcase>
      <testcase name="[sig-storage] In-tree Volumes [Driver: nfs] [Testpattern: Inline-volume (default fs)] volumes should be mountable" classname="Kubernetes e2e suite" time="0">
          <skipped></skipped>
      </testcase>
      <testcase name="[sig-storage] In-tree Volumes [Driver: iscsi][Feature:Volumes] [Testpattern: Dynamic PV (default fs)] subPath should support existing single file" classname="Kubernetes e2e suite" time="0">
          <skipped></skipped>
      </testcase>
      <testcase name="[sig-storage] In-tree Volumes [Driver: aws] [Testpattern: Pre-provisioned PV (filesystem volmode)] volumeMode should create sc, pod, pv, and pvc, read/write to the pv, and delete all created resources" classname="Kubernetes e2e suite" time="0">
          <skipped></skipped>
      </testcase>
      <testcase name="[sig-storage] In-tree Volumes [Driver: local][LocalVolumeType: blockfs] [Testpattern: Pre-provisioned PV (default fs)] subPath should support readOnly directory specified in the volumeMount" classname="Kubernetes e2e suite" time="0">
          <skipped></skipped>
      </testcase>
      <testcase name="[sig-storage] In-tree Volumes [Driver: cinder] [Testpattern: Dynamic PV (default fs)] subPath should unmount if pod is gracefully deleted while kubelet is down [Disruptive][Slow]" classname="Kubernetes e2e suite" time="0">
          <skipped></skipped>
      </testcase>
      <testcase name="[sig-storage] In-tree Volumes [Driver: local][LocalVolumeType: gce-localssd-scsi-fs] [Serial] [Testpattern: Dynamic PV (default fs)] subPath should fail if subpath with backstepping is outside the volume [Slow]" classname="Kubernetes e2e suite" time="0">
          <skipped></skipped>
      </testcase>
      <testcase name="[sig-storage] In-tree Volumes [Driver: gcepd] [Testpattern: Inline-volume (ext3)] volumes should be mountable" classname="Kubernetes e2e suite" time="0">
          <skipped></skipped>
      </testcase>
      <testcase name="[sig-storage] In-tree Volumes [Driver: hostPathSymlink] [Testpattern: Dynamic PV (default fs)] subPath should fail if subpath with backstepping is outside the volume [Slow]" classname="Kubernetes e2e suite" time="0">
          <skipped></skipped>
      </testcase>
      <testcase name="[sig-storage] In-tree Volumes [Driver: local][LocalVolumeType: block] [Testpattern: Pre-provisioned PV (default fs)] volumeIO should write files of various sizes, verify size, validate content [Slow]" classname="Kubernetes e2e suite" time="0">
          <skipped></skipped>
      </testcase>
      <testcase name="[sig-storage] In-tree Volumes [Driver: iscsi][Feature:Volumes] [Testpattern: Inline-volume (default fs)] volumes should allow exec of files on the volume" classname="Kubernetes e2e suite" time="0">
          <skipped></skipped>
      </testcase>
      <testcase name="[sig-storage] In-tree Volumes [Driver: gluster] [Testpattern: Dynamic PV (ext4)] volumes should be mountable" classname="Kubernetes e2e suite" time="0">
          <skipped></skipped>
      </testcase>
      <testcase name="[sig-storage] CSI Volumes [Driver: csi-hostpath] [Testpattern: Dynamic PV (ext3)] volumes should be mountable" classname="Kubernetes e2e suite" time="0">
          <skipped></skipped>
      </testcase>
      <testcase name="[sig-storage] PersistentVolumes NFS with multiple PVs and PVCs all in same ns should create 3 PVs and 3 PVCs: test write access" classname="Kubernetes e2e suite" time="0">
          <skipped></skipped>
      </testcase>
      <testcase name="[sig-storage] In-tree Volumes [Driver: local][LocalVolumeType: dir-bindmounted] [Testpattern: Inline-volume (default fs)] subPath should support existing directory" classname="Kubernetes e2e suite" time="0">
          <skipped></skipped>
      </testcase>
      <testcase name="[sig-storage] In-tree Volumes [Driver: nfs] [Testpattern: Pre-provisioned PV (default fs)] volumes should allow exec of files on the volume" classname="Kubernetes e2e suite" time="0">
          <skipped></skipped>
      </testcase>
      <testcase name="[sig-storage] In-tree Volumes [Driver: azure] [Testpattern: Inline-volume (default fs)] subPath should support readOnly directory specified in the volumeMount" classname="Kubernetes e2e suite" time="0">
          <skipped></skipped>
      </testcase>
      <testcase name="[sig-storage] CSI Volumes [Driver: csi-hostpath-v0] [Testpattern: Pre-provisioned PV (xfs)] volumes should allow exec of files on the volume" classname="Kubernetes e2e suite" time="0">
          <skipped></skipped>
      </testcase>
      <testcase name="[sig-storage] Dynamic Provisioning DynamicProvisioner Default should be disabled by changing the default annotation [Serial] [Disruptive]" classname="Kubernetes e2e suite" time="0">
          <skipped></skipped>
      </testcase>
      <testcase name="[sig-storage] CSI Volumes [Driver: pd.csi.storage.gke.io][Feature: gcePD-external] [Testpattern: Pre-provisioned PV (block volmode)] volumeMode should fail to create pod by failing to mount volume" classname="Kubernetes e2e suite" time="0">
          <skipped></skipped>
      </testcase>
      <testcase name="[sig-storage] In-tree Volumes [Driver: emptydir] [Testpattern: Pre-provisioned PV (default fs)] subPath should unmount if pod is force deleted while kubelet is down [Disruptive][Slow]" classname="Kubernetes e2e suite" time="0">
          <skipped></skipped>
      </testcase>
      <testcase name="[sig-storage] In-tree Volumes [Driver: local][LocalVolumeType: block] [Testpattern: Pre-provisioned PV (default fs)] subPath should support restarting containers using directory as subpath [Slow]" classname="Kubernetes e2e suite" time="0">
          <skipped></skipped>
      </testcase>
      <testcase name="[sig-storage] In-tree Volumes [Driver: nfs] [Testpattern: Dynamic PV (ntfs)][sig-windows] provisioning should provision storage with mount options" classname="Kubernetes e2e suite" time="0.001777635">
          <skipped></skipped>
      </testcase>
      <testcase name="[sig-storage] CSI Volumes [Driver: pd.csi.storage.gke.io][Feature: gcePD-external] [Testpattern: Dynamic PV (ext4)] volumes should allow exec of files on the volume" classname="Kubernetes e2e suite" time="0">
          <skipped></skipped>
      </testcase>
      <testcase name="[sig-storage] In-tree Volumes [Driver: hostPathSymlink] [Testpattern: Pre-provisioned PV (default fs)] subPath should support readOnly file specified in the volumeMount" classname="Kubernetes e2e suite" time="0">
          <skipped></skipped>
      </testcase>
      <testcase name="[sig-cli] Kubectl client [k8s.io] Kubectl apply apply set/view last-applied" classname="Kubernetes e2e suite" time="0">
          <skipped></skipped>
      </testcase>
      <testcase name="[sig-storage] In-tree Volumes [Driver: local][LocalVolumeType: dir] [Testpattern: Dynamic PV (default fs)] subPath should support creating multiple subpath from same volumes [Slow]" classname="Kubernetes e2e suite" time="0">
          <skipped></skipped>
      </testcase>
      <testcase name="[sig-storage] In-tree Volumes [Driver: local][LocalVolumeType: block] [Testpattern: Pre-provisioned PV (default fs)] subPath should verify container cannot write to subpath readonly volumes" classname="Kubernetes e2e suite" time="0">
          <skipped></skipped>
      </testcase>
      <testcase name="[sig-storage] In-tree Volumes [Driver: hostPath] [Testpattern: Pre-provisioned PV (default fs)] subPath should support non-existent path" classname="Kubernetes e2e suite" time="0">
          <skipped></skipped>
      </testcase>
      <testcase name="[sig-storage] vsphere cloud provider stress [Feature:vsphere] vsphere stress tests" classname="Kubernetes e2e suite" time="0">
          <skipped></skipped>
      </testcase>
      <testcase name="[sig-storage] In-tree Volumes [Driver: local][LocalVolumeType: dir-bindmounted] [Testpattern: Pre-provisioned PV (default fs)] subPath should fail if subpath directory is outside the volume [Slow]" classname="Kubernetes e2e suite" time="0">
          <skipped></skipped>
      </testcase>
      <testcase name="[sig-network] Services should be able to create a functioning NodePort service" classname="Kubernetes e2e suite" time="0">
          <skipped></skipped>
      </testcase>
      <testcase name="[sig-storage] In-tree Volumes [Driver: gluster] [Testpattern: Dynamic PV (default fs)] subPath should support non-existent path" classname="Kubernetes e2e suite" time="0">
          <skipped></skipped>
      </testcase>
      <testcase name="[sig-apps] CronJob should not schedule new jobs when ForbidConcurrent [Slow]" classname="Kubernetes e2e suite" time="0">
          <skipped></skipped>
      </testcase>
      <testcase name="[sig-storage] In-tree Volumes [Driver: azure] [Testpattern: Dynamic PV (ntfs)][sig-windows] volumes should allow exec of files on the volume" classname="Kubernetes e2e suite" time="0.001674771">
          <skipped></skipped>
      </testcase>
      <testcase name="[sig-storage] CSI Volumes [Driver: pd.csi.storage.gke.io][Feature: gcePD-external] [Testpattern: Dynamic PV (default fs)] subPath should fail if subpath file is outside the volume [Slow]" classname="Kubernetes e2e suite" time="0">
          <skipped></skipped>
      </testcase>
      <testcase name="[sig-api-machinery] ResourceQuota should create a ResourceQuota and ensure its status is promptly calculated." classname="Kubernetes e2e suite" time="0">
          <skipped></skipped>
      </testcase>
      <testcase name="[sig-api-machinery] Watchers should receive events on concurrent watches in same order" classname="Kubernetes e2e suite" time="0">
          <skipped></skipped>
      </testcase>
      <testcase name="[sig-storage] In-tree Volumes [Driver: local][LocalVolumeType: dir-link] [Testpattern: Inline-volume (default fs)] subPath should support restarting containers using file as subpath [Slow]" classname="Kubernetes e2e suite" time="0">
          <skipped></skipped>
      </testcase>
      <testcase name="[sig-storage] In-tree Volumes [Driver: local][LocalVolumeType: dir] [Testpattern: Dynamic PV (default fs)] volumeIO should write files of various sizes, verify size, validate content [Slow]" classname="Kubernetes e2e suite" time="0">
          <skipped></skipped>
      </testcase>
      <testcase name="[sig-storage] In-tree Volumes [Driver: local][LocalVolumeType: blockfs] [Testpattern: Inline-volume (default fs)] volumes should be mountable" classname="Kubernetes e2e suite" time="0">
          <skipped></skipped>
      </testcase>
      <testcase name="[sig-storage] In-tree Volumes [Driver: local][LocalVolumeType: block] [Testpattern: Pre-provisioned PV (default fs)] subPath should fail if non-existent subpath is outside the volume [Slow]" classname="Kubernetes e2e suite" time="0">
          <skipped></skipped>
      </testcase>
      <testcase name="[sig-api-machinery] AdmissionWebhook Should be able to deny custom resource creation" classname="Kubernetes e2e suite" time="0">
          <skipped></skipped>
      </testcase>
      <testcase name="[sig-storage] In-tree Volumes [Driver: local][LocalVolumeType: dir] [Testpattern: Inline-volume (ext4)] volumes should be mountable" classname="Kubernetes e2e suite" time="0">
          <skipped></skipped>
      </testcase>
      <testcase name="[sig-api-machinery] AdmissionWebhook Should deny crd creation" classname="Kubernetes e2e suite" time="0">
          <skipped></skipped>
      </testcase>
      <testcase name="[sig-storage] In-tree Volumes [Driver: emptydir] [Testpattern: Inline-volume (default fs)] subPath should support restarting containers using directory as subpath [Slow]" classname="Kubernetes e2e suite" time="0">
          <skipped></skipped>
      </testcase>
      <testcase name="[sig-storage] In-tree Volumes [Driver: local][LocalVolumeType: dir-link] [Testpattern: Pre-provisioned PV (xfs)] volumes should allow exec of files on the volume" classname="Kubernetes e2e suite" time="0">
          <skipped></skipped>
      </testcase>
      <testcase name="[sig-storage] In-tree Volumes [Driver: nfs] [Testpattern: Dynamic PV (ntfs)][sig-windows] provisioning should provision storage with snapshot data source [Feature:VolumeSnapshotDataSource]" classname="Kubernetes e2e suite" time="0">
          <skipped></skipped>
      </testcase>
      <testcase name="[sig-storage] In-tree Volumes [Driver: emptydir] [Testpattern: Dynamic PV (ext4)] volumes should allow exec of files on the volume" classname="Kubernetes e2e suite" time="0">
          <skipped></skipped>
      </testcase>
      <testcase name="[sig-storage] In-tree Volumes [Driver: aws] [Testpattern: Pre-provisioned PV (default fs)] subPath should support readOnly directory specified in the volumeMount" classname="Kubernetes e2e suite" time="0">
          <skipped></skipped>
      </testcase>
      <testcase name="[sig-storage] In-tree Volumes [Driver: local][LocalVolumeType: tmpfs] [Testpattern: Dynamic PV (default fs)] subPath should support creating multiple subpath from same volumes [Slow]" classname="Kubernetes e2e suite" time="0">
          <skipped></skipped>
      </testcase>
      <testcase name="[sig-storage] In-tree Volumes [Driver: rbd][Feature:Volumes] [Testpattern: Dynamic PV (ntfs)][sig-windows] provisioning should create and delete block persistent volumes" classname="Kubernetes e2e suite" time="0">
          <skipped></skipped>
      </testcase>
      <testcase name="[sig-storage] In-tree Volumes [Driver: ceph][Feature:Volumes] [Testpattern: Inline-volume (default fs)] subPath should support file as subpath" classname="Kubernetes e2e suite" time="0">
          <skipped></skipped>
      </testcase>
      <testcase name="[sig-storage] In-tree Volumes [Driver: local][LocalVolumeType: dir-bindmounted] [Testpattern: Inline-volume (default fs)] volumes should be mountable" classname="Kubernetes e2e suite" time="0">
          <skipped></skipped>
      </testcase>
      <testcase name="[k8s.io] Variable Expansion should verify that a failing subpath expansion can be modified during the lifecycle of a container [Feature:VolumeSubpathEnvExpansion][NodeAlphaFeature:VolumeSubpathEnvExpansion][Slow]" classname="Kubernetes e2e suite" time="0">
          <skipped></skipped>
      </testcase>
      <testcase name="[sig-storage] Regional PD RegionalPD should provision storage in the allowedTopologies [Slow]" classname="Kubernetes e2e suite" time="0">
          <skipped></skipped>
      </testcase>
      <testcase name="[k8s.io] Sysctls [NodeFeature:Sysctls] should not launch unsafe, but not explicitly enabled sysctls on the node" classname="Kubernetes e2e suite" time="0">
          <skipped></skipped>
      </testcase>
      <testcase name="[sig-cli] Kubectl client [k8s.io] Update Demo should create and stop a replication controller  [Conformance]" classname="Kubernetes e2e suite" time="29.420236114"></testcase>
      <testcase name="[sig-storage] In-tree Volumes [Driver: local][LocalVolumeType: blockfs] [Testpattern: Pre-provisioned PV (default fs)] subPath should support existing single file" classname="Kubernetes e2e suite" time="0">
          <skipped></skipped>
      </testcase>
      <testcase name="[sig-storage] In-tree Volumes [Driver: local][LocalVolumeType: dir-link] [Testpattern: Dynamic PV (default fs)] subPath should support creating multiple subpath from same volumes [Slow]" classname="Kubernetes e2e suite" time="0">
          <skipped></skipped>
      </testcase>
      <testcase name="[sig-storage] Dynamic Provisioning [k8s.io] GlusterDynamicProvisioner should create and delete persistent volumes [fast]" classname="Kubernetes e2e suite" time="0">
          <skipped></skipped>
      </testcase>
      <testcase name="[sig-storage] In-tree Volumes [Driver: aws] [Testpattern: Inline-volume (default fs)] subPath should support readOnly file specified in the volumeMount" classname="Kubernetes e2e suite" time="0">
          <skipped></skipped>
      </testcase>
      <testcase name="[sig-storage] In-tree Volumes [Driver: local][LocalVolumeType: dir-link-bindmounted] [Testpattern: Pre-provisioned PV (ntfs)][sig-windows] volumes should be mountable" classname="Kubernetes e2e suite" time="0.002069483">
          <skipped></skipped>
      </testcase>
      <testcase name="[sig-storage] In-tree Volumes [Driver: hostPath] [Testpattern: Dynamic PV (default fs)] subPath should verify container cannot write to subpath readonly volumes" classname="Kubernetes e2e suite" time="0">
          <skipped></skipped>
      </testcase>
      <testcase name="[sig-storage] In-tree Volumes [Driver: emptydir] [Testpattern: Inline-volume (default fs)] subPath should unmount if pod is gracefully deleted while kubelet is down [Disruptive][Slow]" classname="Kubernetes e2e suite" time="0">
          <skipped></skipped>
      </testcase>
      <testcase name="[sig-storage] Secrets Should fail non-optional pod creation due to the key in the secret object does not exist [Slow]" classname="Kubernetes e2e suite" time="0">
          <skipped></skipped>
      </testcase>
      <testcase name="[sig-storage] CSI Volumes [Driver: pd.csi.storage.gke.io][Serial] [Testpattern: Dynamic PV (default fs)] subPath should support readOnly directory specified in the volumeMount" classname="Kubernetes e2e suite" time="0">
          <skipped></skipped>
      </testcase>
      <testcase name="[k8s.io] [sig-node] SSH should SSH to all nodes and run commands" classname="Kubernetes e2e suite" time="0">
          <skipped></skipped>
      </testcase>
      <testcase name="[sig-storage] In-tree Volumes [Driver: gcepd] [Testpattern: Pre-provisioned PV (default fs)] subPath should support restarting containers using file as subpath [Slow]" classname="Kubernetes e2e suite" time="0">
          <skipped></skipped>
      </testcase>
      <testcase name="[sig-autoscaling] [HPA] Horizontal pod autoscaling (scale resource: CPU) [sig-autoscaling] [Serial] [Slow] ReplicaSet Should scale from 1 pod to 3 pods and from 3 to 5" classname="Kubernetes e2e suite" time="0">
          <skipped></skipped>
      </testcase>
      <testcase name="[sig-storage] In-tree Volumes [Driver: local][LocalVolumeType: dir-link] [Testpattern: Dynamic PV (ntfs)][sig-windows] provisioning should provision storage with mount options" classname="Kubernetes e2e suite" time="0.001951764">
          <skipped></skipped>
      </testcase>
      <testcase name="[sig-storage] In-tree Volumes [Driver: rbd][Feature:Volumes] [Testpattern: Inline-volume (xfs)] volumes should be mountable" classname="Kubernetes e2e suite" time="0">
          <skipped></skipped>
      </testcase>
      <testcase name="[sig-storage] In-tree Volumes [Driver: iscsi][Feature:Volumes] [Testpattern: Pre-provisioned PV (default fs)] volumes should allow exec of files on the volume" classname="Kubernetes e2e suite" time="0">
          <skipped></skipped>
      </testcase>
      <testcase name="[sig-storage] PersistentVolumes-local  [Volume type: dir-bindmounted] Set fsGroup for local volume should set different fsGroup for second pod if first pod is deleted" classname="Kubernetes e2e suite" time="0">
          <skipped></skipped>
      </testcase>
      <testcase name="[sig-storage] ConfigMap Should fail non-optional pod creation due to configMap object does not exist [Slow]" classname="Kubernetes e2e suite" time="0">
          <skipped></skipped>
      </testcase>
      <testcase name="[sig-storage] In-tree Volumes [Driver: ceph][Feature:Volumes] [Testpattern: Dynamic PV (default fs)] subPath should support restarting containers using directory as subpath [Slow]" classname="Kubernetes e2e suite" time="0">
          <skipped></skipped>
      </testcase>
      <testcase name="[sig-cli] Kubectl client [k8s.io] Kubectl create quota should create a quota with scopes" classname="Kubernetes e2e suite" time="0">
          <skipped></skipped>
      </testcase>
      <testcase name="[sig-storage] Downward API volume should provide podname only [NodeConformance] [Conformance]" classname="Kubernetes e2e suite" time="16.435151716"></testcase>
      <testcase name="[sig-storage] In-tree Volumes [Driver: local][LocalVolumeType: dir-link] [Testpattern: Pre-provisioned PV (default fs)] subPath should support non-existent path" classname="Kubernetes e2e suite" time="0">
          <skipped></skipped>
      </testcase>
      <testcase name="[sig-storage] In-tree Volumes [Driver: aws] [Testpattern: Pre-provisioned PV (ext4)] volumes should be mountable" classname="Kubernetes e2e suite" time="0">
          <skipped></skipped>
      </testcase>
      <testcase name="[k8s.io] Probing container should be restarted with a exec &#34;cat /tmp/health&#34; liveness probe [NodeConformance] [Conformance]" classname="Kubernetes e2e suite" time="42.849778743"></testcase>
      <testcase name="[sig-storage] In-tree Volumes [Driver: local][LocalVolumeType: dir-bindmounted] [Testpattern: Dynamic PV (ntfs)][sig-windows] provisioning should access volume from different nodes" classname="Kubernetes e2e suite" time="0.001783833">
          <skipped></skipped>
      </testcase>
      <testcase name="[sig-storage] Dynamic Provisioning DynamicProvisioner External should let an external dynamic provisioner create and delete persistent volumes [Slow]" classname="Kubernetes e2e suite" time="0">
          <skipped></skipped>
      </testcase>
      <testcase name="[sig-storage] In-tree Volumes [Driver: azure] [Testpattern: Pre-provisioned PV (default fs)] subPath should fail if non-existent subpath is outside the volume [Slow]" classname="Kubernetes e2e suite" time="0">
          <skipped></skipped>
      </testcase>
      <testcase name="[sig-storage] In-tree Volumes [Driver: local][LocalVolumeType: dir] [Testpattern: Inline-volume (xfs)] volumes should allow exec of files on the volume" classname="Kubernetes e2e suite" time="0">
          <skipped></skipped>
      </testcase>
      <testcase name="[sig-storage] PersistentVolumes-local  [Volume type: block] One pod requesting one prebound PVC should be able to mount volume and write from pod1" classname="Kubernetes e2e suite" time="0">
          <skipped></skipped>
      </testcase>
      <testcase name="[sig-storage] In-tree Volumes [Driver: rbd][Feature:Volumes] [Testpattern: Inline-volume (default fs)] subPath should support readOnly directory specified in the volumeMount" classname="Kubernetes e2e suite" time="0">
          <skipped></skipped>
      </testcase>
      <testcase name="[sig-storage] In-tree Volumes [Driver: local][LocalVolumeType: block] [Testpattern: Inline-volume (ntfs)][sig-windows] volumes should allow exec of files on the volume" classname="Kubernetes e2e suite" time="0.001635172">
          <skipped></skipped>
      </testcase>
      <testcase name="[sig-storage] CSI Volumes [Driver: csi-hostpath-v0] [Testpattern: Inline-volume (default fs)] subPath should support existing single file" classname="Kubernetes e2e suite" time="0">
          <skipped></skipped>
      </testcase>
      <testcase name="[sig-storage] In-tree Volumes [Driver: azure] [Testpattern: Dynamic PV (ext4)] volumes should be mountable" classname="Kubernetes e2e suite" time="0">
          <skipped></skipped>
      </testcase>
      <testcase name="[sig-storage] In-tree Volumes [Driver: hostPath] [Testpattern: Dynamic PV (ntfs)][sig-windows] provisioning should provision storage with defaults" classname="Kubernetes e2e suite" time="0.001175782">
          <skipped></skipped>
      </testcase>
      <testcase name="[sig-storage] In-tree Volumes [Driver: local][LocalVolumeType: dir-bindmounted] [Testpattern: Inline-volume (default fs)] subPath should support non-existent path" classname="Kubernetes e2e suite" time="0">
          <skipped></skipped>
      </testcase>
      <testcase name="[sig-storage] In-tree Volumes [Driver: vSphere] [Testpattern: Inline-volume (default fs)] subPath should unmount if pod is force deleted while kubelet is down [Disruptive][Slow]" classname="Kubernetes e2e suite" time="0">
          <skipped></skipped>
      </testcase>
      <testcase name="[sig-storage] In-tree Volumes [Driver: gluster] [Testpattern: Dynamic PV (default fs)] subPath should support existing directory" classname="Kubernetes e2e suite" time="0">
          <skipped></skipped>
      </testcase>
      <testcase name="[sig-instrumentation] Cluster level logging using Elasticsearch [Feature:Elasticsearch] should check that logs from containers are ingested into Elasticsearch" classname="Kubernetes e2e suite" time="0">
          <skipped></skipped>
      </testcase>
      <testcase name="[sig-storage] PersistentVolumes-local  Stress with local volumes [Serial] should be able to process many pods and reuse local volumes" classname="Kubernetes e2e suite" time="0">
          <skipped></skipped>
      </testcase>
      <testcase name="[sig-storage] In-tree Volumes [Driver: azure] [Testpattern: Dynamic PV (default fs)] subPath should support readOnly directory specified in the volumeMount" classname="Kubernetes e2e suite" time="0">
          <skipped></skipped>
      </testcase>
      <testcase name="[sig-storage] Flexvolumes should be mountable when attachable" classname="Kubernetes e2e suite" time="0">
          <skipped></skipped>
      </testcase>
      <testcase name="[sig-storage] In-tree Volumes [Driver: local][LocalVolumeType: dir-link] [Testpattern: Pre-provisioned PV (default fs)] subPath should unmount if pod is force deleted while kubelet is down [Disruptive][Slow]" classname="Kubernetes e2e suite" time="0">
          <skipped></skipped>
      </testcase>
      <testcase name="[sig-storage] Projected configMap should be consumable from pods in volume as non-root with FSGroup [NodeFeature:FSGroup]" classname="Kubernetes e2e suite" time="0">
          <skipped></skipped>
      </testcase>
      <testcase name="[sig-storage] In-tree Volumes [Driver: local][LocalVolumeType: blockfs] [Testpattern: Inline-volume (default fs)] subPath should support non-existent path" classname="Kubernetes e2e suite" time="0">
          <skipped></skipped>
      </testcase>
      <testcase name="[sig-storage] In-tree Volumes [Driver: gcepd] [Testpattern: Pre-provisioned PV (default fs)] subPath should support creating multiple subpath from same volumes [Slow]" classname="Kubernetes e2e suite" time="0">
          <skipped></skipped>
      </testcase>
      <testcase name="[sig-storage] CSI Volumes [Driver: csi-hostpath-v0] [Testpattern: Pre-provisioned PV (default fs)] subPath should support existing directories when readOnly specified in the volumeSource" classname="Kubernetes e2e suite" time="0">
          <skipped></skipped>
      </testcase>
      <testcase name="[sig-storage] In-tree Volumes [Driver: rbd][Feature:Volumes] [Testpattern: Inline-volume (default fs)] subPath should support existing directories when readOnly specified in the volumeSource" classname="Kubernetes e2e suite" time="0">
          <skipped></skipped>
      </testcase>
      <testcase name="[sig-storage] In-tree Volumes [Driver: gcepd] [Testpattern: Dynamic PV (default fs)] subPath should support existing directories when readOnly specified in the volumeSource" classname="Kubernetes e2e suite" time="0">
          <skipped></skipped>
      </testcase>
      <testcase name="[sig-storage] In-tree Volumes [Driver: aws] [Testpattern: Pre-provisioned PV (default fs)] subPath should unmount if pod is gracefully deleted while kubelet is down [Disruptive][Slow]" classname="Kubernetes e2e suite" time="0">
          <skipped></skipped>
      </testcase>
      <testcase name="[sig-storage] In-tree Volumes [Driver: azure] [Testpattern: Inline-volume (default fs)] volumes should be mountable" classname="Kubernetes e2e suite" time="0">
          <skipped></skipped>
      </testcase>
      <testcase name="[sig-storage] In-tree Volumes [Driver: local][LocalVolumeType: dir-link] [Testpattern: Dynamic PV (default fs)] provisioning should provision storage with mount options" classname="Kubernetes e2e suite" time="0">
          <skipped></skipped>
      </testcase>
      <testcase name="[sig-storage] Projected downwardAPI should provide container&#39;s memory request [NodeConformance] [Conformance]" classname="Kubernetes e2e suite" time="16.423092935"></testcase>
      <testcase name="[sig-storage] Pod Disks schedule pods each with a PD, delete pod and verify detach [Slow] for RW PD with pod delete grace period of &#34;default (30s)&#34;" classname="Kubernetes e2e suite" time="0">
          <skipped></skipped>
      </testcase>
      <testcase name="[sig-storage] In-tree Volumes [Driver: cinder] [Testpattern: Pre-provisioned PV (default fs)] subPath should verify container cannot write to subpath readonly volumes" classname="Kubernetes e2e suite" time="0">
          <skipped></skipped>
      </testcase>
      <testcase name="[sig-storage] PersistentVolumes-local  [Volume type: tmpfs] Set fsGroup for local volume should set fsGroup for one pod" classname="Kubernetes e2e suite" time="0">
          <skipped></skipped>
      </testcase>
      <testcase name="[sig-storage] CSI Volumes [Driver: pd.csi.storage.gke.io][Feature: gcePD-external] [Testpattern: Dynamic PV (default fs)] subPath should support existing directories when readOnly specified in the volumeSource" classname="Kubernetes e2e suite" time="0">
          <skipped></skipped>
      </testcase>
      <testcase name="[sig-api-machinery] Aggregator Should be able to support the 1.10 Sample API Server using the current Aggregator [Conformance]" classname="Kubernetes e2e suite" time="35.062934848"></testcase>
      <testcase name="[k8s.io] Docker Containers should use the image defaults if command and args are blank [NodeConformance] [Conformance]" classname="Kubernetes e2e suite" time="20.504295369"></testcase>
      <testcase name="[sig-auth] [Feature:NodeAuthorizer] Getting an existing secret should exit with the Forbidden error" classname="Kubernetes e2e suite" time="0">
          <skipped></skipped>
      </testcase>
      <testcase name="[sig-storage] In-tree Volumes [Driver: nfs] [Testpattern: Pre-provisioned PV (default fs)] subPath should support readOnly file specified in the volumeMount" classname="Kubernetes e2e suite" time="0">
          <skipped></skipped>
      </testcase>
      <testcase name="[sig-storage] PersistentVolumes-local  [Volume type: blockfswithoutformat] Two pods mounting a local volume one after the other should be able to write from pod1 and read from pod2" classname="Kubernetes e2e suite" time="0">
          <skipped></skipped>
      </testcase>
      <testcase name="[sig-storage] Subpath Atomic writer volumes should support subpaths with projected pod [LinuxOnly] [Conformance]" classname="Kubernetes e2e suite" time="0">
          <skipped></skipped>
      </testcase>
      <testcase name="[sig-storage] Pod Disks should be able to delete a non-existent PD without error" classname="Kubernetes e2e suite" time="0">
          <skipped></skipped>
      </testcase>
      <testcase name="[sig-storage] In-tree Volumes [Driver: azure] [Testpattern: Inline-volume (ntfs)][sig-windows] volumes should be mountable" classname="Kubernetes e2e suite" time="0.001854934">
          <skipped></skipped>
      </testcase>
      <testcase name="[sig-storage] In-tree Volumes [Driver: rbd][Feature:Volumes] [Testpattern: Dynamic PV (default fs)] subPath should support restarting containers using directory as subpath [Slow]" classname="Kubernetes e2e suite" time="0">
          <skipped></skipped>
      </testcase>
      <testcase name="[sig-storage] In-tree Volumes [Driver: cinder] [Testpattern: Dynamic PV (default fs)] subPath should fail if subpath directory is outside the volume [Slow]" classname="Kubernetes e2e suite" time="0">
          <skipped></skipped>
      </testcase>
      <testcase name="[sig-storage] In-tree Volumes [Driver: gcepd] [Testpattern: Inline-volume (default fs)] subPath should support existing directories when readOnly specified in the volumeSource" classname="Kubernetes e2e suite" time="0">
          <skipped></skipped>
      </testcase>
      <testcase name="[sig-storage] In-tree Volumes [Driver: local][LocalVolumeType: dir-bindmounted] [Testpattern: Dynamic PV (default fs)] subPath should fail if subpath with backstepping is outside the volume [Slow]" classname="Kubernetes e2e suite" time="0">
          <skipped></skipped>
      </testcase>
      <testcase name="[sig-apps] Network Partition [Disruptive] [Slow] [k8s.io] [ReplicationController] should eagerly create replacement pod during network partition when termination grace is non-zero" classname="Kubernetes e2e suite" time="0">
          <skipped></skipped>
      </testcase>
      <testcase name="[sig-storage] Mounted flexvolume expand[Slow] Should verify mounted flex volumes can be resized" classname="Kubernetes e2e suite" time="0">
          <skipped></skipped>
      </testcase>
      <testcase name="[sig-storage] In-tree Volumes [Driver: emptydir] [Testpattern: Pre-provisioned PV (default fs)] volumes should be mountable" classname="Kubernetes e2e suite" time="0">
          <skipped></skipped>
      </testcase>
      <testcase name="[sig-storage] In-tree Volumes [Driver: iscsi][Feature:Volumes] [Testpattern: Dynamic PV (filesystem volmode)] volumeMode should create sc, pod, pv, and pvc, read/write to the pv, and delete all created resources" classname="Kubernetes e2e suite" time="0">
          <skipped></skipped>
      </testcase>
      <testcase name="[sig-storage] In-tree Volumes [Driver: local][LocalVolumeType: dir-link-bindmounted] [Testpattern: Dynamic PV (ntfs)][sig-windows] provisioning should allow concurrent writes on the same node" classname="Kubernetes e2e suite" time="0.001690754">
          <skipped></skipped>
      </testcase>
      <testcase name="[sig-storage] In-tree Volumes [Driver: local][LocalVolumeType: block] [Testpattern: Dynamic PV (default fs)] subPath should support file as subpath" classname="Kubernetes e2e suite" time="0">
          <skipped></skipped>
      </testcase>
      <testcase name="[sig-storage] In-tree Volumes [Driver: aws] [Testpattern: Inline-volume (ext3)] volumes should be mountable" classname="Kubernetes e2e suite" time="0">
          <skipped></skipped>
      </testcase>
      <testcase name="[sig-scalability] Density [Feature:ManualPerformance] should allow starting 30 pods per node using Deployment.extensions with 0 secrets, 0 configmaps, 2 token projections, and 0 daemons" classname="Kubernetes e2e suite" time="0">
          <skipped></skipped>
      </testcase>
      <testcase name="[sig-storage] In-tree Volumes [Driver: emptydir] [Testpattern: Pre-provisioned PV (ext4)] volumes should be mountable" classname="Kubernetes e2e suite" time="0">
          <skipped></skipped>
      </testcase>
      <testcase name="[sig-storage] Zone Support Verify PVC creation fails if no zones are specified in the storage class (No shared datastores exist among all the nodes)" classname="Kubernetes e2e suite" time="0">
          <skipped></skipped>
      </testcase>
      <testcase name="[sig-storage] In-tree Volumes [Driver: emptydir] [Testpattern: Pre-provisioned PV (default fs)] subPath should fail if subpath directory is outside the volume [Slow]" classname="Kubernetes e2e suite" time="0">
          <skipped></skipped>
      </testcase>
      <testcase name="[sig-storage] PersistentVolumes-local  [Volume type: block] Set fsGroup for local volume should set same fsGroup for two pods simultaneously" classname="Kubernetes e2e suite" time="0">
          <skipped></skipped>
      </testcase>
      <testcase name="[sig-storage] In-tree Volumes [Driver: local][LocalVolumeType: blockfs] [Testpattern: Dynamic PV (default fs)] subPath should support creating multiple subpath from same volumes [Slow]" classname="Kubernetes e2e suite" time="0">
          <skipped></skipped>
      </testcase>
      <testcase name="[sig-storage] In-tree Volumes [Driver: local][LocalVolumeType: tmpfs] [Testpattern: Inline-volume (default fs)] subPath should support readOnly file specified in the volumeMount" classname="Kubernetes e2e suite" time="0">
          <skipped></skipped>
      </testcase>
      <testcase name="[sig-storage] In-tree Volumes [Driver: local][LocalVolumeType: dir] [Testpattern: Pre-provisioned PV (default fs)] subPath should verify container cannot write to subpath readonly volumes" classname="Kubernetes e2e suite" time="0">
          <skipped></skipped>
      </testcase>
      <testcase name="[sig-storage] In-tree Volumes [Driver: local][LocalVolumeType: block] [Testpattern: Inline-volume (default fs)] subPath should unmount if pod is gracefully deleted while kubelet is down [Disruptive][Slow]" classname="Kubernetes e2e suite" time="0">
          <skipped></skipped>
      </testcase>
      <testcase name="[sig-network] Services should be able to switch session affinity for LoadBalancer service with ESIPP on [Slow] [DisabledForLargeClusters]" classname="Kubernetes e2e suite" time="0">
          <skipped></skipped>
      </testcase>
      <testcase name="[sig-storage] In-tree Volumes [Driver: local][LocalVolumeType: gce-localssd-scsi-fs] [Serial] [Testpattern: Pre-provisioned PV (ext4)] volumes should be mountable" classname="Kubernetes e2e suite" time="0">
          <skipped></skipped>
      </testcase>
      <testcase name="[sig-storage] In-tree Volumes [Driver: local][LocalVolumeType: block] [Testpattern: Pre-provisioned PV (default fs)] subPath should support non-existent path" classname="Kubernetes e2e suite" time="0">
          <skipped></skipped>
      </testcase>
      <testcase name="[sig-auth] [Feature:NodeAuthenticator] The kubelet can delegate ServiceAccount tokens to the API server" classname="Kubernetes e2e suite" time="0">
          <skipped></skipped>
      </testcase>
      <testcase name="[sig-storage] In-tree Volumes [Driver: vSphere] [Testpattern: Dynamic PV (default fs)] subPath should support restarting containers using directory as subpath [Slow]" classname="Kubernetes e2e suite" time="0">
          <skipped></skipped>
      </testcase>
      <testcase name="[sig-storage] In-tree Volumes [Driver: rbd][Feature:Volumes] [Testpattern: Inline-volume (default fs)] subPath should unmount if pod is force deleted while kubelet is down [Disruptive][Slow]" classname="Kubernetes e2e suite" time="0">
          <skipped></skipped>
      </testcase>
      <testcase name="[sig-storage] CSI Volumes [Driver: csi-hostpath] [Testpattern: Pre-provisioned PV (default fs)] subPath should fail if subpath with backstepping is outside the volume [Slow]" classname="Kubernetes e2e suite" time="0">
          <skipped></skipped>
      </testcase>
      <testcase name="[sig-storage] CSI Volumes [Driver: pd.csi.storage.gke.io][Serial] [Testpattern: Dynamic PV (default fs)] subPath should support restarting containers using file as subpath [Slow]" classname="Kubernetes e2e suite" time="0">
          <skipped></skipped>
      </testcase>
      <testcase name="[k8s.io] Pods should be submitted and removed [NodeConformance] [Conformance]" classname="Kubernetes e2e suite" time="27.577367948"></testcase>
      <testcase name="[sig-network] NetworkPolicy NetworkPolicy between server and client should support a &#39;default-deny&#39; policy [Feature:NetworkPolicy]" classname="Kubernetes e2e suite" time="0">
          <skipped></skipped>
      </testcase>
      <testcase name="[sig-autoscaling] Cluster size autoscaling [Slow] should disable node pool autoscaling [Feature:ClusterSizeAutoscalingScaleUp]" classname="Kubernetes e2e suite" time="0">
          <skipped></skipped>
      </testcase>
      <testcase name="[sig-storage] In-tree Volumes [Driver: aws] [Testpattern: Dynamic PV (default fs)] subPath should support restarting containers using directory as subpath [Slow]" classname="Kubernetes e2e suite" time="0">
          <skipped></skipped>
      </testcase>
      <testcase name="[sig-storage] In-tree Volumes [Driver: hostPathSymlink] [Testpattern: Pre-provisioned PV (xfs)] volumes should be mountable" classname="Kubernetes e2e suite" time="0">
          <skipped></skipped>
      </testcase>
      <testcase name="[sig-storage] In-tree Volumes [Driver: local][LocalVolumeType: blockfs] [Testpattern: Inline-volume (default fs)] subPath should support readOnly directory specified in the volumeMount" classname="Kubernetes e2e suite" time="0">
          <skipped></skipped>
      </testcase>
      <testcase name="[sig-storage] In-tree Volumes [Driver: local][LocalVolumeType: blockfs] [Testpattern: Pre-provisioned PV (default fs)] subPath should support file as subpath" classname="Kubernetes e2e suite" time="0">
          <skipped></skipped>
      </testcase>
      <testcase name="[sig-storage] PersistentVolumes-local  [Volume type: dir-link] One pod requesting one prebound PVC should be able to mount volume and read from pod1" classname="Kubernetes e2e suite" time="0">
          <skipped></skipped>
      </testcase>
      <testcase name="[sig-storage] In-tree Volumes [Driver: nfs] [Testpattern: Dynamic PV (default fs)] subPath should support creating multiple subpath from same volumes [Slow]" classname="Kubernetes e2e suite" time="0">
          <skipped></skipped>
      </testcase>
      <testcase name="[sig-storage] In-tree Volumes [Driver: local][LocalVolumeType: blockfs] [Testpattern: Dynamic PV (default fs)] provisioning should provision storage with defaults" classname="Kubernetes e2e suite" time="0">
          <skipped></skipped>
      </testcase>
      <testcase name="[sig-storage] In-tree Volumes [Driver: cinder] [Testpattern: Pre-provisioned PV (default fs)] subPath should fail if subpath file is outside the volume [Slow]" classname="Kubernetes e2e suite" time="0">
          <skipped></skipped>
      </testcase>
      <testcase name="[sig-storage] Regional PD RegionalPD should failover to a different zone when all nodes in one zone become unreachable [Slow] [Disruptive]" classname="Kubernetes e2e suite" time="0">
          <skipped></skipped>
      </testcase>
      <testcase name="[sig-storage] In-tree Volumes [Driver: local][LocalVolumeType: dir-link-bindmounted] [Testpattern: Dynamic PV (default fs)] subPath should support readOnly directory specified in the volumeMount" classname="Kubernetes e2e suite" time="0">
          <skipped></skipped>
      </testcase>
      <testcase name="[sig-cluster-lifecycle] kube-proxy migration [Feature:KubeProxyDaemonSetMigration] Downgrade kube-proxy from a DaemonSet to static pods should maintain a functioning cluster [Feature:KubeProxyDaemonSetDowngrade]" classname="Kubernetes e2e suite" time="0">
          <skipped></skipped>
      </testcase>
      <testcase name="[sig-storage] In-tree Volumes [Driver: cinder] [Testpattern: Dynamic PV (default fs)] subPath should support creating multiple subpath from same volumes [Slow]" classname="Kubernetes e2e suite" time="0">
          <skipped></skipped>
      </testcase>
      <testcase name="[sig-storage] In-tree Volumes [Driver: local][LocalVolumeType: blockfs] [Testpattern: Pre-provisioned PV (default fs)] volumeIO should write files of various sizes, verify size, validate content [Slow]" classname="Kubernetes e2e suite" time="0">
          <skipped></skipped>
      </testcase>
      <testcase name="[sig-storage] In-tree Volumes [Driver: cinder] [Testpattern: Dynamic PV (xfs)] volumes should allow exec of files on the volume" classname="Kubernetes e2e suite" time="0">
          <skipped></skipped>
      </testcase>
      <testcase name="[sig-storage] CSI Volumes [Driver: csi-hostpath-v0] [Testpattern: Dynamic PV (ext4)] volumes should be mountable" classname="Kubernetes e2e suite" time="0">
          <skipped></skipped>
      </testcase>
      <testcase name="[sig-network] [sig-windows] Networking Granular Checks: Pods should function for intra-pod communication: udp" classname="Kubernetes e2e suite" time="60.137795413"></testcase>
      <testcase name="[sig-api-machinery] Garbage collector should delete pods created by rc when not orphaning [Conformance]" classname="Kubernetes e2e suite" time="18.340888982"></testcase>
      <testcase name="[sig-storage] CSI Volumes [Driver: pd.csi.storage.gke.io][Feature: gcePD-external] [Testpattern: Inline-volume (ntfs)][sig-windows] volumes should allow exec of files on the volume" classname="Kubernetes e2e suite" time="0">
          <skipped></skipped>
      </testcase>
      <testcase name="[sig-storage] In-tree Volumes [Driver: local][LocalVolumeType: dir-link] [Testpattern: Pre-provisioned PV (default fs)] subPath should support file as subpath" classname="Kubernetes e2e suite" time="0">
          <skipped></skipped>
      </testcase>
      <testcase name="[sig-cli] Kubectl client [k8s.io] Kubectl run rc should create an rc from an image  [Conformance]" classname="Kubernetes e2e suite" time="33.173918828"></testcase>
      <testcase name="[sig-storage] In-tree Volumes [Driver: local][LocalVolumeType: dir-link-bindmounted] [Testpattern: Inline-volume (ext4)] volumes should allow exec of files on the volume" classname="Kubernetes e2e suite" time="0">
          <skipped></skipped>
      </testcase>
      <testcase name="[sig-storage] PersistentVolumes-local  [Volume type: dir] Set fsGroup for local volume should set same fsGroup for two pods simultaneously" classname="Kubernetes e2e suite" time="0">
          <skipped></skipped>
      </testcase>
      <testcase name="[sig-storage] In-tree Volumes [Driver: local][LocalVolumeType: dir] [Testpattern: Pre-provisioned PV (ext4)] volumes should allow exec of files on the volume" classname="Kubernetes e2e suite" time="0">
          <skipped></skipped>
      </testcase>
      <testcase name="[sig-storage] In-tree Volumes [Driver: local][LocalVolumeType: dir] [Testpattern: Inline-volume (ext4)] volumes should allow exec of files on the volume" classname="Kubernetes e2e suite" time="0">
          <skipped></skipped>
      </testcase>
      <testcase name="[sig-storage] CSI Volumes [Driver: pd.csi.storage.gke.io][Serial] [Testpattern: Dynamic PV (default fs)] subPath should support existing directories when readOnly specified in the volumeSource" classname="Kubernetes e2e suite" time="0">
          <skipped></skipped>
      </testcase>
      <testcase name="[sig-autoscaling] [HPA] Horizontal pod autoscaling (scale resource: Custom Metrics from Stackdriver) should scale down with Custom Metric of type Pod from Stackdriver with Prometheus [Feature:CustomMetricsAutoscaling]" classname="Kubernetes e2e suite" time="0">
          <skipped></skipped>
      </testcase>
      <testcase name="[sig-auth] [Feature:NodeAuthorizer] Getting a non-existent secret should exit with the Forbidden error, not a NotFound error" classname="Kubernetes e2e suite" time="0">
          <skipped></skipped>
      </testcase>
      <testcase name="[sig-storage] In-tree Volumes [Driver: nfs] [Testpattern: Dynamic PV (default fs)] subPath should support existing single file" classname="Kubernetes e2e suite" time="0">
          <skipped></skipped>
      </testcase>
      <testcase name="[sig-storage] CSI Volumes [Driver: pd.csi.storage.gke.io][Feature: gcePD-external] [Testpattern: Inline-volume (default fs)] subPath should support restarting containers using directory as subpath [Slow]" classname="Kubernetes e2e suite" time="0">
          <skipped></skipped>
      </testcase>
      <testcase name="[sig-storage] In-tree Volumes [Driver: azure] [Testpattern: Inline-volume (default fs)] subPath should support creating multiple subpath from same volumes [Slow]" classname="Kubernetes e2e suite" time="0">
          <skipped></skipped>
      </testcase>
      <testcase name="[k8s.io] [Feature:Example] [k8s.io] Secret should create a pod that reads a secret" classname="Kubernetes e2e suite" time="0">
          <skipped></skipped>
      </testcase>
      <testcase name="[sig-storage] In-tree Volumes [Driver: local][LocalVolumeType: tmpfs] [Testpattern: Dynamic PV (ntfs)][sig-windows] provisioning should create and delete block persistent volumes" classname="Kubernetes e2e suite" time="0.001847129">
          <skipped></skipped>
      </testcase>
      <testcase name="[sig-storage] CSI Volumes [Driver: csi-hostpath-v0] [Testpattern: Pre-provisioned PV (default fs)] subPath should support creating multiple subpath from same volumes [Slow]" classname="Kubernetes e2e suite" time="0">
          <skipped></skipped>
      </testcase>
      <testcase name="[sig-storage] In-tree Volumes [Driver: local][LocalVolumeType: dir] [Testpattern: Dynamic PV (default fs)] subPath should support readOnly file specified in the volumeMount" classname="Kubernetes e2e suite" time="0">
          <skipped></skipped>
      </testcase>
      <testcase name="[sig-storage] In-tree Volumes [Driver: hostPathSymlink] [Testpattern: Pre-provisioned PV (ext3)] volumes should be mountable" classname="Kubernetes e2e suite" time="0">
          <skipped></skipped>
      </testcase>
      <testcase name="[k8s.io] Variable Expansion should allow composing env vars into new env vars [NodeConformance] [Conformance]" classname="Kubernetes e2e suite" time="16.472207282"></testcase>
      <testcase name="[sig-storage] In-tree Volumes [Driver: hostPath] [Testpattern: Inline-volume (default fs)] subPath should support existing single file" classname="Kubernetes e2e suite" time="0">
          <skipped></skipped>
      </testcase>
      <testcase name="[sig-storage] In-tree Volumes [Driver: gcepd] [Testpattern: Dynamic PV (xfs)] volumes should allow exec of files on the volume" classname="Kubernetes e2e suite" time="0">
          <skipped></skipped>
      </testcase>
      <testcase name="[sig-storage] In-tree Volumes [Driver: local][LocalVolumeType: dir-link-bindmounted] [Testpattern: Dynamic PV (default fs)] subPath should support existing single file" classname="Kubernetes e2e suite" time="0">
          <skipped></skipped>
      </testcase>
      <testcase name="[k8s.io] InitContainer [NodeConformance] should not start app containers and fail the pod if init containers fail on a RestartNever pod [Conformance]" classname="Kubernetes e2e suite" time="325.781857253">
          <failure type="Failure">/go/src/k8s.io/kubernetes/_output/dockerized/go/src/k8s.io/kubernetes/test/e2e/framework/framework.go:696&#xA;Expected&#xA;    &lt;*errors.errorString | 0xc00028f3e0&gt;: {&#xA;        s: &#34;timed out waiting for the condition&#34;,&#xA;    }&#xA;to be nil&#xA;/go/src/k8s.io/kubernetes/_output/dockerized/go/src/k8s.io/kubernetes/test/e2e/common/init_container.go:400</failure>
          <system-out>[BeforeEach] [k8s.io] InitContainer [NodeConformance]&#xA;  /go/src/k8s.io/kubernetes/_output/dockerized/go/src/k8s.io/kubernetes/test/e2e/framework/framework.go:151&#xA;�[1mSTEP�[0m: Creating a kubernetes client&#xA;Mar 19 11:18:26.384: INFO: &gt;&gt;&gt; kubeConfig: /usr/local/google/home/peterhornyack/.kube/config&#xA;�[1mSTEP�[0m: Building a namespace api object, basename init-container&#xA;�[1mSTEP�[0m: Waiting for a default service account to be provisioned in namespace&#xA;[BeforeEach] [k8s.io] InitContainer [NodeConformance]&#xA;  /go/src/k8s.io/kubernetes/_output/dockerized/go/src/k8s.io/kubernetes/test/e2e/common/init_container.go:43&#xA;[It] should not start app containers and fail the pod if init containers fail on a RestartNever pod [Conformance]&#xA;  /go/src/k8s.io/kubernetes/_output/dockerized/go/src/k8s.io/kubernetes/test/e2e/framework/framework.go:696&#xA;�[1mSTEP�[0m: creating the pod&#xA;Mar 19 11:18:26.596: INFO: PodSpec: initContainers in spec.initContainers&#xA;[AfterEach] [k8s.io] InitContainer [NodeConformance]&#xA;  /go/src/k8s.io/kubernetes/_output/dockerized/go/src/k8s.io/kubernetes/test/e2e/framework/framework.go:152&#xA;�[1mSTEP�[0m: Collecting events from namespace &#34;init-container-3055&#34;.&#xA;�[1mSTEP�[0m: Found 2 events.&#xA;Mar 19 11:23:26.737: INFO: At 2019-03-19 11:18:26 -0700 PDT - event for pod-init-63b43de6-4a73-11e9-af5d-a08cfde32bdd: {default-scheduler } Scheduled: Successfully assigned init-container-3055/pod-init-63b43de6-4a73-11e9-af5d-a08cfde32bdd to e2e-test-peterhornyack-windows-node-group-7n03&#xA;Mar 19 11:23:26.737: INFO: At 2019-03-19 11:18:39 -0700 PDT - event for pod-init-63b43de6-4a73-11e9-af5d-a08cfde32bdd: {kubelet e2e-test-peterhornyack-windows-node-group-7n03} FailedCreatePodSandBox: Failed create pod sandbox: rpc error: code = Unknown desc = [failed to set up sandbox container &#34;b627b4b00b885d7280f12b627a3c096f2fbe58cd645026b60c28d65970ac25bc&#34; network for pod &#34;pod-init-63b43de6-4a73-11e9-af5d-a08cfde32bdd&#34;: NetworkPlugin cni failed to set up pod &#34;pod-init-63b43de6-4a73-11e9-af5d-a08cfde32bdd_init-container-3055&#34; network: error while ProvisionEndpoint(b627b4b00b885d7280f12b627a3c096f2fbe58cd645026b60c28d65970ac25bc_l2bridge,10FE5887-D24C-46DC-A171-E37C85C8C12C,b627b4b00b885d7280f12b627a3c096f2fbe58cd645026b60c28d65970ac25bc): Element not found., failed to clean up sandbox container &#34;b627b4b00b885d7280f12b627a3c096f2fbe58cd645026b60c28d65970ac25bc&#34; network for pod &#34;pod-init-63b43de6-4a73-11e9-af5d-a08cfde32bdd&#34;: NetworkPlugin cni failed to teardown pod &#34;pod-init-63b43de6-4a73-11e9-af5d-a08cfde32bdd_init-container-3055&#34; network: failed to find HNSEndpoint b627b4b00b885d7280f12b627a3c096f2fbe58cd645026b60c28d65970ac25bc_l2bridge: Endpoint b627b4b00b885d7280f12b627a3c096f2fbe58cd645026b60c28d65970ac25bc_l2bridge not found]&#xA;Mar 19 11:23:26.826: INFO: POD                                                    NODE                                            PHASE    GRACE  CONDITIONS&#xA;Mar 19 11:23:26.826: INFO: pod-init-63b43de6-4a73-11e9-af5d-a08cfde32bdd          e2e-test-peterhornyack-windows-node-group-7n03  Pending         [{Initialized False 0001-01-01 00:00:00 +0000 UTC 2019-03-19 11:18:26 -0700 PDT ContainersNotInitialized containers with incomplete status: [init1 init2]} {Ready False 0001-01-01 00:00:00 +0000 UTC 2019-03-19 11:18:26 -0700 PDT ContainersNotReady containers with unready status: [run1]} {ContainersReady False 0001-01-01 00:00:00 +0000 UTC 2019-03-19 11:18:26 -0700 PDT ContainersNotReady containers with unready status: [run1]} {PodScheduled True 0001-01-01 00:00:00 +0000 UTC 2019-03-19 11:18:26 -0700 PDT  }]&#xA;Mar 19 11:23:26.826: INFO: coredns-5b969f4c88-8wcmf                               e2e-test-peterhornyack-minion-group-b97j        Running         [{Initialized True 0001-01-01 00:00:00 +0000 UTC 2019-03-19 09:47:27 -0700 PDT  } {Ready True 0001-01-01 00:00:00 +0000 UTC 2019-03-19 09:47:34 -0700 PDT  } {ContainersReady True 0001-01-01 00:00:00 +0000 UTC 2019-03-19 09:47:34 -0700 PDT  } {PodScheduled True 0001-01-01 00:00:00 +0000 UTC 2019-03-19 09:47:27 -0700 PDT  }]&#xA;Mar 19 11:23:26.826: INFO: coredns-5b969f4c88-sn584                               e2e-test-peterhornyack-minion-group-413w        Running         [{Initialized True 0001-01-01 00:00:00 +0000 UTC 2019-03-19 09:47:13 -0700 PDT  } {Ready True 0001-01-01 00:00:00 +0000 UTC 2019-03-19 09:47:41 -0700 PDT  } {ContainersReady True 0001-01-01 00:00:00 +0000 UTC 2019-03-19 09:47:41 -0700 PDT  } {PodScheduled True 0001-01-01 00:00:00 +0000 UTC 2019-03-19 09:47:13 -0700 PDT  }]&#xA;Mar 19 11:23:26.826: INFO: etcd-empty-dir-cleanup-e2e-test-peterhornyack-master   e2e-test-peterhornyack-master                   Running         [{Initialized True 0001-01-01 00:00:00 +0000 UTC 2019-03-19 09:42:44 -0700 PDT  } {Ready True 0001-01-01 00:00:00 +0000 UTC 2019-03-19 09:43:04 -0700 PDT  } {ContainersReady True 0001-01-01 00:00:00 +0000 UTC 2019-03-19 09:43:04 -0700 PDT  } {PodScheduled True 0001-01-01 00:00:00 +0000 UTC 2019-03-19 09:42:44 -0700 PDT  }]&#xA;Mar 19 11:23:26.826: INFO: etcd-server-e2e-test-peterhornyack-master              e2e-test-peterhornyack-master                   Running         [{Initialized True 0001-01-01 00:00:00 +0000 UTC 2019-03-19 09:42:43 -0700 PDT  } {Ready True 0001-01-01 00:00:00 +0000 UTC 2019-03-19 09:43:05 -0700 PDT  } {ContainersReady True 0001-01-01 00:00:00 +0000 UTC 2019-03-19 09:43:05 -0700 PDT  } {PodScheduled True 0001-01-01 00:00:00 +0000 UTC 2019-03-19 09:42:43 -0700 PDT  }]&#xA;Mar 19 11:23:26.826: INFO: etcd-server-events-e2e-test-peterhornyack-master       e2e-test-peterhornyack-master                   Running         [{Initialized True 0001-01-01 00:00:00 +0000 UTC 2019-03-19 09:42:44 -0700 PDT  } {Ready True 0001-01-01 00:00:00 +0000 UTC 2019-03-19 09:43:05 -0700 PDT  } {ContainersReady True 0001-01-01 00:00:00 +0000 UTC 2019-03-19 09:43:05 -0700 PDT  } {PodScheduled True 0001-01-01 00:00:00 +0000 UTC 2019-03-19 09:42:44 -0700 PDT  }]&#xA;Mar 19 11:23:26.826: INFO: event-exporter-v0.2.3-77f59d4b59-mdcvl                 e2e-test-peterhornyack-minion-group-413w        Running         [{Initialized True 0001-01-01 00:00:00 +0000 UTC 2019-03-19 09:47:13 -0700 PDT  } {Ready True 0001-01-01 00:00:00 +0000 UTC 2019-03-19 09:47:37 -0700 PDT  } {ContainersReady True 0001-01-01 00:00:00 +0000 UTC 2019-03-19 09:47:37 -0700 PDT  } {PodScheduled True 0001-01-01 00:00:00 +0000 UTC 2019-03-19 09:47:13 -0700 PDT  }]&#xA;Mar 19 11:23:26.826: INFO: fluentd-gcp-scaler-85cdd7d7c5-7lm6p                    e2e-test-peterhornyack-minion-group-413w        Running         [{Initialized True 0001-01-01 00:00:00 +0000 UTC 2019-03-19 09:47:13 -0700 PDT  } {Ready True 0001-01-01 00:00:00 +0000 UTC 2019-03-19 09:47:37 -0700 PDT  } {ContainersReady True 0001-01-01 00:00:00 +0000 UTC 2019-03-19 09:47:37 -0700 PDT  } {PodScheduled True 0001-01-01 00:00:00 +0000 UTC 2019-03-19 09:47:13 -0700 PDT  }]&#xA;Mar 19 11:23:26.826: INFO: fluentd-gcp-v3.2.0-cjzwp                               e2e-test-peterhornyack-minion-group-b97j        Running         [{Initialized True 0001-01-01 00:00:00 +0000 UTC 2019-03-19 09:47:56 -0700 PDT  } {Ready True 0001-01-01 00:00:00 +0000 UTC 2019-03-19 09:47:57 -0700 PDT  } {ContainersReady True 0001-01-01 00:00:00 +0000 UTC 2019-03-19 09:47:57 -0700 PDT  } {PodScheduled True 0001-01-01 00:00:00 +0000 UTC 2019-03-19 09:47:56 -0700 PDT  }]&#xA;Mar 19 11:23:26.826: INFO: fluentd-gcp-v3.2.0-dhczm                               e2e-test-peterhornyack-minion-group-413w        Running         [{Initialized True 0001-01-01 00:00:00 +0000 UTC 2019-03-19 09:47:43 -0700 PDT  } {Ready True 0001-01-01 00:00:00 +0000 UTC 2019-03-19 09:47:46 -0700 PDT  } {ContainersReady True 0001-01-01 00:00:00 +0000 UTC 2019-03-19 09:47:46 -0700 PDT  } {PodScheduled True 0001-01-01 00:00:00 +0000 UTC 2019-03-19 09:47:43 -0700 PDT  }]&#xA;Mar 19 11:23:26.827: INFO: fluentd-gcp-v3.2.0-hzdmn                               e2e-test-peterhornyack-master                   Running         [{Initialized True 0001-01-01 00:00:00 +0000 UTC 2019-03-19 09:48:05 -0700 PDT  } {Ready True 0001-01-01 00:00:00 +0000 UTC 2019-03-19 09:48:07 -0700 PDT  } {ContainersReady True 0001-01-01 00:00:00 +0000 UTC 2019-03-19 09:48:07 -0700 PDT  } {PodScheduled True 0001-01-01 00:00:00 +0000 UTC 2019-03-19 09:48:05 -0700 PDT  }]&#xA;Mar 19 11:23:26.827: INFO: heapster-v1.6.0-beta.1-6796bf47bf-vtxtn                e2e-test-peterhornyack-minion-group-b97j        Running         [{Initialized True 0001-01-01 00:00:00 +0000 UTC 2019-03-19 09:47:36 -0700 PDT  } {Ready True 0001-01-01 00:00:00 +0000 UTC 2019-03-19 09:47:44 -0700 PDT  } {ContainersReady True 0001-01-01 00:00:00 +0000 UTC 2019-03-19 09:47:44 -0700 PDT  } {PodScheduled True 0001-01-01 00:00:00 +0000 UTC 2019-03-19 09:47:36 -0700 PDT  }]&#xA;Mar 19 11:23:26.827: INFO: kube-addon-manager-e2e-test-peterhornyack-master       e2e-test-peterhornyack-master                   Running         [{Initialized True 0001-01-01 00:00:00 +0000 UTC 2019-03-19 09:42:43 -0700 PDT  } {Ready True 0001-01-01 00:00:00 +0000 UTC 2019-03-19 09:43:07 -0700 PDT  } {ContainersReady True 0001-01-01 00:00:00 +0000 UTC 2019-03-19 09:43:07 -0700 PDT  } {PodScheduled True 0001-01-01 00:00:00 +0000 UTC 2019-03-19 09:42:43 -0700 PDT  }]&#xA;Mar 19 11:23:26.827: INFO: kube-apiserver-e2e-test-peterhornyack-master           e2e-test-peterhornyack-master                   Running         [{Initialized True 0001-01-01 00:00:00 +0000 UTC 2019-03-19 09:42:43 -0700 PDT  } {Ready True 0001-01-01 00:00:00 +0000 UTC 2019-03-19 09:43:16 -0700 PDT  } {ContainersReady True 0001-01-01 00:00:00 +0000 UTC 2019-03-19 09:43:16 -0700 PDT  } {PodScheduled True 0001-01-01 00:00:00 +0000 UTC 2019-03-19 09:42:43 -0700 PDT  }]&#xA;Mar 19 11:23:26.827: INFO: kube-controller-manager-e2e-test-peterhornyack-master  e2e-test-peterhornyack-master                   Running         [{Initialized True 0001-01-01 00:00:00 +0000 UTC 2019-03-19 09:42:43 -0700 PDT  } {Ready True 0001-01-01 00:00:00 +0000 UTC 2019-03-19 09:42:49 -0700 PDT  } {ContainersReady True 0001-01-01 00:00:00 +0000 UTC 2019-03-19 09:42:49 -0700 PDT  } {PodScheduled True 0001-01-01 00:00:00 +0000 UTC 2019-03-19 09:42:43 -0700 PDT  }]&#xA;Mar 19 11:23:26.827: INFO: kube-dns-autoscaler-97df449df-fnkn6                    e2e-test-peterhornyack-minion-group-413w        Running         [{Initialized True 0001-01-01 00:00:00 +0000 UTC 2019-03-19 09:47:13 -0700 PDT  } {Ready True 0001-01-01 00:00:00 +0000 UTC 2019-03-19 09:47:28 -0700 PDT  } {ContainersReady True 0001-01-01 00:00:00 +0000 UTC 2019-03-19 09:47:28 -0700 PDT  } {PodScheduled True 0001-01-01 00:00:00 +0000 UTC 2019-03-19 09:47:13 -0700 PDT  }]&#xA;Mar 19 11:23:26.827: INFO: kube-proxy-e2e-test-peterhornyack-minion-group-413w    e2e-test-peterhornyack-minion-group-413w        Running         [{Initialized True 0001-01-01 00:00:00 +0000 UTC 2019-03-19 09:47:15 -0700 PDT  } {Ready True 0001-01-01 00:00:00 +0000 UTC 2019-03-19 09:47:15 -0700 PDT  } {ContainersReady True 0001-01-01 00:00:00 +0000 UTC 2019-03-19 09:47:15 -0700 PDT  } {PodScheduled True 0001-01-01 00:00:00 +0000 UTC 2019-03-19 09:47:15 -0700 PDT  }]&#xA;Mar 19 11:23:26.827: INFO: kube-proxy-e2e-test-peterhornyack-minion-group-b97j    e2e-test-peterhornyack-minion-group-b97j        Running         [{Initialized True 0001-01-01 00:00:00 +0000 UTC 2019-03-19 09:47:16 -0700 PDT  } {Ready True 0001-01-01 00:00:00 +0000 UTC 2019-03-19 09:47:18 -0700 PDT  } {ContainersReady True 0001-01-01 00:00:00 +0000 UTC 2019-03-19 09:47:18 -0700 PDT  } {PodScheduled True 0001-01-01 00:00:00 +0000 UTC 2019-03-19 09:47:16 -0700 PDT  }]&#xA;Mar 19 11:23:26.827: INFO: kube-scheduler-e2e-test-peterhornyack-master           e2e-test-peterhornyack-master                   Running         [{Initialized True 0001-01-01 00:00:00 +0000 UTC 2019-03-19 09:42:44 -0700 PDT  } {Ready True 0001-01-01 00:00:00 +0000 UTC 2019-03-19 09:42:50 -0700 PDT  } {ContainersReady True 0001-01-01 00:00:00 +0000 UTC 2019-03-19 09:42:50 -0700 PDT  } {PodScheduled True 0001-01-01 00:00:00 +0000 UTC 2019-03-19 09:42:44 -0700 PDT  }]&#xA;Mar 19 11:23:26.827: INFO: kubernetes-dashboard-85bcf5dbf8-p8g76                  e2e-test-peterhornyack-minion-group-413w        Running         [{Initialized True 0001-01-01 00:00:00 +0000 UTC 2019-03-19 09:47:13 -0700 PDT  } {Ready True 0001-01-01 00:00:00 +0000 UTC 2019-03-19 09:47:38 -0700 PDT  } {ContainersReady True 0001-01-01 00:00:00 +0000 UTC 2019-03-19 09:47:38 -0700 PDT  } {PodScheduled True 0001-01-01 00:00:00 +0000 UTC 2019-03-19 09:47:13 -0700 PDT  }]&#xA;Mar 19 11:23:26.827: INFO: l7-default-backend-8f479dd9-5qggn                      e2e-test-peterhornyack-minion-group-413w        Running         [{Initialized True 0001-01-01 00:00:00 +0000 UTC 2019-03-19 09:47:13 -0700 PDT  } {Ready True 0001-01-01 00:00:00 +0000 UTC 2019-03-19 09:47:37 -0700 PDT  } {ContainersReady True 0001-01-01 00:00:00 +0000 UTC 2019-03-19 09:47:37 -0700 PDT  } {PodScheduled True 0001-01-01 00:00:00 +0000 UTC 2019-03-19 09:47:13 -0700 PDT  }]&#xA;Mar 19 11:23:26.827: INFO: l7-lb-controller-v1.2.3-e2e-test-peterhornyack-master  e2e-test-peterhornyack-master                   Running         [{Initialized True 0001-01-01 00:00:00 +0000 UTC 2019-03-19 09:42:43 -0700 PDT  } {Ready True 0001-01-01 00:00:00 +0000 UTC 2019-03-19 09:43:03 -0700 PDT  } {ContainersReady True 0001-01-01 00:00:00 +0000 UTC 2019-03-19 09:43:03 -0700 PDT  } {PodScheduled True 0001-01-01 00:00:00 +0000 UTC 2019-03-19 09:42:43 -0700 PDT  }]&#xA;Mar 19 11:23:26.827: INFO: metadata-proxy-v0.1-mhd5d                              e2e-test-peterhornyack-minion-group-413w        Running         [{Initialized True 0001-01-01 00:00:00 +0000 UTC 2019-03-19 09:47:13 -0700 PDT  } {Ready True 0001-01-01 00:00:00 +0000 UTC 2019-03-19 09:47:37 -0700 PDT  } {ContainersReady True 0001-01-01 00:00:00 +0000 UTC 2019-03-19 09:47:37 -0700 PDT  } {PodScheduled True 0001-01-01 00:00:00 +0000 UTC 2019-03-19 09:47:13 -0700 PDT  }]&#xA;Mar 19 11:23:26.827: INFO: metadata-proxy-v0.1-mx4wk                              e2e-test-peterhornyack-minion-group-b97j        Running         [{Initialized True 0001-01-01 00:00:00 +0000 UTC 2019-03-19 09:47:16 -0700 PDT  } {Ready True 0001-01-01 00:00:00 +0000 UTC 2019-03-19 09:47:29 -0700 PDT  } {ContainersReady True 0001-01-01 00:00:00 +0000 UTC 2019-03-19 09:47:29 -0700 PDT  } {PodScheduled True 0001-01-01 00:00:00 +0000 UTC 2019-03-19 09:47:16 -0700 PDT  }]&#xA;Mar 19 11:23:26.827: INFO: metadata-proxy-v0.1-t99fq                              e2e-test-peterhornyack-master                   Running         [{Initialized True 0001-01-01 00:00:00 +0000 UTC 2019-03-19 09:43:42 -0700 PDT  } {Ready True 0001-01-01 00:00:00 +0000 UTC 2019-03-19 09:44:01 -0700 PDT  } {ContainersReady True 0001-01-01 00:00:00 +0000 UTC 2019-03-19 09:44:01 -0700 PDT  } {PodScheduled True 0001-01-01 00:00:00 +0000 UTC 2019-03-19 09:43:42 -0700 PDT  }]&#xA;Mar 19 11:23:26.827: INFO: metrics-server-v0.3.1-7d9cf58c5c-2wbtj                 e2e-test-peterhornyack-minion-group-b97j        Running         [{Initialized True 0001-01-01 00:00:00 +0000 UTC 2019-03-19 09:47:35 -0700 PDT  } {Ready True 0001-01-01 00:00:00 +0000 UTC 2019-03-19 09:47:43 -0700 PDT  } {ContainersReady True 0001-01-01 00:00:00 +0000 UTC 2019-03-19 09:47:43 -0700 PDT  } {PodScheduled True 0001-01-01 00:00:00 +0000 UTC 2019-03-19 09:47:35 -0700 PDT  }]&#xA;Mar 19 11:23:26.827: INFO: &#xA;Mar 19 11:23:26.870: INFO: &#xA;Logging node info for node e2e-test-peterhornyack-master&#xA;Mar 19 11:23:26.913: INFO: Node Info: &amp;Node{ObjectMeta:k8s_io_apimachinery_pkg_apis_meta_v1.ObjectMeta{Name:e2e-test-peterhornyack-master,GenerateName:,Namespace:,SelfLink:/api/v1/nodes/e2e-test-peterhornyack-master,UID:275b08b0-4a66-11e9-8094-42010a280002,ResourceVersion:15581,Generation:0,CreationTimestamp:2019-03-19 09:43:41 -0700 PDT,DeletionTimestamp:&lt;nil&gt;,DeletionGracePeriodSeconds:nil,Labels:map[string]string{beta.kubernetes.io/arch: amd64,beta.kubernetes.io/instance-type: n1-standard-1,beta.kubernetes.io/metadata-proxy-ready: true,beta.kubernetes.io/os: linux,cloud.google.com/metadata-proxy-ready: true,failure-domain.beta.kubernetes.io/region: us-central1,failure-domain.beta.kubernetes.io/zone: us-central1-b,kubernetes.io/arch: amd64,kubernetes.io/hostname: e2e-test-peterhornyack-master,kubernetes.io/os: linux,},Annotations:map[string]string{node.alpha.kubernetes.io/ttl: 0,volumes.kubernetes.io/controller-managed-attach-detach: true,},OwnerReferences:[],Finalizers:[],ClusterName:,Initializers:nil,ManagedFields:[],},Spec:NodeSpec{PodCIDR:10.64.0.0/24,DoNotUse_ExternalID:,ProviderID:gce://peterhornyack-kubernetes-test/us-central1-b/e2e-test-peterhornyack-master,Unschedulable:true,Taints:[{node-under-test false NoSchedule &lt;nil&gt;} {node.kubernetes.io/unschedulable  NoSchedule &lt;nil&gt;}],ConfigSource:nil,},Status:NodeStatus{Capacity:ResourceList{attachable-volumes-gce-pd: {{32 0} {&lt;nil&gt;} 32 DecimalSI},cpu: {{1 0} {&lt;nil&gt;} 1 DecimalSI},ephemeral-storage: {{16684785664 0} {&lt;nil&gt;}  BinarySI},hugepages-2Mi: {{0 0} {&lt;nil&gt;} 0 DecimalSI},memory: {{3878420480 0} {&lt;nil&gt;}  BinarySI},pods: {{110 0} {&lt;nil&gt;} 110 DecimalSI},},Allocatable:ResourceList{attachable-volumes-gce-pd: {{32 0} {&lt;nil&gt;} 32 DecimalSI},cpu: {{1 0} {&lt;nil&gt;} 1 DecimalSI},ephemeral-storage: {{15016307073 0} {&lt;nil&gt;} 15016307073 DecimalSI},hugepages-2Mi: {{0 0} {&lt;nil&gt;} 0 DecimalSI},memory: {{3616276480 0} {&lt;nil&gt;}  BinarySI},pods: {{110 0} {&lt;nil&gt;} 110 DecimalSI},},Phase:,Conditions:[{NetworkUnavailable False 2019-03-19 09:43:42 -0700 PDT 2019-03-19 09:43:42 -0700 PDT RouteCreated NodeController create implicit route} {MemoryPressure False 2019-03-19 11:22:33 -0700 PDT 2019-03-19 09:43:41 -0700 PDT KubeletHasSufficientMemory kubelet has sufficient memory available} {DiskPressure False 2019-03-19 11:22:33 -0700 PDT 2019-03-19 09:43:41 -0700 PDT KubeletHasNoDiskPressure kubelet has no disk pressure} {PIDPressure False 2019-03-19 11:22:33 -0700 PDT 2019-03-19 09:43:41 -0700 PDT KubeletHasSufficientPID kubelet has sufficient PID available} {Ready True 2019-03-19 11:22:33 -0700 PDT 2019-03-19 09:43:42 -0700 PDT KubeletReady kubelet is posting ready status. AppArmor enabled}],Addresses:[{InternalIP 10.40.0.2} {ExternalIP 104.197.89.63} {InternalDNS e2e-test-peterhornyack-master.c.peterhornyack-kubernetes-test.internal} {Hostname e2e-test-peterhornyack-master.c.peterhornyack-kubernetes-test.internal}],DaemonEndpoints:NodeDaemonEndpoints{KubeletEndpoint:DaemonEndpoint{Port:10250,},},NodeInfo:NodeSystemInfo{MachineID:99868aafdb69c0e6a66a909c63595cf7,SystemUUID:99868AAF-DB69-C0E6-A66A-909C63595CF7,BootID:1b8576cf-560f-4836-8d5e-40e53795914a,KernelVersion:4.14.94+,OSImage:Container-Optimized OS from Google,ContainerRuntimeVersion:docker://18.9.1,KubeletVersion:v1.15.0-alpha.0.1217+13f77e8589cd67-dirty,KubeProxyVersion:v1.15.0-alpha.0.1217+13f77e8589cd67-dirty,OperatingSystem:linux,Architecture:amd64,},Images:[{[k8s.gcr.io/etcd@sha256:17da501f5d2a675be46040422a27b7cc21b8a43895ac998b171db1c346f361f7 k8s.gcr.io/etcd:3.3.10-0] 258116302} {[gcr.io/stackdriver-agents/stackdriver-logging-agent@sha256:f8d5231b67b9c53f60068b535a11811d29d1b3efd53d2b79f2a2591ea338e4f2 gcr.io/stackdriver-agents/stackdriver-logging-agent:0.6-1.6.0-1] 223242132} {[k8s.gcr.io/kube-apiserver:v1.15.0-alpha.0.1217_13f77e8589cd67-dirty] 209603625} {[k8s.gcr.io/kube-controller-manager:v1.15.0-alpha.0.1217_13f77e8589cd67-dirty] 157645033} {[k8s.gcr.io/prometheus-to-sd@sha256:6c0c742475363d537ff059136e5d5e4ab1f512ee0fd9b7ca42ea48bc309d1662 k8s.gcr.io/prometheus-to-sd:v0.3.1] 88077694} {[k8s.gcr.io/kube-addon-manager@sha256:672794ee3582521eb8bc4f257d0f70c92893f1989f39a200f9c84bcfe1aea7c9 k8s.gcr.io/kube-addon-manager:v9.0] 83077558} {[k8s.gcr.io/kube-scheduler:v1.15.0-alpha.0.1217_13f77e8589cd67-dirty] 81487753} {[k8s.gcr.io/ingress-gce-glbc-amd64@sha256:14f14351a03038b238232e60850a9cfa0dffbed0590321ef84216a432accc1ca k8s.gcr.io/ingress-gce-glbc-amd64:v1.2.3] 71797285} {[k8s.gcr.io/etcd-empty-dir-cleanup@sha256:a10c61bd700a14b43b3a45a1791612ef9907c3ef3ba3b1731e0ab0675248d351 k8s.gcr.io/etcd-empty-dir-cleanup:3.3.10.0] 32791339} {[k8s.gcr.io/metadata-proxy@sha256:80fb815ae179d4f177a880f0b9af65fe9742c94d626d1904f642eba8610be5bf k8s.gcr.io/metadata-proxy:v0.1.11] 8965381} {[k8s.gcr.io/pause@sha256:f78411e19d84a252e53bff71a4407a5686c46983a2c2eeed83929b888179acea k8s.gcr.io/pause:3.1] 742472}],VolumesInUse:[],VolumesAttached:[],Config:&amp;NodeConfigStatus{Assigned:nil,Active:nil,LastKnownGood:nil,Error:,},},}&#xA;Mar 19 11:23:26.913: INFO: &#xA;Logging kubelet events for node e2e-test-peterhornyack-master&#xA;Mar 19 11:23:26.955: INFO: &#xA;Logging pods the kubelet thinks is on node e2e-test-peterhornyack-master&#xA;Mar 19 11:23:27.005: INFO: etcd-server-e2e-test-peterhornyack-master started at &lt;nil&gt; (0+0 container statuses recorded)&#xA;Mar 19 11:23:27.005: INFO: kube-addon-manager-e2e-test-peterhornyack-master started at &lt;nil&gt; (0+0 container statuses recorded)&#xA;Mar 19 11:23:27.005: INFO: kube-apiserver-e2e-test-peterhornyack-master started at &lt;nil&gt; (0+0 container statuses recorded)&#xA;Mar 19 11:23:27.005: INFO: etcd-empty-dir-cleanup-e2e-test-peterhornyack-master started at &lt;nil&gt; (0+0 container statuses recorded)&#xA;Mar 19 11:23:27.005: INFO: etcd-server-events-e2e-test-peterhornyack-master started at &lt;nil&gt; (0+0 container statuses recorded)&#xA;Mar 19 11:23:27.005: INFO: l7-lb-controller-v1.2.3-e2e-test-peterhornyack-master started at &lt;nil&gt; (0+0 container statuses recorded)&#xA;Mar 19 11:23:27.005: INFO: kube-controller-manager-e2e-test-peterhornyack-master started at &lt;nil&gt; (0+0 container statuses recorded)&#xA;Mar 19 11:23:27.005: INFO: kube-scheduler-e2e-test-peterhornyack-master started at &lt;nil&gt; (0+0 container statuses recorded)&#xA;Mar 19 11:23:27.005: INFO: metadata-proxy-v0.1-t99fq started at 2019-03-19 09:43:42 -0700 PDT (0+2 container statuses recorded)&#xA;Mar 19 11:23:27.005: INFO: &#x9;Container metadata-proxy ready: true, restart count 0&#xA;Mar 19 11:23:27.005: INFO: &#x9;Container prometheus-to-sd-exporter ready: true, restart count 0&#xA;Mar 19 11:23:27.005: INFO: fluentd-gcp-v3.2.0-hzdmn started at 2019-03-19 09:48:05 -0700 PDT (0+2 container statuses recorded)&#xA;Mar 19 11:23:27.005: INFO: &#x9;Container fluentd-gcp ready: true, restart count 0&#xA;Mar 19 11:23:27.005: INFO: &#x9;Container prometheus-to-sd-exporter ready: true, restart count 0&#xA;Mar 19 11:23:27.155: INFO: &#xA;Latency metrics for node e2e-test-peterhornyack-master&#xA;Mar 19 11:23:27.155: INFO: &#xA;Logging node info for node e2e-test-peterhornyack-minion-group-413w&#xA;Mar 19 11:23:27.198: INFO: Node Info: &amp;Node{ObjectMeta:k8s_io_apimachinery_pkg_apis_meta_v1.ObjectMeta{Name:e2e-test-peterhornyack-minion-group-413w,GenerateName:,Namespace:,SelfLink:/api/v1/nodes/e2e-test-peterhornyack-minion-group-413w,UID:a57d0e9c-4a66-11e9-8094-42010a280002,ResourceVersion:15655,Generation:0,CreationTimestamp:2019-03-19 09:47:13 -0700 PDT,DeletionTimestamp:&lt;nil&gt;,DeletionGracePeriodSeconds:nil,Labels:map[string]string{beta.kubernetes.io/arch: amd64,beta.kubernetes.io/instance-type: n1-standard-2,beta.kubernetes.io/metadata-proxy-ready: true,beta.kubernetes.io/os: linux,cloud.google.com/metadata-proxy-ready: true,failure-domain.beta.kubernetes.io/region: us-central1,failure-domain.beta.kubernetes.io/zone: us-central1-b,kubernetes.io/arch: amd64,kubernetes.io/hostname: e2e-test-peterhornyack-minion-group-413w,kubernetes.io/os: linux,},Annotations:map[string]string{node.alpha.kubernetes.io/ttl: 0,volumes.kubernetes.io/controller-managed-attach-detach: true,},OwnerReferences:[],Finalizers:[],ClusterName:,Initializers:nil,ManagedFields:[],},Spec:NodeSpec{PodCIDR:10.64.3.0/24,DoNotUse_ExternalID:,ProviderID:gce://peterhornyack-kubernetes-test/us-central1-b/e2e-test-peterhornyack-minion-group-413w,Unschedulable:false,Taints:[{node-under-test false NoSchedule &lt;nil&gt;}],ConfigSource:nil,},Status:NodeStatus{Capacity:ResourceList{attachable-volumes-gce-pd: {{64 0} {&lt;nil&gt;} 64 DecimalSI},cpu: {{2 0} {&lt;nil&gt;} 2 DecimalSI},ephemeral-storage: {{101241290752 0} {&lt;nil&gt;}  BinarySI},hugepages-2Mi: {{0 0} {&lt;nil&gt;} 0 DecimalSI},memory: {{7841865728 0} {&lt;nil&gt;}  BinarySI},pods: {{110 0} {&lt;nil&gt;} 110 DecimalSI},},Allocatable:ResourceList{attachable-volumes-gce-pd: {{64 0} {&lt;nil&gt;} 64 DecimalSI},cpu: {{2 0} {&lt;nil&gt;} 2 DecimalSI},ephemeral-storage: {{91117161526 0} {&lt;nil&gt;} 91117161526 DecimalSI},hugepages-2Mi: {{0 0} {&lt;nil&gt;} 0 DecimalSI},memory: {{7579721728 0} {&lt;nil&gt;}  BinarySI},pods: {{110 0} {&lt;nil&gt;} 110 DecimalSI},},Phase:,Conditions:[{FrequentContainerdRestart False 2019-03-19 11:23:06 -0700 PDT 2019-03-19 09:52:15 -0700 PDT FrequentContainerdRestart containerd is functioning properly} {CorruptDockerOverlay2 False 2019-03-19 11:23:06 -0700 PDT 2019-03-19 09:52:12 -0700 PDT CorruptDockerOverlay2 docker overlay2 is functioning properly} {KernelDeadlock False 2019-03-19 11:23:06 -0700 PDT 2019-03-19 09:47:11 -0700 PDT KernelHasNoDeadlock kernel has no deadlock} {ReadonlyFilesystem False 2019-03-19 11:23:06 -0700 PDT 2019-03-19 09:47:11 -0700 PDT FilesystemIsNotReadOnly Filesystem is not read-only} {FrequentUnregisterNetDevice False 2019-03-19 11:23:06 -0700 PDT 2019-03-19 09:52:13 -0700 PDT UnregisterNetDevice node is functioning properly} {FrequentKubeletRestart False 2019-03-19 11:23:06 -0700 PDT 2019-03-19 09:52:13 -0700 PDT FrequentKubeletRestart kubelet is functioning properly} {FrequentDockerRestart False 2019-03-19 11:23:06 -0700 PDT 2019-03-19 09:52:14 -0700 PDT FrequentDockerRestart docker is functioning properly} {NetworkUnavailable False 2019-03-19 09:47:14 -0700 PDT 2019-03-19 09:47:14 -0700 PDT RouteCreated NodeController create implicit route} {MemoryPressure False 2019-03-19 11:22:52 -0700 PDT 2019-03-19 09:47:13 -0700 PDT KubeletHasSufficientMemory kubelet has sufficient memory available} {DiskPressure False 2019-03-19 11:22:52 -0700 PDT 2019-03-19 09:47:13 -0700 PDT KubeletHasNoDiskPressure kubelet has no disk pressure} {PIDPressure False 2019-03-19 11:22:52 -0700 PDT 2019-03-19 09:47:13 -0700 PDT KubeletHasSufficientPID kubelet has sufficient PID available} {Ready True 2019-03-19 11:22:52 -0700 PDT 2019-03-19 09:47:13 -0700 PDT KubeletReady kubelet is posting ready status. AppArmor enabled}],Addresses:[{InternalIP 10.40.0.5} {ExternalIP 35.222.40.0} {InternalDNS e2e-test-peterhornyack-minion-group-413w.c.peterhornyack-kubernetes-test.internal} {Hostname e2e-test-peterhornyack-minion-group-413w.c.peterhornyack-kubernetes-test.internal}],DaemonEndpoints:NodeDaemonEndpoints{KubeletEndpoint:DaemonEndpoint{Port:10250,},},NodeInfo:NodeSystemInfo{MachineID:ae7c1d660ce932cc4cd5236ff40eb8a7,SystemUUID:AE7C1D66-0CE9-32CC-4CD5-236FF40EB8A7,BootID:796cbd3d-31d1-449c-bd96-034cd9979816,KernelVersion:4.14.94+,OSImage:Container-Optimized OS from Google,ContainerRuntimeVersion:docker://18.9.1,KubeletVersion:v1.15.0-alpha.0.1217+13f77e8589cd67-dirty,KubeProxyVersion:v1.15.0-alpha.0.1217+13f77e8589cd67-dirty,OperatingSystem:linux,Architecture:amd64,},Images:[{[gcr.io/stackdriver-agents/stackdriver-logging-agent@sha256:f8d5231b67b9c53f60068b535a11811d29d1b3efd53d2b79f2a2591ea338e4f2 gcr.io/stackdriver-agents/stackdriver-logging-agent:0.6-1.6.0-1] 223242132} {[k8s.gcr.io/kubernetes-dashboard-amd64@sha256:0ae6b69432e78069c5ce2bcde0fe409c5c4d6f0f4d9cd50a17974fea38898747 k8s.gcr.io/kubernetes-dashboard-amd64:v1.10.1] 121711221} {[k8s.gcr.io/fluentd-gcp-scaler@sha256:457a13df66534b94bab627c4c2dc2df0ee5153a5d0f0afd27502bd46bd8da81d k8s.gcr.io/fluentd-gcp-scaler:0.5] 103488147} {[k8s.gcr.io/event-exporter@sha256:7f9cd7cb04d6959b0aa960727d04fa86759008048c785397b7b0d9dff0007516 k8s.gcr.io/event-exporter:v0.2.3] 94171943} {[k8s.gcr.io/prometheus-to-sd@sha256:6c0c742475363d537ff059136e5d5e4ab1f512ee0fd9b7ca42ea48bc309d1662 k8s.gcr.io/prometheus-to-sd:v0.3.1] 88077694} {[k8s.gcr.io/kube-proxy:v1.15.0-alpha.0.1217_13f77e8589cd67-dirty] 82018343} {[k8s.gcr.io/heapster-amd64@sha256:9fae0af136ce0cf4f88393b3670f7139ffc464692060c374d2ae748e13144521 k8s.gcr.io/heapster-amd64:v1.6.0-beta.1] 76016169} {[k8s.gcr.io/cluster-proportional-autoscaler-amd64@sha256:12370202895b621a2ac28226292e4578598f13c1502aa4d3ee90fff4325d9275 k8s.gcr.io/cluster-proportional-autoscaler-amd64:1.4.0] 45853555} {[k8s.gcr.io/metrics-server-amd64@sha256:78938f933822856f443e6827fe5b37d6cc2f74ae888ac8b33d06fdbe5f8c658b k8s.gcr.io/metrics-server-amd64:v0.3.1] 40767713} {[k8s.gcr.io/coredns@sha256:02382353821b12c21b062c59184e227e001079bb13ebd01f9d3270ba0fcbf1e4 k8s.gcr.io/coredns:1.3.1] 40303560} {[k8s.gcr.io/addon-resizer@sha256:a31822f30e947885d038812f4a5a5675e72f92c06cef17b1989c80426aa89012 k8s.gcr.io/addon-resizer:1.8.4] 38349857} {[k8s.gcr.io/metadata-proxy@sha256:80fb815ae179d4f177a880f0b9af65fe9742c94d626d1904f642eba8610be5bf k8s.gcr.io/metadata-proxy:v0.1.11] 8965381} {[k8s.gcr.io/defaultbackend-amd64@sha256:4dc5e07c8ca4e23bddb3153737d7b8c556e5fb2f29c4558b7cd6e6df99c512c7 k8s.gcr.io/defaultbackend-amd64:1.5] 5132544} {[k8s.gcr.io/pause@sha256:f78411e19d84a252e53bff71a4407a5686c46983a2c2eeed83929b888179acea k8s.gcr.io/pause:3.1] 742472}],VolumesInUse:[],VolumesAttached:[],Config:&amp;NodeConfigStatus{Assigned:nil,Active:nil,LastKnownGood:nil,Error:,},},}&#xA;Mar 19 11:23:27.198: INFO: &#xA;Logging kubelet events for node e2e-test-peterhornyack-minion-group-413w&#xA;Mar 19 11:23:27.240: INFO: &#xA;Logging pods the kubelet thinks is on node e2e-test-peterhornyack-minion-group-413w&#xA;Mar 19 11:23:27.300: INFO: coredns-5b969f4c88-sn584 started at 2019-03-19 09:47:13 -0700 PDT (0+1 container statuses recorded)&#xA;Mar 19 11:23:27.300: INFO: &#x9;Container coredns ready: true, restart count 0&#xA;Mar 19 11:23:27.300: INFO: l7-default-backend-8f479dd9-5qggn started at 2019-03-19 09:47:13 -0700 PDT (0+1 container statuses recorded)&#xA;Mar 19 11:23:27.300: INFO: &#x9;Container default-http-backend ready: true, restart count 0&#xA;Mar 19 11:23:27.300: INFO: metadata-proxy-v0.1-mhd5d started at 2019-03-19 09:47:13 -0700 PDT (0+2 container statuses recorded)&#xA;Mar 19 11:23:27.300: INFO: &#x9;Container metadata-proxy ready: true, restart count 0&#xA;Mar 19 11:23:27.300: INFO: &#x9;Container prometheus-to-sd-exporter ready: true, restart count 0&#xA;Mar 19 11:23:27.300: INFO: event-exporter-v0.2.3-77f59d4b59-mdcvl started at 2019-03-19 09:47:13 -0700 PDT (0+2 container statuses recorded)&#xA;Mar 19 11:23:27.300: INFO: &#x9;Container event-exporter ready: true, restart count 0&#xA;Mar 19 11:23:27.300: INFO: &#x9;Container prometheus-to-sd-exporter ready: true, restart count 0&#xA;Mar 19 11:23:27.300: INFO: fluentd-gcp-scaler-85cdd7d7c5-7lm6p started at 2019-03-19 09:47:13 -0700 PDT (0+1 container statuses recorded)&#xA;Mar 19 11:23:27.300: INFO: &#x9;Container fluentd-gcp-scaler ready: true, restart count 0&#xA;Mar 19 11:23:27.300: INFO: fluentd-gcp-v3.2.0-dhczm started at 2019-03-19 09:47:43 -0700 PDT (0+2 container statuses recorded)&#xA;Mar 19 11:23:27.300: INFO: &#x9;Container fluentd-gcp ready: true, restart count 0&#xA;Mar 19 11:23:27.300: INFO: &#x9;Container prometheus-to-sd-exporter ready: true, restart count 0&#xA;Mar 19 11:23:27.300: INFO: kube-proxy-e2e-test-peterhornyack-minion-group-413w started at &lt;nil&gt; (0+0 container statuses recorded)&#xA;Mar 19 11:23:27.300: INFO: kubernetes-dashboard-85bcf5dbf8-p8g76 started at 2019-03-19 09:47:13 -0700 PDT (0+1 container statuses recorded)&#xA;Mar 19 11:23:27.300: INFO: &#x9;Container kubernetes-dashboard ready: true, restart count 0&#xA;Mar 19 11:23:27.300: INFO: kube-dns-autoscaler-97df449df-fnkn6 started at 2019-03-19 09:47:13 -0700 PDT (0+1 container statuses recorded)&#xA;Mar 19 11:23:27.300: INFO: &#x9;Container autoscaler ready: true, restart count 0&#xA;Mar 19 11:23:27.449: INFO: &#xA;Latency metrics for node e2e-test-peterhornyack-minion-group-413w&#xA;Mar 19 11:23:27.449: INFO: &#xA;Logging node info for node e2e-test-peterhornyack-minion-group-b97j&#xA;Mar 19 11:23:27.493: INFO: Node Info: &amp;Node{ObjectMeta:k8s_io_apimachinery_pkg_apis_meta_v1.ObjectMeta{Name:e2e-test-peterhornyack-minion-group-b97j,GenerateName:,Namespace:,SelfLink:/api/v1/nodes/e2e-test-peterhornyack-minion-group-b97j,UID:a70e9a27-4a66-11e9-8094-42010a280002,ResourceVersion:15657,Generation:0,CreationTimestamp:2019-03-19 09:47:16 -0700 PDT,DeletionTimestamp:&lt;nil&gt;,DeletionGracePeriodSeconds:nil,Labels:map[string]string{beta.kubernetes.io/arch: amd64,beta.kubernetes.io/instance-type: n1-standard-2,beta.kubernetes.io/metadata-proxy-ready: true,beta.kubernetes.io/os: linux,cloud.google.com/metadata-proxy-ready: true,failure-domain.beta.kubernetes.io/region: us-central1,failure-domain.beta.kubernetes.io/zone: us-central1-b,kubernetes.io/arch: amd64,kubernetes.io/hostname: e2e-test-peterhornyack-minion-group-b97j,kubernetes.io/os: linux,},Annotations:map[string]string{node.alpha.kubernetes.io/ttl: 0,volumes.kubernetes.io/controller-managed-attach-detach: true,},OwnerReferences:[],Finalizers:[],ClusterName:,Initializers:nil,ManagedFields:[],},Spec:NodeSpec{PodCIDR:10.64.4.0/24,DoNotUse_ExternalID:,ProviderID:gce://peterhornyack-kubernetes-test/us-central1-b/e2e-test-peterhornyack-minion-group-b97j,Unschedulable:false,Taints:[{node-under-test false NoSchedule &lt;nil&gt;}],ConfigSource:nil,},Status:NodeStatus{Capacity:ResourceList{attachable-volumes-gce-pd: {{64 0} {&lt;nil&gt;} 64 DecimalSI},cpu: {{2 0} {&lt;nil&gt;} 2 DecimalSI},ephemeral-storage: {{101241290752 0} {&lt;nil&gt;}  BinarySI},hugepages-2Mi: {{0 0} {&lt;nil&gt;} 0 DecimalSI},memory: {{7841865728 0} {&lt;nil&gt;}  BinarySI},pods: {{110 0} {&lt;nil&gt;} 110 DecimalSI},},Allocatable:ResourceList{attachable-volumes-gce-pd: {{64 0} {&lt;nil&gt;} 64 DecimalSI},cpu: {{2 0} {&lt;nil&gt;} 2 DecimalSI},ephemeral-storage: {{91117161526 0} {&lt;nil&gt;} 91117161526 DecimalSI},hugepages-2Mi: {{0 0} {&lt;nil&gt;} 0 DecimalSI},memory: {{7579721728 0} {&lt;nil&gt;}  BinarySI},pods: {{110 0} {&lt;nil&gt;} 110 DecimalSI},},Phase:,Conditions:[{FrequentDockerRestart False 2019-03-19 11:23:07 -0700 PDT 2019-03-19 09:52:17 -0700 PDT FrequentDockerRestart docker is functioning properly} {FrequentContainerdRestart False 2019-03-19 11:23:07 -0700 PDT 2019-03-19 09:52:18 -0700 PDT FrequentContainerdRestart containerd is functioning properly} {CorruptDockerOverlay2 False 2019-03-19 11:23:07 -0700 PDT 2019-03-19 09:52:15 -0700 PDT CorruptDockerOverlay2 docker overlay2 is functioning properly} {KernelDeadlock False 2019-03-19 11:23:07 -0700 PDT 2019-03-19 09:47:14 -0700 PDT KernelHasNoDeadlock kernel has no deadlock} {ReadonlyFilesystem False 2019-03-19 11:23:07 -0700 PDT 2019-03-19 09:47:14 -0700 PDT FilesystemIsNotReadOnly Filesystem is not read-only} {FrequentUnregisterNetDevice False 2019-03-19 11:23:07 -0700 PDT 2019-03-19 09:52:16 -0700 PDT UnregisterNetDevice node is functioning properly} {FrequentKubeletRestart False 2019-03-19 11:23:07 -0700 PDT 2019-03-19 09:52:16 -0700 PDT FrequentKubeletRestart kubelet is functioning properly} {NetworkUnavailable False 2019-03-19 09:47:17 -0700 PDT 2019-03-19 09:47:17 -0700 PDT RouteCreated NodeController create implicit route} {MemoryPressure False 2019-03-19 11:22:54 -0700 PDT 2019-03-19 09:47:16 -0700 PDT KubeletHasSufficientMemory kubelet has sufficient memory available} {DiskPressure False 2019-03-19 11:22:54 -0700 PDT 2019-03-19 09:47:16 -0700 PDT KubeletHasNoDiskPressure kubelet has no disk pressure} {PIDPressure False 2019-03-19 11:22:54 -0700 PDT 2019-03-19 09:47:16 -0700 PDT KubeletHasSufficientPID kubelet has sufficient PID available} {Ready True 2019-03-19 11:22:54 -0700 PDT 2019-03-19 09:47:16 -0700 PDT KubeletReady kubelet is posting ready status. AppArmor enabled}],Addresses:[{InternalIP 10.40.0.6} {ExternalIP 35.238.126.74} {InternalDNS e2e-test-peterhornyack-minion-group-b97j.c.peterhornyack-kubernetes-test.internal} {Hostname e2e-test-peterhornyack-minion-group-b97j.c.peterhornyack-kubernetes-test.internal}],DaemonEndpoints:NodeDaemonEndpoints{KubeletEndpoint:DaemonEndpoint{Port:10250,},},NodeInfo:NodeSystemInfo{MachineID:ba95155d1e1f7f0ade32513fe8e8e3cd,SystemUUID:BA95155D-1E1F-7F0A-DE32-513FE8E8E3CD,BootID:e89bc46f-5610-40de-b921-501bff5c5396,KernelVersion:4.14.94+,OSImage:Container-Optimized OS from Google,ContainerRuntimeVersion:docker://18.9.1,KubeletVersion:v1.15.0-alpha.0.1217+13f77e8589cd67-dirty,KubeProxyVersion:v1.15.0-alpha.0.1217+13f77e8589cd67-dirty,OperatingSystem:linux,Architecture:amd64,},Images:[{[gcr.io/stackdriver-agents/stackdriver-logging-agent@sha256:f8d5231b67b9c53f60068b535a11811d29d1b3efd53d2b79f2a2591ea338e4f2 gcr.io/stackdriver-agents/stackdriver-logging-agent:0.6-1.6.0-1] 223242132} {[nginx@sha256:e3456c851a152494c3e4ff5fcc26f240206abac0c9d794affb40e0714846c451 nginx:1.7.9] 91664166} {[ubuntu@sha256:f2557f94cac1cc4509d0483cb6e302da841ecd6f82eb2e91dc7ba6cfd0c580ab ubuntu:latest] 88908191} {[k8s.gcr.io/prometheus-to-sd@sha256:6c0c742475363d537ff059136e5d5e4ab1f512ee0fd9b7ca42ea48bc309d1662 k8s.gcr.io/prometheus-to-sd:v0.3.1] 88077694} {[k8s.gcr.io/kube-proxy:v1.15.0-alpha.0.1217_13f77e8589cd67-dirty] 82018343} {[k8s.gcr.io/heapster-amd64@sha256:9fae0af136ce0cf4f88393b3670f7139ffc464692060c374d2ae748e13144521 k8s.gcr.io/heapster-amd64:v1.6.0-beta.1] 76016169} {[k8s.gcr.io/metrics-server-amd64@sha256:78938f933822856f443e6827fe5b37d6cc2f74ae888ac8b33d06fdbe5f8c658b k8s.gcr.io/metrics-server-amd64:v0.3.1] 40767713} {[k8s.gcr.io/coredns@sha256:02382353821b12c21b062c59184e227e001079bb13ebd01f9d3270ba0fcbf1e4 k8s.gcr.io/coredns:1.3.1] 40303560} {[k8s.gcr.io/addon-resizer@sha256:a31822f30e947885d038812f4a5a5675e72f92c06cef17b1989c80426aa89012 k8s.gcr.io/addon-resizer:1.8.4] 38349857} {[k8s.gcr.io/metadata-proxy@sha256:80fb815ae179d4f177a880f0b9af65fe9742c94d626d1904f642eba8610be5bf k8s.gcr.io/metadata-proxy:v0.1.11] 8965381} {[k8s.gcr.io/pause@sha256:f78411e19d84a252e53bff71a4407a5686c46983a2c2eeed83929b888179acea k8s.gcr.io/pause:3.1] 742472}],VolumesInUse:[],VolumesAttached:[],Config:&amp;NodeConfigStatus{Assigned:nil,Active:nil,LastKnownGood:nil,Error:,},},}&#xA;Mar 19 11:23:27.494: INFO: &#xA;Logging kubelet events for node e2e-test-peterhornyack-minion-group-b97j&#xA;Mar 19 11:23:27.536: INFO: &#xA;Logging pods the kubelet thinks is on node e2e-test-peterhornyack-minion-group-b97j&#xA;Mar 19 11:23:27.595: INFO: fluentd-gcp-v3.2.0-cjzwp started at 2019-03-19 09:47:56 -0700 PDT (0+2 container statuses recorded)&#xA;Mar 19 11:23:27.595: INFO: &#x9;Container fluentd-gcp ready: true, restart count 0&#xA;Mar 19 11:23:27.595: INFO: &#x9;Container prometheus-to-sd-exporter ready: true, restart count 0&#xA;Mar 19 11:23:27.595: INFO: coredns-5b969f4c88-8wcmf started at 2019-03-19 09:47:27 -0700 PDT (0+1 container statuses recorded)&#xA;Mar 19 11:23:27.595: INFO: &#x9;Container coredns ready: true, restart count 0&#xA;Mar 19 11:23:27.595: INFO: metrics-server-v0.3.1-7d9cf58c5c-2wbtj started at 2019-03-19 09:47:35 -0700 PDT (0+2 container statuses recorded)&#xA;Mar 19 11:23:27.595: INFO: &#x9;Container metrics-server ready: true, restart count 0&#xA;Mar 19 11:23:27.595: INFO: &#x9;Container metrics-server-nanny ready: true, restart count 0&#xA;Mar 19 11:23:27.595: INFO: heapster-v1.6.0-beta.1-6796bf47bf-vtxtn started at 2019-03-19 09:47:36 -0700 PDT (0+2 container statuses recorded)&#xA;Mar 19 11:23:27.595: INFO: &#x9;Container heapster ready: true, restart count 0&#xA;Mar 19 11:23:27.595: INFO: &#x9;Container heapster-nanny ready: true, restart count 0&#xA;Mar 19 11:23:27.595: INFO: kube-proxy-e2e-test-peterhornyack-minion-group-b97j started at &lt;nil&gt; (0+0 container statuses recorded)&#xA;Mar 19 11:23:27.595: INFO: metadata-proxy-v0.1-mx4wk started at 2019-03-19 09:47:16 -0700 PDT (0+2 container statuses recorded)&#xA;Mar 19 11:23:27.595: INFO: &#x9;Container metadata-proxy ready: true, restart count 0&#xA;Mar 19 11:23:27.595: INFO: &#x9;Container prometheus-to-sd-exporter ready: true, restart count 0&#xA;Mar 19 11:23:27.754: INFO: &#xA;Latency metrics for node e2e-test-peterhornyack-minion-group-b97j&#xA;Mar 19 11:23:27.754: INFO: &#xA;Logging node info for node e2e-test-peterhornyack-windows-node-group-7n03&#xA;Mar 19 11:23:27.797: INFO: Node Info: &amp;Node{ObjectMeta:k8s_io_apimachinery_pkg_apis_meta_v1.ObjectMeta{Name:e2e-test-peterhornyack-windows-node-group-7n03,GenerateName:,Namespace:,SelfLink:/api/v1/nodes/e2e-test-peterhornyack-windows-node-group-7n03,UID:139949a7-4a67-11e9-8094-42010a280002,ResourceVersion:15575,Generation:0,CreationTimestamp:2019-03-19 09:50:18 -0700 PDT,DeletionTimestamp:&lt;nil&gt;,DeletionGracePeriodSeconds:nil,Labels:map[string]string{beta.kubernetes.io/arch: amd64,beta.kubernetes.io/instance-type: n1-standard-2,beta.kubernetes.io/os: windows,failure-domain.beta.kubernetes.io/region: us-central1,failure-domain.beta.kubernetes.io/zone: us-central1-b,kubernetes.io/arch: amd64,kubernetes.io/hostname: e2e-test-peterhornyack-windows-node-group-7n03,kubernetes.io/os: windows,},Annotations:map[string]string{node.alpha.kubernetes.io/ttl: 0,volumes.kubernetes.io/controller-managed-attach-detach: true,},OwnerReferences:[],Finalizers:[],ClusterName:,Initializers:nil,ManagedFields:[],},Spec:NodeSpec{PodCIDR:10.64.1.0/24,DoNotUse_ExternalID:,ProviderID:gce://peterhornyack-kubernetes-test/us-central1-b/e2e-test-peterhornyack-windows-node-group-7n03,Unschedulable:false,Taints:[],ConfigSource:nil,},Status:NodeStatus{Capacity:ResourceList{attachable-volumes-gce-pd: {{64 0} {&lt;nil&gt;} 64 DecimalSI},cpu: {{2 0} {&lt;nil&gt;} 2 DecimalSI},ephemeral-storage: {{107372081152 0} {&lt;nil&gt;} 104855548Ki BinarySI},memory: {{8052645888 0} {&lt;nil&gt;}  BinarySI},pods: {{110 0} {&lt;nil&gt;} 110 DecimalSI},},Allocatable:ResourceList{attachable-volumes-gce-pd: {{64 0} {&lt;nil&gt;} 64 DecimalSI},cpu: {{2 0} {&lt;nil&gt;} 2 DecimalSI},ephemeral-storage: {{96634872877 0} {&lt;nil&gt;} 96634872877 DecimalSI},memory: {{7790501888 0} {&lt;nil&gt;}  BinarySI},pods: {{110 0} {&lt;nil&gt;} 110 DecimalSI},},Phase:,Conditions:[{NetworkUnavailable False 2019-03-19 09:50:18 -0700 PDT 2019-03-19 09:50:18 -0700 PDT RouteCreated NodeController create implicit route} {MemoryPressure False 2019-03-19 11:22:31 -0700 PDT 2019-03-19 09:50:18 -0700 PDT KubeletHasSufficientMemory kubelet has sufficient memory available} {DiskPressure False 2019-03-19 11:22:31 -0700 PDT 2019-03-19 09:50:18 -0700 PDT KubeletHasNoDiskPressure kubelet has no disk pressure} {PIDPressure False 2019-03-19 11:22:31 -0700 PDT 2019-03-19 09:50:18 -0700 PDT KubeletHasSufficientPID kubelet has sufficient PID available} {Ready True 2019-03-19 11:22:31 -0700 PDT 2019-03-19 09:50:18 -0700 PDT KubeletReady kubelet is posting ready status}],Addresses:[{InternalIP 10.40.0.3} {ExternalIP 35.222.82.28} {InternalDNS e2e-test-peterhornyack-windows-node-group-7n03.c.peterhornyack-kubernetes-test.internal} {Hostname e2e-test-peterhornyack-windows-node-group-7n03.c.peterhornyack-kubernetes-test.internal}],DaemonEndpoints:NodeDaemonEndpoints{KubeletEndpoint:DaemonEndpoint{Port:10250,},},NodeInfo:NodeSystemInfo{MachineID:e2e-test-peterhornyack-windows-node-group-7n03,SystemUUID:,BootID:,KernelVersion:10.0.17763.316,OSImage:Windows Server Datacenter,ContainerRuntimeVersion:docker://18.9.2,KubeletVersion:v1.15.0-alpha.0.1217+13f77e8589cd67-dirty,KubeProxyVersion:v1.15.0-alpha.0.1217+13f77e8589cd67-dirty,OperatingSystem:windows,Architecture:amd64,},Images:[{[e2eteam/dnsutils@sha256:a723711f52782f6912c5bee0f06f460c168dbe28dcab8b3c9ae0b5a12fd710c3 e2eteam/jessie-dnsutils@sha256:a723711f52782f6912c5bee0f06f460c168dbe28dcab8b3c9ae0b5a12fd710c3 e2eteam/dnsutils:1.1 e2eteam/jessie-dnsutils:1.0] 4448740419} {[e2eteam/nginx@sha256:fd7f1a29995d4ff106f216e9d334e17ae9a7c0840e0d0c61b4d086633a12c765 e2eteam/nginx:1.14-alpine] 4340785269} {[e2eteam/nettest@sha256:6840d875f58127a09f0ac7af1c642aa304f5f46bb851703d952db778e4d168b8 e2eteam/nettest:1.0] 4316104218} {[e2eteam/netexec@sha256:ebef54431c71a168864e73ee5e003c87f971808c8afad8f4d6c4c3197f9e86e1 e2eteam/netexec:1.1] 4311441436} {[e2eteam/hostexec@sha256:14a17284c8dbd7eb846ba4fd942cf4b39b3d6027539cc0b8fb9f41fd25cc57ca e2eteam/hostexec:1.1] 4298305042} {[e2eteam/busybox@sha256:4a971374f1eddfabd9151e981c423ebc14338e65a589c96de6e3695f6594717b e2eteam/busybox:1.29] 4298264082} {[e2eteam/nautilus@sha256:ca62437261ac75286b5cfdd468370eb1333622a318bb79fba2713453580e70ac e2eteam/nautilus:1.0] 4284301098} {[e2eteam/kitten@sha256:0aac8c65b57835704bf6f44f226b49f68feb0a2d277f18e4bb9b354599bb1c2a e2eteam/kitten:1.0] 4284294634} {[e2eteam/test-webserver@sha256:b020367d931035ef439b5c00cdd3fa4716728a3047ffcbc5b63c2ba4a01e49d0 e2eteam/test-webserver:1.0] 4284197914} {[e2eteam/serve-hostname@sha256:0aad20e3c3d8b92c12c2d203a7d1227beb01731293ed721c286e05c888d2b2f5 e2eteam/serve-hostname:1.1] 4284091418} {[e2eteam/mounttest@sha256:7fbfe980c34b431ff56b8d863940dc38915b593451615f531fd69a3646181713 e2eteam/mounttest:1.0] 4279865259} {[e2eteam/pause@sha256:3099d9d72970909bf2821a7bc335e9ef34440917894d05fa79ea13e62deca263 e2eteam/pause:3.1] 4278932506} {[mcr.microsoft.com/windows/servercore@sha256:17752cc071661e3cc1c1bec27d90d528fb4389d90c0412466783c2fe1c291c4e mcr.microsoft.com/windows/servercore:1809] 4276767258} {[mcr.microsoft.com/windows/nanoserver@sha256:38e68e67a8079788f2731f981e6580cae8c96095e9db502222ff05464d8d17c7 mcr.microsoft.com/windows/nanoserver:1809] 346702656}],VolumesInUse:[],VolumesAttached:[],Config:nil,},}&#xA;Mar 19 11:23:27.797: INFO: &#xA;Logging kubelet events for node e2e-test-peterhornyack-windows-node-group-7n03&#xA;Mar 19 11:23:27.839: INFO: &#xA;Logging pods the kubelet thinks is on node e2e-test-peterhornyack-windows-node-group-7n03&#xA;Mar 19 11:23:27.887: INFO: pod-init-63b43de6-4a73-11e9-af5d-a08cfde32bdd started at 2019-03-19 11:18:26 -0700 PDT (2+1 container statuses recorded)&#xA;Mar 19 11:23:27.887: INFO: &#x9;Init container init1 ready: false, restart count 0&#xA;Mar 19 11:23:27.887: INFO: &#x9;Init container init2 ready: false, restart count 0&#xA;Mar 19 11:23:27.887: INFO: &#x9;Container run1 ready: false, restart count 0&#xA;Mar 19 11:23:28.051: INFO: &#xA;Latency metrics for node e2e-test-peterhornyack-windows-node-group-7n03&#xA;Mar 19 11:23:28.051: INFO: &#xA;Logging node info for node e2e-test-peterhornyack-windows-node-group-dp2r&#xA;Mar 19 11:23:28.095: INFO: Node Info: &amp;Node{ObjectMeta:k8s_io_apimachinery_pkg_apis_meta_v1.ObjectMeta{Name:e2e-test-peterhornyack-windows-node-group-dp2r,GenerateName:,Namespace:,SelfLink:/api/v1/nodes/e2e-test-peterhornyack-windows-node-group-dp2r,UID:1614b119-4a67-11e9-8094-42010a280002,ResourceVersion:15585,Generation:0,CreationTimestamp:2019-03-19 09:50:22 -0700 PDT,DeletionTimestamp:&lt;nil&gt;,DeletionGracePeriodSeconds:nil,Labels:map[string]string{beta.kubernetes.io/arch: amd64,beta.kubernetes.io/instance-type: n1-standard-2,beta.kubernetes.io/os: windows,failure-domain.beta.kubernetes.io/region: us-central1,failure-domain.beta.kubernetes.io/zone: us-central1-b,kubernetes.io/arch: amd64,kubernetes.io/hostname: e2e-test-peterhornyack-windows-node-group-dp2r,kubernetes.io/os: windows,},Annotations:map[string]string{node.alpha.kubernetes.io/ttl: 0,volumes.kubernetes.io/controller-managed-attach-detach: true,},OwnerReferences:[],Finalizers:[],ClusterName:,Initializers:nil,ManagedFields:[],},Spec:NodeSpec{PodCIDR:10.64.2.0/24,DoNotUse_ExternalID:,ProviderID:gce://peterhornyack-kubernetes-test/us-central1-b/e2e-test-peterhornyack-windows-node-group-dp2r,Unschedulable:false,Taints:[],ConfigSource:nil,},Status:NodeStatus{Capacity:ResourceList{attachable-volumes-gce-pd: {{64 0} {&lt;nil&gt;} 64 DecimalSI},cpu: {{2 0} {&lt;nil&gt;} 2 DecimalSI},ephemeral-storage: {{107372081152 0} {&lt;nil&gt;} 104855548Ki BinarySI},memory: {{8052645888 0} {&lt;nil&gt;}  BinarySI},pods: {{110 0} {&lt;nil&gt;} 110 DecimalSI},},Allocatable:ResourceList{attachable-volumes-gce-pd: {{64 0} {&lt;nil&gt;} 64 DecimalSI},cpu: {{2 0} {&lt;nil&gt;} 2 DecimalSI},ephemeral-storage: {{96634872877 0} {&lt;nil&gt;} 96634872877 DecimalSI},memory: {{7790501888 0} {&lt;nil&gt;}  BinarySI},pods: {{110 0} {&lt;nil&gt;} 110 DecimalSI},},Phase:,Conditions:[{NetworkUnavailable False 2019-03-19 09:50:23 -0700 PDT 2019-03-19 09:50:23 -0700 PDT RouteCreated NodeController create implicit route} {MemoryPressure False 2019-03-19 11:22:34 -0700 PDT 2019-03-19 09:50:22 -0700 PDT KubeletHasSufficientMemory kubelet has sufficient memory available} {DiskPressure False 2019-03-19 11:22:34 -0700 PDT 2019-03-19 09:50:22 -0700 PDT KubeletHasNoDiskPressure kubelet has no disk pressure} {PIDPressure False 2019-03-19 11:22:34 -0700 PDT 2019-03-19 09:50:22 -0700 PDT KubeletHasSufficientPID kubelet has sufficient PID available} {Ready True 2019-03-19 11:22:34 -0700 PDT 2019-03-19 09:50:22 -0700 PDT KubeletReady kubelet is posting ready status}],Addresses:[{InternalIP 10.40.0.4} {ExternalIP 35.239.5.123} {InternalDNS e2e-test-peterhornyack-windows-node-group-dp2r.c.peterhornyack-kubernetes-test.internal} {Hostname e2e-test-peterhornyack-windows-node-group-dp2r.c.peterhornyack-kubernetes-test.internal}],DaemonEndpoints:NodeDaemonEndpoints{KubeletEndpoint:DaemonEndpoint{Port:10250,},},NodeInfo:NodeSystemInfo{MachineID:e2e-test-peterhornyack-windows-node-group-dp2r,SystemUUID:,BootID:,KernelVersion:10.0.17763.316,OSImage:Windows Server Datacenter,ContainerRuntimeVersion:docker://18.9.2,KubeletVersion:v1.15.0-alpha.0.1217+13f77e8589cd67-dirty,KubeProxyVersion:v1.15.0-alpha.0.1217+13f77e8589cd67-dirty,OperatingSystem:windows,Architecture:amd64,},Images:[{[e2eteam/etcd@sha256:2bb37ac6854ed9de5a3dba621a514470a98f30fa35a5c1f21231fd3ccbd0e704 e2eteam/etcd:v3.3.10] 4349958651} {[e2eteam/nginx@sha256:fd7f1a29995d4ff106f216e9d334e17ae9a7c0840e0d0c61b4d086633a12c765 e2eteam/nginx:1.14-alpine e2eteam/nginx:1.15-alpine] 4340785269} {[e2eteam/sample-apiserver@sha256:f21ae78dcfed5ef0bbfeb424b9e8d490a7b12036d1d7a32c6bf1fc95333e3e83 e2eteam/sample-apiserver:1.10] 4331611162} {[e2eteam/nettest@sha256:6840d875f58127a09f0ac7af1c642aa304f5f46bb851703d952db778e4d168b8 e2eteam/nettest:1.0] 4316104218} {[e2eteam/netexec@sha256:ebef54431c71a168864e73ee5e003c87f971808c8afad8f4d6c4c3197f9e86e1 e2eteam/netexec:1.1] 4311441436} {[e2eteam/busybox@sha256:4a971374f1eddfabd9151e981c423ebc14338e65a589c96de6e3695f6594717b e2eteam/busybox:1.29] 4298264082} {[e2eteam/nautilus@sha256:ca62437261ac75286b5cfdd468370eb1333622a318bb79fba2713453580e70ac e2eteam/nautilus:1.0] 4284301098} {[e2eteam/kitten@sha256:0aac8c65b57835704bf6f44f226b49f68feb0a2d277f18e4bb9b354599bb1c2a e2eteam/kitten:1.0] 4284294634} {[e2eteam/porter@sha256:5a236ff3e407e01f410488047891b584d41608ce378a0a23f521a3c40cb32273 e2eteam/porter:1.0] 4284085058} {[e2eteam/entrypoint-tester@sha256:022f5f23f2c9687674f818cdccade8e4a61e5abe17b572fc5120121840ee99d1 e2eteam/entrypoint-tester:1.0] 4281099802} {[e2eteam/pause@sha256:3099d9d72970909bf2821a7bc335e9ef34440917894d05fa79ea13e62deca263 e2eteam/pause:3.1] 4278932506} {[mcr.microsoft.com/windows/servercore@sha256:17752cc071661e3cc1c1bec27d90d528fb4389d90c0412466783c2fe1c291c4e mcr.microsoft.com/windows/servercore:1809] 4276767258} {[e2eteam/liveness@sha256:422eefc21205cba67a10093e16c3881fbe1c12d1142a4df6b5f8af5034003349 e2eteam/liveness:1.0] 4180710657} {[gcr.io/kubernetes-e2e-test-images/windows-nanoserver@sha256:350f41a51a1fb33f1b0361a4247808a4b332e151a6970306822c4fd0fe98d628 mcr.microsoft.com/windows/nanoserver@sha256:38e68e67a8079788f2731f981e6580cae8c96095e9db502222ff05464d8d17c7 gcr.io/kubernetes-e2e-test-images/windows-nanoserver:v1 mcr.microsoft.com/windows/nanoserver:1809] 346702656}],VolumesInUse:[],VolumesAttached:[],Config:nil,},}&#xA;Mar 19 11:23:28.095: INFO: &#xA;Logging kubelet events for node e2e-test-peterhornyack-windows-node-group-dp2r&#xA;Mar 19 11:23:28.137: INFO: &#xA;Logging pods the kubelet thinks is on node e2e-test-peterhornyack-windows-node-group-dp2r&#xA;Mar 19 11:23:28.345: INFO: &#xA;Latency metrics for node e2e-test-peterhornyack-windows-node-group-dp2r&#xA;Mar 19 11:23:28.345: INFO: Waiting up to 3m0s for all (but 3) nodes to be ready&#xA;�[1mSTEP�[0m: Destroying namespace &#34;init-container-3055&#34; for this suite.&#xA;Mar 19 11:23:50.517: INFO: Waiting up to 30s for server preferred namespaced resources to be successfully discovered&#xA;Mar 19 11:23:52.165: INFO: namespace init-container-3055 deletion completed in 23.777672222s&#xA;</system-out>
      </testcase>
      <testcase name="[sig-storage] In-tree Volumes [Driver: local][LocalVolumeType: tmpfs] [Testpattern: Dynamic PV (default fs)] provisioning should provision storage with snapshot data source [Feature:VolumeSnapshotDataSource]" classname="Kubernetes e2e suite" time="0">
          <skipped></skipped>
      </testcase>
      <testcase name="[sig-storage] In-tree Volumes [Driver: iscsi][Feature:Volumes] [Testpattern: Dynamic PV (default fs)] subPath should unmount if pod is gracefully deleted while kubelet is down [Disruptive][Slow]" classname="Kubernetes e2e suite" time="0">
          <skipped></skipped>
      </testcase>
      <testcase name="[sig-storage] In-tree Volumes [Driver: local][LocalVolumeType: tmpfs] [Testpattern: Dynamic PV (default fs)] subPath should support restarting containers using directory as subpath [Slow]" classname="Kubernetes e2e suite" time="0">
          <skipped></skipped>
      </testcase>
      <testcase name="[sig-network] Services should only allow access from service loadbalancer source ranges [Slow]" classname="Kubernetes e2e suite" time="0">
          <skipped></skipped>
      </testcase>
      <testcase name="[sig-storage] In-tree Volumes [Driver: local][LocalVolumeType: gce-localssd-scsi-fs] [Serial] [Testpattern: Inline-volume (default fs)] subPath should support restarting containers using file as subpath [Slow]" classname="Kubernetes e2e suite" time="0">
          <skipped></skipped>
      </testcase>
      <testcase name="[sig-storage] In-tree Volumes [Driver: local][LocalVolumeType: dir] [Testpattern: Pre-provisioned PV (default fs)] subPath should support non-existent path" classname="Kubernetes e2e suite" time="0">
          <skipped></skipped>
      </testcase>
      <testcase name="[sig-storage] In-tree Volumes [Driver: local][LocalVolumeType: blockfs] [Testpattern: Dynamic PV (default fs)] subPath should support readOnly directory specified in the volumeMount" classname="Kubernetes e2e suite" time="0">
          <skipped></skipped>
      </testcase>
      <testcase name="[sig-apps] CronJob should schedule multiple jobs concurrently" classname="Kubernetes e2e suite" time="0">
          <skipped></skipped>
      </testcase>
      <testcase name="[sig-storage] CSI Volumes [Driver: pd.csi.storage.gke.io][Feature: gcePD-external] [Testpattern: Inline-volume (ext3)] volumes should be mountable" classname="Kubernetes e2e suite" time="0">
          <skipped></skipped>
      </testcase>
      <testcase name="[sig-storage] In-tree Volumes [Driver: local][LocalVolumeType: tmpfs] [Testpattern: Inline-volume (default fs)] subPath should support existing single file" classname="Kubernetes e2e suite" time="0">
          <skipped></skipped>
      </testcase>
      <testcase name="[sig-api-machinery] Garbage collector should not be blocked by dependency circle [Conformance]" classname="Kubernetes e2e suite" time="13.351425628"></testcase>
      <testcase name="[sig-storage] In-tree Volumes [Driver: local][LocalVolumeType: blockfs] [Testpattern: Dynamic PV (block volmode)] volumeMode should fail in binding dynamic provisioned PV to PVC" classname="Kubernetes e2e suite" time="0">
          <skipped></skipped>
      </testcase>
      <testcase name="[sig-storage] In-tree Volumes [Driver: local][LocalVolumeType: dir] [Testpattern: Inline-volume (default fs)] subPath should support readOnly file specified in the volumeMount" classname="Kubernetes e2e suite" time="0">
          <skipped></skipped>
      </testcase>
      <testcase name="[sig-cli] Kubectl client [k8s.io] Kubectl run --rm job should create a job from an image, then delete the job  [Conformance]" classname="Kubernetes e2e suite" time="37.136156065"></testcase>
      <testcase name="[sig-storage] In-tree Volumes [Driver: hostPathSymlink] [Testpattern: Dynamic PV (default fs)] provisioning should provision storage with snapshot data source [Feature:VolumeSnapshotDataSource]" classname="Kubernetes e2e suite" time="0">
          <skipped></skipped>
      </testcase>
      <testcase name="[sig-storage] Volume Placement should create and delete pod with multiple volumes from different datastore" classname="Kubernetes e2e suite" time="0">
          <skipped></skipped>
      </testcase>
      <testcase name="[sig-network] NetworkPolicy NetworkPolicy between server and client should allow egress access on one named port [Feature:NetworkPolicy]" classname="Kubernetes e2e suite" time="0">
          <skipped></skipped>
      </testcase>
      <testcase name="[sig-storage] In-tree Volumes [Driver: local][LocalVolumeType: gce-localssd-scsi-fs] [Serial] [Testpattern: Pre-provisioned PV (default fs)] subPath should fail if non-existent subpath is outside the volume [Slow]" classname="Kubernetes e2e suite" time="0">
          <skipped></skipped>
      </testcase>
      <testcase name="[sig-storage] CSI Volumes CSI Topology test using GCE PD driver [Serial] should provision zonal PD with delayed volume binding and mount the volume to a pod" classname="Kubernetes e2e suite" time="0">
          <skipped></skipped>
      </testcase>
      <testcase name="[sig-auth] Advanced Audit [DisabledForLargeClusters] should audit API calls to create, get, update, patch, delete, list, watch pods." classname="Kubernetes e2e suite" time="0">
          <skipped></skipped>
      </testcase>
      <testcase name="[sig-storage] In-tree Volumes [Driver: local][LocalVolumeType: tmpfs] [Testpattern: Pre-provisioned PV (block volmode)] volumeMode should fail to create pod by failing to mount volume" classname="Kubernetes e2e suite" time="0">
          <skipped></skipped>
      </testcase>
      <testcase name="[sig-storage] In-tree Volumes [Driver: emptydir] [Testpattern: Dynamic PV (default fs)] subPath should fail if subpath directory is outside the volume [Slow]" classname="Kubernetes e2e suite" time="0">
          <skipped></skipped>
      </testcase>
      <testcase name="[k8s.io] InitContainer [NodeConformance] should not start app containers if init containers fail on a RestartAlways pod [Conformance]" classname="Kubernetes e2e suite" time="78.762994242"></testcase>
      <testcase name="[sig-storage] In-tree Volumes [Driver: local][LocalVolumeType: tmpfs] [Testpattern: Dynamic PV (default fs)] provisioning should provision storage with mount options" classname="Kubernetes e2e suite" time="0">
          <skipped></skipped>
      </testcase>
      <testcase name="[sig-storage] In-tree Volumes [Driver: local][LocalVolumeType: dir-link] [Testpattern: Dynamic PV (default fs)] subPath should support existing directory" classname="Kubernetes e2e suite" time="0">
          <skipped></skipped>
      </testcase>
      <testcase name="[sig-storage] In-tree Volumes [Driver: hostPath] [Testpattern: Dynamic PV (default fs)] subPath should support readOnly directory specified in the volumeMount" classname="Kubernetes e2e suite" time="0">
          <skipped></skipped>
      </testcase>
      <testcase name="[sig-storage] In-tree Volumes [Driver: hostPathSymlink] [Testpattern: Dynamic PV (ntfs)][sig-windows] volumes should be mountable" classname="Kubernetes e2e suite" time="0.001806381">
          <skipped></skipped>
      </testcase>
      <testcase name="[sig-storage] In-tree Volumes [Driver: local][LocalVolumeType: blockfs] [Testpattern: Dynamic PV (default fs)] subPath should verify container cannot write to subpath readonly volumes" classname="Kubernetes e2e suite" time="0">
          <skipped></skipped>
      </testcase>
      <testcase name="[sig-storage] CSI Volumes [Driver: pd.csi.storage.gke.io][Feature: gcePD-external] [Testpattern: Inline-volume (default fs)] subPath should fail if non-existent subpath is outside the volume [Slow]" classname="Kubernetes e2e suite" time="0">
          <skipped></skipped>
      </testcase>
      <testcase name="[sig-storage] In-tree Volumes [Driver: local][LocalVolumeType: gce-localssd-scsi-fs] [Serial] [Testpattern: Dynamic PV (default fs)] provisioning should create and delete block persistent volumes" classname="Kubernetes e2e suite" time="0">
          <skipped></skipped>
      </testcase>
      <testcase name="[sig-storage] In-tree Volumes [Driver: gcepd] [Testpattern: Dynamic PV (default fs)] subPath should be able to unmount after the subpath directory is deleted" classname="Kubernetes e2e suite" time="0">
          <skipped></skipped>
      </testcase>
      <testcase name="[sig-storage] In-tree Volumes [Driver: iscsi][Feature:Volumes] [Testpattern: Dynamic PV (default fs)] provisioning should create and delete block persistent volumes" classname="Kubernetes e2e suite" time="0">
          <skipped></skipped>
      </testcase>
      <testcase name="[sig-network] Services should be able to switch session affinity for service with type clusterIP" classname="Kubernetes e2e suite" time="0">
          <skipped></skipped>
      </testcase>
      <testcase name="[sig-scheduling] Multi-AZ Clusters should spread the pods of a service across zones" classname="Kubernetes e2e suite" time="0">
          <skipped></skipped>
      </testcase>
      <testcase name="[sig-storage] In-tree Volumes [Driver: local][LocalVolumeType: dir-link-bindmounted] [Testpattern: Inline-volume (default fs)] subPath should support readOnly file specified in the volumeMount" classname="Kubernetes e2e suite" time="0">
          <skipped></skipped>
      </testcase>
      <testcase name="[sig-storage] Downward API volume should provide podname as non-root with fsgroup and defaultMode [NodeFeature:FSGroup]" classname="Kubernetes e2e suite" time="0">
          <skipped></skipped>
      </testcase>
      <testcase name="[k8s.io] Pods should have their auto-restart back-off timer reset on image update [Slow][NodeConformance]" classname="Kubernetes e2e suite" time="310.474516238"></testcase>
      <testcase name="[sig-storage] In-tree Volumes [Driver: gcepd] [Testpattern: Dynamic PV (ext4)] volumes should be mountable" classname="Kubernetes e2e suite" time="0">
          <skipped></skipped>
      </testcase>
      <testcase name="[sig-storage] CSI Volumes [Driver: pd.csi.storage.gke.io][Feature: gcePD-external] [Testpattern: Dynamic PV (default fs)] subPath should support creating multiple subpath from same volumes [Slow]" classname="Kubernetes e2e suite" time="0">
          <skipped></skipped>
      </testcase>
      <testcase name="[sig-auth] Metadata Concealment should run a check-metadata-concealment job to completion" classname="Kubernetes e2e suite" time="0">
          <skipped></skipped>
      </testcase>
      <testcase name="[sig-storage] In-tree Volumes [Driver: local][LocalVolumeType: dir-bindmounted] [Testpattern: Pre-provisioned PV (default fs)] subPath should verify container cannot write to subpath readonly volumes" classname="Kubernetes e2e suite" time="0">
          <skipped></skipped>
      </testcase>
      <testcase name="[sig-storage] In-tree Volumes [Driver: rbd][Feature:Volumes] [Testpattern: Pre-provisioned PV (default fs)] subPath should support readOnly directory specified in the volumeMount" classname="Kubernetes e2e suite" time="0">
          <skipped></skipped>
      </testcase>
      <testcase name="[sig-storage] In-tree Volumes [Driver: rbd][Feature:Volumes] [Testpattern: Inline-volume (default fs)] subPath should fail if subpath file is outside the volume [Slow]" classname="Kubernetes e2e suite" time="0">
          <skipped></skipped>
      </testcase>
      <testcase name="[sig-storage] In-tree Volumes [Driver: iscsi][Feature:Volumes] [Testpattern: Inline-volume (default fs)] subPath should be able to unmount after the subpath directory is deleted" classname="Kubernetes e2e suite" time="0">
          <skipped></skipped>
      </testcase>
      <testcase name="[sig-storage] Pod Disks schedule pods each with a PD, delete pod and verify detach [Slow] for read-only PD with pod delete grace period of &#34;default (30s)&#34;" classname="Kubernetes e2e suite" time="0">
          <skipped></skipped>
      </testcase>
      <testcase name="[sig-api-machinery] CustomResourcePublishOpenAPI [Feature:CustomResourcePublishOpenAPI] works for CRD without validation schema" classname="Kubernetes e2e suite" time="0">
          <skipped></skipped>
      </testcase>
      <testcase name="[sig-api-machinery] ResourceQuota [Feature:PodPriority] should verify ResourceQuota&#39;s priority class scope (quota set to pod count: 1) against 2 pods with same priority class." classname="Kubernetes e2e suite" time="0">
          <skipped></skipped>
      </testcase>
      <testcase name="[sig-apps] Deployment deployment reaping should cascade to its replica sets and pods" classname="Kubernetes e2e suite" time="0">
          <skipped></skipped>
      </testcase>
      <testcase name="[sig-storage] In-tree Volumes [Driver: local][LocalVolumeType: blockfs] [Testpattern: Inline-volume (ntfs)][sig-windows] volumes should allow exec of files on the volume" classname="Kubernetes e2e suite" time="0.00177276">
          <skipped></skipped>
      </testcase>
      <testcase name="[sig-storage] In-tree Volumes [Driver: emptydir] [Testpattern: Pre-provisioned PV (default fs)] volumes should allow exec of files on the volume" classname="Kubernetes e2e suite" time="0">
          <skipped></skipped>
      </testcase>
      <testcase name="[sig-storage] Projected downwardAPI should update annotations on modification [NodeConformance] [Conformance]" classname="Kubernetes e2e suite" time="36.95118113"></testcase>
      <testcase name="[sig-storage] In-tree Volumes [Driver: local][LocalVolumeType: dir-link] [Testpattern: Inline-volume (default fs)] volumeIO should write files of various sizes, verify size, validate content [Slow]" classname="Kubernetes e2e suite" time="0">
          <skipped></skipped>
      </testcase>
      <testcase name="[sig-storage] In-tree Volumes [Driver: azure] [Testpattern: Inline-volume (default fs)] subPath should support restarting containers using file as subpath [Slow]" classname="Kubernetes e2e suite" time="0">
          <skipped></skipped>
      </testcase>
      <testcase name="[sig-storage] In-tree Volumes [Driver: local][LocalVolumeType: gce-localssd-scsi-fs] [Serial] [Testpattern: Pre-provisioned PV (default fs)] subPath should support restarting containers using file as subpath [Slow]" classname="Kubernetes e2e suite" time="0">
          <skipped></skipped>
      </testcase>
      <testcase name="[sig-api-machinery] AdmissionWebhook Should honor timeout" classname="Kubernetes e2e suite" time="0">
          <skipped></skipped>
      </testcase>
      <testcase name="[sig-storage] In-tree Volumes [Driver: local][LocalVolumeType: dir-link-bindmounted] [Testpattern: Inline-volume (xfs)] volumes should be mountable" classname="Kubernetes e2e suite" time="0">
          <skipped></skipped>
      </testcase>
      <testcase name="[sig-storage] In-tree Volumes [Driver: hostPathSymlink] [Testpattern: Dynamic PV (default fs)] provisioning should allow concurrent writes on the same node" classname="Kubernetes e2e suite" time="0">
          <skipped></skipped>
      </testcase>
      <testcase name="[sig-storage] In-tree Volumes [Driver: ceph][Feature:Volumes] [Testpattern: Pre-provisioned PV (ntfs)][sig-windows] volumes should be mountable" classname="Kubernetes e2e suite" time="0">
          <skipped></skipped>
      </testcase>
      <testcase name="[sig-storage] PersistentVolumes-local  [Volume type: gce-localssd-scsi-fs] [Serial] Two pods mounting a local volume at the same time should be able to write from pod1 and read from pod2" classname="Kubernetes e2e suite" time="0">
          <skipped></skipped>
      </testcase>
      <testcase name="[sig-storage] In-tree Volumes [Driver: rbd][Feature:Volumes] [Testpattern: Inline-volume (ext3)] volumes should allow exec of files on the volume" classname="Kubernetes e2e suite" time="0">
          <skipped></skipped>
      </testcase>
      <testcase name="[sig-storage] In-tree Volumes [Driver: local][LocalVolumeType: block] [Testpattern: Dynamic PV (default fs)] volumes should allow exec of files on the volume" classname="Kubernetes e2e suite" time="0">
          <skipped></skipped>
      </testcase>
      <testcase name="[sig-storage] In-tree Volumes [Driver: iscsi][Feature:Volumes] [Testpattern: Inline-volume (default fs)] subPath should support restarting containers using file as subpath [Slow]" classname="Kubernetes e2e suite" time="0">
          <skipped></skipped>
      </testcase>
      <testcase name="[sig-apps] DisruptionController evictions: too few pods, absolute =&gt; should not allow an eviction" classname="Kubernetes e2e suite" time="0">
          <skipped></skipped>
      </testcase>
      <testcase name="[sig-network] Networking Granular Checks: Pods should function for intra-pod communication: http [LinuxOnly] [NodeConformance] [Conformance]" classname="Kubernetes e2e suite" time="0">
          <skipped></skipped>
      </testcase>
      <testcase name="[sig-storage] In-tree Volumes [Driver: iscsi][Feature:Volumes] [Testpattern: Pre-provisioned PV (default fs)] subPath should support existing directory" classname="Kubernetes e2e suite" time="0">
          <skipped></skipped>
      </testcase>
      <testcase name="[sig-storage] EmptyDir volumes when FSGroup is specified [NodeFeature:FSGroup] new files should be created with FSGroup ownership when container is root" classname="Kubernetes e2e suite" time="0">
          <skipped></skipped>
      </testcase>
      <testcase name="[sig-storage] In-tree Volumes [Driver: ceph][Feature:Volumes] [Testpattern: Pre-provisioned PV (default fs)] subPath should verify container cannot write to subpath readonly volumes" classname="Kubernetes e2e suite" time="0">
          <skipped></skipped>
      </testcase>
      <testcase name="[sig-storage] CSI mock volume CSI workload information using mock driver should not be passed when podInfoOnMount=nil" classname="Kubernetes e2e suite" time="0">
          <skipped></skipped>
      </testcase>
      <testcase name="[sig-autoscaling] Cluster size autoscaling [Slow] Shouldn&#39;t perform scale up operation and should list unhealthy status if most of the cluster is broken[Feature:ClusterSizeAutoscalingScaleUp]" classname="Kubernetes e2e suite" time="0">
          <skipped></skipped>
      </testcase>
      <testcase name="[sig-api-machinery] ResourceQuota should create a ResourceQuota and capture the life of a persistent volume claim with a storage class. [sig-storage]" classname="Kubernetes e2e suite" time="0">
          <skipped></skipped>
      </testcase>
      <testcase name="[sig-storage] In-tree Volumes [Driver: local][LocalVolumeType: dir-link-bindmounted] [Testpattern: Inline-volume (ext3)] volumes should be mountable" classname="Kubernetes e2e suite" time="0">
          <skipped></skipped>
      </testcase>
      <testcase name="[sig-scheduling] PreemptionExecutionPath runs ReplicaSets to verify preemption running path" classname="Kubernetes e2e suite" time="0">
          <skipped></skipped>
      </testcase>
      <testcase name="[sig-storage] CSI Volumes [Driver: csi-hostpath-v0] [Testpattern: Pre-provisioned PV (default fs)] subPath should support readOnly directory specified in the volumeMount" classname="Kubernetes e2e suite" time="0">
          <skipped></skipped>
      </testcase>
      <testcase name="[sig-network] Services should have session affinity work for NodePort service" classname="Kubernetes e2e suite" time="0">
          <skipped></skipped>
      </testcase>
      <testcase name="[sig-storage] In-tree Volumes [Driver: cinder] [Testpattern: Pre-provisioned PV (xfs)] volumes should be mountable" classname="Kubernetes e2e suite" time="0">
          <skipped></skipped>
      </testcase>
      <testcase name="[sig-storage] In-tree Volumes [Driver: nfs] [Testpattern: Pre-provisioned PV (default fs)] subPath should support existing single file" classname="Kubernetes e2e suite" time="0">
          <skipped></skipped>
      </testcase>
      <testcase name="[sig-storage] In-tree Volumes [Driver: local][LocalVolumeType: tmpfs] [Testpattern: Dynamic PV (ext4)] volumes should allow exec of files on the volume" classname="Kubernetes e2e suite" time="0">
          <skipped></skipped>
      </testcase>
      <testcase name="[sig-storage] In-tree Volumes [Driver: local][LocalVolumeType: dir] [Testpattern: Inline-volume (default fs)] subPath should be able to unmount after the subpath directory is deleted" classname="Kubernetes e2e suite" time="0">
          <skipped></skipped>
      </testcase>
      <testcase name="[sig-storage] In-tree Volumes [Driver: local][LocalVolumeType: dir-bindmounted] [Testpattern: Dynamic PV (ntfs)][sig-windows] provisioning should provision storage with mount options" classname="Kubernetes e2e suite" time="0.001412795">
          <skipped></skipped>
      </testcase>
      <testcase name="[sig-storage] In-tree Volumes [Driver: local][LocalVolumeType: block] [Testpattern: Inline-volume (default fs)] subPath should support readOnly directory specified in the volumeMount" classname="Kubernetes e2e suite" time="0">
          <skipped></skipped>
      </testcase>
      <testcase name="[sig-storage] In-tree Volumes [Driver: ceph][Feature:Volumes] [Testpattern: Pre-provisioned PV (ext3)] volumes should be mountable" classname="Kubernetes e2e suite" time="0">
          <skipped></skipped>
      </testcase>
      <testcase name="[sig-apps] ReplicaSet should serve a basic image on each replica with a private image" classname="Kubernetes e2e suite" time="0">
          <skipped></skipped>
      </testcase>
      <testcase name="[sig-scalability] Density [Feature:ManualPerformance] should allow starting 30 pods per node using Deployment.extensions with 0 secrets, 2 configmaps, 0 token projections, and 0 daemons" classname="Kubernetes e2e suite" time="0">
          <skipped></skipped>
      </testcase>
      <testcase name="[sig-storage] In-tree Volumes [Driver: vSphere] [Testpattern: Pre-provisioned PV (default fs)] subPath should fail if subpath file is outside the volume [Slow]" classname="Kubernetes e2e suite" time="0">
          <skipped></skipped>
      </testcase>
      <testcase name="[sig-storage] In-tree Volumes [Driver: ceph][Feature:Volumes] [Testpattern: Dynamic PV (default fs)] subPath should verify container cannot write to subpath readonly volumes" classname="Kubernetes e2e suite" time="0">
          <skipped></skipped>
      </testcase>
      <testcase name="[sig-storage] In-tree Volumes [Driver: aws] [Testpattern: Dynamic PV (ntfs)][sig-windows] provisioning should provision storage with defaults" classname="Kubernetes e2e suite" time="0.00147964">
          <skipped></skipped>
      </testcase>
      <testcase name="[sig-storage] In-tree Volumes [Driver: local][LocalVolumeType: tmpfs] [Testpattern: Inline-volume (default fs)] subPath should fail if subpath directory is outside the volume [Slow]" classname="Kubernetes e2e suite" time="0">
          <skipped></skipped>
      </testcase>
      <testcase name="[sig-scheduling] SchedulerPreemption [Serial] validates pod anti-affinity works in preemption" classname="Kubernetes e2e suite" time="0">
          <skipped></skipped>
      </testcase>
      <testcase name="[sig-storage] In-tree Volumes [Driver: hostPathSymlink] [Testpattern: Dynamic PV (default fs)] volumeIO should write files of various sizes, verify size, validate content [Slow]" classname="Kubernetes e2e suite" time="0">
          <skipped></skipped>
      </testcase>
      <testcase name="[sig-storage] PersistentVolumes-local  [Volume type: dir-bindmounted] Two pods mounting a local volume at the same time should be able to write from pod1 and read from pod2" classname="Kubernetes e2e suite" time="0">
          <skipped></skipped>
      </testcase>
      <testcase name="[sig-storage] In-tree Volumes [Driver: local][LocalVolumeType: gce-localssd-scsi-fs] [Serial] [Testpattern: Inline-volume (default fs)] subPath should support readOnly directory specified in the volumeMount" classname="Kubernetes e2e suite" time="0">
          <skipped></skipped>
      </testcase>
      <testcase name="[sig-storage] In-tree Volumes [Driver: hostPath] [Testpattern: Dynamic PV (default fs)] provisioning should access volume from different nodes" classname="Kubernetes e2e suite" time="0">
          <skipped></skipped>
      </testcase>
      <testcase name="[sig-storage] CSI Volumes [Driver: pd.csi.storage.gke.io][Feature: gcePD-external] [Testpattern: Dynamic PV (default fs)] subPath should support readOnly directory specified in the volumeMount" classname="Kubernetes e2e suite" time="0">
          <skipped></skipped>
      </testcase>
      <testcase name="[sig-node] Downward API should provide pod name, namespace and IP address as env vars [NodeConformance] [Conformance]" classname="Kubernetes e2e suite" time="16.444867938"></testcase>
      <testcase name="[sig-storage] CSI Volumes [Driver: csi-hostpath-v0] [Testpattern: Pre-provisioned PV (default fs)] subPath should fail if non-existent subpath is outside the volume [Slow]" classname="Kubernetes e2e suite" time="0">
          <skipped></skipped>
      </testcase>
      <testcase name="[sig-network] Services should reconcile LB health check interval [Slow][Serial]" classname="Kubernetes e2e suite" time="0">
          <skipped></skipped>
      </testcase>
      <testcase name="[sig-storage] In-tree Volumes [Driver: local][LocalVolumeType: blockfs] [Testpattern: Pre-provisioned PV (default fs)] subPath should support existing directories when readOnly specified in the volumeSource" classname="Kubernetes e2e suite" time="0">
          <skipped></skipped>
      </testcase>
      <testcase name="[sig-storage] In-tree Volumes [Driver: ceph][Feature:Volumes] [Testpattern: Dynamic PV (default fs)] provisioning should allow concurrent writes on the same node" classname="Kubernetes e2e suite" time="0">
          <skipped></skipped>
      </testcase>
      <testcase name="[sig-storage] In-tree Volumes [Driver: local][LocalVolumeType: dir] [Testpattern: Pre-provisioned PV (default fs)] volumeIO should write files of various sizes, verify size, validate content [Slow]" classname="Kubernetes e2e suite" time="0">
          <skipped></skipped>
      </testcase>
      <testcase name="[sig-storage] In-tree Volumes [Driver: rbd][Feature:Volumes] [Testpattern: Pre-provisioned PV (filesystem volmode)] volumeMode should create sc, pod, pv, and pvc, read/write to the pv, and delete all created resources" classname="Kubernetes e2e suite" time="0">
          <skipped></skipped>
      </testcase>
      <testcase name="[sig-storage] In-tree Volumes [Driver: gluster] [Testpattern: Dynamic PV (default fs)] subPath should fail if subpath with backstepping is outside the volume [Slow]" classname="Kubernetes e2e suite" time="0">
          <skipped></skipped>
      </testcase>
      <testcase name="[sig-scheduling] NoExecuteTaintManager Multiple Pods [Serial] only evicts pods without tolerations from tainted nodes" classname="Kubernetes e2e suite" time="0">
          <skipped></skipped>
      </testcase>
      <testcase name="[sig-scheduling] SchedulerPredicates [Serial] validates that there is no conflict between pods with same hostPort but different hostIP and protocol" classname="Kubernetes e2e suite" time="0">
          <skipped></skipped>
      </testcase>
      <testcase name="[sig-storage] CSI Volumes [Driver: csi-hostpath] [Testpattern: Dynamic PV (default fs)] provisioning should provision storage with mount options" classname="Kubernetes e2e suite" time="0">
          <skipped></skipped>
      </testcase>
      <testcase name="[sig-storage] In-tree Volumes [Driver: hostPath] [Testpattern: Dynamic PV (default fs)] provisioning should provision storage with mount options" classname="Kubernetes e2e suite" time="0">
          <skipped></skipped>
      </testcase>
      <testcase name="[sig-network] Services should work after restarting kube-proxy [Disruptive]" classname="Kubernetes e2e suite" time="0">
          <skipped></skipped>
      </testcase>
      <testcase name="[sig-network] ESIPP [Slow] [DisabledForLargeClusters] should work for type=NodePort" classname="Kubernetes e2e suite" time="0">
          <skipped></skipped>
      </testcase>
      <testcase name="[sig-storage] In-tree Volumes [Driver: local][LocalVolumeType: dir-bindmounted] [Testpattern: Dynamic PV (ntfs)][sig-windows] provisioning should allow concurrent writes on the same node" classname="Kubernetes e2e suite" time="0.001821894">
          <skipped></skipped>
      </testcase>
      <testcase name="[sig-storage] In-tree Volumes [Driver: local][LocalVolumeType: block] [Testpattern: Inline-volume (default fs)] subPath should fail if subpath with backstepping is outside the volume [Slow]" classname="Kubernetes e2e suite" time="0">
          <skipped></skipped>
      </testcase>
      <testcase name="[sig-apps] DaemonRestart [Disruptive] Kubelet should not restart containers across restart" classname="Kubernetes e2e suite" time="0">
          <skipped></skipped>
      </testcase>
      <testcase name="[sig-storage] In-tree Volumes [Driver: gluster] [Testpattern: Dynamic PV (default fs)] subPath should support creating multiple subpath from same volumes [Slow]" classname="Kubernetes e2e suite" time="0">
          <skipped></skipped>
      </testcase>
      <testcase name="[sig-api-machinery] CustomResourceConversionWebhook [Feature:CustomResourceWebhookConversion] Should be able to convert a non homogeneous list of CRs" classname="Kubernetes e2e suite" time="0">
          <skipped></skipped>
      </testcase>
      <testcase name="[sig-storage] In-tree Volumes [Driver: emptydir] [Testpattern: Dynamic PV (default fs)] subPath should support restarting containers using file as subpath [Slow]" classname="Kubernetes e2e suite" time="0">
          <skipped></skipped>
      </testcase>
      <testcase name="[sig-storage] In-tree Volumes [Driver: local][LocalVolumeType: blockfs] [Testpattern: Dynamic PV (default fs)] subPath should unmount if pod is force deleted while kubelet is down [Disruptive][Slow]" classname="Kubernetes e2e suite" time="0">
          <skipped></skipped>
      </testcase>
      <testcase name="[sig-storage] In-tree Volumes [Driver: local][LocalVolumeType: dir-link-bindmounted] [Testpattern: Pre-provisioned PV (xfs)] volumes should be mountable" classname="Kubernetes e2e suite" time="0">
          <skipped></skipped>
      </testcase>
      <testcase name="[sig-storage] In-tree Volumes [Driver: hostPathSymlink] [Testpattern: Inline-volume (default fs)] subPath should support file as subpath" classname="Kubernetes e2e suite" time="0">
          <skipped></skipped>
      </testcase>
      <testcase name="[sig-storage] In-tree Volumes [Driver: local][LocalVolumeType: dir-link-bindmounted] [Testpattern: Dynamic PV (default fs)] volumes should allow exec of files on the volume" classname="Kubernetes e2e suite" time="0">
          <skipped></skipped>
      </testcase>
      <testcase name="[sig-cli] Kubectl client [k8s.io] Kubectl patch should add annotations for pods in rc  [Conformance]" classname="Kubernetes e2e suite" time="41.078999286"></testcase>
      <testcase name="[sig-storage] In-tree Volumes [Driver: iscsi][Feature:Volumes] [Testpattern: Pre-provisioned PV (default fs)] subPath should support file as subpath" classname="Kubernetes e2e suite" time="0">
          <skipped></skipped>
      </testcase>
      <testcase name="[sig-storage] In-tree Volumes [Driver: ceph][Feature:Volumes] [Testpattern: Inline-volume (default fs)] volumes should be mountable" classname="Kubernetes e2e suite" time="0">
          <skipped></skipped>
      </testcase>
      <testcase name="[sig-storage] In-tree Volumes [Driver: local][LocalVolumeType: dir-bindmounted] [Testpattern: Inline-volume (default fs)] subPath should unmount if pod is gracefully deleted while kubelet is down [Disruptive][Slow]" classname="Kubernetes e2e suite" time="0">
          <skipped></skipped>
      </testcase>
      <testcase name="[sig-storage] CSI Volumes [Driver: pd.csi.storage.gke.io][Feature: gcePD-external] [Testpattern: Dynamic Snapshot] snapshottable should create snapshot with defaults [Feature:VolumeSnapshotDataSource]" classname="Kubernetes e2e suite" time="0">
          <skipped></skipped>
      </testcase>
      <testcase name="[sig-storage] In-tree Volumes [Driver: vSphere] [Testpattern: Pre-provisioned PV (filesystem volmode)] volumeMode should create sc, pod, pv, and pvc, read/write to the pv, and delete all created resources" classname="Kubernetes e2e suite" time="0">
          <skipped></skipped>
      </testcase>
      <testcase name="[sig-storage] In-tree Volumes [Driver: gluster] [Testpattern: Inline-volume (default fs)] subPath should fail if subpath file is outside the volume [Slow]" classname="Kubernetes e2e suite" time="0">
          <skipped></skipped>
      </testcase>
      <testcase name="[sig-storage] In-tree Volumes [Driver: vSphere] [Testpattern: Pre-provisioned PV (default fs)] subPath should support non-existent path" classname="Kubernetes e2e suite" time="0">
          <skipped></skipped>
      </testcase>
      <testcase name="[sig-storage] In-tree Volumes [Driver: rbd][Feature:Volumes] [Testpattern: Dynamic PV (xfs)] volumes should allow exec of files on the volume" classname="Kubernetes e2e suite" time="0">
          <skipped></skipped>
      </testcase>
      <testcase name="[sig-network] Services should be able to create an internal type load balancer [Slow] [DisabledForLargeClusters]" classname="Kubernetes e2e suite" time="0">
          <skipped></skipped>
      </testcase>
      <testcase name="[sig-network] NetworkPolicy NetworkPolicy between server and client should enforce policy based on PodSelector [Feature:NetworkPolicy]" classname="Kubernetes e2e suite" time="0">
          <skipped></skipped>
      </testcase>
      <testcase name="[sig-storage] PersistentVolumes-local  [Volume type: blockfswithformat] Set fsGroup for local volume should set fsGroup for one pod" classname="Kubernetes e2e suite" time="0">
          <skipped></skipped>
      </testcase>
      <testcase name="[sig-storage] In-tree Volumes [Driver: rbd][Feature:Volumes] [Testpattern: Dynamic PV (default fs)] volumeIO should write files of various sizes, verify size, validate content [Slow]" classname="Kubernetes e2e suite" time="0">
          <skipped></skipped>
      </testcase>
      <testcase name="[sig-storage] In-tree Volumes [Driver: aws] [Testpattern: Inline-volume (default fs)] subPath should support readOnly directory specified in the volumeMount" classname="Kubernetes e2e suite" time="0">
          <skipped></skipped>
      </testcase>
      <testcase name="[sig-storage] PersistentVolumes-local  [Volume type: dir-link-bindmounted] Set fsGroup for local volume should set fsGroup for one pod" classname="Kubernetes e2e suite" time="0">
          <skipped></skipped>
      </testcase>
      <testcase name="[sig-autoscaling] Cluster size autoscaling [Slow] should add node to the particular mig [Feature:ClusterSizeAutoscalingScaleUp]" classname="Kubernetes e2e suite" time="0">
          <skipped></skipped>
      </testcase>
      <testcase name="[k8s.io] EquivalenceCache [Serial] validates pod anti-affinity works properly when new replica pod is scheduled" classname="Kubernetes e2e suite" time="0">
          <skipped></skipped>
      </testcase>
      <testcase name="[sig-storage] In-tree Volumes [Driver: gluster] [Testpattern: Inline-volume (default fs)] subPath should unmount if pod is force deleted while kubelet is down [Disruptive][Slow]" classname="Kubernetes e2e suite" time="0">
          <skipped></skipped>
      </testcase>
      <testcase name="[sig-storage] In-tree Volumes [Driver: local][LocalVolumeType: block] [Testpattern: Pre-provisioned PV (ntfs)][sig-windows] volumes should allow exec of files on the volume" classname="Kubernetes e2e suite" time="0.001859464">
          <skipped></skipped>
      </testcase>
      <testcase name="[sig-storage] CSI Volumes [Driver: pd.csi.storage.gke.io][Feature: gcePD-external] [Testpattern: Dynamic PV (default fs)] provisioning should access volume from different nodes" classname="Kubernetes e2e suite" time="0">
          <skipped></skipped>
      </testcase>
      <testcase name="[sig-storage] In-tree Volumes [Driver: local][LocalVolumeType: dir] [Testpattern: Dynamic PV (default fs)] subPath should support readOnly directory specified in the volumeMount" classname="Kubernetes e2e suite" time="0">
          <skipped></skipped>
      </testcase>
      <testcase name="[sig-storage] In-tree Volumes [Driver: iscsi][Feature:Volumes] [Testpattern: Inline-volume (default fs)] subPath should fail if subpath with backstepping is outside the volume [Slow]" classname="Kubernetes e2e suite" time="0">
          <skipped></skipped>
      </testcase>
      <testcase name="[sig-storage] In-tree Volumes [Driver: hostPathSymlink] [Testpattern: Dynamic PV (default fs)] subPath should support restarting containers using file as subpath [Slow]" classname="Kubernetes e2e suite" time="0">
          <skipped></skipped>
      </testcase>
      <testcase name="[sig-storage] EmptyDir volumes should support (root,0666,tmpfs) [LinuxOnly] [NodeConformance] [Conformance]" classname="Kubernetes e2e suite" time="0">
          <skipped></skipped>
      </testcase>
      <testcase name="[sig-storage] Secrets should be consumable from pods in volume with mappings and Item Mode set [LinuxOnly] [NodeConformance] [Conformance]" classname="Kubernetes e2e suite" time="0">
          <skipped></skipped>
      </testcase>
      <testcase name="[sig-storage] In-tree Volumes [Driver: hostPathSymlink] [Testpattern: Inline-volume (default fs)] volumeIO should write files of various sizes, verify size, validate content [Slow]" classname="Kubernetes e2e suite" time="0">
          <skipped></skipped>
      </testcase>
      <testcase name="[k8s.io] Downward API [Serial] [Disruptive] [NodeFeature:EphemeralStorage] Downward API tests for local ephemeral storage should provide default limits.ephemeral-storage from node allocatable" classname="Kubernetes e2e suite" time="0">
          <skipped></skipped>
      </testcase>
      <testcase name="[sig-storage] In-tree Volumes [Driver: local][LocalVolumeType: dir-link] [Testpattern: Dynamic PV (ext3)] volumes should be mountable" classname="Kubernetes e2e suite" time="0">
          <skipped></skipped>
      </testcase>
      <testcase name="[sig-storage] In-tree Volumes [Driver: local][LocalVolumeType: blockfs] [Testpattern: Dynamic PV (default fs)] subPath should support file as subpath" classname="Kubernetes e2e suite" time="0">
          <skipped></skipped>
      </testcase>
      <testcase name="[sig-cluster-lifecycle] kube-proxy migration [Feature:KubeProxyDaemonSetMigration] Upgrade kube-proxy from static pods to a DaemonSet should maintain a functioning cluster [Feature:KubeProxyDaemonSetUpgrade]" classname="Kubernetes e2e suite" time="0">
          <skipped></skipped>
      </testcase>
      <testcase name="[sig-storage] In-tree Volumes [Driver: local][LocalVolumeType: dir-bindmounted] [Testpattern: Inline-volume (default fs)] subPath should be able to unmount after the subpath directory is deleted" classname="Kubernetes e2e suite" time="0">
          <skipped></skipped>
      </testcase>
      <testcase name="[sig-storage] In-tree Volumes [Driver: rbd][Feature:Volumes] [Testpattern: Dynamic PV (default fs)] provisioning should provision storage with mount options" classname="Kubernetes e2e suite" time="0">
          <skipped></skipped>
      </testcase>
      <testcase name="[sig-storage] CSI Volumes [Driver: pd.csi.storage.gke.io][Feature: gcePD-external] [Testpattern: Inline-volume (default fs)] subPath should fail if subpath directory is outside the volume [Slow]" classname="Kubernetes e2e suite" time="0">
          <skipped></skipped>
      </testcase>
      <testcase name="[sig-storage] In-tree Volumes [Driver: iscsi][Feature:Volumes] [Testpattern: Dynamic PV (ntfs)][sig-windows] provisioning should create and delete block persistent volumes" classname="Kubernetes e2e suite" time="0">
          <skipped></skipped>
      </testcase>
      <testcase name="[sig-storage] In-tree Volumes [Driver: gcepd] [Testpattern: Inline-volume (default fs)] subPath should fail if non-existent subpath is outside the volume [Slow]" classname="Kubernetes e2e suite" time="0">
          <skipped></skipped>
      </testcase>
      <testcase name="[sig-storage] CSI Volumes [Driver: pd.csi.storage.gke.io][Feature: gcePD-external] [Testpattern: Inline-volume (default fs)] subPath should verify container cannot write to subpath readonly volumes" classname="Kubernetes e2e suite" time="0">
          <skipped></skipped>
      </testcase>
      <testcase name="[sig-storage] In-tree Volumes [Driver: local][LocalVolumeType: dir] [Testpattern: Inline-volume (xfs)] volumes should be mountable" classname="Kubernetes e2e suite" time="0">
          <skipped></skipped>
      </testcase>
      <testcase name="[sig-storage] In-tree Volumes [Driver: hostPathSymlink] [Testpattern: Inline-volume (ntfs)][sig-windows] volumes should allow exec of files on the volume" classname="Kubernetes e2e suite" time="0.001576598">
          <skipped></skipped>
      </testcase>
      <testcase name="[sig-storage] In-tree Volumes [Driver: local][LocalVolumeType: dir-link] [Testpattern: Dynamic PV (default fs)] subPath should fail if subpath directory is outside the volume [Slow]" classname="Kubernetes e2e suite" time="0">
          <skipped></skipped>
      </testcase>
      <testcase name="[sig-cli] Kubectl Port forwarding [k8s.io] With a server listening on 0.0.0.0 [k8s.io] that expects a client request should support a client that connects, sends NO DATA, and disconnects" classname="Kubernetes e2e suite" time="0">
          <skipped></skipped>
      </testcase>
      <testcase name="[sig-storage] In-tree Volumes [Driver: gluster] [Testpattern: Dynamic PV (xfs)] volumes should allow exec of files on the volume" classname="Kubernetes e2e suite" time="0">
          <skipped></skipped>
      </testcase>
      <testcase name="[sig-storage] In-tree Volumes [Driver: local][LocalVolumeType: dir] [Testpattern: Inline-volume (default fs)] subPath should unmount if pod is force deleted while kubelet is down [Disruptive][Slow]" classname="Kubernetes e2e suite" time="0">
          <skipped></skipped>
      </testcase>
      <testcase name="[sig-storage] CSI Volumes [Driver: pd.csi.storage.gke.io][Serial] [Testpattern: Dynamic PV (xfs)] volumes should allow exec of files on the volume" classname="Kubernetes e2e suite" time="0">
          <skipped></skipped>
      </testcase>
      <testcase name="[sig-storage] In-tree Volumes [Driver: local][LocalVolumeType: blockfs] [Testpattern: Pre-provisioned PV (default fs)] subPath should support non-existent path" classname="Kubernetes e2e suite" time="0">
          <skipped></skipped>
      </testcase>
      <testcase name="[sig-storage] In-tree Volumes [Driver: local][LocalVolumeType: tmpfs] [Testpattern: Dynamic PV (default fs)] subPath should support file as subpath" classname="Kubernetes e2e suite" time="0">
          <skipped></skipped>
      </testcase>
      <testcase name="[sig-storage] In-tree Volumes [Driver: hostPathSymlink] [Testpattern: Inline-volume (default fs)] subPath should support restarting containers using file as subpath [Slow]" classname="Kubernetes e2e suite" time="0">
          <skipped></skipped>
      </testcase>
      <testcase name="[sig-api-machinery] ResourceQuota should create a ResourceQuota and capture the life of a pod." classname="Kubernetes e2e suite" time="0">
          <skipped></skipped>
      </testcase>
      <testcase name="[k8s.io] Cluster size autoscaler scalability [Slow] should scale up twice [Feature:ClusterAutoscalerScalability2]" classname="Kubernetes e2e suite" time="0">
          <skipped></skipped>
      </testcase>
      <testcase name="[sig-storage] In-tree Volumes [Driver: cinder] [Testpattern: Dynamic PV (default fs)] subPath should support readOnly file specified in the volumeMount" classname="Kubernetes e2e suite" time="0">
          <skipped></skipped>
      </testcase>
      <testcase name="[sig-storage] In-tree Volumes [Driver: local][LocalVolumeType: dir-bindmounted] [Testpattern: Dynamic PV (ntfs)][sig-windows] provisioning should provision storage with snapshot data source [Feature:VolumeSnapshotDataSource]" classname="Kubernetes e2e suite" time="0">
          <skipped></skipped>
      </testcase>
      <testcase name="[sig-storage] PersistentVolumes-local  [Volume type: blockfswithoutformat] One pod requesting one prebound PVC should be able to mount volume and write from pod1" classname="Kubernetes e2e suite" time="0">
          <skipped></skipped>
      </testcase>
      <testcase name="[sig-instrumentation] MetricsGrabber should grab all metrics from API server." classname="Kubernetes e2e suite" time="0">
          <skipped></skipped>
      </testcase>
      <testcase name="[sig-storage] In-tree Volumes [Driver: vSphere] [Testpattern: Inline-volume (default fs)] volumeIO should write files of various sizes, verify size, validate content [Slow]" classname="Kubernetes e2e suite" time="0">
          <skipped></skipped>
      </testcase>
      <testcase name="[sig-storage] In-tree Volumes [Driver: emptydir] [Testpattern: Dynamic PV (default fs)] provisioning should provision storage with snapshot data source [Feature:VolumeSnapshotDataSource]" classname="Kubernetes e2e suite" time="0">
          <skipped></skipped>
      </testcase>
      <testcase name="[sig-storage] In-tree Volumes [Driver: nfs] [Testpattern: Inline-volume (ext3)] volumes should allow exec of files on the volume" classname="Kubernetes e2e suite" time="0">
          <skipped></skipped>
      </testcase>
      <testcase name="[sig-storage] In-tree Volumes [Driver: nfs] [Testpattern: Pre-provisioned PV (default fs)] volumeIO should write files of various sizes, verify size, validate content [Slow]" classname="Kubernetes e2e suite" time="0">
          <skipped></skipped>
      </testcase>
      <testcase name="[sig-storage] CSI Volumes [Driver: pd.csi.storage.gke.io][Serial] [Testpattern: Dynamic PV (default fs)] volumes should be mountable" classname="Kubernetes e2e suite" time="0">
          <skipped></skipped>
      </testcase>
      <testcase name="[sig-storage] CSI Volumes [Driver: csi-hostpath-v0] [Testpattern: Pre-provisioned PV (default fs)] subPath should support non-existent path" classname="Kubernetes e2e suite" time="0">
          <skipped></skipped>
      </testcase>
      <testcase name="[sig-storage] In-tree Volumes [Driver: gcepd] [Testpattern: Pre-provisioned PV (default fs)] subPath should fail if subpath directory is outside the volume [Slow]" classname="Kubernetes e2e suite" time="0">
          <skipped></skipped>
      </testcase>
      <testcase name="[sig-storage] In-tree Volumes [Driver: azure] [Testpattern: Dynamic PV (default fs)] subPath should support existing single file" classname="Kubernetes e2e suite" time="0">
          <skipped></skipped>
      </testcase>
      <testcase name="[sig-storage] In-tree Volumes [Driver: gluster] [Testpattern: Pre-provisioned PV (default fs)] subPath should be able to unmount after the subpath directory is deleted" classname="Kubernetes e2e suite" time="0">
          <skipped></skipped>
      </testcase>
      <testcase name="[sig-api-machinery] CustomResourcePublishOpenAPI [Feature:CustomResourcePublishOpenAPI] works for multiple CRDs of different groups" classname="Kubernetes e2e suite" time="0">
          <skipped></skipped>
      </testcase>
      <testcase name="[sig-storage] In-tree Volumes [Driver: iscsi][Feature:Volumes] [Testpattern: Pre-provisioned PV (default fs)] subPath should support creating multiple subpath from same volumes [Slow]" classname="Kubernetes e2e suite" time="0">
          <skipped></skipped>
      </testcase>
      <testcase name="[sig-storage] In-tree Volumes [Driver: local][LocalVolumeType: dir] [Testpattern: Inline-volume (default fs)] subPath should fail if non-existent subpath is outside the volume [Slow]" classname="Kubernetes e2e suite" time="0">
          <skipped></skipped>
      </testcase>
      <testcase name="[sig-storage] In-tree Volumes [Driver: local][LocalVolumeType: gce-localssd-scsi-fs] [Serial] [Testpattern: Inline-volume (default fs)] subPath should fail if non-existent subpath is outside the volume [Slow]" classname="Kubernetes e2e suite" time="0">
          <skipped></skipped>
      </testcase>
      <testcase name="[sig-storage] Dynamic Provisioning DynamicProvisioner [Slow] should not provision a volume in an unmanaged GCE zone." classname="Kubernetes e2e suite" time="0">
          <skipped></skipped>
      </testcase>
      <testcase name="[sig-storage] In-tree Volumes [Driver: local][LocalVolumeType: block] [Testpattern: Pre-provisioned PV (default fs)] subPath should fail if subpath file is outside the volume [Slow]" classname="Kubernetes e2e suite" time="0">
          <skipped></skipped>
      </testcase>
      <testcase name="[sig-storage] In-tree Volumes [Driver: cinder] [Testpattern: Inline-volume (default fs)] subPath should support creating multiple subpath from same volumes [Slow]" classname="Kubernetes e2e suite" time="0">
          <skipped></skipped>
      </testcase>
      <testcase name="[sig-storage] GCP Volumes GlusterFS should be mountable" classname="Kubernetes e2e suite" time="0">
          <skipped></skipped>
      </testcase>
      <testcase name="[sig-storage] In-tree Volumes [Driver: local][LocalVolumeType: block] [Testpattern: Dynamic PV (default fs)] provisioning should provision storage with snapshot data source [Feature:VolumeSnapshotDataSource]" classname="Kubernetes e2e suite" time="0">
          <skipped></skipped>
      </testcase>
      <testcase name="[sig-storage] In-tree Volumes [Driver: hostPath] [Testpattern: Dynamic PV (default fs)] provisioning should provision storage with snapshot data source [Feature:VolumeSnapshotDataSource]" classname="Kubernetes e2e suite" time="0">
          <skipped></skipped>
      </testcase>
      <testcase name="[sig-network] Loadbalancing: L7 GCE [Slow] [Feature:kubemci] single and multi-cluster ingresses should be able to exist together" classname="Kubernetes e2e suite" time="0">
          <skipped></skipped>
      </testcase>
      <testcase name="[sig-autoscaling] [HPA] Horizontal pod autoscaling (scale resource: Custom Metrics from Stackdriver) should scale down with Custom Metric of type Pod from Stackdriver [Feature:CustomMetricsAutoscaling]" classname="Kubernetes e2e suite" time="0">
          <skipped></skipped>
      </testcase>
      <testcase name="[sig-network] Network should set TCP CLOSE_WAIT timeout" classname="Kubernetes e2e suite" time="0">
          <skipped></skipped>
      </testcase>
      <testcase name="[sig-apps] StatefulSet [k8s.io] Basic StatefulSet functionality [StatefulSetBasic] should perform rolling updates and roll backs of template modifications [Conformance]" classname="Kubernetes e2e suite" time="402.702452475"></testcase>
      <testcase name="[sig-storage] In-tree Volumes [Driver: gluster] [Testpattern: Pre-provisioned PV (default fs)] subPath should support existing single file" classname="Kubernetes e2e suite" time="0">
          <skipped></skipped>
      </testcase>
      <testcase name="[sig-storage] In-tree Volumes [Driver: ceph][Feature:Volumes] [Testpattern: Dynamic PV (block volmode)] volumeMode should fail in binding dynamic provisioned PV to PVC" classname="Kubernetes e2e suite" time="0">
          <skipped></skipped>
      </testcase>
      <testcase name="[sig-storage] CSI Volumes [Driver: pd.csi.storage.gke.io][Serial] [Testpattern: Pre-provisioned PV (default fs)] subPath should support creating multiple subpath from same volumes [Slow]" classname="Kubernetes e2e suite" time="0">
          <skipped></skipped>
      </testcase>
      <testcase name="[sig-storage] CSI Volumes [Driver: csi-hostpath-v0] [Testpattern: Dynamic PV (default fs)] subPath should support file as subpath" classname="Kubernetes e2e suite" time="0">
          <skipped></skipped>
      </testcase>
      <testcase name="[sig-storage] In-tree Volumes [Driver: local][LocalVolumeType: dir-link-bindmounted] [Testpattern: Dynamic PV (default fs)] subPath should fail if non-existent subpath is outside the volume [Slow]" classname="Kubernetes e2e suite" time="0">
          <skipped></skipped>
      </testcase>
      <testcase name="[sig-storage] In-tree Volumes [Driver: local][LocalVolumeType: dir-link-bindmounted] [Testpattern: Dynamic PV (default fs)] subPath should unmount if pod is gracefully deleted while kubelet is down [Disruptive][Slow]" classname="Kubernetes e2e suite" time="0">
          <skipped></skipped>
      </testcase>
      <testcase name="[sig-storage] In-tree Volumes [Driver: local][LocalVolumeType: gce-localssd-scsi-fs] [Serial] [Testpattern: Inline-volume (ext4)] volumes should allow exec of files on the volume" classname="Kubernetes e2e suite" time="0">
          <skipped></skipped>
      </testcase>
      <testcase name="[sig-cli] Kubectl client [k8s.io] Kubectl client-side validation should create/apply a valid CR for CRD with validation schema" classname="Kubernetes e2e suite" time="0">
          <skipped></skipped>
      </testcase>
      <testcase name="[sig-storage] In-tree Volumes [Driver: local][LocalVolumeType: dir] [Testpattern: Dynamic PV (default fs)] provisioning should access volume from different nodes" classname="Kubernetes e2e suite" time="0">
          <skipped></skipped>
      </testcase>
      <testcase name="[sig-storage] In-tree Volumes [Driver: hostPathSymlink] [Testpattern: Dynamic PV (ext4)] volumes should allow exec of files on the volume" classname="Kubernetes e2e suite" time="0">
          <skipped></skipped>
      </testcase>
      <testcase name="[sig-api-machinery] Servers with support for API chunking should return chunks of results for list calls" classname="Kubernetes e2e suite" time="0">
          <skipped></skipped>
      </testcase>
      <testcase name="[sig-storage] In-tree Volumes [Driver: local][LocalVolumeType: blockfs] [Testpattern: Dynamic PV (default fs)] subPath should be able to unmount after the subpath directory is deleted" classname="Kubernetes e2e suite" time="0">
          <skipped></skipped>
      </testcase>
      <testcase name="[sig-storage] In-tree Volumes [Driver: local][LocalVolumeType: dir-bindmounted] [Testpattern: Pre-provisioned PV (ext3)] volumes should allow exec of files on the volume" classname="Kubernetes e2e suite" time="0">
          <skipped></skipped>
      </testcase>
      <testcase name="[sig-api-machinery] Servers with support for Table transformation should return generic metadata details across all namespaces for nodes" classname="Kubernetes e2e suite" time="0">
          <skipped></skipped>
      </testcase>
      <testcase name="[sig-storage] In-tree Volumes [Driver: local][LocalVolumeType: dir] [Testpattern: Pre-provisioned PV (default fs)] subPath should support file as subpath" classname="Kubernetes e2e suite" time="0">
          <skipped></skipped>
      </testcase>
      <testcase name="[sig-api-machinery] Servers with support for Table transformation should return pod details" classname="Kubernetes e2e suite" time="0">
          <skipped></skipped>
      </testcase>
      <testcase name="[sig-storage] In-tree Volumes [Driver: iscsi][Feature:Volumes] [Testpattern: Dynamic PV (default fs)] subPath should fail if subpath file is outside the volume [Slow]" classname="Kubernetes e2e suite" time="0">
          <skipped></skipped>
      </testcase>
      <testcase name="[sig-storage] In-tree Volumes [Driver: cinder] [Testpattern: Dynamic PV (default fs)] provisioning should allow concurrent writes on the same node" classname="Kubernetes e2e suite" time="0">
          <skipped></skipped>
      </testcase>
      <testcase name="[sig-storage] In-tree Volumes [Driver: nfs] [Testpattern: Inline-volume (ext4)] volumes should be mountable" classname="Kubernetes e2e suite" time="0">
          <skipped></skipped>
      </testcase>
      <testcase name="[sig-apps] ReplicaSet should surface a failure condition on a common issue like exceeded quota" classname="Kubernetes e2e suite" time="0">
          <skipped></skipped>
      </testcase>
      <testcase name="[sig-storage] In-tree Volumes [Driver: vSphere] [Testpattern: Pre-provisioned PV (default fs)] subPath should support existing directory" classname="Kubernetes e2e suite" time="0">
          <skipped></skipped>
      </testcase>
      <testcase name="[sig-storage] In-tree Volumes [Driver: ceph][Feature:Volumes] [Testpattern: Dynamic PV (ntfs)][sig-windows] provisioning should provision storage with defaults" classname="Kubernetes e2e suite" time="0">
          <skipped></skipped>
      </testcase>
      <testcase name="[sig-storage] In-tree Volumes [Driver: local][LocalVolumeType: dir-link-bindmounted] [Testpattern: Pre-provisioned PV (default fs)] subPath should be able to unmount after the subpath directory is deleted" classname="Kubernetes e2e suite" time="0">
          <skipped></skipped>
      </testcase>
      <testcase name="[sig-storage] In-tree Volumes [Driver: local][LocalVolumeType: blockfs] [Testpattern: Dynamic PV (default fs)] subPath should fail if subpath with backstepping is outside the volume [Slow]" classname="Kubernetes e2e suite" time="0">
          <skipped></skipped>
      </testcase>
      <testcase name="[sig-apps] Daemon set [Serial] should run and stop complex daemon [Conformance]" classname="Kubernetes e2e suite" time="0">
          <skipped></skipped>
      </testcase>
      <testcase name="[sig-storage] In-tree Volumes [Driver: local][LocalVolumeType: tmpfs] [Testpattern: Dynamic PV (default fs)] subPath should be able to unmount after the subpath directory is deleted" classname="Kubernetes e2e suite" time="0">
          <skipped></skipped>
      </testcase>
      <testcase name="[sig-storage] In-tree Volumes [Driver: nfs] [Testpattern: Inline-volume (default fs)] subPath should fail if subpath directory is outside the volume [Slow]" classname="Kubernetes e2e suite" time="0">
          <skipped></skipped>
      </testcase>
      <testcase name="[sig-storage] In-tree Volumes [Driver: gcepd] [Testpattern: Pre-provisioned PV (ext3)] volumes should be mountable" classname="Kubernetes e2e suite" time="0">
          <skipped></skipped>
      </testcase>
      <testcase name="[sig-cli] Kubectl client [k8s.io] Kubectl copy should copy a file from a running Pod" classname="Kubernetes e2e suite" time="0">
          <skipped></skipped>
      </testcase>
      <testcase name="[sig-storage] In-tree Volumes [Driver: gluster] [Testpattern: Inline-volume (default fs)] volumeIO should write files of various sizes, verify size, validate content [Slow]" classname="Kubernetes e2e suite" time="0">
          <skipped></skipped>
      </testcase>
      <testcase name="[k8s.io] Container Runtime blackbox test on terminated container should report termination message [LinuxOnly] as empty when pod succeeds and TerminationMessagePolicy FallbackToLogsOnError is set [NodeConformance]" classname="Kubernetes e2e suite" time="0">
          <skipped></skipped>
      </testcase>
      <testcase name="[sig-storage] In-tree Volumes [Driver: local][LocalVolumeType: dir-link-bindmounted] [Testpattern: Pre-provisioned PV (default fs)] subPath should support restarting containers using directory as subpath [Slow]" classname="Kubernetes e2e suite" time="0">
          <skipped></skipped>
      </testcase>
      <testcase name="[sig-storage] CSI Volumes [Driver: csi-hostpath-v0] [Testpattern: Pre-provisioned PV (default fs)] volumes should allow exec of files on the volume" classname="Kubernetes e2e suite" time="0">
          <skipped></skipped>
      </testcase>
      <testcase name="[k8s.io] [sig-node] RuntimeClass should reject a Pod requesting a RuntimeClass with an unconfigured handler" classname="Kubernetes e2e suite" time="0">
          <skipped></skipped>
      </testcase>
      <testcase name="[sig-storage] In-tree Volumes [Driver: vSphere] [Testpattern: Inline-volume (default fs)] subPath should support readOnly directory specified in the volumeMount" classname="Kubernetes e2e suite" time="0">
          <skipped></skipped>
      </testcase>
      <testcase name="[sig-storage] In-tree Volumes [Driver: local][LocalVolumeType: gce-localssd-scsi-fs] [Serial] [Testpattern: Inline-volume (ext3)] volumes should be mountable" classname="Kubernetes e2e suite" time="0">
          <skipped></skipped>
      </testcase>
      <testcase name="[sig-storage] CSI Volumes [Driver: pd.csi.storage.gke.io][Feature: gcePD-external] [Testpattern: Dynamic PV (default fs)] subPath should fail if subpath directory is outside the volume [Slow]" classname="Kubernetes e2e suite" time="0">
          <skipped></skipped>
      </testcase>
      <testcase name="[sig-storage] Projected downwardAPI should set DefaultMode on files [LinuxOnly] [NodeConformance] [Conformance]" classname="Kubernetes e2e suite" time="0">
          <skipped></skipped>
      </testcase>
      <testcase name="[sig-apps] CronJob should not schedule jobs when suspended [Slow]" classname="Kubernetes e2e suite" time="0">
          <skipped></skipped>
      </testcase>
      <testcase name="[sig-apps] StatefulSet [k8s.io] Basic StatefulSet functionality [StatefulSetBasic] should implement legacy replacement when the update strategy is OnDelete" classname="Kubernetes e2e suite" time="0">
          <skipped></skipped>
      </testcase>
      <testcase name="[sig-cli] Kubectl client [k8s.io] Kubectl taint [Serial] should remove all the taints with the same key off a node" classname="Kubernetes e2e suite" time="0">
          <skipped></skipped>
      </testcase>
      <testcase name="[k8s.io] GKE node pools [Feature:GKENodePool] should create a cluster with multiple node pools [Feature:GKENodePool]" classname="Kubernetes e2e suite" time="0">
          <skipped></skipped>
      </testcase>
      <testcase name="[sig-storage] In-tree Volumes [Driver: nfs] [Testpattern: Inline-volume (default fs)] subPath should support readOnly directory specified in the volumeMount" classname="Kubernetes e2e suite" time="0">
          <skipped></skipped>
      </testcase>
      <testcase name="[sig-storage] In-tree Volumes [Driver: nfs] [Testpattern: Dynamic PV (default fs)] provisioning should create and delete block persistent volumes" classname="Kubernetes e2e suite" time="0">
          <skipped></skipped>
      </testcase>
      <testcase name="[sig-storage] In-tree Volumes [Driver: local][LocalVolumeType: gce-localssd-scsi-fs] [Serial] [Testpattern: Inline-volume (default fs)] subPath should support creating multiple subpath from same volumes [Slow]" classname="Kubernetes e2e suite" time="0">
          <skipped></skipped>
      </testcase>
      <testcase name="[sig-storage] Projected secret optional updates should be reflected in volume [NodeConformance] [Conformance]" classname="Kubernetes e2e suite" time="58.844494879"></testcase>
      <testcase name="[sig-instrumentation] [Feature:PrometheusMonitoring] Prometheus should contain correct container CPU metric." classname="Kubernetes e2e suite" time="0">
          <skipped></skipped>
      </testcase>
      <testcase name="[sig-storage] In-tree Volumes [Driver: rbd][Feature:Volumes] [Testpattern: Pre-provisioned PV (default fs)] subPath should verify container cannot write to subpath readonly volumes" classname="Kubernetes e2e suite" time="0">
          <skipped></skipped>
      </testcase>
      <testcase name="[sig-storage] EmptyDir volumes should support (root,0644,default) [LinuxOnly] [NodeConformance] [Conformance]" classname="Kubernetes e2e suite" time="0">
          <skipped></skipped>
      </testcase>
      <testcase name="[sig-storage] In-tree Volumes [Driver: local][LocalVolumeType: blockfs] [Testpattern: Dynamic PV (ntfs)][sig-windows] provisioning should provision storage with snapshot data source [Feature:VolumeSnapshotDataSource]" classname="Kubernetes e2e suite" time="0">
          <skipped></skipped>
      </testcase>
      <testcase name="[sig-storage] In-tree Volumes [Driver: local][LocalVolumeType: dir-link] [Testpattern: Dynamic PV (default fs)] provisioning should access volume from different nodes" classname="Kubernetes e2e suite" time="0">
          <skipped></skipped>
      </testcase>
      <testcase name="[sig-storage] In-tree Volumes [Driver: azure] [Testpattern: Inline-volume (default fs)] subPath should unmount if pod is gracefully deleted while kubelet is down [Disruptive][Slow]" classname="Kubernetes e2e suite" time="0">
          <skipped></skipped>
      </testcase>
      <testcase name="[sig-storage] CSI Volumes [Driver: csi-hostpath] [Testpattern: Pre-provisioned PV (default fs)] subPath should support existing directory" classname="Kubernetes e2e suite" time="0">
          <skipped></skipped>
      </testcase>
      <testcase name="[sig-cluster-lifecycle] gpu Upgrade [Feature:GPUUpgrade] cluster downgrade should be able to run gpu pod after downgrade [Feature:GPUClusterDowngrade]" classname="Kubernetes e2e suite" time="0">
          <skipped></skipped>
      </testcase>
      <testcase name="[sig-cli] Kubectl client [k8s.io] Kubectl client-side validation should create/apply a valid CR with arbitrary-extra properties for CRD with partially-specified validation schema" classname="Kubernetes e2e suite" time="0">
          <skipped></skipped>
      </testcase>
      <testcase name="[sig-storage] CSI mock volume CSI attach test using mock driver should not require VolumeAttach for drivers without attachment" classname="Kubernetes e2e suite" time="0">
          <skipped></skipped>
      </testcase>
      <testcase name="[sig-api-machinery] ResourceQuota [Feature:PodPriority] should verify ResourceQuota&#39;s priority class scope (quota set to pod count: 1) against a pod with different priority class (ScopeSelectorOpNotIn)." classname="Kubernetes e2e suite" time="0">
          <skipped></skipped>
      </testcase>
      <testcase name="[sig-storage] In-tree Volumes [Driver: aws] [Testpattern: Dynamic PV (default fs)] subPath should support readOnly file specified in the volumeMount" classname="Kubernetes e2e suite" time="0">
          <skipped></skipped>
      </testcase>
      <testcase name="[sig-cluster-lifecycle] gpu Upgrade [Feature:GPUUpgrade] master upgrade should NOT disrupt gpu pod [Feature:GPUMasterUpgrade]" classname="Kubernetes e2e suite" time="0">
          <skipped></skipped>
      </testcase>
      <testcase name="[sig-storage] CSI Volumes [Driver: pd.csi.storage.gke.io][Feature: gcePD-external] [Testpattern: Inline-volume (default fs)] volumes should allow exec of files on the volume" classname="Kubernetes e2e suite" time="0">
          <skipped></skipped>
      </testcase>
      <testcase name="[sig-apps] Network Partition [Disruptive] [Slow] [k8s.io] Pods should be evicted from unready Node [Feature:TaintEviction] All pods on the unreachable node should be marked as NotReady upon the node turn NotReady AND all pods should be evicted after eviction timeout passes" classname="Kubernetes e2e suite" time="0">
          <skipped></skipped>
      </testcase>
      <testcase name="[sig-storage] In-tree Volumes [Driver: gcepd] [Testpattern: Inline-volume (default fs)] volumes should be mountable" classname="Kubernetes e2e suite" time="0">
          <skipped></skipped>
      </testcase>
      <testcase name="[sig-storage] In-tree Volumes [Driver: ceph][Feature:Volumes] [Testpattern: Dynamic PV (ntfs)][sig-windows] provisioning should provision storage with mount options" classname="Kubernetes e2e suite" time="0">
          <skipped></skipped>
      </testcase>
      <testcase name="[sig-storage] In-tree Volumes [Driver: rbd][Feature:Volumes] [Testpattern: Dynamic PV (default fs)] subPath should fail if subpath with backstepping is outside the volume [Slow]" classname="Kubernetes e2e suite" time="0">
          <skipped></skipped>
      </testcase>
      <testcase name="[sig-storage] In-tree Volumes [Driver: local][LocalVolumeType: dir-link] [Testpattern: Inline-volume (default fs)] subPath should support existing directories when readOnly specified in the volumeSource" classname="Kubernetes e2e suite" time="0">
          <skipped></skipped>
      </testcase>
      <testcase name="[sig-storage] In-tree Volumes [Driver: local][LocalVolumeType: blockfs] [Testpattern: Inline-volume (default fs)] subPath should support existing single file" classname="Kubernetes e2e suite" time="0">
          <skipped></skipped>
      </testcase>
      <testcase name="[sig-storage] In-tree Volumes [Driver: local][LocalVolumeType: dir] [Testpattern: Dynamic PV (default fs)] provisioning should provision storage with mount options" classname="Kubernetes e2e suite" time="0">
          <skipped></skipped>
      </testcase>
      <testcase name="[sig-storage] In-tree Volumes [Driver: azure] [Testpattern: Dynamic PV (default fs)] volumes should allow exec of files on the volume" classname="Kubernetes e2e suite" time="0">
          <skipped></skipped>
      </testcase>
      <testcase name="[sig-storage] In-tree Volumes [Driver: local][LocalVolumeType: dir] [Testpattern: Dynamic PV (default fs)] subPath should be able to unmount after the subpath directory is deleted" classname="Kubernetes e2e suite" time="0">
          <skipped></skipped>
      </testcase>
      <testcase name="[sig-storage] In-tree Volumes [Driver: local][LocalVolumeType: blockfs] [Testpattern: Pre-provisioned PV (default fs)] subPath should verify container cannot write to subpath readonly volumes" classname="Kubernetes e2e suite" time="0">
          <skipped></skipped>
      </testcase>
      <testcase name="[sig-storage] CSI Volumes [Driver: pd.csi.storage.gke.io][Serial] [Testpattern: Dynamic PV (ext4)] volumes should allow exec of files on the volume" classname="Kubernetes e2e suite" time="0">
          <skipped></skipped>
      </testcase>
      <testcase name="[sig-storage] In-tree Volumes [Driver: gcepd] [Testpattern: Dynamic PV (default fs)] subPath should fail if non-existent subpath is outside the volume [Slow]" classname="Kubernetes e2e suite" time="0">
          <skipped></skipped>
      </testcase>
      <testcase name="[sig-storage] Mounted volume expand Should verify mounted devices can be resized" classname="Kubernetes e2e suite" time="0">
          <skipped></skipped>
      </testcase>
      <testcase name="[sig-autoscaling] [HPA] Horizontal pod autoscaling (scale resource: Custom Metrics from Stackdriver) should scale down with External Metric with target value from Stackdriver [Feature:CustomMetricsAutoscaling]" classname="Kubernetes e2e suite" time="0">
          <skipped></skipped>
      </testcase>
      <testcase name="[sig-autoscaling] Cluster size autoscaling [Slow] Should scale up GPU pool from 1 [GpuType:] [Feature:ClusterSizeAutoscalingGpu]" classname="Kubernetes e2e suite" time="0">
          <skipped></skipped>
      </testcase>
      <testcase name="[k8s.io] Container Runtime blackbox test when running a container with a new image should be able to pull image from docker hub [LinuxOnly] [NodeConformance]" classname="Kubernetes e2e suite" time="0">
          <skipped></skipped>
      </testcase>
      <testcase name="[sig-storage] In-tree Volumes [Driver: rbd][Feature:Volumes] [Testpattern: Pre-provisioned PV (default fs)] volumeIO should write files of various sizes, verify size, validate content [Slow]" classname="Kubernetes e2e suite" time="0">
          <skipped></skipped>
      </testcase>
      <testcase name="[sig-storage] EmptyDir wrapper volumes should not conflict [Conformance]" classname="Kubernetes e2e suite" time="16.362371642"></testcase>
      <testcase name="[sig-storage] In-tree Volumes [Driver: local][LocalVolumeType: dir] [Testpattern: Pre-provisioned PV (default fs)] subPath should support existing directories when readOnly specified in the volumeSource" classname="Kubernetes e2e suite" time="0">
          <skipped></skipped>
      </testcase>
      <testcase name="[sig-storage] In-tree Volumes [Driver: local][LocalVolumeType: blockfs] [Testpattern: Dynamic PV (default fs)] subPath should support existing directory" classname="Kubernetes e2e suite" time="0">
          <skipped></skipped>
      </testcase>
      <testcase name="[sig-storage] In-tree Volumes [Driver: cinder] [Testpattern: Inline-volume (default fs)] subPath should verify container cannot write to subpath readonly volumes" classname="Kubernetes e2e suite" time="0">
          <skipped></skipped>
      </testcase>
      <testcase name="[sig-storage] In-tree Volumes [Driver: gcepd] [Testpattern: Dynamic PV (xfs)] volumes should be mountable" classname="Kubernetes e2e suite" time="0">
          <skipped></skipped>
      </testcase>
      <testcase name="[sig-storage] In-tree Volumes [Driver: nfs] [Testpattern: Dynamic PV (ext3)] volumes should allow exec of files on the volume" classname="Kubernetes e2e suite" time="0">
          <skipped></skipped>
      </testcase>
      <testcase name="[sig-storage] In-tree Volumes [Driver: ceph][Feature:Volumes] [Testpattern: Dynamic PV (default fs)] subPath should support existing single file" classname="Kubernetes e2e suite" time="0">
          <skipped></skipped>
      </testcase>
      <testcase name="[sig-storage] CSI Volumes [Driver: csi-hostpath-v0] [Testpattern: Dynamic PV (filesystem volmode)] volumeMode should create sc, pod, pv, and pvc, read/write to the pv, and delete all created resources" classname="Kubernetes e2e suite" time="0">
          <skipped></skipped>
      </testcase>
      <testcase name="[sig-storage] In-tree Volumes [Driver: hostPathSymlink] [Testpattern: Dynamic PV (default fs)] provisioning should access volume from different nodes" classname="Kubernetes e2e suite" time="0">
          <skipped></skipped>
      </testcase>
      <testcase name="[sig-apps] Network Partition [Disruptive] [Slow] [k8s.io] [Job] should create new pods when node is partitioned" classname="Kubernetes e2e suite" time="0">
          <skipped></skipped>
      </testcase>
      <testcase name="[sig-storage] In-tree Volumes [Driver: local][LocalVolumeType: dir] [Testpattern: Dynamic PV (default fs)] provisioning should allow concurrent writes on the same node" classname="Kubernetes e2e suite" time="0">
          <skipped></skipped>
      </testcase>
      <testcase name="[sig-storage] In-tree Volumes [Driver: local][LocalVolumeType: tmpfs] [Testpattern: Inline-volume (default fs)] subPath should fail if non-existent subpath is outside the volume [Slow]" classname="Kubernetes e2e suite" time="0">
          <skipped></skipped>
      </testcase>
      <testcase name="[sig-storage] In-tree Volumes [Driver: local][LocalVolumeType: blockfs] [Testpattern: Dynamic PV (default fs)] subPath should fail if subpath file is outside the volume [Slow]" classname="Kubernetes e2e suite" time="0">
          <skipped></skipped>
      </testcase>
      <testcase name="[sig-instrumentation] Cluster level logging implemented by Stackdriver should ingest logs [Feature:StackdriverLogging]" classname="Kubernetes e2e suite" time="0">
          <skipped></skipped>
      </testcase>
      <testcase name="[sig-auth] ServiceAccounts should mount an API token into pods  [Conformance]" classname="Kubernetes e2e suite" time="18.621737195"></testcase>
      <testcase name="[sig-storage] In-tree Volumes [Driver: local][LocalVolumeType: dir-link] [Testpattern: Pre-provisioned PV (default fs)] subPath should support restarting containers using directory as subpath [Slow]" classname="Kubernetes e2e suite" time="0">
          <skipped></skipped>
      </testcase>
      <testcase name="[sig-storage] CSI Volumes [Driver: pd.csi.storage.gke.io][Feature: gcePD-external] [Testpattern: Inline-volume (default fs)] subPath should support existing directories when readOnly specified in the volumeSource" classname="Kubernetes e2e suite" time="0">
          <skipped></skipped>
      </testcase>
      <testcase name="[sig-storage] Storage Policy Based Volume Provisioning [Feature:vsphere] verify clean up of stale dummy VM for dynamically provisioned pvc using SPBM policy" classname="Kubernetes e2e suite" time="0">
          <skipped></skipped>
      </testcase>
      <testcase name="[sig-api-machinery] AdmissionWebhook Should be able to deny attaching pod" classname="Kubernetes e2e suite" time="0">
          <skipped></skipped>
      </testcase>
      <testcase name="[sig-storage] In-tree Volumes [Driver: local][LocalVolumeType: dir-link] [Testpattern: Pre-provisioned PV (default fs)] subPath should support existing single file" classname="Kubernetes e2e suite" time="0">
          <skipped></skipped>
      </testcase>
      <testcase name="[sig-storage] CSI Volumes [Driver: pd.csi.storage.gke.io][Serial] [Testpattern: Pre-provisioned PV (default fs)] subPath should unmount if pod is force deleted while kubelet is down [Disruptive][Slow]" classname="Kubernetes e2e suite" time="0">
          <skipped></skipped>
      </testcase>
      <testcase name="[sig-storage] In-tree Volumes [Driver: hostPathSymlink] [Testpattern: Inline-volume (default fs)] subPath should fail if subpath directory is outside the volume [Slow]" classname="Kubernetes e2e suite" time="0">
          <skipped></skipped>
      </testcase>
      <testcase name="[sig-storage] CSI Volumes [Driver: pd.csi.storage.gke.io][Serial] [Testpattern: Pre-provisioned PV (block volmode)] volumeMode should fail to create pod by failing to mount volume" classname="Kubernetes e2e suite" time="0">
          <skipped></skipped>
      </testcase>
      <testcase name="[sig-storage] In-tree Volumes [Driver: iscsi][Feature:Volumes] [Testpattern: Pre-provisioned PV (default fs)] subPath should verify container cannot write to subpath readonly volumes" classname="Kubernetes e2e suite" time="0">
          <skipped></skipped>
      </testcase>
      <testcase name="[sig-storage] In-tree Volumes [Driver: local][LocalVolumeType: tmpfs] [Testpattern: Dynamic PV (default fs)] subPath should verify container cannot write to subpath readonly volumes" classname="Kubernetes e2e suite" time="0">
          <skipped></skipped>
      </testcase>
      <testcase name="[sig-storage] In-tree Volumes [Driver: local][LocalVolumeType: blockfs] [Testpattern: Pre-provisioned PV (ext3)] volumes should allow exec of files on the volume" classname="Kubernetes e2e suite" time="0">
          <skipped></skipped>
      </testcase>
      <testcase name="[sig-cli] Kubectl client [k8s.io] Kubectl describe should check if kubectl describe prints relevant information for rc and pods  [Conformance]" classname="Kubernetes e2e suite" time="34.265794877"></testcase>
      <testcase name="[k8s.io] Pods should get a host IP [NodeConformance] [Conformance]" classname="Kubernetes e2e suite" time="32.190938145"></testcase>
      <testcase name="[sig-storage] In-tree Volumes [Driver: nfs] [Testpattern: Inline-volume (ntfs)][sig-windows] volumes should allow exec of files on the volume" classname="Kubernetes e2e suite" time="0.002051391">
          <skipped></skipped>
      </testcase>
      <testcase name="[sig-cluster-lifecycle] ingress Downgrade [Feature:IngressDowngrade] ingress downgrade should maintain a functioning ingress" classname="Kubernetes e2e suite" time="0">
          <skipped></skipped>
      </testcase>
      <testcase name="[sig-storage] In-tree Volumes [Driver: local][LocalVolumeType: tmpfs] [Testpattern: Dynamic PV (default fs)] volumeIO should write files of various sizes, verify size, validate content [Slow]" classname="Kubernetes e2e suite" time="0">
          <skipped></skipped>
      </testcase>
      <testcase name="[sig-storage] In-tree Volumes [Driver: local][LocalVolumeType: dir-bindmounted] [Testpattern: Inline-volume (ext3)] volumes should be mountable" classname="Kubernetes e2e suite" time="0">
          <skipped></skipped>
      </testcase>
      <testcase name="[k8s.io] Security Context when creating containers with AllowPrivilegeEscalation should allow privilege escalation when not explicitly set and uid != 0 [LinuxOnly] [NodeConformance]" classname="Kubernetes e2e suite" time="0">
          <skipped></skipped>
      </testcase>
      <testcase name="[sig-storage] In-tree Volumes [Driver: nfs] [Testpattern: Pre-provisioned PV (block volmode)] volumeMode should fail to create pod by failing to mount volume" classname="Kubernetes e2e suite" time="0">
          <skipped></skipped>
      </testcase>
      <testcase name="[sig-storage] In-tree Volumes [Driver: cinder] [Testpattern: Dynamic PV (ext4)] volumes should allow exec of files on the volume" classname="Kubernetes e2e suite" time="0">
          <skipped></skipped>
      </testcase>
      <testcase name="[k8s.io] GKE local SSD [Feature:GKELocalSSD] should write and read from node local SSD [Feature:GKELocalSSD]" classname="Kubernetes e2e suite" time="0">
          <skipped></skipped>
      </testcase>
      <testcase name="[sig-storage] In-tree Volumes [Driver: local][LocalVolumeType: dir-link-bindmounted] [Testpattern: Dynamic PV (filesystem volmode)] volumeMode should create sc, pod, pv, and pvc, read/write to the pv, and delete all created resources" classname="Kubernetes e2e suite" time="0">
          <skipped></skipped>
      </testcase>
      <testcase name="[sig-storage] In-tree Volumes [Driver: gluster] [Testpattern: Dynamic PV (default fs)] subPath should support existing single file" classname="Kubernetes e2e suite" time="0">
          <skipped></skipped>
      </testcase>
      <testcase name="[sig-storage] In-tree Volumes [Driver: local][LocalVolumeType: blockfs] [Testpattern: Dynamic PV (ntfs)][sig-windows] provisioning should allow concurrent writes on the same node" classname="Kubernetes e2e suite" time="0.001976989">
          <skipped></skipped>
      </testcase>
      <testcase name="[sig-storage] In-tree Volumes [Driver: local][LocalVolumeType: dir-link] [Testpattern: Inline-volume (default fs)] subPath should support restarting containers using directory as subpath [Slow]" classname="Kubernetes e2e suite" time="0">
          <skipped></skipped>
      </testcase>
      <testcase name="[sig-windows] [Feature:Windows] Memory Limits [Serial] [Slow] Allocatable node memory should be equal to a calculated allocatable memory value" classname="Kubernetes e2e suite" time="0">
          <skipped></skipped>
      </testcase>
      <testcase name="[k8s.io] Container Runtime blackbox test when starting a container that exits should run with the expected status [NodeConformance] [Conformance]" classname="Kubernetes e2e suite" time="75.798423098"></testcase>
      <testcase name="[k8s.io] [sig-node] Pods Extended [k8s.io] Delete Grace Period should be submitted and removed  [Flaky]" classname="Kubernetes e2e suite" time="0">
          <skipped></skipped>
      </testcase>
      <testcase name="[sig-storage] CSI Volumes [Driver: pd.csi.storage.gke.io][Feature: gcePD-external] [Testpattern: Dynamic PV (xfs)] volumes should allow exec of files on the volume" classname="Kubernetes e2e suite" time="0">
          <skipped></skipped>
      </testcase>
      <testcase name="[sig-storage] CSI Volumes [Driver: pd.csi.storage.gke.io][Serial] [Testpattern: Dynamic PV (ntfs)][sig-windows] provisioning should allow concurrent writes on the same node" classname="Kubernetes e2e suite" time="0">
          <skipped></skipped>
      </testcase>
      <testcase name="[sig-api-machinery] Garbage collector should orphan RS created by deployment when deleteOptions.PropagationPolicy is Orphan [Conformance]" classname="Kubernetes e2e suite" time="38.592204868"></testcase>
      <testcase name="[sig-storage] In-tree Volumes [Driver: local][LocalVolumeType: block] [Testpattern: Inline-volume (ext4)] volumes should allow exec of files on the volume" classname="Kubernetes e2e suite" time="0">
          <skipped></skipped>
      </testcase>
      <testcase name="[sig-storage] CSI Volumes [Driver: csi-hostpath] [Testpattern: Dynamic PV (default fs)] subPath should support existing directories when readOnly specified in the volumeSource" classname="Kubernetes e2e suite" time="0">
          <skipped></skipped>
      </testcase>
      <testcase name="[k8s.io] [sig-node] Pod garbage collector [Feature:PodGarbageCollector] [Slow] should handle the creation of 1000 pods" classname="Kubernetes e2e suite" time="0">
          <skipped></skipped>
      </testcase>
      <testcase name="[k8s.io] [sig-node] kubelet [k8s.io] [sig-node] host cleanup with volume mounts [sig-storage][HostCleanup][Flaky] Host cleanup after disrupting NFS volume [NFS] after stopping the nfs-server and deleting the (sleeping) client pod, the NFS mount and the pod&#39;s UID directory should be removed." classname="Kubernetes e2e suite" time="0">
          <skipped></skipped>
      </testcase>
      <testcase name="[sig-storage] In-tree Volumes [Driver: azure] [Testpattern: Pre-provisioned PV (default fs)] subPath should support existing directory" classname="Kubernetes e2e suite" time="0">
          <skipped></skipped>
      </testcase>
      <testcase name="[sig-storage] In-tree Volumes [Driver: iscsi][Feature:Volumes] [Testpattern: Dynamic PV (default fs)] volumeIO should write files of various sizes, verify size, validate content [Slow]" classname="Kubernetes e2e suite" time="0">
          <skipped></skipped>
      </testcase>
      <testcase name="[sig-storage] In-tree Volumes [Driver: local][LocalVolumeType: block] [Testpattern: Dynamic PV (default fs)] subPath should unmount if pod is force deleted while kubelet is down [Disruptive][Slow]" classname="Kubernetes e2e suite" time="0">
          <skipped></skipped>
      </testcase>
      <testcase name="[sig-storage] In-tree Volumes [Driver: emptydir] [Testpattern: Pre-provisioned PV (ext3)] volumes should allow exec of files on the volume" classname="Kubernetes e2e suite" time="0">
          <skipped></skipped>
      </testcase>
      <testcase name="[sig-storage] ConfigMap optional updates should be reflected in volume [NodeConformance] [Conformance]" classname="Kubernetes e2e suite" time="38.796786554"></testcase>
      <testcase name="[sig-storage] In-tree Volumes [Driver: cinder] [Testpattern: Dynamic PV (default fs)] provisioning should access volume from different nodes" classname="Kubernetes e2e suite" time="0">
          <skipped></skipped>
      </testcase>
      <testcase name="[sig-storage] CSI Volumes [Driver: pd.csi.storage.gke.io][Feature: gcePD-external] [Testpattern: Dynamic PV (default fs)] provisioning should provision storage with defaults" classname="Kubernetes e2e suite" time="0">
          <skipped></skipped>
      </testcase>
      <testcase name="[sig-storage] In-tree Volumes [Driver: local][LocalVolumeType: dir-link] [Testpattern: Dynamic PV (default fs)] subPath should support existing directories when readOnly specified in the volumeSource" classname="Kubernetes e2e suite" time="0">
          <skipped></skipped>
      </testcase>
      <testcase name="[sig-storage] In-tree Volumes [Driver: local][LocalVolumeType: block] [Testpattern: Dynamic PV (default fs)] subPath should support restarting containers using directory as subpath [Slow]" classname="Kubernetes e2e suite" time="0">
          <skipped></skipped>
      </testcase>
      <testcase name="[sig-auth] ServiceAccounts should allow opting out of API token automount  [Conformance]" classname="Kubernetes e2e suite" time="43.071756316"></testcase>
      <testcase name="[sig-storage] In-tree Volumes [Driver: nfs] [Testpattern: Dynamic PV (default fs)] provisioning should allow concurrent writes on the same node" classname="Kubernetes e2e suite" time="0">
          <skipped></skipped>
      </testcase>
      <testcase name="[sig-storage] Projected downwardAPI should provide container&#39;s memory limit [NodeConformance] [Conformance]" classname="Kubernetes e2e suite" time="81.834626346"></testcase>
      <testcase name="[sig-storage] CSI Volumes [Driver: pd.csi.storage.gke.io][Serial] [Testpattern: Pre-provisioned PV (default fs)] volumes should allow exec of files on the volume" classname="Kubernetes e2e suite" time="0">
          <skipped></skipped>
      </testcase>
      <testcase name="[sig-storage] In-tree Volumes [Driver: local][LocalVolumeType: dir-bindmounted] [Testpattern: Pre-provisioned PV (default fs)] subPath should support non-existent path" classname="Kubernetes e2e suite" time="0">
          <skipped></skipped>
      </testcase>
      <testcase name="[sig-storage] CSI Volumes [Driver: csi-hostpath-v0] [Testpattern: Pre-provisioned PV (default fs)] subPath should support readOnly file specified in the volumeMount" classname="Kubernetes e2e suite" time="0">
          <skipped></skipped>
      </testcase>
      <testcase name="[sig-apps] ReplicaSet should serve a basic image on each replica with a public image  [Conformance]" classname="Kubernetes e2e suite" time="21.531298332"></testcase>
      <testcase name="[sig-storage] CSI Volumes [Driver: pd.csi.storage.gke.io][Feature: gcePD-external] [Testpattern: Pre-provisioned PV (ext3)] volumes should be mountable" classname="Kubernetes e2e suite" time="0">
          <skipped></skipped>
      </testcase>
      <testcase name="[sig-storage] In-tree Volumes [Driver: iscsi][Feature:Volumes] [Testpattern: Pre-provisioned PV (default fs)] subPath should support non-existent path" classname="Kubernetes e2e suite" time="0">
          <skipped></skipped>
      </testcase>
      <testcase name="[sig-api-machinery] AdmissionWebhook Should deny crd creation" classname="Kubernetes e2e suite" time="0">
          <skipped></skipped>
      </testcase>
      <testcase name="[sig-storage] In-tree Volumes [Driver: gcepd] [Testpattern: Pre-provisioned PV (default fs)] subPath should verify container cannot write to subpath readonly volumes" classname="Kubernetes e2e suite" time="0">
          <skipped></skipped>
      </testcase>
      <testcase name="[sig-storage] CSI Volumes [Driver: csi-hostpath-v0] [Testpattern: Inline-volume (default fs)] volumes should be mountable" classname="Kubernetes e2e suite" time="0">
          <skipped></skipped>
      </testcase>
      <testcase name="[sig-storage] In-tree Volumes [Driver: local][LocalVolumeType: dir] [Testpattern: Pre-provisioned PV (default fs)] subPath should support restarting containers using file as subpath [Slow]" classname="Kubernetes e2e suite" time="0">
          <skipped></skipped>
      </testcase>
      <testcase name="[sig-storage] CSI Volumes [Driver: pd.csi.storage.gke.io][Serial] [Testpattern: Pre-provisioned PV (default fs)] subPath should unmount if pod is gracefully deleted while kubelet is down [Disruptive][Slow]" classname="Kubernetes e2e suite" time="0">
          <skipped></skipped>
      </testcase>
      <testcase name="[sig-storage] In-tree Volumes [Driver: vSphere] [Testpattern: Dynamic PV (ntfs)][sig-windows] provisioning should allow concurrent writes on the same node" classname="Kubernetes e2e suite" time="0.001759386">
          <skipped></skipped>
      </testcase>
      <testcase name="[sig-storage] CSI Volumes [Driver: csi-hostpath-v0] [Testpattern: Inline-volume (default fs)] subPath should fail if subpath directory is outside the volume [Slow]" classname="Kubernetes e2e suite" time="0">
          <skipped></skipped>
      </testcase>
      <testcase name="[sig-storage] CSI Volumes [Driver: pd.csi.storage.gke.io][Feature: gcePD-external] [Testpattern: Pre-provisioned PV (default fs)] subPath should unmount if pod is gracefully deleted while kubelet is down [Disruptive][Slow]" classname="Kubernetes e2e suite" time="0">
          <skipped></skipped>
      </testcase>
      <testcase name="[k8s.io] EquivalenceCache [Serial] validates GeneralPredicates is properly invalidated when a pod is scheduled [Slow]" classname="Kubernetes e2e suite" time="0">
          <skipped></skipped>
      </testcase>
      <testcase name="[sig-storage] In-tree Volumes [Driver: emptydir] [Testpattern: Pre-provisioned PV (default fs)] subPath should support readOnly file specified in the volumeMount" classname="Kubernetes e2e suite" time="0">
          <skipped></skipped>
      </testcase>
      <testcase name="[sig-storage] In-tree Volumes [Driver: local][LocalVolumeType: tmpfs] [Testpattern: Pre-provisioned PV (default fs)] subPath should support restarting containers using directory as subpath [Slow]" classname="Kubernetes e2e suite" time="0">
          <skipped></skipped>
      </testcase>
      <testcase name="[sig-storage] In-tree Volumes [Driver: local][LocalVolumeType: gce-localssd-scsi-fs] [Serial] [Testpattern: Dynamic PV (ntfs)][sig-windows] provisioning should allow concurrent writes on the same node" classname="Kubernetes e2e suite" time="0">
          <skipped></skipped>
      </testcase>
      <testcase name="[sig-storage] CSI Volumes [Driver: pd.csi.storage.gke.io][Feature: gcePD-external] [Testpattern: Inline-volume (default fs)] subPath should unmount if pod is gracefully deleted while kubelet is down [Disruptive][Slow]" classname="Kubernetes e2e suite" time="0">
          <skipped></skipped>
      </testcase>
      <testcase name="[sig-storage] CSI Volumes [Driver: csi-hostpath-v0] [Testpattern: Inline-volume (ext3)] volumes should be mountable" classname="Kubernetes e2e suite" time="0">
          <skipped></skipped>
      </testcase>
      <testcase name="[sig-storage] CSI Volumes [Driver: pd.csi.storage.gke.io][Serial] [Testpattern: Inline-volume (default fs)] volumeIO should write files of various sizes, verify size, validate content [Slow]" classname="Kubernetes e2e suite" time="0">
          <skipped></skipped>
      </testcase>
      <testcase name="[sig-storage] In-tree Volumes [Driver: gluster] [Testpattern: Inline-volume (ext4)] volumes should allow exec of files on the volume" classname="Kubernetes e2e suite" time="0">
          <skipped></skipped>
      </testcase>
      <testcase name="[sig-storage] Verify Volume Attach Through vpxd Restart [Feature:vsphere][Serial][Disruptive] verify volume remains attached through vpxd restart" classname="Kubernetes e2e suite" time="0">
          <skipped></skipped>
      </testcase>
      <testcase name="[sig-storage] In-tree Volumes [Driver: local][LocalVolumeType: dir-bindmounted] [Testpattern: Inline-volume (ext4)] volumes should be mountable" classname="Kubernetes e2e suite" time="0">
          <skipped></skipped>
      </testcase>
      <testcase name="[sig-storage] In-tree Volumes [Driver: emptydir] [Testpattern: Pre-provisioned PV (default fs)] subPath should support restarting containers using file as subpath [Slow]" classname="Kubernetes e2e suite" time="0">
          <skipped></skipped>
      </testcase>
      <testcase name="[sig-storage] In-tree Volumes [Driver: iscsi][Feature:Volumes] [Testpattern: Dynamic PV (ext3)] volumes should be mountable" classname="Kubernetes e2e suite" time="0">
          <skipped></skipped>
      </testcase>
      <testcase name="[sig-storage] In-tree Volumes [Driver: iscsi][Feature:Volumes] [Testpattern: Dynamic PV (default fs)] subPath should be able to unmount after the subpath directory is deleted" classname="Kubernetes e2e suite" time="0">
          <skipped></skipped>
      </testcase>
      <testcase name="[sig-storage] In-tree Volumes [Driver: local][LocalVolumeType: blockfs] [Testpattern: Pre-provisioned PV (filesystem volmode)] volumeMode should create sc, pod, pv, and pvc, read/write to the pv, and delete all created resources" classname="Kubernetes e2e suite" time="0">
          <skipped></skipped>
      </testcase>
      <testcase name="[sig-storage] In-tree Volumes [Driver: local][LocalVolumeType: dir-link-bindmounted] [Testpattern: Dynamic PV (default fs)] subPath should be able to unmount after the subpath directory is deleted" classname="Kubernetes e2e suite" time="0">
          <skipped></skipped>
      </testcase>
      <testcase name="[sig-storage] In-tree Volumes [Driver: ceph][Feature:Volumes] [Testpattern: Inline-volume (ntfs)][sig-windows] volumes should allow exec of files on the volume" classname="Kubernetes e2e suite" time="0">
          <skipped></skipped>
      </testcase>
      <testcase name="[sig-storage] In-tree Volumes [Driver: local][LocalVolumeType: blockfs] [Testpattern: Pre-provisioned PV (ext4)] volumes should be mountable" classname="Kubernetes e2e suite" time="0">
          <skipped></skipped>
      </testcase>
      <testcase name="[k8s.io] Probing container should be restarted with a docker exec liveness probe with timeout " classname="Kubernetes e2e suite" time="0">
          <skipped></skipped>
      </testcase>
      <testcase name="[sig-storage] In-tree Volumes [Driver: emptydir] [Testpattern: Dynamic PV (default fs)] provisioning should allow concurrent writes on the same node" classname="Kubernetes e2e suite" time="0">
          <skipped></skipped>
      </testcase>
      <testcase name="[sig-instrumentation] [Feature:PrometheusMonitoring] Prometheus should scrape metrics from annotated services." classname="Kubernetes e2e suite" time="0">
          <skipped></skipped>
      </testcase>
      <testcase name="[sig-storage] In-tree Volumes [Driver: local][LocalVolumeType: tmpfs] [Testpattern: Dynamic PV (default fs)] volumes should be mountable" classname="Kubernetes e2e suite" time="0">
          <skipped></skipped>
      </testcase>
      <testcase name="[sig-storage] CSI Volumes [Driver: pd.csi.storage.gke.io][Serial] [Testpattern: Inline-volume (default fs)] subPath should fail if non-existent subpath is outside the volume [Slow]" classname="Kubernetes e2e suite" time="0">
          <skipped></skipped>
      </testcase>
      <testcase name="[sig-storage] In-tree Volumes [Driver: local][LocalVolumeType: dir-link] [Testpattern: Inline-volume (ext3)] volumes should allow exec of files on the volume" classname="Kubernetes e2e suite" time="0">
          <skipped></skipped>
      </testcase>
      <testcase name="[sig-storage] In-tree Volumes [Driver: rbd][Feature:Volumes] [Testpattern: Inline-volume (ext3)] volumes should be mountable" classname="Kubernetes e2e suite" time="0">
          <skipped></skipped>
      </testcase>
      <testcase name="[sig-storage] In-tree Volumes [Driver: iscsi][Feature:Volumes] [Testpattern: Dynamic PV (default fs)] subPath should support non-existent path" classname="Kubernetes e2e suite" time="0">
          <skipped></skipped>
      </testcase>
      <testcase name="[sig-storage] In-tree Volumes [Driver: hostPathSymlink] [Testpattern: Dynamic PV (default fs)] volumes should be mountable" classname="Kubernetes e2e suite" time="0">
          <skipped></skipped>
      </testcase>
      <testcase name="[sig-storage] In-tree Volumes [Driver: local][LocalVolumeType: dir-link-bindmounted] [Testpattern: Dynamic PV (default fs)] provisioning should provision storage with snapshot data source [Feature:VolumeSnapshotDataSource]" classname="Kubernetes e2e suite" time="0">
          <skipped></skipped>
      </testcase>
      <testcase name="[sig-cluster-lifecycle] [Feature:BootstrapTokens] should not delete the token secret when the secret is not expired" classname="Kubernetes e2e suite" time="0">
          <skipped></skipped>
      </testcase>
      <testcase name="[sig-storage] EmptyDir volumes should support (non-root,0644,default) [LinuxOnly] [NodeConformance] [Conformance]" classname="Kubernetes e2e suite" time="0">
          <skipped></skipped>
      </testcase>
      <testcase name="[sig-network] ESIPP [Slow] [DisabledForLargeClusters] should work for type=LoadBalancer" classname="Kubernetes e2e suite" time="0">
          <skipped></skipped>
      </testcase>
      <testcase name="[sig-storage] In-tree Volumes [Driver: cinder] [Testpattern: Inline-volume (default fs)] subPath should support existing directories when readOnly specified in the volumeSource" classname="Kubernetes e2e suite" time="0">
          <skipped></skipped>
      </testcase>
      <testcase name="[sig-storage] In-tree Volumes [Driver: local][LocalVolumeType: gce-localssd-scsi-fs] [Serial] [Testpattern: Pre-provisioned PV (default fs)] subPath should support creating multiple subpath from same volumes [Slow]" classname="Kubernetes e2e suite" time="0">
          <skipped></skipped>
      </testcase>
      <testcase name="[sig-apps] Job should run a job to completion when tasks sometimes fail and are not locally restarted" classname="Kubernetes e2e suite" time="0">
          <skipped></skipped>
      </testcase>
      <testcase name="[sig-storage] In-tree Volumes [Driver: local][LocalVolumeType: gce-localssd-scsi-fs] [Serial] [Testpattern: Dynamic PV (default fs)] volumes should allow exec of files on the volume" classname="Kubernetes e2e suite" time="0">
          <skipped></skipped>
      </testcase>
      <testcase name="[sig-storage] In-tree Volumes [Driver: iscsi][Feature:Volumes] [Testpattern: Dynamic PV (ntfs)][sig-windows] provisioning should provision storage with snapshot data source [Feature:VolumeSnapshotDataSource]" classname="Kubernetes e2e suite" time="0">
          <skipped></skipped>
      </testcase>
      <testcase name="[sig-storage] In-tree Volumes [Driver: hostPathSymlink] [Testpattern: Inline-volume (default fs)] subPath should be able to unmount after the subpath directory is deleted" classname="Kubernetes e2e suite" time="0">
          <skipped></skipped>
      </testcase>
      <testcase name="[sig-storage] In-tree Volumes [Driver: cinder] [Testpattern: Dynamic PV (default fs)] subPath should support existing directory" classname="Kubernetes e2e suite" time="0">
          <skipped></skipped>
      </testcase>
      <testcase name="[sig-storage] In-tree Volumes [Driver: local][LocalVolumeType: block] [Testpattern: Pre-provisioned PV (default fs)] subPath should support file as subpath" classname="Kubernetes e2e suite" time="0">
          <skipped></skipped>
      </testcase>
      <testcase name="[sig-storage] In-tree Volumes [Driver: hostPathSymlink] [Testpattern: Dynamic PV (xfs)] volumes should allow exec of files on the volume" classname="Kubernetes e2e suite" time="0">
          <skipped></skipped>
      </testcase>
      <testcase name="[sig-storage] PersistentVolumes-local  [Volume type: blockfswithoutformat] One pod requesting one prebound PVC should be able to mount volume and read from pod1" classname="Kubernetes e2e suite" time="0">
          <skipped></skipped>
      </testcase>
      <testcase name="[sig-storage] CSI Volumes [Driver: csi-hostpath] [Testpattern: Inline-volume (xfs)] volumes should allow exec of files on the volume" classname="Kubernetes e2e suite" time="0">
          <skipped></skipped>
      </testcase>
      <testcase name="[sig-cluster-lifecycle] gpu Upgrade [Feature:GPUUpgrade] cluster upgrade should be able to run gpu pod after upgrade [Feature:GPUClusterUpgrade]" classname="Kubernetes e2e suite" time="0">
          <skipped></skipped>
      </testcase>
      <testcase name="[sig-storage] In-tree Volumes [Driver: ceph][Feature:Volumes] [Testpattern: Dynamic PV (ntfs)][sig-windows] provisioning should provision storage with snapshot data source [Feature:VolumeSnapshotDataSource]" classname="Kubernetes e2e suite" time="0">
          <skipped></skipped>
      </testcase>
      <testcase name="[sig-storage] In-tree Volumes [Driver: local][LocalVolumeType: dir-bindmounted] [Testpattern: Dynamic PV (default fs)] subPath should support existing single file" classname="Kubernetes e2e suite" time="0">
          <skipped></skipped>
      </testcase>
      <testcase name="[sig-storage] CSI Volumes [Driver: pd.csi.storage.gke.io][Feature: gcePD-external] [Testpattern: Pre-provisioned PV (default fs)] volumes should allow exec of files on the volume" classname="Kubernetes e2e suite" time="0">
          <skipped></skipped>
      </testcase>
      <testcase name="[sig-storage] In-tree Volumes [Driver: hostPath] [Testpattern: Dynamic PV (default fs)] subPath should fail if subpath directory is outside the volume [Slow]" classname="Kubernetes e2e suite" time="0">
          <skipped></skipped>
      </testcase>
      <testcase name="[sig-storage] In-tree Volumes [Driver: local][LocalVolumeType: dir-link-bindmounted] [Testpattern: Dynamic PV (default fs)] subPath should verify container cannot write to subpath readonly volumes" classname="Kubernetes e2e suite" time="0">
          <skipped></skipped>
      </testcase>
      <testcase name="[sig-storage] In-tree Volumes [Driver: azure] [Testpattern: Dynamic PV (default fs)] subPath should support restarting containers using directory as subpath [Slow]" classname="Kubernetes e2e suite" time="0">
          <skipped></skipped>
      </testcase>
      <testcase name="[sig-api-machinery] Servers with support for API chunking should support continue listing from the last key if the original version has been compacted away, though the list is inconsistent" classname="Kubernetes e2e suite" time="0">
          <skipped></skipped>
      </testcase>
      <testcase name="[sig-autoscaling] [HPA] Horizontal pod autoscaling (scale resource: Custom Metrics from Stackdriver) should scale up with two External metrics from Stackdriver [Feature:CustomMetricsAutoscaling]" classname="Kubernetes e2e suite" time="0">
          <skipped></skipped>
      </testcase>
      <testcase name="[sig-storage] HostPath should give a volume the correct mode [LinuxOnly] [NodeConformance] [Conformance]" classname="Kubernetes e2e suite" time="0">
          <skipped></skipped>
      </testcase>
      <testcase name="[sig-storage] In-tree Volumes [Driver: local][LocalVolumeType: blockfs] [Testpattern: Inline-volume (ext4)] volumes should allow exec of files on the volume" classname="Kubernetes e2e suite" time="0">
          <skipped></skipped>
      </testcase>
      <testcase name="[sig-storage] In-tree Volumes [Driver: cinder] [Testpattern: Dynamic PV (block volmode)] volumeMode should fail in binding dynamic provisioned PV to PVC" classname="Kubernetes e2e suite" time="0">
          <skipped></skipped>
      </testcase>
      <testcase name="[sig-storage] In-tree Volumes [Driver: hostPath] [Testpattern: Dynamic PV (default fs)] provisioning should allow concurrent writes on the same node" classname="Kubernetes e2e suite" time="0">
          <skipped></skipped>
      </testcase>
      <testcase name="[sig-storage] In-tree Volumes [Driver: ceph][Feature:Volumes] [Testpattern: Inline-volume (default fs)] subPath should fail if subpath file is outside the volume [Slow]" classname="Kubernetes e2e suite" time="0">
          <skipped></skipped>
      </testcase>
      <testcase name="[sig-storage] In-tree Volumes [Driver: local][LocalVolumeType: blockfs] [Testpattern: Inline-volume (default fs)] subPath should fail if non-existent subpath is outside the volume [Slow]" classname="Kubernetes e2e suite" time="0">
          <skipped></skipped>
      </testcase>
      <testcase name="[sig-storage] In-tree Volumes [Driver: ceph][Feature:Volumes] [Testpattern: Dynamic PV (default fs)] subPath should support file as subpath" classname="Kubernetes e2e suite" time="0">
          <skipped></skipped>
      </testcase>
      <testcase name="[sig-storage] CSI Volumes [Driver: csi-hostpath] [Testpattern: Dynamic PV (default fs)] volumeIO should write files of various sizes, verify size, validate content [Slow]" classname="Kubernetes e2e suite" time="0">
          <skipped></skipped>
      </testcase>
      <testcase name="[sig-storage] CSI Volumes [Driver: csi-hostpath-v0] [Testpattern: Dynamic PV (default fs)] subPath should fail if non-existent subpath is outside the volume [Slow]" classname="Kubernetes e2e suite" time="0">
          <skipped></skipped>
      </testcase>
      <testcase name="[sig-storage] CSI Volumes [Driver: pd.csi.storage.gke.io][Serial] [Testpattern: Dynamic PV (ntfs)][sig-windows] volumes should allow exec of files on the volume" classname="Kubernetes e2e suite" time="0">
          <skipped></skipped>
      </testcase>
      <testcase name="[sig-storage] In-tree Volumes [Driver: hostPath] [Testpattern: Inline-volume (default fs)] subPath should support creating multiple subpath from same volumes [Slow]" classname="Kubernetes e2e suite" time="0">
          <skipped></skipped>
      </testcase>
      <testcase name="[sig-storage] In-tree Volumes [Driver: cinder] [Testpattern: Inline-volume (default fs)] subPath should fail if non-existent subpath is outside the volume [Slow]" classname="Kubernetes e2e suite" time="0">
          <skipped></skipped>
      </testcase>
      <testcase name="[sig-storage] CSI Volumes [Driver: pd.csi.storage.gke.io][Serial] [Testpattern: Inline-volume (default fs)] subPath should support existing directory" classname="Kubernetes e2e suite" time="0">
          <skipped></skipped>
      </testcase>
      <testcase name="[sig-storage] In-tree Volumes [Driver: aws] [Testpattern: Inline-volume (default fs)] volumeIO should write files of various sizes, verify size, validate content [Slow]" classname="Kubernetes e2e suite" time="0">
          <skipped></skipped>
      </testcase>
      <testcase name="[sig-storage] In-tree Volumes [Driver: gluster] [Testpattern: Pre-provisioned PV (default fs)] subPath should fail if subpath directory is outside the volume [Slow]" classname="Kubernetes e2e suite" time="0">
          <skipped></skipped>
      </testcase>
      <testcase name="[sig-storage] CSI Volumes [Driver: pd.csi.storage.gke.io][Serial] [Testpattern: Inline-volume (default fs)] subPath should support existing directories when readOnly specified in the volumeSource" classname="Kubernetes e2e suite" time="0">
          <skipped></skipped>
      </testcase>
      <testcase name="[sig-storage] In-tree Volumes [Driver: local][LocalVolumeType: block] [Testpattern: Pre-provisioned PV (default fs)] subPath should support restarting containers using file as subpath [Slow]" classname="Kubernetes e2e suite" time="0">
          <skipped></skipped>
      </testcase>
      <testcase name="[sig-storage] In-tree Volumes [Driver: vSphere] [Testpattern: Dynamic PV (default fs)] provisioning should provision storage with snapshot data source [Feature:VolumeSnapshotDataSource]" classname="Kubernetes e2e suite" time="0">
          <skipped></skipped>
      </testcase>
      <testcase name="[sig-storage] In-tree Volumes [Driver: local][LocalVolumeType: dir-bindmounted] [Testpattern: Pre-provisioned PV (default fs)] subPath should be able to unmount after the subpath directory is deleted" classname="Kubernetes e2e suite" time="0">
          <skipped></skipped>
      </testcase>
      <testcase name="[sig-storage] In-tree Volumes [Driver: aws] [Testpattern: Dynamic PV (default fs)] subPath should support existing directories when readOnly specified in the volumeSource" classname="Kubernetes e2e suite" time="0">
          <skipped></skipped>
      </testcase>
      <testcase name="[sig-storage] CSI Volumes [Driver: pd.csi.storage.gke.io][Serial] [Testpattern: Dynamic PV (filesystem volmode)] volumeMode should create sc, pod, pv, and pvc, read/write to the pv, and delete all created resources" classname="Kubernetes e2e suite" time="0">
          <skipped></skipped>
      </testcase>
      <testcase name="[sig-api-machinery] Generated clientset should create pods, set the deletionTimestamp and deletionGracePeriodSeconds of the pod" classname="Kubernetes e2e suite" time="0">
          <skipped></skipped>
      </testcase>
      <testcase name="[sig-storage] In-tree Volumes [Driver: iscsi][Feature:Volumes] [Testpattern: Dynamic PV (default fs)] subPath should fail if subpath with backstepping is outside the volume [Slow]" classname="Kubernetes e2e suite" time="0">
          <skipped></skipped>
      </testcase>
      <testcase name="[sig-storage] CSI Volumes [Driver: csi-hostpath] [Testpattern: Pre-provisioned PV (default fs)] subPath should support existing directories when readOnly specified in the volumeSource" classname="Kubernetes e2e suite" time="0">
          <skipped></skipped>
      </testcase>
      <testcase name="[sig-storage] In-tree Volumes [Driver: iscsi][Feature:Volumes] [Testpattern: Inline-volume (default fs)] volumeIO should write files of various sizes, verify size, validate content [Slow]" classname="Kubernetes e2e suite" time="0">
          <skipped></skipped>
      </testcase>
      <testcase name="[sig-storage] In-tree Volumes [Driver: local][LocalVolumeType: gce-localssd-scsi-fs] [Serial] [Testpattern: Dynamic PV (default fs)] volumes should be mountable" classname="Kubernetes e2e suite" time="0">
          <skipped></skipped>
      </testcase>
      <testcase name="[sig-storage] CSI Volumes [Driver: csi-hostpath-v0] [Testpattern: Dynamic PV (default fs)] provisioning should provision storage with mount options" classname="Kubernetes e2e suite" time="0">
          <skipped></skipped>
      </testcase>
      <testcase name="[sig-storage] In-tree Volumes [Driver: aws] [Testpattern: Inline-volume (default fs)] subPath should support file as subpath" classname="Kubernetes e2e suite" time="0">
          <skipped></skipped>
      </testcase>
      <testcase name="[sig-storage] In-tree Volumes [Driver: local][LocalVolumeType: blockfs] [Testpattern: Pre-provisioned PV (block volmode)] volumeMode should fail to create pod by failing to mount volume" classname="Kubernetes e2e suite" time="0">
          <skipped></skipped>
      </testcase>
      <testcase name="[sig-apps] Network Partition [Disruptive] [Slow] [k8s.io] [ReplicationController] should recreate pods scheduled on the unreachable node AND allow scheduling of pods on a node after it rejoins the cluster" classname="Kubernetes e2e suite" time="0">
          <skipped></skipped>
      </testcase>
      <testcase name="[k8s.io] [sig-node] kubelet [k8s.io] [sig-node] Clean up pods on node kubelet should be able to delete 10 pods per node in 1m0s." classname="Kubernetes e2e suite" time="0">
          <skipped></skipped>
      </testcase>
      <testcase name="[sig-storage] Mounted flexvolume volume expand [Slow] [Feature:ExpandInUsePersistentVolumes] should be resizable when mounted" classname="Kubernetes e2e suite" time="0">
          <skipped></skipped>
      </testcase>
      <testcase name="[sig-storage] In-tree Volumes [Driver: local][LocalVolumeType: tmpfs] [Testpattern: Pre-provisioned PV (ntfs)][sig-windows] volumes should allow exec of files on the volume" classname="Kubernetes e2e suite" time="0.001618167">
          <skipped></skipped>
      </testcase>
      <testcase name="[sig-storage] In-tree Volumes [Driver: azure] [Testpattern: Dynamic PV (block volmode)] volumeMode should create sc, pod, pv, and pvc, read/write to the pv, and delete all created resources" classname="Kubernetes e2e suite" time="0">
          <skipped></skipped>
      </testcase>
      <testcase name="[sig-storage] In-tree Volumes [Driver: gcepd] [Testpattern: Dynamic PV (filesystem volmode)] volumeMode should create sc, pod, pv, and pvc, read/write to the pv, and delete all created resources" classname="Kubernetes e2e suite" time="0">
          <skipped></skipped>
      </testcase>
      <testcase name="[sig-storage] In-tree Volumes [Driver: local][LocalVolumeType: block] [Testpattern: Dynamic PV (ntfs)][sig-windows] provisioning should provision storage with mount options" classname="Kubernetes e2e suite" time="0.00163102">
          <skipped></skipped>
      </testcase>
      <testcase name="[sig-storage] In-tree Volumes [Driver: local][LocalVolumeType: dir-bindmounted] [Testpattern: Pre-provisioned PV (xfs)] volumes should be mountable" classname="Kubernetes e2e suite" time="0">
          <skipped></skipped>
      </testcase>
      <testcase name="[sig-storage] CSI Volumes [Driver: pd.csi.storage.gke.io][Feature: gcePD-external] [Testpattern: Dynamic PV (default fs)] subPath should support non-existent path" classname="Kubernetes e2e suite" time="0">
          <skipped></skipped>
      </testcase>
      <testcase name="[sig-storage] In-tree Volumes [Driver: cinder] [Testpattern: Inline-volume (default fs)] subPath should unmount if pod is force deleted while kubelet is down [Disruptive][Slow]" classname="Kubernetes e2e suite" time="0">
          <skipped></skipped>
      </testcase>
      <testcase name="[sig-storage] In-tree Volumes [Driver: rbd][Feature:Volumes] [Testpattern: Inline-volume (default fs)] volumes should allow exec of files on the volume" classname="Kubernetes e2e suite" time="0">
          <skipped></skipped>
      </testcase>
      <testcase name="[sig-storage] In-tree Volumes [Driver: local][LocalVolumeType: block] [Testpattern: Dynamic PV (default fs)] subPath should support non-existent path" classname="Kubernetes e2e suite" time="0">
          <skipped></skipped>
      </testcase>
      <testcase name="[sig-storage] In-tree Volumes [Driver: local][LocalVolumeType: dir] [Testpattern: Dynamic PV (ntfs)][sig-windows] provisioning should provision storage with mount options" classname="Kubernetes e2e suite" time="0.001624772">
          <skipped></skipped>
      </testcase>
      <testcase name="[sig-storage] In-tree Volumes [Driver: nfs] [Testpattern: Pre-provisioned PV (default fs)] subPath should support readOnly directory specified in the volumeMount" classname="Kubernetes e2e suite" time="0">
          <skipped></skipped>
      </testcase>
      <testcase name="[sig-storage] Dynamic Provisioning DynamicProvisioner delayed binding [Slow] should create persistent volumes in the same zone as node after a pod mounting the claims is started" classname="Kubernetes e2e suite" time="0">
          <skipped></skipped>
      </testcase>
      <testcase name="[k8s.io] Probing container with readiness probe should not be ready before initial delay and never restart [NodeConformance] [Conformance]" classname="Kubernetes e2e suite" time="48.162770693"></testcase>
      <testcase name="[sig-storage] In-tree Volumes [Driver: aws] [Testpattern: Inline-volume (default fs)] subPath should fail if subpath with backstepping is outside the volume [Slow]" classname="Kubernetes e2e suite" time="0">
          <skipped></skipped>
      </testcase>
      <testcase name="[sig-storage] In-tree Volumes [Driver: iscsi][Feature:Volumes] [Testpattern: Dynamic PV (xfs)] volumes should allow exec of files on the volume" classname="Kubernetes e2e suite" time="0">
          <skipped></skipped>
      </testcase>
      <testcase name="[sig-storage] CSI Volumes [Driver: pd.csi.storage.gke.io][Serial] [Testpattern: Dynamic PV (default fs)] volumes should allow exec of files on the volume" classname="Kubernetes e2e suite" time="0">
          <skipped></skipped>
      </testcase>
      <testcase name="[sig-storage] CSI Volumes [Driver: pd.csi.storage.gke.io][Feature: gcePD-external] [Testpattern: Pre-provisioned PV (ntfs)][sig-windows] volumes should allow exec of files on the volume" classname="Kubernetes e2e suite" time="0">
          <skipped></skipped>
      </testcase>
      <testcase name="[sig-storage] In-tree Volumes [Driver: vSphere] [Testpattern: Inline-volume (default fs)] subPath should verify container cannot write to subpath readonly volumes" classname="Kubernetes e2e suite" time="0">
          <skipped></skipped>
      </testcase>
      <testcase name="[sig-storage] In-tree Volumes [Driver: local][LocalVolumeType: blockfs] [Testpattern: Inline-volume (default fs)] subPath should verify container cannot write to subpath readonly volumes" classname="Kubernetes e2e suite" time="0">
          <skipped></skipped>
      </testcase>
      <testcase name="[sig-storage] In-tree Volumes [Driver: hostPathSymlink] [Testpattern: Pre-provisioned PV (default fs)] subPath should unmount if pod is gracefully deleted while kubelet is down [Disruptive][Slow]" classname="Kubernetes e2e suite" time="0">
          <skipped></skipped>
      </testcase>
      <testcase name="[sig-storage] CSI Volumes [Driver: csi-hostpath-v0] [Testpattern: Dynamic PV (ntfs)][sig-windows] provisioning should provision storage with mount options" classname="Kubernetes e2e suite" time="0.001705313">
          <skipped></skipped>
      </testcase>
      <testcase name="[sig-storage] In-tree Volumes [Driver: local][LocalVolumeType: blockfs] [Testpattern: Pre-provisioned PV (default fs)] subPath should be able to unmount after the subpath directory is deleted" classname="Kubernetes e2e suite" time="0">
          <skipped></skipped>
      </testcase>
      <testcase name="[k8s.io] Security Context When creating a pod with privileged should run the container as unprivileged when false [LinuxOnly] [NodeConformance]" classname="Kubernetes e2e suite" time="0">
          <skipped></skipped>
      </testcase>
      <testcase name="[sig-storage] In-tree Volumes [Driver: iscsi][Feature:Volumes] [Testpattern: Dynamic PV (ext4)] volumes should allow exec of files on the volume" classname="Kubernetes e2e suite" time="0">
          <skipped></skipped>
      </testcase>
      <testcase name="[sig-storage] In-tree Volumes [Driver: local][LocalVolumeType: tmpfs] [Testpattern: Inline-volume (ntfs)][sig-windows] volumes should allow exec of files on the volume" classname="Kubernetes e2e suite" time="0.001741259">
          <skipped></skipped>
      </testcase>
      <testcase name="[sig-auth] Advanced Audit [DisabledForLargeClusters] should audit API calls to get a pod with unauthorized user." classname="Kubernetes e2e suite" time="0">
          <skipped></skipped>
      </testcase>
      <testcase name="[sig-storage] Downward API volume should provide podname as non-root with fsgroup [NodeFeature:FSGroup]" classname="Kubernetes e2e suite" time="0">
          <skipped></skipped>
      </testcase>
      <testcase name="[sig-storage] CSI Volumes [Driver: pd.csi.storage.gke.io][Serial] [Testpattern: Dynamic PV (ext3)] volumes should allow exec of files on the volume" classname="Kubernetes e2e suite" time="0">
          <skipped></skipped>
      </testcase>
      <testcase name="[sig-storage] In-tree Volumes [Driver: local][LocalVolumeType: block] [Testpattern: Pre-provisioned PV (ext4)] volumes should allow exec of files on the volume" classname="Kubernetes e2e suite" time="0">
          <skipped></skipped>
      </testcase>
      <testcase name="[sig-network] Loadbalancing: L7 GCE [Slow] [Feature:Ingress] should be able to switch between HTTPS and HTTP2 modes" classname="Kubernetes e2e suite" time="0">
          <skipped></skipped>
      </testcase>
      <testcase name="[sig-storage] EmptyDir volumes when FSGroup is specified [NodeFeature:FSGroup] volume on tmpfs should have the correct mode using FSGroup" classname="Kubernetes e2e suite" time="0">
          <skipped></skipped>
      </testcase>
      <testcase name="[sig-storage] In-tree Volumes [Driver: aws] [Testpattern: Pre-provisioned PV (default fs)] subPath should support restarting containers using directory as subpath [Slow]" classname="Kubernetes e2e suite" time="0">
          <skipped></skipped>
      </testcase>
      <testcase name="[sig-storage] CSI Volumes [Driver: csi-hostpath-v0] [Testpattern: Dynamic PV (default fs)] provisioning should provision storage with snapshot data source [Feature:VolumeSnapshotDataSource]" classname="Kubernetes e2e suite" time="0">
          <skipped></skipped>
      </testcase>
      <testcase name="[sig-autoscaling] Cluster size autoscaling [Slow] Should scale down GPU pool from 1 [GpuType:] [Feature:ClusterSizeAutoscalingGpu]" classname="Kubernetes e2e suite" time="0">
          <skipped></skipped>
      </testcase>
      <testcase name="[sig-cluster-lifecycle] Restart [Disruptive] should restart all nodes and ensure all nodes and pods recover" classname="Kubernetes e2e suite" time="0">
          <skipped></skipped>
      </testcase>
      <testcase name="[sig-storage] In-tree Volumes [Driver: emptydir] [Testpattern: Dynamic PV (ntfs)][sig-windows] provisioning should access volume from different nodes" classname="Kubernetes e2e suite" time="0.001679078">
          <skipped></skipped>
      </testcase>
      <testcase name="[sig-storage] Volume Attach Verify [Feature:vsphere][Serial][Disruptive] verify volume remains attached after master kubelet restart" classname="Kubernetes e2e suite" time="0">
          <skipped></skipped>
      </testcase>
      <testcase name="[sig-storage] CSI Volumes [Driver: csi-hostpath] [Testpattern: Inline-volume (ext4)] volumes should be mountable" classname="Kubernetes e2e suite" time="0">
          <skipped></skipped>
      </testcase>
      <testcase name="[sig-storage] In-tree Volumes [Driver: local][LocalVolumeType: tmpfs] [Testpattern: Dynamic PV (default fs)] subPath should support existing directories when readOnly specified in the volumeSource" classname="Kubernetes e2e suite" time="0">
          <skipped></skipped>
      </testcase>
      <testcase name="[sig-storage] In-tree Volumes [Driver: local][LocalVolumeType: dir] [Testpattern: Pre-provisioned PV (default fs)] subPath should fail if subpath with backstepping is outside the volume [Slow]" classname="Kubernetes e2e suite" time="0">
          <skipped></skipped>
      </testcase>
      <testcase name="[sig-storage] In-tree Volumes [Driver: iscsi][Feature:Volumes] [Testpattern: Inline-volume (default fs)] subPath should unmount if pod is gracefully deleted while kubelet is down [Disruptive][Slow]" classname="Kubernetes e2e suite" time="0">
          <skipped></skipped>
      </testcase>
      <testcase name="[sig-storage] CSI mock volume CSI volume limit information using mock driver should report attach limit when limit is bigger than 0" classname="Kubernetes e2e suite" time="0">
          <skipped></skipped>
      </testcase>
      <testcase name="[sig-storage] CSI Volumes [Driver: pd.csi.storage.gke.io][Feature: gcePD-external] [Testpattern: Dynamic PV (default fs)] subPath should unmount if pod is gracefully deleted while kubelet is down [Disruptive][Slow]" classname="Kubernetes e2e suite" time="0">
          <skipped></skipped>
      </testcase>
      <testcase name="[sig-storage] In-tree Volumes [Driver: local][LocalVolumeType: tmpfs] [Testpattern: Inline-volume (default fs)] subPath should support non-existent path" classname="Kubernetes e2e suite" time="0">
          <skipped></skipped>
      </testcase>
      <testcase name="[sig-storage] CSI Volumes [Driver: pd.csi.storage.gke.io][Feature: gcePD-external] [Testpattern: Inline-volume (default fs)] subPath should support readOnly directory specified in the volumeMount" classname="Kubernetes e2e suite" time="0">
          <skipped></skipped>
      </testcase>
      <testcase name="[sig-storage] In-tree Volumes [Driver: gcepd] [Testpattern: Dynamic PV (default fs)] subPath should fail if subpath with backstepping is outside the volume [Slow]" classname="Kubernetes e2e suite" time="0">
          <skipped></skipped>
      </testcase>
      <testcase name="[sig-storage] In-tree Volumes [Driver: vSphere] [Testpattern: Pre-provisioned PV (default fs)] subPath should support restarting containers using file as subpath [Slow]" classname="Kubernetes e2e suite" time="0">
          <skipped></skipped>
      </testcase>
      <testcase name="[sig-storage] CSI Volumes [Driver: pd.csi.storage.gke.io][Feature: gcePD-external] [Testpattern: Inline-volume (default fs)] subPath should support existing single file" classname="Kubernetes e2e suite" time="0">
          <skipped></skipped>
      </testcase>
      <testcase name="[sig-storage] In-tree Volumes [Driver: local][LocalVolumeType: blockfs] [Testpattern: Pre-provisioned PV (default fs)] subPath should support creating multiple subpath from same volumes [Slow]" classname="Kubernetes e2e suite" time="0">
          <skipped></skipped>
      </testcase>
      <testcase name="[sig-storage] CSI Volumes [Driver: pd.csi.storage.gke.io][Serial] [Testpattern: Pre-provisioned PV (default fs)] volumes should be mountable" classname="Kubernetes e2e suite" time="0">
          <skipped></skipped>
      </testcase>
      <testcase name="[sig-storage] In-tree Volumes [Driver: local][LocalVolumeType: blockfs] [Testpattern: Dynamic PV (xfs)] volumes should be mountable" classname="Kubernetes e2e suite" time="0">
          <skipped></skipped>
      </testcase>
      <testcase name="[sig-storage] In-tree Volumes [Driver: local][LocalVolumeType: dir-link] [Testpattern: Pre-provisioned PV (ext3)] volumes should be mountable" classname="Kubernetes e2e suite" time="0">
          <skipped></skipped>
      </testcase>
      <testcase name="[sig-storage] In-tree Volumes [Driver: local][LocalVolumeType: dir-link-bindmounted] [Testpattern: Inline-volume (default fs)] subPath should support restarting containers using directory as subpath [Slow]" classname="Kubernetes e2e suite" time="0">
          <skipped></skipped>
      </testcase>
      <testcase name="[sig-storage] In-tree Volumes [Driver: local][LocalVolumeType: gce-localssd-scsi-fs] [Serial] [Testpattern: Dynamic PV (default fs)] subPath should fail if subpath directory is outside the volume [Slow]" classname="Kubernetes e2e suite" time="0">
          <skipped></skipped>
      </testcase>
      <testcase name="[sig-api-machinery] CustomResourcePublishOpenAPI [Feature:CustomResourcePublishOpenAPI] works for multiple CRDs of same group and version but different kinds" classname="Kubernetes e2e suite" time="0">
          <skipped></skipped>
      </testcase>
      <testcase name="[sig-storage] In-tree Volumes [Driver: gcepd] [Testpattern: Dynamic PV (default fs)] volumeIO should write files of various sizes, verify size, validate content [Slow]" classname="Kubernetes e2e suite" time="0">
          <skipped></skipped>
      </testcase>
      <testcase name="[sig-storage] In-tree Volumes [Driver: emptydir] [Testpattern: Inline-volume (default fs)] subPath should be able to unmount after the subpath directory is deleted" classname="Kubernetes e2e suite" time="0">
          <skipped></skipped>
      </testcase>
      <testcase name="[sig-storage] In-tree Volumes [Driver: gluster] [Testpattern: Inline-volume (xfs)] volumes should allow exec of files on the volume" classname="Kubernetes e2e suite" time="0">
          <skipped></skipped>
      </testcase>
      <testcase name="[sig-storage] In-tree Volumes [Driver: gcepd] [Testpattern: Dynamic PV (ntfs)][sig-windows] volumes should allow exec of files on the volume" classname="Kubernetes e2e suite" time="65.697528071"></testcase>
      <testcase name="[sig-storage] In-tree Volumes [Driver: local][LocalVolumeType: dir-bindmounted] [Testpattern: Dynamic PV (default fs)] provisioning should provision storage with mount options" classname="Kubernetes e2e suite" time="0">
          <skipped></skipped>
      </testcase>
      <testcase name="[sig-ui] Kubernetes Dashboard should check that the kubernetes-dashboard instance is alive" classname="Kubernetes e2e suite" time="0">
          <skipped></skipped>
      </testcase>
      <testcase name="[sig-storage] In-tree Volumes [Driver: ceph][Feature:Volumes] [Testpattern: Pre-provisioned PV (ntfs)][sig-windows] volumes should allow exec of files on the volume" classname="Kubernetes e2e suite" time="0">
          <skipped></skipped>
      </testcase>
      <testcase name="[sig-storage] In-tree Volumes [Driver: local][LocalVolumeType: block] [Testpattern: Pre-provisioned PV (default fs)] subPath should fail if subpath with backstepping is outside the volume [Slow]" classname="Kubernetes e2e suite" time="0">
          <skipped></skipped>
      </testcase>
      <testcase name="[sig-scalability] Density [Feature:ManualPerformance] should allow starting 30 pods per node using Job.batch with 0 secrets, 0 configmaps, 0 token projections, and 0 daemons" classname="Kubernetes e2e suite" time="0">
          <skipped></skipped>
      </testcase>
      <testcase name="[k8s.io] Sysctls [NodeFeature:Sysctls] should support sysctls" classname="Kubernetes e2e suite" time="0">
          <skipped></skipped>
      </testcase>
      <testcase name="[sig-storage] In-tree Volumes [Driver: hostPath] [Testpattern: Inline-volume (default fs)] subPath should support readOnly directory specified in the volumeMount" classname="Kubernetes e2e suite" time="0">
          <skipped></skipped>
      </testcase>
      <testcase name="[sig-network] Networking Granular Checks: Pods should function for intra-pod communication: udp [LinuxOnly] [NodeConformance] [Conformance]" classname="Kubernetes e2e suite" time="0">
          <skipped></skipped>
      </testcase>
      <testcase name="[sig-storage] In-tree Volumes [Driver: gcepd] [Testpattern: Inline-volume (default fs)] subPath should verify container cannot write to subpath readonly volumes" classname="Kubernetes e2e suite" time="0">
          <skipped></skipped>
      </testcase>
      <testcase name="[sig-storage] Projected configMap should be consumable in multiple volumes in the same pod [NodeConformance] [Conformance]" classname="Kubernetes e2e suite" time="16.468002508"></testcase>
      <testcase name="[sig-instrumentation] Stackdriver Monitoring should run Custom Metrics - Stackdriver Adapter for new resource model [Feature:StackdriverCustomMetrics]" classname="Kubernetes e2e suite" time="0">
          <skipped></skipped>
      </testcase>
      <testcase name="[sig-storage] In-tree Volumes [Driver: hostPath] [Testpattern: Pre-provisioned PV (ext3)] volumes should allow exec of files on the volume" classname="Kubernetes e2e suite" time="0">
          <skipped></skipped>
      </testcase>
      <testcase name="[sig-scalability] Density [Feature:ManualPerformance] should allow starting 30 pods per node using Deployment.extensions with 2 secrets, 0 configmaps, 0 token projections, and 0 daemons" classname="Kubernetes e2e suite" time="0">
          <skipped></skipped>
      </testcase>
      <testcase name="[sig-storage] In-tree Volumes [Driver: gcepd] [Testpattern: Inline-volume (default fs)] subPath should support existing directory" classname="Kubernetes e2e suite" time="0">
          <skipped></skipped>
      </testcase>
      <testcase name="[sig-storage] CSI Volumes [Driver: pd.csi.storage.gke.io][Feature: gcePD-external] [Testpattern: Dynamic PV (default fs)] provisioning should allow concurrent writes on the same node" classname="Kubernetes e2e suite" time="0">
          <skipped></skipped>
      </testcase>
      <testcase name="[sig-storage] In-tree Volumes [Driver: azure] [Testpattern: Pre-provisioned PV (default fs)] subPath should support creating multiple subpath from same volumes [Slow]" classname="Kubernetes e2e suite" time="0">
          <skipped></skipped>
      </testcase>
      <testcase name="[sig-api-machinery] Garbage collector should not delete dependents that have both valid owner and owner that&#39;s waiting for dependents to be deleted [Conformance]" classname="Kubernetes e2e suite" time="18.781210907"></testcase>
      <testcase name="[sig-storage] In-tree Volumes [Driver: local][LocalVolumeType: block] [Testpattern: Inline-volume (ntfs)][sig-windows] volumes should be mountable" classname="Kubernetes e2e suite" time="0.001853524">
          <skipped></skipped>
      </testcase>
      <testcase name="[sig-storage] In-tree Volumes [Driver: hostPathSymlink] [Testpattern: Pre-provisioned PV (ext4)] volumes should allow exec of files on the volume" classname="Kubernetes e2e suite" time="0">
          <skipped></skipped>
      </testcase>
      <testcase name="[sig-storage] In-tree Volumes [Driver: local][LocalVolumeType: block] [Testpattern: Dynamic PV (default fs)] subPath should support existing single file" classname="Kubernetes e2e suite" time="0">
          <skipped></skipped>
      </testcase>
      <testcase name="[sig-autoscaling] [HPA] Horizontal pod autoscaling (scale resource: CPU) [sig-autoscaling] [Serial] [Slow] Deployment Should scale from 1 pod to 3 pods and from 3 to 5" classname="Kubernetes e2e suite" time="0">
          <skipped></skipped>
      </testcase>
      <testcase name="[sig-storage] CSI Volumes [Driver: csi-hostpath-v0] [Testpattern: Dynamic PV (default fs)] subPath should be able to unmount after the subpath directory is deleted" classname="Kubernetes e2e suite" time="0">
          <skipped></skipped>
      </testcase>
      <testcase name="[sig-api-machinery] ResourceQuota should verify ResourceQuota with terminating scopes." classname="Kubernetes e2e suite" time="0">
          <skipped></skipped>
      </testcase>
      <testcase name="[sig-storage] In-tree Volumes [Driver: emptydir] [Testpattern: Inline-volume (ext4)] volumes should allow exec of files on the volume" classname="Kubernetes e2e suite" time="0">
          <skipped></skipped>
      </testcase>
      <testcase name="[sig-storage] In-tree Volumes [Driver: rbd][Feature:Volumes] [Testpattern: Inline-volume (ntfs)][sig-windows] volumes should allow exec of files on the volume" classname="Kubernetes e2e suite" time="0">
          <skipped></skipped>
      </testcase>
      <testcase name="[sig-storage] In-tree Volumes [Driver: local][LocalVolumeType: dir-link-bindmounted] [Testpattern: Dynamic PV (default fs)] subPath should support creating multiple subpath from same volumes [Slow]" classname="Kubernetes e2e suite" time="0">
          <skipped></skipped>
      </testcase>
      <testcase name="[sig-storage] In-tree Volumes [Driver: hostPathSymlink] [Testpattern: Pre-provisioned PV (default fs)] subPath should support non-existent path" classname="Kubernetes e2e suite" time="0">
          <skipped></skipped>
      </testcase>
      <testcase name="[sig-cli] Kubectl client [k8s.io] Proxy server should support proxy with --port 0  [Conformance]" classname="Kubernetes e2e suite" time="8.176274275"></testcase>
      <testcase name="[sig-storage] In-tree Volumes [Driver: hostPath] [Testpattern: Dynamic PV (default fs)] volumeIO should write files of various sizes, verify size, validate content [Slow]" classname="Kubernetes e2e suite" time="0">
          <skipped></skipped>
      </testcase>
      <testcase name="[sig-storage] In-tree Volumes [Driver: local][LocalVolumeType: blockfs] [Testpattern: Inline-volume (ext4)] volumes should be mountable" classname="Kubernetes e2e suite" time="0">
          <skipped></skipped>
      </testcase>
      <testcase name="[k8s.io] [sig-node] Events should be sent by kubelets and the scheduler about pods scheduling and running  [Conformance]" classname="Kubernetes e2e suite" time="22.308721114"></testcase>
      <testcase name="[sig-storage] Volume Disk Format [Feature:vsphere] verify disk format type - zeroedthick is honored for dynamically provisioned pv using storageclass" classname="Kubernetes e2e suite" time="0">
          <skipped></skipped>
      </testcase>
      <testcase name="[sig-storage] Secrets should be consumable from pods in volume with defaultMode set [LinuxOnly] [NodeConformance] [Conformance]" classname="Kubernetes e2e suite" time="0">
          <skipped></skipped>
      </testcase>
      <testcase name="[sig-storage] In-tree Volumes [Driver: emptydir] [Testpattern: Pre-provisioned PV (default fs)] subPath should fail if non-existent subpath is outside the volume [Slow]" classname="Kubernetes e2e suite" time="0">
          <skipped></skipped>
      </testcase>
      <testcase name="[sig-storage] Projected downwardAPI should provide podname as non-root with fsgroup and defaultMode [NodeFeature:FSGroup]" classname="Kubernetes e2e suite" time="0">
          <skipped></skipped>
      </testcase>
      <testcase name="[sig-storage] PersistentVolumes [Feature:ReclaimPolicy] [sig-storage] persistentvolumereclaim:vsphere should delete persistent volume when reclaimPolicy set to delete and associated claim is deleted" classname="Kubernetes e2e suite" time="0">
          <skipped></skipped>
      </testcase>
      <testcase name="[sig-storage] In-tree Volumes [Driver: local][LocalVolumeType: dir-link-bindmounted] [Testpattern: Pre-provisioned PV (default fs)] volumes should allow exec of files on the volume" classname="Kubernetes e2e suite" time="0">
          <skipped></skipped>
      </testcase>
      <testcase name="[sig-storage] In-tree Volumes [Driver: rbd][Feature:Volumes] [Testpattern: Dynamic PV (default fs)] subPath should verify container cannot write to subpath readonly volumes" classname="Kubernetes e2e suite" time="0">
          <skipped></skipped>
      </testcase>
      <testcase name="[sig-storage] In-tree Volumes [Driver: nfs] [Testpattern: Pre-provisioned PV (ext3)] volumes should allow exec of files on the volume" classname="Kubernetes e2e suite" time="0">
          <skipped></skipped>
      </testcase>
      <testcase name="[sig-storage] PersistentVolumes GCEPD should test that deleting a PVC before the pod does not cause pod deletion to fail on PD detach" classname="Kubernetes e2e suite" time="0">
          <skipped></skipped>
      </testcase>
      <testcase name="[sig-storage] In-tree Volumes [Driver: local][LocalVolumeType: dir-bindmounted] [Testpattern: Dynamic PV (default fs)] subPath should support readOnly file specified in the volumeMount" classname="Kubernetes e2e suite" time="0">
          <skipped></skipped>
      </testcase>
      <testcase name="[sig-storage] In-tree Volumes [Driver: nfs] [Testpattern: Dynamic PV (default fs)] subPath should unmount if pod is gracefully deleted while kubelet is down [Disruptive][Slow]" classname="Kubernetes e2e suite" time="0">
          <skipped></skipped>
      </testcase>
      <testcase name="[sig-storage] CSI Volumes [Driver: csi-hostpath-v0] [Testpattern: Dynamic Snapshot] snapshottable should create snapshot with defaults [Feature:VolumeSnapshotDataSource]" classname="Kubernetes e2e suite" time="0">
          <skipped></skipped>
      </testcase>
      <testcase name="[sig-storage] In-tree Volumes [Driver: aws] [Testpattern: Dynamic PV (default fs)] subPath should fail if non-existent subpath is outside the volume [Slow]" classname="Kubernetes e2e suite" time="0">
          <skipped></skipped>
      </testcase>
      <testcase name="[sig-storage] PersistentVolumes GCEPD should test that deleting the PV before the pod does not cause pod deletion to fail on PD detach" classname="Kubernetes e2e suite" time="0">
          <skipped></skipped>
      </testcase>
      <testcase name="[sig-storage] In-tree Volumes [Driver: cinder] [Testpattern: Pre-provisioned PV (default fs)] subPath should support existing directory" classname="Kubernetes e2e suite" time="0">
          <skipped></skipped>
      </testcase>
      <testcase name="[sig-storage] PersistentVolumes-local  [Volume type: block] Set fsGroup for local volume should set fsGroup for one pod" classname="Kubernetes e2e suite" time="0">
          <skipped></skipped>
      </testcase>
      <testcase name="[sig-storage] In-tree Volumes [Driver: iscsi][Feature:Volumes] [Testpattern: Inline-volume (default fs)] subPath should support creating multiple subpath from same volumes [Slow]" classname="Kubernetes e2e suite" time="0">
          <skipped></skipped>
      </testcase>
      <testcase name="[sig-storage] In-tree Volumes [Driver: vSphere] [Testpattern: Inline-volume (default fs)] subPath should be able to unmount after the subpath directory is deleted" classname="Kubernetes e2e suite" time="0">
          <skipped></skipped>
      </testcase>
      <testcase name="[sig-storage] EmptyDir volumes volume on tmpfs should have the correct mode [LinuxOnly] [NodeConformance] [Conformance]" classname="Kubernetes e2e suite" time="0">
          <skipped></skipped>
      </testcase>
      <testcase name="[sig-network] Services [Feature:GCEAlphaFeature][Slow] should be able to create and tear down a standard-tier load balancer [Slow]" classname="Kubernetes e2e suite" time="0">
          <skipped></skipped>
      </testcase>
      <testcase name="[sig-storage] PersistentVolumes-local  StatefulSet with pod affinity [Slow] should use volumes spread across nodes when pod management is parallel and pod has anti-affinity" classname="Kubernetes e2e suite" time="0">
          <skipped></skipped>
      </testcase>
      <testcase name="[sig-storage] In-tree Volumes [Driver: nfs] [Testpattern: Dynamic PV (ntfs)][sig-windows] provisioning should allow concurrent writes on the same node" classname="Kubernetes e2e suite" time="0.001705865">
          <skipped></skipped>
      </testcase>
      <testcase name="[sig-storage] CSI Volumes [Driver: pd.csi.storage.gke.io][Serial] [Testpattern: Pre-provisioned PV (default fs)] subPath should fail if subpath file is outside the volume [Slow]" classname="Kubernetes e2e suite" time="0">
          <skipped></skipped>
      </testcase>
      <testcase name="[sig-storage] In-tree Volumes [Driver: vSphere] [Testpattern: Dynamic PV (ntfs)][sig-windows] provisioning should provision storage with mount options" classname="Kubernetes e2e suite" time="0.001713934">
          <skipped></skipped>
      </testcase>
      <testcase name="[sig-storage] In-tree Volumes [Driver: local][LocalVolumeType: gce-localssd-scsi-fs] [Serial] [Testpattern: Inline-volume (default fs)] subPath should fail if subpath file is outside the volume [Slow]" classname="Kubernetes e2e suite" time="0">
          <skipped></skipped>
      </testcase>
      <testcase name="[sig-storage] In-tree Volumes [Driver: cinder] [Testpattern: Inline-volume (default fs)] volumeIO should write files of various sizes, verify size, validate content [Slow]" classname="Kubernetes e2e suite" time="0">
          <skipped></skipped>
      </testcase>
      <testcase name="[sig-storage] PersistentVolumes-local  [Volume type: dir] One pod requesting one prebound PVC should be able to mount volume and read from pod1" classname="Kubernetes e2e suite" time="0">
          <skipped></skipped>
      </testcase>
      <testcase name="[sig-storage] In-tree Volumes [Driver: azure] [Testpattern: Dynamic PV (default fs)] provisioning should provision storage with mount options" classname="Kubernetes e2e suite" time="0">
          <skipped></skipped>
      </testcase>
      <testcase name="[sig-storage] In-tree Volumes [Driver: local][LocalVolumeType: dir-bindmounted] [Testpattern: Dynamic PV (default fs)] subPath should verify container cannot write to subpath readonly volumes" classname="Kubernetes e2e suite" time="0">
          <skipped></skipped>
      </testcase>
      <testcase name="[sig-storage] In-tree Volumes [Driver: nfs] [Testpattern: Pre-provisioned PV (default fs)] subPath should support file as subpath" classname="Kubernetes e2e suite" time="0">
          <skipped></skipped>
      </testcase>
      <testcase name="[sig-storage] In-tree Volumes [Driver: nfs] [Testpattern: Inline-volume (ext3)] volumes should be mountable" classname="Kubernetes e2e suite" time="0">
          <skipped></skipped>
      </testcase>
      <testcase name="[sig-storage] Detaching volumes should not work when mount is in progress" classname="Kubernetes e2e suite" time="0">
          <skipped></skipped>
      </testcase>
      <testcase name="[sig-storage] In-tree Volumes [Driver: hostPath] [Testpattern: Dynamic PV (default fs)] subPath should support existing directory" classname="Kubernetes e2e suite" time="0">
          <skipped></skipped>
      </testcase>
      <testcase name="[sig-storage] CSI Volumes [Driver: pd.csi.storage.gke.io][Serial] [Testpattern: Dynamic PV (default fs)] subPath should support restarting containers using directory as subpath [Slow]" classname="Kubernetes e2e suite" time="0">
          <skipped></skipped>
      </testcase>
      <testcase name="[sig-api-machinery] Garbage collector should support cascading deletion of custom resources" classname="Kubernetes e2e suite" time="0">
          <skipped></skipped>
      </testcase>
      <testcase name="[sig-scheduling] SchedulerPredicates [Serial] validates that NodeSelector is respected if matching  [Conformance]" classname="Kubernetes e2e suite" time="0">
          <skipped></skipped>
      </testcase>
      <testcase name="[sig-storage] PV Protection Verify &#34;immediate&#34; deletion of a PV that is not bound to a PVC" classname="Kubernetes e2e suite" time="0">
          <skipped></skipped>
      </testcase>
      <testcase name="[sig-api-machinery] Watchers should observe an object deletion if it stops meeting the requirements of the selector [Conformance]" classname="Kubernetes e2e suite" time="18.550108413"></testcase>
      <testcase name="[sig-storage] In-tree Volumes [Driver: hostPath] [Testpattern: Dynamic PV (default fs)] subPath should support readOnly file specified in the volumeMount" classname="Kubernetes e2e suite" time="0">
          <skipped></skipped>
      </testcase>
      <testcase name="[sig-network] ESIPP [Slow] [DisabledForLargeClusters] should handle updates to ExternalTrafficPolicy field" classname="Kubernetes e2e suite" time="0">
          <skipped></skipped>
      </testcase>
      <testcase name="[sig-storage] In-tree Volumes [Driver: hostPathSymlink] [Testpattern: Inline-volume (xfs)] volumes should allow exec of files on the volume" classname="Kubernetes e2e suite" time="0">
          <skipped></skipped>
      </testcase>
      <testcase name="[sig-cli] Kubectl client [k8s.io] Kubectl label should update the label on a resource  [Conformance]" classname="Kubernetes e2e suite" time="18.521845575"></testcase>
      <testcase name="[sig-storage] In-tree Volumes [Driver: rbd][Feature:Volumes] [Testpattern: Pre-provisioned PV (ext4)] volumes should allow exec of files on the volume" classname="Kubernetes e2e suite" time="0">
          <skipped></skipped>
      </testcase>
      <testcase name="[sig-storage] Storage Policy Based Volume Provisioning [Feature:vsphere] verify VSAN storage capability with invalid diskStripes value is not honored for dynamically provisioned pvc using storageclass" classname="Kubernetes e2e suite" time="0">
          <skipped></skipped>
      </testcase>
      <testcase name="[sig-storage] CSI Volumes [Driver: csi-hostpath] [Testpattern: Inline-volume (default fs)] subPath should fail if non-existent subpath is outside the volume [Slow]" classname="Kubernetes e2e suite" time="0">
          <skipped></skipped>
      </testcase>
      <testcase name="[sig-storage] In-tree Volumes [Driver: nfs] [Testpattern: Dynamic PV (default fs)] subPath should verify container cannot write to subpath readonly volumes" classname="Kubernetes e2e suite" time="0">
          <skipped></skipped>
      </testcase>
      <testcase name="[sig-storage] CSI Volumes [Driver: csi-hostpath] [Testpattern: Dynamic PV (ntfs)][sig-windows] provisioning should provision storage with mount options" classname="Kubernetes e2e suite" time="0.001956755">
          <skipped></skipped>
      </testcase>
      <testcase name="[sig-storage] CSI Volumes [Driver: csi-hostpath] [Testpattern: Pre-provisioned PV (default fs)] subPath should support restarting containers using file as subpath [Slow]" classname="Kubernetes e2e suite" time="0">
          <skipped></skipped>
      </testcase>
      <testcase name="[sig-node] ConfigMap should be consumable via environment variable [NodeConformance] [Conformance]" classname="Kubernetes e2e suite" time="16.452851072"></testcase>
      <testcase name="[sig-storage] In-tree Volumes [Driver: local][LocalVolumeType: block] [Testpattern: Dynamic PV (ext4)] volumes should allow exec of files on the volume" classname="Kubernetes e2e suite" time="0">
          <skipped></skipped>
      </testcase>
      <testcase name="[sig-storage] In-tree Volumes [Driver: gcepd] [Testpattern: Dynamic PV (default fs)] subPath should fail if subpath file is outside the volume [Slow]" classname="Kubernetes e2e suite" time="0">
          <skipped></skipped>
      </testcase>
      <testcase name="[sig-storage] In-tree Volumes [Driver: emptydir] [Testpattern: Dynamic PV (default fs)] provisioning should create and delete block persistent volumes" classname="Kubernetes e2e suite" time="0">
          <skipped></skipped>
      </testcase>
      <testcase name="[sig-storage] In-tree Volumes [Driver: local][LocalVolumeType: dir-link] [Testpattern: Pre-provisioned PV (default fs)] volumeIO should write files of various sizes, verify size, validate content [Slow]" classname="Kubernetes e2e suite" time="0">
          <skipped></skipped>
      </testcase>
      <testcase name="[sig-network] Loadbalancing: L7 GCE [Slow] [Feature:kubemci] should remove clusters as expected" classname="Kubernetes e2e suite" time="0">
          <skipped></skipped>
      </testcase>
      <testcase name="[sig-storage] In-tree Volumes [Driver: gcepd] [Testpattern: Inline-volume (xfs)] volumes should be mountable" classname="Kubernetes e2e suite" time="0">
          <skipped></skipped>
      </testcase>
      <testcase name="[sig-storage] In-tree Volumes [Driver: gluster] [Testpattern: Dynamic PV (filesystem volmode)] volumeMode should create sc, pod, pv, and pvc, read/write to the pv, and delete all created resources" classname="Kubernetes e2e suite" time="0">
          <skipped></skipped>
      </testcase>
      <testcase name="[sig-storage] Regional PD RegionalPD should provision storage in the allowedTopologies with delayed binding [Slow]" classname="Kubernetes e2e suite" time="0">
          <skipped></skipped>
      </testcase>
      <testcase name="[sig-storage] CSI Volumes [Driver: pd.csi.storage.gke.io][Feature: gcePD-external] [Testpattern: Dynamic PV (default fs)] subPath should verify container cannot write to subpath readonly volumes" classname="Kubernetes e2e suite" time="0">
          <skipped></skipped>
      </testcase>
      <testcase name="[sig-storage] In-tree Volumes [Driver: vSphere] [Testpattern: Inline-volume (default fs)] subPath should support readOnly file specified in the volumeMount" classname="Kubernetes e2e suite" time="0">
          <skipped></skipped>
      </testcase>
      <testcase name="[sig-scheduling] SchedulerPriorities [Serial] Pod should avoid nodes that have avoidPod annotation" classname="Kubernetes e2e suite" time="0">
          <skipped></skipped>
      </testcase>
      <testcase name="[sig-apps] CronJob should delete successful finished jobs with limit of one successful job" classname="Kubernetes e2e suite" time="0">
          <skipped></skipped>
      </testcase>
      <testcase name="[sig-apps] DaemonRestart [Disruptive] Controller Manager should not create/delete replicas across restart" classname="Kubernetes e2e suite" time="0">
          <skipped></skipped>
      </testcase>
      <testcase name="[sig-storage] CSI Volumes [Driver: pd.csi.storage.gke.io][Feature: gcePD-external] [Testpattern: Dynamic PV (ntfs)][sig-windows] provisioning should provision storage with defaults" classname="Kubernetes e2e suite" time="0">
          <skipped></skipped>
      </testcase>
      <testcase name="[sig-storage] In-tree Volumes [Driver: local][LocalVolumeType: dir-bindmounted] [Testpattern: Inline-volume (ntfs)][sig-windows] volumes should allow exec of files on the volume" classname="Kubernetes e2e suite" time="0.001191281">
          <skipped></skipped>
      </testcase>
      <testcase name="[sig-storage] In-tree Volumes [Driver: local][LocalVolumeType: gce-localssd-scsi-fs] [Serial] [Testpattern: Dynamic PV (block volmode)] volumeMode should fail in binding dynamic provisioned PV to PVC" classname="Kubernetes e2e suite" time="0">
          <skipped></skipped>
      </testcase>
      <testcase name="[sig-storage] In-tree Volumes [Driver: rbd][Feature:Volumes] [Testpattern: Inline-volume (default fs)] subPath should support readOnly file specified in the volumeMount" classname="Kubernetes e2e suite" time="0">
          <skipped></skipped>
      </testcase>
      <testcase name="[sig-network] Loadbalancing: L7 GCE [Slow] [Feature:NEG] should sync endpoints for both Ingress-referenced NEG and standalone NEG" classname="Kubernetes e2e suite" time="0">
          <skipped></skipped>
      </testcase>
      <testcase name="[sig-storage] In-tree Volumes [Driver: hostPath] [Testpattern: Pre-provisioned PV (ntfs)][sig-windows] volumes should be mountable" classname="Kubernetes e2e suite" time="0.001154443">
          <skipped></skipped>
      </testcase>
      <testcase name="[sig-storage] In-tree Volumes [Driver: iscsi][Feature:Volumes] [Testpattern: Pre-provisioned PV (default fs)] volumes should be mountable" classname="Kubernetes e2e suite" time="0">
          <skipped></skipped>
      </testcase>
      <testcase name="[sig-storage] In-tree Volumes [Driver: local][LocalVolumeType: block] [Testpattern: Inline-volume (default fs)] subPath should verify container cannot write to subpath readonly volumes" classname="Kubernetes e2e suite" time="0">
          <skipped></skipped>
      </testcase>
      <testcase name="[sig-storage] In-tree Volumes [Driver: vSphere] [Testpattern: Dynamic PV (default fs)] volumes should be mountable" classname="Kubernetes e2e suite" time="0">
          <skipped></skipped>
      </testcase>
      <testcase name="[sig-storage] In-tree Volumes [Driver: gluster] [Testpattern: Dynamic PV (default fs)] provisioning should provision storage with mount options" classname="Kubernetes e2e suite" time="0">
          <skipped></skipped>
      </testcase>
      <testcase name="[sig-storage] In-tree Volumes [Driver: gluster] [Testpattern: Dynamic PV (ntfs)][sig-windows] provisioning should access volume from different nodes" classname="Kubernetes e2e suite" time="0.001232621">
          <skipped></skipped>
      </testcase>
      <testcase name="[sig-storage] In-tree Volumes [Driver: cinder] [Testpattern: Pre-provisioned PV (default fs)] subPath should support restarting containers using directory as subpath [Slow]" classname="Kubernetes e2e suite" time="0">
          <skipped></skipped>
      </testcase>
      <testcase name="[sig-storage] In-tree Volumes [Driver: gcepd] [Testpattern: Pre-provisioned PV (default fs)] subPath should support existing single file" classname="Kubernetes e2e suite" time="0">
          <skipped></skipped>
      </testcase>
      <testcase name="[sig-node] ConfigMap should fail to create ConfigMap with empty key [Conformance]" classname="Kubernetes e2e suite" time="8.026757499"></testcase>
      <testcase name="[sig-storage] CSI Volumes [Driver: csi-hostpath] [Testpattern: Pre-provisioned PV (xfs)] volumes should allow exec of files on the volume" classname="Kubernetes e2e suite" time="0">
          <skipped></skipped>
      </testcase>
      <testcase name="[sig-storage] In-tree Volumes [Driver: local][LocalVolumeType: dir] [Testpattern: Dynamic PV (default fs)] subPath should unmount if pod is force deleted while kubelet is down [Disruptive][Slow]" classname="Kubernetes e2e suite" time="0">
          <skipped></skipped>
      </testcase>
      <testcase name="[sig-storage] In-tree Volumes [Driver: emptydir] [Testpattern: Pre-provisioned PV (ext3)] volumes should be mountable" classname="Kubernetes e2e suite" time="0">
          <skipped></skipped>
      </testcase>
      <testcase name="[sig-storage] CSI Volumes [Driver: csi-hostpath] [Testpattern: Dynamic PV (ntfs)][sig-windows] provisioning should provision storage with snapshot data source [Feature:VolumeSnapshotDataSource]" classname="Kubernetes e2e suite" time="0">
          <skipped></skipped>
      </testcase>
      <testcase name="[sig-cli] Kubectl client [k8s.io] Simple pod should support inline execution and attach" classname="Kubernetes e2e suite" time="0">
          <skipped></skipped>
      </testcase>
      <testcase name="[sig-storage] CSI Volumes [Driver: pd.csi.storage.gke.io][Feature: gcePD-external] [Testpattern: Dynamic PV (default fs)] subPath should support restarting containers using directory as subpath [Slow]" classname="Kubernetes e2e suite" time="0">
          <skipped></skipped>
      </testcase>
      <testcase name="[sig-storage] In-tree Volumes [Driver: local][LocalVolumeType: dir-link-bindmounted] [Testpattern: Pre-provisioned PV (default fs)] volumeIO should write files of various sizes, verify size, validate content [Slow]" classname="Kubernetes e2e suite" time="0">
          <skipped></skipped>
      </testcase>
      <testcase name="[sig-storage] In-tree Volumes [Driver: local][LocalVolumeType: blockfs] [Testpattern: Dynamic PV (ext3)] volumes should be mountable" classname="Kubernetes e2e suite" time="0">
          <skipped></skipped>
      </testcase>
      <testcase name="[k8s.io] Pods should support remote command execution over websockets [NodeConformance] [Conformance]" classname="Kubernetes e2e suite" time="32.368666938"></testcase>
      <testcase name="[sig-storage] In-tree Volumes [Driver: cinder] [Testpattern: Pre-provisioned PV (default fs)] subPath should support file as subpath" classname="Kubernetes e2e suite" time="0">
          <skipped></skipped>
      </testcase>
      <testcase name="[sig-storage] In-tree Volumes [Driver: local][LocalVolumeType: dir-link] [Testpattern: Inline-volume (default fs)] volumes should allow exec of files on the volume" classname="Kubernetes e2e suite" time="0">
          <skipped></skipped>
      </testcase>
      <testcase name="[sig-storage] In-tree Volumes [Driver: rbd][Feature:Volumes] [Testpattern: Dynamic PV (ntfs)][sig-windows] provisioning should provision storage with defaults" classname="Kubernetes e2e suite" time="0">
          <skipped></skipped>
      </testcase>
      <testcase name="[sig-cli] Kubectl client [k8s.io] Proxy server should support --unix-socket=/path  [Conformance]" classname="Kubernetes e2e suite" time="8.051051372"></testcase>
      <testcase name="[sig-storage] In-tree Volumes [Driver: cinder] [Testpattern: Dynamic PV (default fs)] provisioning should provision storage with snapshot data source [Feature:VolumeSnapshotDataSource]" classname="Kubernetes e2e suite" time="0">
          <skipped></skipped>
      </testcase>
      <testcase name="[sig-storage] In-tree Volumes [Driver: local][LocalVolumeType: gce-localssd-scsi-fs] [Serial] [Testpattern: Dynamic PV (ext4)] volumes should allow exec of files on the volume" classname="Kubernetes e2e suite" time="0">
          <skipped></skipped>
      </testcase>
      <testcase name="[sig-storage] In-tree Volumes [Driver: rbd][Feature:Volumes] [Testpattern: Dynamic PV (ntfs)][sig-windows] provisioning should provision storage with snapshot data source [Feature:VolumeSnapshotDataSource]" classname="Kubernetes e2e suite" time="0">
          <skipped></skipped>
      </testcase>
      <testcase name="[sig-storage] In-tree Volumes [Driver: local][LocalVolumeType: dir-bindmounted] [Testpattern: Pre-provisioned PV (default fs)] subPath should support existing single file" classname="Kubernetes e2e suite" time="0">
          <skipped></skipped>
      </testcase>
      <testcase name="[sig-node] Downward API should provide host IP as an env var [NodeConformance] [Conformance]" classname="Kubernetes e2e suite" time="16.509592226"></testcase>
      <testcase name="[sig-storage] In-tree Volumes [Driver: local][LocalVolumeType: dir-link] [Testpattern: Pre-provisioned PV (ext3)] volumes should allow exec of files on the volume" classname="Kubernetes e2e suite" time="0">
          <skipped></skipped>
      </testcase>
      <testcase name="[sig-storage] In-tree Volumes [Driver: iscsi][Feature:Volumes] [Testpattern: Inline-volume (default fs)] subPath should verify container cannot write to subpath readonly volumes" classname="Kubernetes e2e suite" time="0">
          <skipped></skipped>
      </testcase>
      <testcase name="[sig-storage] In-tree Volumes [Driver: gcepd] [Testpattern: Dynamic PV (default fs)] subPath should support file as subpath" classname="Kubernetes e2e suite" time="0">
          <skipped></skipped>
      </testcase>
      <testcase name="[sig-storage] In-tree Volumes [Driver: aws] [Testpattern: Pre-provisioned PV (default fs)] subPath should verify container cannot write to subpath readonly volumes" classname="Kubernetes e2e suite" time="0">
          <skipped></skipped>
      </testcase>
      <testcase name="[sig-storage] In-tree Volumes [Driver: rbd][Feature:Volumes] [Testpattern: Inline-volume (ext4)] volumes should allow exec of files on the volume" classname="Kubernetes e2e suite" time="0">
          <skipped></skipped>
      </testcase>
      <testcase name="[sig-storage] CSI Volumes [Driver: pd.csi.storage.gke.io][Feature: gcePD-external] [Testpattern: Pre-provisioned PV (ext3)] volumes should allow exec of files on the volume" classname="Kubernetes e2e suite" time="0">
          <skipped></skipped>
      </testcase>
      <testcase name="[sig-storage] In-tree Volumes [Driver: local][LocalVolumeType: gce-localssd-scsi-fs] [Serial] [Testpattern: Dynamic PV (default fs)] provisioning should provision storage with defaults" classname="Kubernetes e2e suite" time="0">
          <skipped></skipped>
      </testcase>
      <testcase name="[sig-storage] In-tree Volumes [Driver: rbd][Feature:Volumes] [Testpattern: Inline-volume (default fs)] subPath should support restarting containers using file as subpath [Slow]" classname="Kubernetes e2e suite" time="0">
          <skipped></skipped>
      </testcase>
      <testcase name="[sig-storage] In-tree Volumes [Driver: local][LocalVolumeType: dir-link] [Testpattern: Inline-volume (ntfs)][sig-windows] volumes should be mountable" classname="Kubernetes e2e suite" time="0.001909002">
          <skipped></skipped>
      </testcase>
      <testcase name="[sig-storage] In-tree Volumes [Driver: azure] [Testpattern: Dynamic PV (ntfs)][sig-windows] provisioning should provision storage with defaults" classname="Kubernetes e2e suite" time="0.001723981">
          <skipped></skipped>
      </testcase>
      <testcase name="[sig-storage] In-tree Volumes [Driver: rbd][Feature:Volumes] [Testpattern: Dynamic PV (default fs)] volumes should allow exec of files on the volume" classname="Kubernetes e2e suite" time="0">
          <skipped></skipped>
      </testcase>
      <testcase name="[sig-storage] In-tree Volumes [Driver: ceph][Feature:Volumes] [Testpattern: Dynamic PV (default fs)] provisioning should create and delete block persistent volumes" classname="Kubernetes e2e suite" time="0">
          <skipped></skipped>
      </testcase>
      <testcase name="[k8s.io] [sig-node] RuntimeClass should reject a Pod requesting a deleted RuntimeClass" classname="Kubernetes e2e suite" time="0">
          <skipped></skipped>
      </testcase>
      <testcase name="[sig-network] Services should be able to switch session affinity for LoadBalancer service with ESIPP off [Slow] [DisabledForLargeClusters]" classname="Kubernetes e2e suite" time="0">
          <skipped></skipped>
      </testcase>
      <testcase name="[sig-storage] In-tree Volumes [Driver: iscsi][Feature:Volumes] [Testpattern: Inline-volume (default fs)] volumes should be mountable" classname="Kubernetes e2e suite" time="0">
          <skipped></skipped>
      </testcase>
      <testcase name="[sig-api-machinery] Servers with support for Table transformation should return a 406 for a backend which does not implement metadata" classname="Kubernetes e2e suite" time="0">
          <skipped></skipped>
      </testcase>
      <testcase name="[sig-storage] In-tree Volumes [Driver: nfs] [Testpattern: Dynamic PV (filesystem volmode)] volumeMode should create sc, pod, pv, and pvc, read/write to the pv, and delete all created resources" classname="Kubernetes e2e suite" time="0">
          <skipped></skipped>
      </testcase>
      <testcase name="[sig-storage] In-tree Volumes [Driver: local][LocalVolumeType: block] [Testpattern: Inline-volume (ext3)] volumes should be mountable" classname="Kubernetes e2e suite" time="0">
          <skipped></skipped>
      </testcase>
      <testcase name="[sig-storage] In-tree Volumes [Driver: local][LocalVolumeType: dir-link-bindmounted] [Testpattern: Pre-provisioned PV (block volmode)] volumeMode should fail to create pod by failing to mount volume" classname="Kubernetes e2e suite" time="0">
          <skipped></skipped>
      </testcase>
      <testcase name="[sig-storage] In-tree Volumes [Driver: local][LocalVolumeType: dir] [Testpattern: Pre-provisioned PV (ext4)] volumes should be mountable" classname="Kubernetes e2e suite" time="0">
          <skipped></skipped>
      </testcase>
      <testcase name="[sig-storage] In-tree Volumes [Driver: hostPathSymlink] [Testpattern: Dynamic PV (ntfs)][sig-windows] provisioning should allow concurrent writes on the same node" classname="Kubernetes e2e suite" time="0.001724007">
          <skipped></skipped>
      </testcase>
      <testcase name="[sig-storage] In-tree Volumes [Driver: ceph][Feature:Volumes] [Testpattern: Pre-provisioned PV (default fs)] subPath should fail if subpath file is outside the volume [Slow]" classname="Kubernetes e2e suite" time="0">
          <skipped></skipped>
      </testcase>
      <testcase name="[sig-storage] In-tree Volumes [Driver: local][LocalVolumeType: dir-link-bindmounted] [Testpattern: Dynamic PV (xfs)] volumes should allow exec of files on the volume" classname="Kubernetes e2e suite" time="0">
          <skipped></skipped>
      </testcase>
      <testcase name="[sig-storage] In-tree Volumes [Driver: local][LocalVolumeType: blockfs] [Testpattern: Inline-volume (default fs)] volumes should allow exec of files on the volume" classname="Kubernetes e2e suite" time="0">
          <skipped></skipped>
      </testcase>
      <testcase name="[sig-storage] In-tree Volumes [Driver: ceph][Feature:Volumes] [Testpattern: Dynamic PV (default fs)] provisioning should provision storage with defaults" classname="Kubernetes e2e suite" time="0">
          <skipped></skipped>
      </testcase>
      <testcase name="[sig-storage] In-tree Volumes [Driver: cinder] [Testpattern: Dynamic PV (default fs)] subPath should support restarting containers using file as subpath [Slow]" classname="Kubernetes e2e suite" time="0">
          <skipped></skipped>
      </testcase>
      <testcase name="[sig-storage] CSI Volumes [Driver: csi-hostpath-v0] [Testpattern: Pre-provisioned PV (ext4)] volumes should be mountable" classname="Kubernetes e2e suite" time="0">
          <skipped></skipped>
      </testcase>
      <testcase name="[sig-storage] CSI Volumes [Driver: csi-hostpath-v0] [Testpattern: Dynamic PV (default fs)] volumes should allow exec of files on the volume" classname="Kubernetes e2e suite" time="0">
          <skipped></skipped>
      </testcase>
      <testcase name="[sig-storage] In-tree Volumes [Driver: local][LocalVolumeType: gce-localssd-scsi-fs] [Serial] [Testpattern: Pre-provisioned PV (ext3)] volumes should be mountable" classname="Kubernetes e2e suite" time="0">
          <skipped></skipped>
      </testcase>
      <testcase name="[sig-storage] CSI Volumes [Driver: pd.csi.storage.gke.io][Feature: gcePD-external] [Testpattern: Pre-provisioned PV (default fs)] subPath should verify container cannot write to subpath readonly volumes" classname="Kubernetes e2e suite" time="0">
          <skipped></skipped>
      </testcase>
      <testcase name="[sig-storage] PersistentVolumes-local  [Volume type: blockfswithoutformat] Set fsGroup for local volume should set different fsGroup for second pod if first pod is deleted" classname="Kubernetes e2e suite" time="0">
          <skipped></skipped>
      </testcase>
      <testcase name="[sig-storage] CSI Volumes [Driver: pd.csi.storage.gke.io][Feature: gcePD-external] [Testpattern: Inline-volume (default fs)] subPath should fail if subpath file is outside the volume [Slow]" classname="Kubernetes e2e suite" time="0">
          <skipped></skipped>
      </testcase>
      <testcase name="[k8s.io] Container Lifecycle Hook when create a pod with lifecycle hook should execute poststart http hook properly [NodeConformance] [Conformance]" classname="Kubernetes e2e suite" time="134.515285077"></testcase>
      <testcase name="[sig-scheduling] [Feature:GPUDevicePlugin] run Nvidia GPU Device Plugin tests" classname="Kubernetes e2e suite" time="0">
          <skipped></skipped>
      </testcase>
      <testcase name="[sig-storage] In-tree Volumes [Driver: local][LocalVolumeType: dir] [Testpattern: Inline-volume (default fs)] subPath should fail if subpath file is outside the volume [Slow]" classname="Kubernetes e2e suite" time="0">
          <skipped></skipped>
      </testcase>
      <testcase name="[sig-auth] [Feature:NodeAuthorizer] Getting an existing configmap should exit with the Forbidden error" classname="Kubernetes e2e suite" time="0">
          <skipped></skipped>
      </testcase>
      <testcase name="[sig-storage] In-tree Volumes [Driver: local][LocalVolumeType: tmpfs] [Testpattern: Dynamic PV (default fs)] volumes should allow exec of files on the volume" classname="Kubernetes e2e suite" time="0">
          <skipped></skipped>
      </testcase>
      <testcase name="[sig-storage] CSI Volumes [Driver: csi-hostpath] [Testpattern: Dynamic PV (default fs)] provisioning should create and delete block persistent volumes" classname="Kubernetes e2e suite" time="0">
          <skipped></skipped>
      </testcase>
      <testcase name="[sig-storage] In-tree Volumes [Driver: hostPath] [Testpattern: Pre-provisioned PV (default fs)] subPath should fail if subpath with backstepping is outside the volume [Slow]" classname="Kubernetes e2e suite" time="0">
          <skipped></skipped>
      </testcase>
      <testcase name="[sig-storage] Downward API volume should update labels on modification [NodeConformance] [Conformance]" classname="Kubernetes e2e suite" time="36.9307161"></testcase>
      <testcase name="[sig-storage] In-tree Volumes [Driver: local][LocalVolumeType: block] [Testpattern: Inline-volume (xfs)] volumes should allow exec of files on the volume" classname="Kubernetes e2e suite" time="0">
          <skipped></skipped>
      </testcase>
      <testcase name="[sig-storage] CSI Volumes [Driver: pd.csi.storage.gke.io][Feature: gcePD-external] [Testpattern: Inline-volume (ext4)] volumes should be mountable" classname="Kubernetes e2e suite" time="0">
          <skipped></skipped>
      </testcase>
      <testcase name="[sig-storage] In-tree Volumes [Driver: local][LocalVolumeType: tmpfs] [Testpattern: Pre-provisioned PV (default fs)] subPath should support non-existent path" classname="Kubernetes e2e suite" time="0">
          <skipped></skipped>
      </testcase>
      <testcase name="[sig-storage] In-tree Volumes [Driver: hostPathSymlink] [Testpattern: Dynamic PV (default fs)] subPath should fail if subpath file is outside the volume [Slow]" classname="Kubernetes e2e suite" time="0">
          <skipped></skipped>
      </testcase>
      <testcase name="[sig-storage] In-tree Volumes [Driver: azure] [Testpattern: Pre-provisioned PV (ext4)] volumes should be mountable" classname="Kubernetes e2e suite" time="0">
          <skipped></skipped>
      </testcase>
      <testcase name="[sig-windows] Hybrid cluster network for all supported CNIs should have stable networking for Linux and Windows pods" classname="Kubernetes e2e suite" time="103.109980706"></testcase>
      <testcase name="[sig-storage] PersistentVolumes NFS with multiple PVs and PVCs all in same ns should create 2 PVs and 4 PVCs: test write access" classname="Kubernetes e2e suite" time="0">
          <skipped></skipped>
      </testcase>
      <testcase name="[sig-storage] EmptyDir volumes should support (root,0777,tmpfs) [LinuxOnly] [NodeConformance] [Conformance]" classname="Kubernetes e2e suite" time="0">
          <skipped></skipped>
      </testcase>
      <testcase name="[sig-storage] In-tree Volumes [Driver: rbd][Feature:Volumes] [Testpattern: Pre-provisioned PV (default fs)] subPath should be able to unmount after the subpath directory is deleted" classname="Kubernetes e2e suite" time="0">
          <skipped></skipped>
      </testcase>
      <testcase name="[sig-storage] In-tree Volumes [Driver: local][LocalVolumeType: dir-bindmounted] [Testpattern: Pre-provisioned PV (block volmode)] volumeMode should fail to create pod by failing to mount volume" classname="Kubernetes e2e suite" time="0">
          <skipped></skipped>
      </testcase>
      <testcase name="[sig-storage] In-tree Volumes [Driver: gluster] [Testpattern: Dynamic PV (ntfs)][sig-windows] volumes should be mountable" classname="Kubernetes e2e suite" time="0.001168412">
          <skipped></skipped>
      </testcase>
      <testcase name="[sig-storage] In-tree Volumes [Driver: local][LocalVolumeType: dir-link-bindmounted] [Testpattern: Inline-volume (default fs)] subPath should fail if subpath file is outside the volume [Slow]" classname="Kubernetes e2e suite" time="0">
          <skipped></skipped>
      </testcase>
      <testcase name="[sig-storage] In-tree Volumes [Driver: aws] [Testpattern: Pre-provisioned PV (ntfs)][sig-windows] volumes should allow exec of files on the volume" classname="Kubernetes e2e suite" time="0.001061215">
          <skipped></skipped>
      </testcase>
      <testcase name="[sig-storage] In-tree Volumes [Driver: local][LocalVolumeType: dir-bindmounted] [Testpattern: Dynamic PV (ext3)] volumes should allow exec of files on the volume" classname="Kubernetes e2e suite" time="0">
          <skipped></skipped>
      </testcase>
      <testcase name="[sig-storage] In-tree Volumes [Driver: vSphere] [Testpattern: Dynamic PV (default fs)] provisioning should allow concurrent writes on the same node" classname="Kubernetes e2e suite" time="0">
          <skipped></skipped>
      </testcase>
      <testcase name="[sig-storage] In-tree Volumes [Driver: hostPath] [Testpattern: Inline-volume (default fs)] subPath should fail if subpath directory is outside the volume [Slow]" classname="Kubernetes e2e suite" time="0">
          <skipped></skipped>
      </testcase>
      <testcase name="[sig-storage] In-tree Volumes [Driver: rbd][Feature:Volumes] [Testpattern: Inline-volume (default fs)] subPath should fail if subpath directory is outside the volume [Slow]" classname="Kubernetes e2e suite" time="0">
          <skipped></skipped>
      </testcase>
      <testcase name="[sig-storage] In-tree Volumes [Driver: hostPath] [Testpattern: Inline-volume (default fs)] volumes should allow exec of files on the volume" classname="Kubernetes e2e suite" time="0">
          <skipped></skipped>
      </testcase>
      <testcase name="[sig-storage] In-tree Volumes [Driver: nfs] [Testpattern: Dynamic PV (default fs)] volumes should allow exec of files on the volume" classname="Kubernetes e2e suite" time="0">
          <skipped></skipped>
      </testcase>
      <testcase name="[sig-storage] In-tree Volumes [Driver: local][LocalVolumeType: blockfs] [Testpattern: Inline-volume (xfs)] volumes should allow exec of files on the volume" classname="Kubernetes e2e suite" time="0">
          <skipped></skipped>
      </testcase>
      <testcase name="[sig-storage] Volume expand Verify if editing PVC allows resize" classname="Kubernetes e2e suite" time="0">
          <skipped></skipped>
      </testcase>
      <testcase name="[sig-storage] In-tree Volumes [Driver: emptydir] [Testpattern: Pre-provisioned PV (default fs)] volumeIO should write files of various sizes, verify size, validate content [Slow]" classname="Kubernetes e2e suite" time="0">
          <skipped></skipped>
      </testcase>
      <testcase name="[sig-auth] [Feature:NodeAuthorizer] Getting a secret for a workload the node has access to should succeed" classname="Kubernetes e2e suite" time="0">
          <skipped></skipped>
      </testcase>
      <testcase name="[sig-storage] In-tree Volumes [Driver: local][LocalVolumeType: dir-link] [Testpattern: Dynamic PV (ntfs)][sig-windows] provisioning should create and delete block persistent volumes" classname="Kubernetes e2e suite" time="0.001120877">
          <skipped></skipped>
      </testcase>
      <testcase name="[sig-storage] In-tree Volumes [Driver: local][LocalVolumeType: gce-localssd-scsi-fs] [Serial] [Testpattern: Dynamic PV (default fs)] subPath should support creating multiple subpath from same volumes [Slow]" classname="Kubernetes e2e suite" time="0">
          <skipped></skipped>
      </testcase>
      <testcase name="[sig-autoscaling] Cluster size autoscaling [Slow] should increase cluster size if pods are pending due to host port conflict [Feature:ClusterSizeAutoscalingScaleUp]" classname="Kubernetes e2e suite" time="0">
          <skipped></skipped>
      </testcase>
      <testcase name="[sig-storage] In-tree Volumes [Driver: azure] [Testpattern: Dynamic PV (default fs)] subPath should support existing directories when readOnly specified in the volumeSource" classname="Kubernetes e2e suite" time="0">
          <skipped></skipped>
      </testcase>
      <testcase name="[sig-storage] In-tree Volumes [Driver: cinder] [Testpattern: Pre-provisioned PV (ext3)] volumes should be mountable" classname="Kubernetes e2e suite" time="0">
          <skipped></skipped>
      </testcase>
      <testcase name="[sig-storage] EmptyDir volumes should support (root,0644,tmpfs) [LinuxOnly] [NodeConformance] [Conformance]" classname="Kubernetes e2e suite" time="0">
          <skipped></skipped>
      </testcase>
      <testcase name="[sig-network] Networking should provide Internet connection for containers [Feature:Networking-IPv6][Experimental]" classname="Kubernetes e2e suite" time="0">
          <skipped></skipped>
      </testcase>
      <testcase name="[sig-storage] In-tree Volumes [Driver: azure] [Testpattern: Pre-provisioned PV (ext3)] volumes should be mountable" classname="Kubernetes e2e suite" time="0">
          <skipped></skipped>
      </testcase>
      <testcase name="[sig-storage] In-tree Volumes [Driver: emptydir] [Testpattern: Dynamic PV (default fs)] subPath should support existing single file" classname="Kubernetes e2e suite" time="0">
          <skipped></skipped>
      </testcase>
      <testcase name="[sig-network] Services should serve multiport endpoints from pods  [Conformance]" classname="Kubernetes e2e suite" time="41.287371478"></testcase>
      <testcase name="[sig-storage] In-tree Volumes [Driver: cinder] [Testpattern: Pre-provisioned PV (default fs)] subPath should support existing directories when readOnly specified in the volumeSource" classname="Kubernetes e2e suite" time="0">
          <skipped></skipped>
      </testcase>
      <testcase name="[sig-storage] In-tree Volumes [Driver: gluster] [Testpattern: Pre-provisioned PV (default fs)] subPath should support restarting containers using file as subpath [Slow]" classname="Kubernetes e2e suite" time="0">
          <skipped></skipped>
      </testcase>
      <testcase name="[sig-storage] In-tree Volumes [Driver: nfs] [Testpattern: Dynamic PV (default fs)] subPath should support readOnly directory specified in the volumeMount" classname="Kubernetes e2e suite" time="0">
          <skipped></skipped>
      </testcase>
      <testcase name="[sig-storage] In-tree Volumes [Driver: local][LocalVolumeType: dir-bindmounted] [Testpattern: Pre-provisioned PV (default fs)] volumes should be mountable" classname="Kubernetes e2e suite" time="0">
          <skipped></skipped>
      </testcase>
      <testcase name="[sig-storage] CSI Volumes [Driver: pd.csi.storage.gke.io][Serial] [Testpattern: Pre-provisioned PV (default fs)] subPath should be able to unmount after the subpath directory is deleted" classname="Kubernetes e2e suite" time="0">
          <skipped></skipped>
      </testcase>
      <testcase name="[sig-apps] Network Partition [Disruptive] [Slow] [k8s.io] [StatefulSet] should not reschedule stateful pods if there is a network partition [Slow] [Disruptive]" classname="Kubernetes e2e suite" time="0">
          <skipped></skipped>
      </testcase>
      <testcase name="[sig-cli] Kubectl alpha client [k8s.io] Kubectl run CronJob should create a CronJob" classname="Kubernetes e2e suite" time="0">
          <skipped></skipped>
      </testcase>
      <testcase name="[sig-storage] In-tree Volumes [Driver: nfs] [Testpattern: Inline-volume (default fs)] subPath should unmount if pod is gracefully deleted while kubelet is down [Disruptive][Slow]" classname="Kubernetes e2e suite" time="0">
          <skipped></skipped>
      </testcase>
      <testcase name="[sig-storage] In-tree Volumes [Driver: iscsi][Feature:Volumes] [Testpattern: Dynamic PV (default fs)] volumes should allow exec of files on the volume" classname="Kubernetes e2e suite" time="0">
          <skipped></skipped>
      </testcase>
      <testcase name="[k8s.io] [sig-node] Security Context should support volume SELinux relabeling [Flaky] [LinuxOnly]" classname="Kubernetes e2e suite" time="0">
          <skipped></skipped>
      </testcase>
      <testcase name="[sig-storage] In-tree Volumes [Driver: cinder] [Testpattern: Pre-provisioned PV (default fs)] subPath should be able to unmount after the subpath directory is deleted" classname="Kubernetes e2e suite" time="0">
          <skipped></skipped>
      </testcase>
      <testcase name="[sig-storage] In-tree Volumes [Driver: local][LocalVolumeType: block] [Testpattern: Pre-provisioned PV (default fs)] subPath should unmount if pod is force deleted while kubelet is down [Disruptive][Slow]" classname="Kubernetes e2e suite" time="0">
          <skipped></skipped>
      </testcase>
      <testcase name="[sig-storage] In-tree Volumes [Driver: cinder] [Testpattern: Dynamic PV (default fs)] provisioning should provision storage with defaults" classname="Kubernetes e2e suite" time="0">
          <skipped></skipped>
      </testcase>
      <testcase name="[sig-storage] In-tree Volumes [Driver: gcepd] [Testpattern: Dynamic PV (default fs)] provisioning should provision storage with mount options" classname="Kubernetes e2e suite" time="0">
          <skipped></skipped>
      </testcase>
      <testcase name="[sig-storage] In-tree Volumes [Driver: gluster] [Testpattern: Pre-provisioned PV (default fs)] subPath should support restarting containers using directory as subpath [Slow]" classname="Kubernetes e2e suite" time="0">
          <skipped></skipped>
      </testcase>
      <testcase name="[sig-cli] Kubectl client [k8s.io] Kubectl get componentstatuses should get componentstatuses" classname="Kubernetes e2e suite" time="0">
          <skipped></skipped>
      </testcase>
      <testcase name="[sig-api-machinery] Watchers should be able to restart watching from the last resource version observed by the previous watch [Conformance]" classname="Kubernetes e2e suite" time="8.357183986999999"></testcase>
      <testcase name="[sig-scalability] Load capacity [Feature:ManualPerformance] should be able to handle 30 pods per node Job.batch with 0 secrets, 0 configmaps and 0 daemons" classname="Kubernetes e2e suite" time="0">
          <skipped></skipped>
      </testcase>
      <testcase name="[sig-storage] CSI Volumes [Driver: pd.csi.storage.gke.io][Feature: gcePD-external] [Testpattern: Dynamic PV (ntfs)][sig-windows] volumes should allow exec of files on the volume" classname="Kubernetes e2e suite" time="0">
          <skipped></skipped>
      </testcase>
      <testcase name="[sig-cli] Kubectl client [k8s.io] Kubectl create quota should reject quota with invalid scopes" classname="Kubernetes e2e suite" time="0">
          <skipped></skipped>
      </testcase>
      <testcase name="[sig-storage] In-tree Volumes [Driver: nfs] [Testpattern: Pre-provisioned PV (ext4)] volumes should be mountable" classname="Kubernetes e2e suite" time="0">
          <skipped></skipped>
      </testcase>
      <testcase name="[sig-storage] In-tree Volumes [Driver: iscsi][Feature:Volumes] [Testpattern: Inline-volume (default fs)] subPath should support existing directory" classname="Kubernetes e2e suite" time="0">
          <skipped></skipped>
      </testcase>
      <testcase name="[sig-storage] In-tree Volumes [Driver: local][LocalVolumeType: gce-localssd-scsi-fs] [Serial] [Testpattern: Dynamic PV (default fs)] subPath should unmount if pod is force deleted while kubelet is down [Disruptive][Slow]" classname="Kubernetes e2e suite" time="0">
          <skipped></skipped>
      </testcase>
      <testcase name="[sig-storage] In-tree Volumes [Driver: hostPath] [Testpattern: Pre-provisioned PV (default fs)] subPath should support restarting containers using file as subpath [Slow]" classname="Kubernetes e2e suite" time="0">
          <skipped></skipped>
      </testcase>
      <testcase name="[sig-storage] In-tree Volumes [Driver: local][LocalVolumeType: dir-link] [Testpattern: Dynamic PV (default fs)] volumeIO should write files of various sizes, verify size, validate content [Slow]" classname="Kubernetes e2e suite" time="0">
          <skipped></skipped>
      </testcase>
      <testcase name="[sig-storage] In-tree Volumes [Driver: local][LocalVolumeType: dir-link-bindmounted] [Testpattern: Inline-volume (default fs)] subPath should support existing single file" classname="Kubernetes e2e suite" time="0">
          <skipped></skipped>
      </testcase>
      <testcase name="[sig-storage] In-tree Volumes [Driver: vSphere] [Testpattern: Inline-volume (default fs)] subPath should unmount if pod is gracefully deleted while kubelet is down [Disruptive][Slow]" classname="Kubernetes e2e suite" time="0">
          <skipped></skipped>
      </testcase>
      <testcase name="[sig-storage] In-tree Volumes [Driver: gluster] [Testpattern: Pre-provisioned PV (default fs)] subPath should fail if subpath file is outside the volume [Slow]" classname="Kubernetes e2e suite" time="0">
          <skipped></skipped>
      </testcase>
      <testcase name="[sig-storage] In-tree Volumes [Driver: local][LocalVolumeType: dir] [Testpattern: Inline-volume (default fs)] subPath should verify container cannot write to subpath readonly volumes" classname="Kubernetes e2e suite" time="0">
          <skipped></skipped>
      </testcase>
      <testcase name="[sig-storage] In-tree Volumes [Driver: aws] [Testpattern: Inline-volume (default fs)] subPath should support non-existent path" classname="Kubernetes e2e suite" time="0">
          <skipped></skipped>
      </testcase>
      <testcase name="[sig-storage] In-tree Volumes [Driver: iscsi][Feature:Volumes] [Testpattern: Inline-volume (default fs)] subPath should fail if non-existent subpath is outside the volume [Slow]" classname="Kubernetes e2e suite" time="0">
          <skipped></skipped>
      </testcase>
      <testcase name="[sig-apps] Daemon set [Serial] should update pod when spec was updated and update strategy is RollingUpdate [Conformance]" classname="Kubernetes e2e suite" time="0">
          <skipped></skipped>
      </testcase>
      <testcase name="[sig-storage] In-tree Volumes [Driver: gluster] [Testpattern: Inline-volume (default fs)] volumes should be mountable" classname="Kubernetes e2e suite" time="0">
          <skipped></skipped>
      </testcase>
      <testcase name="[sig-storage] In-tree Volumes [Driver: local][LocalVolumeType: dir-link-bindmounted] [Testpattern: Dynamic PV (default fs)] subPath should fail if subpath with backstepping is outside the volume [Slow]" classname="Kubernetes e2e suite" time="0">
          <skipped></skipped>
      </testcase>
      <testcase name="[sig-storage] In-tree Volumes [Driver: hostPath] [Testpattern: Inline-volume (default fs)] volumeIO should write files of various sizes, verify size, validate content [Slow]" classname="Kubernetes e2e suite" time="0">
          <skipped></skipped>
      </testcase>
      <testcase name="[sig-storage] In-tree Volumes [Driver: vSphere] [Testpattern: Inline-volume (default fs)] subPath should fail if non-existent subpath is outside the volume [Slow]" classname="Kubernetes e2e suite" time="0">
          <skipped></skipped>
      </testcase>
      <testcase name="[sig-storage] In-tree Volumes [Driver: local][LocalVolumeType: block] [Testpattern: Dynamic PV (ext3)] volumes should allow exec of files on the volume" classname="Kubernetes e2e suite" time="0">
          <skipped></skipped>
      </testcase>
      <testcase name="[sig-storage] In-tree Volumes [Driver: emptydir] [Testpattern: Inline-volume (default fs)] volumeIO should write files of various sizes, verify size, validate content [Slow]" classname="Kubernetes e2e suite" time="0">
          <skipped></skipped>
      </testcase>
      <testcase name="[sig-storage] CSI Volumes [Driver: pd.csi.storage.gke.io][Serial] [Testpattern: Inline-volume (ext3)] volumes should be mountable" classname="Kubernetes e2e suite" time="0">
          <skipped></skipped>
      </testcase>
      <testcase name="[sig-storage] In-tree Volumes [Driver: local][LocalVolumeType: block] [Testpattern: Dynamic PV (default fs)] volumes should be mountable" classname="Kubernetes e2e suite" time="0">
          <skipped></skipped>
      </testcase>
      <testcase name="[sig-apps] Daemon set [Serial] should run and stop complex daemon with node affinity" classname="Kubernetes e2e suite" time="0">
          <skipped></skipped>
      </testcase>
      <testcase name="[sig-storage] CSI Volumes [Driver: csi-hostpath-v0] [Testpattern: Inline-volume (default fs)] volumeIO should write files of various sizes, verify size, validate content [Slow]" classname="Kubernetes e2e suite" time="0">
          <skipped></skipped>
      </testcase>
      <testcase name="[sig-storage] In-tree Volumes [Driver: local][LocalVolumeType: tmpfs] [Testpattern: Dynamic PV (xfs)] volumes should be mountable" classname="Kubernetes e2e suite" time="0">
          <skipped></skipped>
      </testcase>
      <testcase name="[sig-cli] Kubectl client [k8s.io] Simple pod should support exec through an HTTP proxy" classname="Kubernetes e2e suite" time="0">
          <skipped></skipped>
      </testcase>
      <testcase name="[sig-storage] In-tree Volumes [Driver: local][LocalVolumeType: dir] [Testpattern: Pre-provisioned PV (xfs)] volumes should be mountable" classname="Kubernetes e2e suite" time="0">
          <skipped></skipped>
      </testcase>
      <testcase name="[sig-storage] CSI Volumes [Driver: csi-hostpath] [Testpattern: Pre-provisioned PV (ext4)] volumes should allow exec of files on the volume" classname="Kubernetes e2e suite" time="0">
          <skipped></skipped>
      </testcase>
      <testcase name="[sig-storage] Secrets Should fail non-optional pod creation due to secret object does not exist [Slow]" classname="Kubernetes e2e suite" time="0">
          <skipped></skipped>
      </testcase>
      <testcase name="[sig-storage] In-tree Volumes [Driver: cinder] [Testpattern: Dynamic PV (default fs)] subPath should support non-existent path" classname="Kubernetes e2e suite" time="0">
          <skipped></skipped>
      </testcase>
      <testcase name="[sig-network] Networking IPerf IPv4 [Experimental] [Feature:Networking-IPv4] [Slow] [Feature:Networking-Performance] should transfer ~ 1GB onto the service endpoint 1 servers (maximum of 1 clients)" classname="Kubernetes e2e suite" time="0">
          <skipped></skipped>
      </testcase>
      <testcase name="[sig-storage] In-tree Volumes [Driver: cinder] [Testpattern: Pre-provisioned PV (default fs)] subPath should support creating multiple subpath from same volumes [Slow]" classname="Kubernetes e2e suite" time="0">
          <skipped></skipped>
      </testcase>
      <testcase name="[sig-storage] In-tree Volumes [Driver: gluster] [Testpattern: Pre-provisioned PV (default fs)] subPath should support readOnly directory specified in the volumeMount" classname="Kubernetes e2e suite" time="0">
          <skipped></skipped>
      </testcase>
      <testcase name="[sig-storage] CSI Volumes [Driver: csi-hostpath-v0] [Testpattern: Dynamic PV (default fs)] subPath should support restarting containers using file as subpath [Slow]" classname="Kubernetes e2e suite" time="0">
          <skipped></skipped>
      </testcase>
      <testcase name="[sig-storage] In-tree Volumes [Driver: azure] [Testpattern: Dynamic PV (default fs)] subPath should unmount if pod is force deleted while kubelet is down [Disruptive][Slow]" classname="Kubernetes e2e suite" time="0">
          <skipped></skipped>
      </testcase>
      <testcase name="[sig-storage] In-tree Volumes [Driver: cinder] [Testpattern: Dynamic PV (ntfs)][sig-windows] provisioning should access volume from different nodes" classname="Kubernetes e2e suite" time="0.001402887">
          <skipped></skipped>
      </testcase>
      <testcase name="[sig-storage] In-tree Volumes [Driver: rbd][Feature:Volumes] [Testpattern: Dynamic PV (default fs)] subPath should support file as subpath" classname="Kubernetes e2e suite" time="0">
          <skipped></skipped>
      </testcase>
      <testcase name="[sig-storage] In-tree Volumes [Driver: nfs] [Testpattern: Dynamic PV (ntfs)][sig-windows] volumes should allow exec of files on the volume" classname="Kubernetes e2e suite" time="0.001356329">
          <skipped></skipped>
      </testcase>
      <testcase name="[sig-storage] CSI Volumes [Driver: csi-hostpath] [Testpattern: Inline-volume (default fs)] volumes should allow exec of files on the volume" classname="Kubernetes e2e suite" time="0">
          <skipped></skipped>
      </testcase>
      <testcase name="[sig-storage] In-tree Volumes [Driver: hostPathSymlink] [Testpattern: Dynamic PV (ntfs)][sig-windows] provisioning should provision storage with mount options" classname="Kubernetes e2e suite" time="0.001287471">
          <skipped></skipped>
      </testcase>
      <testcase name="[sig-instrumentation] Stackdriver Monitoring should run Custom Metrics - Stackdriver Adapter for old resource model [Feature:StackdriverCustomMetrics]" classname="Kubernetes e2e suite" time="0">
          <skipped></skipped>
      </testcase>
      <testcase name="[sig-storage] CSI Volumes [Driver: csi-hostpath-v0] [Testpattern: Dynamic PV (default fs)] provisioning should provision storage with defaults" classname="Kubernetes e2e suite" time="0">
          <skipped></skipped>
      </testcase>
      <testcase name="[sig-storage] In-tree Volumes [Driver: local][LocalVolumeType: block] [Testpattern: Dynamic PV (ntfs)][sig-windows] provisioning should create and delete block persistent volumes" classname="Kubernetes e2e suite" time="0.001278921">
          <skipped></skipped>
      </testcase>
      <testcase name="[sig-storage] In-tree Volumes [Driver: hostPath] [Testpattern: Dynamic PV (default fs)] provisioning should provision storage with defaults" classname="Kubernetes e2e suite" time="0">
          <skipped></skipped>
      </testcase>
      <testcase name="[sig-network] DNS should provide DNS for services  [Conformance]" classname="Kubernetes e2e suite" time="34.382445829"></testcase>
      <testcase name="[sig-storage] In-tree Volumes [Driver: hostPathSymlink] [Testpattern: Pre-provisioned PV (default fs)] subPath should support file as subpath" classname="Kubernetes e2e suite" time="0">
          <skipped></skipped>
      </testcase>
      <testcase name="[sig-storage] In-tree Volumes [Driver: azure] [Testpattern: Pre-provisioned PV (default fs)] subPath should support existing directories when readOnly specified in the volumeSource" classname="Kubernetes e2e suite" time="0">
          <skipped></skipped>
      </testcase>
      <testcase name="[sig-storage] In-tree Volumes [Driver: local][LocalVolumeType: dir] [Testpattern: Dynamic PV (block volmode)] volumeMode should fail in binding dynamic provisioned PV to PVC" classname="Kubernetes e2e suite" time="0">
          <skipped></skipped>
      </testcase>
      <testcase name="[sig-network] Loadbalancing: L7 GCE [Slow] [Feature:Ingress] should create ingress with pre-shared certificate" classname="Kubernetes e2e suite" time="0">
          <skipped></skipped>
      </testcase>
      <testcase name="[sig-storage] HostPath should support subPath [NodeConformance]" classname="Kubernetes e2e suite" time="26.674641665"></testcase>
      <testcase name="[sig-storage] In-tree Volumes [Driver: cinder] [Testpattern: Inline-volume (default fs)] subPath should support restarting containers using file as subpath [Slow]" classname="Kubernetes e2e suite" time="0">
          <skipped></skipped>
      </testcase>
      <testcase name="[sig-storage] In-tree Volumes [Driver: local][LocalVolumeType: block] [Testpattern: Dynamic PV (ntfs)][sig-windows] provisioning should access volume from different nodes" classname="Kubernetes e2e suite" time="0.001787465">
          <skipped></skipped>
      </testcase>
      <testcase name="[sig-storage] CSI Volumes [Driver: pd.csi.storage.gke.io][Feature: gcePD-external] [Testpattern: Inline-volume (default fs)] volumeIO should write files of various sizes, verify size, validate content [Slow]" classname="Kubernetes e2e suite" time="0">
          <skipped></skipped>
      </testcase>
      <testcase name="[sig-storage] CSI Volumes [Driver: csi-hostpath-v0] [Testpattern: Inline-volume (default fs)] subPath should unmount if pod is force deleted while kubelet is down [Disruptive][Slow]" classname="Kubernetes e2e suite" time="0">
          <skipped></skipped>
      </testcase>
      <testcase name="[sig-storage] PersistentVolumes:vsphere should test that deleting a PVC before the pod does not cause pod deletion to fail on vsphere volume detach" classname="Kubernetes e2e suite" time="0">
          <skipped></skipped>
      </testcase>
      <testcase name="[sig-storage] In-tree Volumes [Driver: hostPath] [Testpattern: Dynamic PV (default fs)] subPath should support existing directories when readOnly specified in the volumeSource" classname="Kubernetes e2e suite" time="0">
          <skipped></skipped>
      </testcase>
      <testcase name="[sig-scalability] Density [Feature:Performance] should allow starting 30 pods per node using ReplicationController with 0 secrets, 0 configmaps, 0 token projections, and 0 daemons" classname="Kubernetes e2e suite" time="0">
          <skipped></skipped>
      </testcase>
      <testcase name="[sig-storage] CSI Volumes [Driver: csi-hostpath-v0] [Testpattern: Dynamic PV (default fs)] subPath should support creating multiple subpath from same volumes [Slow]" classname="Kubernetes e2e suite" time="0">
          <skipped></skipped>
      </testcase>
      <testcase name="[sig-storage] CSI Volumes [Driver: csi-hostpath-v0] [Testpattern: Inline-volume (ext4)] volumes should allow exec of files on the volume" classname="Kubernetes e2e suite" time="0">
          <skipped></skipped>
      </testcase>
      <testcase name="[sig-storage] CSI Volumes [Driver: csi-hostpath] [Testpattern: Dynamic PV (default fs)] subPath should fail if non-existent subpath is outside the volume [Slow]" classname="Kubernetes e2e suite" time="0">
          <skipped></skipped>
      </testcase>
      <testcase name="[sig-storage] In-tree Volumes [Driver: gcepd] [Testpattern: Inline-volume (default fs)] subPath should support creating multiple subpath from same volumes [Slow]" classname="Kubernetes e2e suite" time="0">
          <skipped></skipped>
      </testcase>
      <testcase name="[sig-storage] In-tree Volumes [Driver: local][LocalVolumeType: block] [Testpattern: Inline-volume (default fs)] subPath should fail if non-existent subpath is outside the volume [Slow]" classname="Kubernetes e2e suite" time="0">
          <skipped></skipped>
      </testcase>
      <testcase name="[sig-storage] In-tree Volumes [Driver: vSphere] [Testpattern: Pre-provisioned PV (default fs)] subPath should verify container cannot write to subpath readonly volumes" classname="Kubernetes e2e suite" time="0">
          <skipped></skipped>
      </testcase>
      <testcase name="[sig-storage] In-tree Volumes [Driver: ceph][Feature:Volumes] [Testpattern: Dynamic PV (ntfs)][sig-windows] provisioning should access volume from different nodes" classname="Kubernetes e2e suite" time="0">
          <skipped></skipped>
      </testcase>
      <testcase name="[sig-storage] In-tree Volumes [Driver: local][LocalVolumeType: block] [Testpattern: Inline-volume (default fs)] volumeIO should write files of various sizes, verify size, validate content [Slow]" classname="Kubernetes e2e suite" time="0">
          <skipped></skipped>
      </testcase>
      <testcase name="[sig-storage] In-tree Volumes [Driver: local][LocalVolumeType: block] [Testpattern: Inline-volume (default fs)] subPath should support existing directories when readOnly specified in the volumeSource" classname="Kubernetes e2e suite" time="0">
          <skipped></skipped>
      </testcase>
      <testcase name="[sig-storage] In-tree Volumes [Driver: nfs] [Testpattern: Inline-volume (ntfs)][sig-windows] volumes should be mountable" classname="Kubernetes e2e suite" time="0.001511093">
          <skipped></skipped>
      </testcase>
      <testcase name="[sig-autoscaling] Cluster size autoscaling [Slow] should be able to scale down by draining multiple pods one by one as dictated by pdb[Feature:ClusterSizeAutoscalingScaleDown]" classname="Kubernetes e2e suite" time="0">
          <skipped></skipped>
      </testcase>
      <testcase name="[sig-storage] In-tree Volumes [Driver: azure] [Testpattern: Dynamic PV (ext3)] volumes should be mountable" classname="Kubernetes e2e suite" time="0">
          <skipped></skipped>
      </testcase>
      <testcase name="[sig-storage] In-tree Volumes [Driver: ceph][Feature:Volumes] [Testpattern: Pre-provisioned PV (default fs)] subPath should support existing single file" classname="Kubernetes e2e suite" time="0">
          <skipped></skipped>
      </testcase>
      <testcase name="[sig-storage] In-tree Volumes [Driver: local][LocalVolumeType: blockfs] [Testpattern: Dynamic PV (default fs)] provisioning should provision storage with mount options" classname="Kubernetes e2e suite" time="0">
          <skipped></skipped>
      </testcase>
      <testcase name="[sig-storage] In-tree Volumes [Driver: azure] [Testpattern: Dynamic PV (ntfs)][sig-windows] provisioning should allow concurrent writes on the same node" classname="Kubernetes e2e suite" time="0.001235285">
          <skipped></skipped>
      </testcase>
      <testcase name="[sig-storage] In-tree Volumes [Driver: local][LocalVolumeType: blockfs] [Testpattern: Inline-volume (default fs)] subPath should unmount if pod is force deleted while kubelet is down [Disruptive][Slow]" classname="Kubernetes e2e suite" time="0">
          <skipped></skipped>
      </testcase>
      <testcase name="[sig-api-machinery] ResourceQuota should create a ResourceQuota and capture the life of a persistent volume claim. [sig-storage]" classname="Kubernetes e2e suite" time="0">
          <skipped></skipped>
      </testcase>
      <testcase name="[sig-storage] In-tree Volumes [Driver: local][LocalVolumeType: dir-link] [Testpattern: Pre-provisioned PV (default fs)] subPath should fail if subpath with backstepping is outside the volume [Slow]" classname="Kubernetes e2e suite" time="0">
          <skipped></skipped>
      </testcase>
      <testcase name="[sig-storage] CSI Volumes [Driver: pd.csi.storage.gke.io][Feature: gcePD-external] [Testpattern: Dynamic PV (ntfs)][sig-windows] provisioning should provision storage with snapshot data source [Feature:VolumeSnapshotDataSource]" classname="Kubernetes e2e suite" time="0">
          <skipped></skipped>
      </testcase>
      <testcase name="[sig-autoscaling] [HPA] Horizontal pod autoscaling (scale resource: CPU) [sig-autoscaling] [Serial] [Slow] ReplicaSet Should scale from 5 pods to 3 pods and from 3 to 1" classname="Kubernetes e2e suite" time="0">
          <skipped></skipped>
      </testcase>
      <testcase name="[sig-storage] In-tree Volumes [Driver: gluster] [Testpattern: Inline-volume (default fs)] subPath should fail if subpath with backstepping is outside the volume [Slow]" classname="Kubernetes e2e suite" time="0">
          <skipped></skipped>
      </testcase>
      <testcase name="[sig-storage] In-tree Volumes [Driver: hostPathSymlink] [Testpattern: Dynamic PV (ntfs)][sig-windows] volumes should allow exec of files on the volume" classname="Kubernetes e2e suite" time="0.001207967">
          <skipped></skipped>
      </testcase>
      <testcase name="[sig-storage] In-tree Volumes [Driver: emptydir] [Testpattern: Inline-volume (default fs)] subPath should support file as subpath" classname="Kubernetes e2e suite" time="0">
          <skipped></skipped>
      </testcase>
      <testcase name="[sig-storage] CSI Volumes [Driver: csi-hostpath] [Testpattern: Pre-provisioned PV (default fs)] subPath should support non-existent path" classname="Kubernetes e2e suite" time="0">
          <skipped></skipped>
      </testcase>
      <testcase name="[sig-storage] Downward API volume should provide node allocatable (cpu) as default cpu limit if the limit is not set [NodeConformance] [Conformance]" classname="Kubernetes e2e suite" time="20.56535699"></testcase>
      <testcase name="[sig-storage] In-tree Volumes [Driver: hostPath] [Testpattern: Inline-volume (ext4)] volumes should allow exec of files on the volume" classname="Kubernetes e2e suite" time="0">
          <skipped></skipped>
      </testcase>
      <testcase name="[sig-windows] Windows volume mounts  check volume mount permissions container should have readOnly permissions on hostMapPath" classname="Kubernetes e2e suite" time="41.797761536"></testcase>
      <testcase name="[sig-storage] In-tree Volumes [Driver: local][LocalVolumeType: blockfs] [Testpattern: Dynamic PV (default fs)] volumes should allow exec of files on the volume" classname="Kubernetes e2e suite" time="0">
          <skipped></skipped>
      </testcase>
      <testcase name="[sig-storage] In-tree Volumes [Driver: hostPath] [Testpattern: Dynamic PV (default fs)] volumes should allow exec of files on the volume" classname="Kubernetes e2e suite" time="0">
          <skipped></skipped>
      </testcase>
      <testcase name="[sig-network] Networking should provide unchanging, static URL paths for kubernetes api services" classname="Kubernetes e2e suite" time="0">
          <skipped></skipped>
      </testcase>
      <testcase name="[sig-storage] In-tree Volumes [Driver: local][LocalVolumeType: block] [Testpattern: Pre-provisioned PV (ext3)] volumes should allow exec of files on the volume" classname="Kubernetes e2e suite" time="0">
          <skipped></skipped>
      </testcase>
      <testcase name="[sig-instrumentation] Cadvisor should be healthy on every node." classname="Kubernetes e2e suite" time="0">
          <skipped></skipped>
      </testcase>
      <testcase name="[sig-storage] In-tree Volumes [Driver: local][LocalVolumeType: gce-localssd-scsi-fs] [Serial] [Testpattern: Pre-provisioned PV (default fs)] subPath should support existing directory" classname="Kubernetes e2e suite" time="0">
          <skipped></skipped>
      </testcase>
      <testcase name="[sig-storage] In-tree Volumes [Driver: ceph][Feature:Volumes] [Testpattern: Dynamic PV (default fs)] volumes should be mountable" classname="Kubernetes e2e suite" time="0">
          <skipped></skipped>
      </testcase>
      <testcase name="[sig-apps] DisruptionController evictions: enough pods, replicaSet, percentage =&gt; should allow an eviction" classname="Kubernetes e2e suite" time="0">
          <skipped></skipped>
      </testcase>
      <testcase name="[sig-storage] In-tree Volumes [Driver: local][LocalVolumeType: dir-bindmounted] [Testpattern: Pre-provisioned PV (ext3)] volumes should be mountable" classname="Kubernetes e2e suite" time="0">
          <skipped></skipped>
      </testcase>
      <testcase name="[sig-storage] Zone Support Verify dynamically created pv with allowed zones specified in storage class, shows the right zone information on its labels" classname="Kubernetes e2e suite" time="0">
          <skipped></skipped>
      </testcase>
      <testcase name="[sig-storage] In-tree Volumes [Driver: vSphere] [Testpattern: Pre-provisioned PV (default fs)] subPath should fail if non-existent subpath is outside the volume [Slow]" classname="Kubernetes e2e suite" time="0">
          <skipped></skipped>
      </testcase>
      <testcase name="[sig-storage] CSI Volumes [Driver: pd.csi.storage.gke.io][Feature: gcePD-external] [Testpattern: Inline-volume (default fs)] subPath should be able to unmount after the subpath directory is deleted" classname="Kubernetes e2e suite" time="0">
          <skipped></skipped>
      </testcase>
      <testcase name="[sig-storage] CSI Volumes [Driver: pd.csi.storage.gke.io][Serial] [Testpattern: Dynamic PV (default fs)] subPath should verify container cannot write to subpath readonly volumes" classname="Kubernetes e2e suite" time="0">
          <skipped></skipped>
      </testcase>
      <testcase name="[sig-storage] In-tree Volumes [Driver: emptydir] [Testpattern: Dynamic PV (default fs)] subPath should support restarting containers using directory as subpath [Slow]" classname="Kubernetes e2e suite" time="0">
          <skipped></skipped>
      </testcase>
      <testcase name="[sig-storage] ConfigMap should be consumable from pods in volume with mappings as non-root with FSGroup [NodeFeature:FSGroup]" classname="Kubernetes e2e suite" time="0">
          <skipped></skipped>
      </testcase>
      <testcase name="[sig-storage] In-tree Volumes [Driver: iscsi][Feature:Volumes] [Testpattern: Pre-provisioned PV (xfs)] volumes should allow exec of files on the volume" classname="Kubernetes e2e suite" time="0">
          <skipped></skipped>
      </testcase>
      <testcase name="[sig-scalability] Density [Feature:ManualPerformance] should allow starting 100 pods per node using ReplicationController with 0 secrets, 0 configmaps, 0 token projections, and 0 daemons" classname="Kubernetes e2e suite" time="0">
          <skipped></skipped>
      </testcase>
      <testcase name="[sig-storage] In-tree Volumes [Driver: gluster] [Testpattern: Dynamic PV (ntfs)][sig-windows] provisioning should provision storage with mount options" classname="Kubernetes e2e suite" time="0.002005201">
          <skipped></skipped>
      </testcase>
      <testcase name="[sig-storage] CSI Volumes [Driver: pd.csi.storage.gke.io][Serial] [Testpattern: Dynamic PV (default fs)] subPath should support file as subpath" classname="Kubernetes e2e suite" time="0">
          <skipped></skipped>
      </testcase>
      <testcase name="[sig-storage] CSI Volumes [Driver: csi-hostpath] [Testpattern: Dynamic PV (ntfs)][sig-windows] volumes should be mountable" classname="Kubernetes e2e suite" time="0.001785938">
          <skipped></skipped>
      </testcase>
      <testcase name="[sig-network] Loadbalancing: L7 GCE [Slow] [Feature:Ingress] should create ingress with backend HTTPS" classname="Kubernetes e2e suite" time="0">
          <skipped></skipped>
      </testcase>
      <testcase name="[sig-storage] In-tree Volumes [Driver: cinder] [Testpattern: Dynamic PV (default fs)] subPath should verify container cannot write to subpath readonly volumes" classname="Kubernetes e2e suite" time="0">
          <skipped></skipped>
      </testcase>
      <testcase name="[sig-storage] PersistentVolumes-local  [Volume type: dir-link-bindmounted] One pod requesting one prebound PVC should be able to mount volume and write from pod1" classname="Kubernetes e2e suite" time="0">
          <skipped></skipped>
      </testcase>
      <testcase name="[k8s.io] [sig-node] crictl should be able to run crictl on the node" classname="Kubernetes e2e suite" time="0">
          <skipped></skipped>
      </testcase>
      <testcase name="[sig-storage] In-tree Volumes [Driver: hostPath] [Testpattern: Pre-provisioned PV (block volmode)] volumeMode should fail to create pod by failing to mount volume" classname="Kubernetes e2e suite" time="0">
          <skipped></skipped>
      </testcase>
      <testcase name="[sig-storage] In-tree Volumes [Driver: local][LocalVolumeType: tmpfs] [Testpattern: Pre-provisioned PV (default fs)] subPath should support readOnly directory specified in the volumeMount" classname="Kubernetes e2e suite" time="0">
          <skipped></skipped>
      </testcase>
      <testcase name="[sig-storage] In-tree Volumes [Driver: vSphere] [Testpattern: Inline-volume (default fs)] subPath should support restarting containers using directory as subpath [Slow]" classname="Kubernetes e2e suite" time="0">
          <skipped></skipped>
      </testcase>
      <testcase name="[sig-apps] DisruptionController should update PodDisruptionBudget status" classname="Kubernetes e2e suite" time="0">
          <skipped></skipped>
      </testcase>
      <testcase name="[k8s.io] KubeletManagedEtcHosts should test kubelet managed /etc/hosts file [LinuxOnly] [NodeConformance] [Conformance]" classname="Kubernetes e2e suite" time="0">
          <skipped></skipped>
      </testcase>
      <testcase name="[sig-storage] In-tree Volumes [Driver: iscsi][Feature:Volumes] [Testpattern: Inline-volume (ext3)] volumes should be mountable" classname="Kubernetes e2e suite" time="0">
          <skipped></skipped>
      </testcase>
      <testcase name="[sig-storage] CSI Volumes [Driver: pd.csi.storage.gke.io][Serial] [Testpattern: Inline-volume (default fs)] volumes should be mountable" classname="Kubernetes e2e suite" time="0">
          <skipped></skipped>
      </testcase>
      <testcase name="[sig-storage] In-tree Volumes [Driver: local][LocalVolumeType: blockfs] [Testpattern: Dynamic PV (ntfs)][sig-windows] volumes should allow exec of files on the volume" classname="Kubernetes e2e suite" time="0.001818516">
          <skipped></skipped>
      </testcase>
      <testcase name="[sig-storage] In-tree Volumes [Driver: local][LocalVolumeType: gce-localssd-scsi-fs] [Serial] [Testpattern: Dynamic PV (ntfs)][sig-windows] provisioning should provision storage with defaults" classname="Kubernetes e2e suite" time="0">
          <skipped></skipped>
      </testcase>
      <testcase name="[sig-storage] In-tree Volumes [Driver: azure] [Testpattern: Inline-volume (ext3)] volumes should be mountable" classname="Kubernetes e2e suite" time="0">
          <skipped></skipped>
      </testcase>
      <testcase name="[sig-storage] In-tree Volumes [Driver: gluster] [Testpattern: Dynamic PV (default fs)] subPath should unmount if pod is force deleted while kubelet is down [Disruptive][Slow]" classname="Kubernetes e2e suite" time="0">
          <skipped></skipped>
      </testcase>
      <testcase name="[sig-api-machinery] Secrets should fail to create secret in volume due to empty secret key" classname="Kubernetes e2e suite" time="0">
          <skipped></skipped>
      </testcase>
      <testcase name="[sig-storage] In-tree Volumes [Driver: gluster] [Testpattern: Inline-volume (default fs)] subPath should fail if subpath directory is outside the volume [Slow]" classname="Kubernetes e2e suite" time="0">
          <skipped></skipped>
      </testcase>
      <testcase name="[sig-storage] In-tree Volumes [Driver: local][LocalVolumeType: dir-link] [Testpattern: Inline-volume (default fs)] subPath should support non-existent path" classname="Kubernetes e2e suite" time="0">
          <skipped></skipped>
      </testcase>
      <testcase name="[sig-storage] In-tree Volumes [Driver: local][LocalVolumeType: dir-link-bindmounted] [Testpattern: Dynamic PV (default fs)] subPath should support readOnly file specified in the volumeMount" classname="Kubernetes e2e suite" time="0">
          <skipped></skipped>
      </testcase>
      <testcase name="[sig-storage] In-tree Volumes [Driver: rbd][Feature:Volumes] [Testpattern: Dynamic PV (default fs)] subPath should fail if non-existent subpath is outside the volume [Slow]" classname="Kubernetes e2e suite" time="0">
          <skipped></skipped>
      </testcase>
      <testcase name="[sig-storage] CSI Volumes [Driver: csi-hostpath-v0] [Testpattern: Pre-provisioned PV (ntfs)][sig-windows] volumes should allow exec of files on the volume" classname="Kubernetes e2e suite" time="0.001845054">
          <skipped></skipped>
      </testcase>
      <testcase name="[sig-auth] Certificates API should support building a client with a CSR" classname="Kubernetes e2e suite" time="0">
          <skipped></skipped>
      </testcase>
      <testcase name="[sig-network] Proxy version v1 should proxy logs on node using proxy subresource  [Conformance]" classname="Kubernetes e2e suite" time="9.051204422"></testcase>
      <testcase name="[sig-autoscaling] Cluster size autoscaling [Slow] should be able to scale down by draining system pods with pdb[Feature:ClusterSizeAutoscalingScaleDown]" classname="Kubernetes e2e suite" time="0">
          <skipped></skipped>
      </testcase>
      <testcase name="[sig-storage] In-tree Volumes [Driver: nfs] [Testpattern: Inline-volume (default fs)] subPath should support readOnly file specified in the volumeMount" classname="Kubernetes e2e suite" time="0">
          <skipped></skipped>
      </testcase>
      <testcase name="[sig-storage] Projected secret Should fail non-optional pod creation due to the key in the secret object does not exist [Slow]" classname="Kubernetes e2e suite" time="0">
          <skipped></skipped>
      </testcase>
      <testcase name="[sig-storage] In-tree Volumes [Driver: aws] [Testpattern: Pre-provisioned PV (default fs)] volumes should be mountable" classname="Kubernetes e2e suite" time="0">
          <skipped></skipped>
      </testcase>
      <testcase name="[sig-storage] In-tree Volumes [Driver: gcepd] [Testpattern: Pre-provisioned PV (default fs)] subPath should support readOnly file specified in the volumeMount" classname="Kubernetes e2e suite" time="0">
          <skipped></skipped>
      </testcase>
      <testcase name="[sig-storage] In-tree Volumes [Driver: gcepd] [Testpattern: Pre-provisioned PV (xfs)] volumes should allow exec of files on the volume" classname="Kubernetes e2e suite" time="0">
          <skipped></skipped>
      </testcase>
      <testcase name="[sig-storage] In-tree Volumes [Driver: iscsi][Feature:Volumes] [Testpattern: Dynamic PV (ext4)] volumes should be mountable" classname="Kubernetes e2e suite" time="0">
          <skipped></skipped>
      </testcase>
      <testcase name="[sig-apps] Deployment RecreateDeployment should delete old pods and create new ones [Conformance]" classname="Kubernetes e2e suite" time="16.652760596"></testcase>
      <testcase name="[sig-storage] In-tree Volumes [Driver: hostPathSymlink] [Testpattern: Inline-volume (ext3)] volumes should allow exec of files on the volume" classname="Kubernetes e2e suite" time="0">
          <skipped></skipped>
      </testcase>
      <testcase name="[sig-storage] PersistentVolumes-local  StatefulSet with pod affinity [Slow] should use volumes spread across nodes when pod has anti-affinity" classname="Kubernetes e2e suite" time="0">
          <skipped></skipped>
      </testcase>
      <testcase name="[sig-storage] In-tree Volumes [Driver: iscsi][Feature:Volumes] [Testpattern: Pre-provisioned PV (default fs)] subPath should support readOnly file specified in the volumeMount" classname="Kubernetes e2e suite" time="0">
          <skipped></skipped>
      </testcase>
      <testcase name="[sig-storage] CSI Volumes [Driver: csi-hostpath] [Testpattern: Dynamic PV (ntfs)][sig-windows] provisioning should provision storage with defaults" classname="Kubernetes e2e suite" time="0.001738143">
          <skipped></skipped>
      </testcase>
      <testcase name="[sig-storage] In-tree Volumes [Driver: local][LocalVolumeType: dir-bindmounted] [Testpattern: Inline-volume (default fs)] subPath should support creating multiple subpath from same volumes [Slow]" classname="Kubernetes e2e suite" time="0">
          <skipped></skipped>
      </testcase>
      <testcase name="[sig-storage] In-tree Volumes [Driver: rbd][Feature:Volumes] [Testpattern: Dynamic PV (ntfs)][sig-windows] volumes should be mountable" classname="Kubernetes e2e suite" time="0">
          <skipped></skipped>
      </testcase>
      <testcase name="[sig-storage] In-tree Volumes [Driver: gluster] [Testpattern: Pre-provisioned PV (default fs)] volumeIO should write files of various sizes, verify size, validate content [Slow]" classname="Kubernetes e2e suite" time="0">
          <skipped></skipped>
      </testcase>
      <testcase name="[sig-storage] In-tree Volumes [Driver: local][LocalVolumeType: tmpfs] [Testpattern: Dynamic PV (default fs)] subPath should support readOnly file specified in the volumeMount" classname="Kubernetes e2e suite" time="0">
          <skipped></skipped>
      </testcase>
      <testcase name="[sig-storage] In-tree Volumes [Driver: ceph][Feature:Volumes] [Testpattern: Pre-provisioned PV (default fs)] subPath should support non-existent path" classname="Kubernetes e2e suite" time="0">
          <skipped></skipped>
      </testcase>
      <testcase name="[sig-storage] CSI Volumes [Driver: csi-hostpath] [Testpattern: Dynamic PV (default fs)] subPath should fail if subpath file is outside the volume [Slow]" classname="Kubernetes e2e suite" time="0">
          <skipped></skipped>
      </testcase>
      <testcase name="[sig-storage] In-tree Volumes [Driver: local][LocalVolumeType: block] [Testpattern: Dynamic PV (default fs)] subPath should support creating multiple subpath from same volumes [Slow]" classname="Kubernetes e2e suite" time="0">
          <skipped></skipped>
      </testcase>
      <testcase name="[sig-storage] In-tree Volumes [Driver: aws] [Testpattern: Dynamic PV (ext3)] volumes should be mountable" classname="Kubernetes e2e suite" time="0">
          <skipped></skipped>
      </testcase>
      <testcase name="[sig-storage] In-tree Volumes [Driver: local][LocalVolumeType: tmpfs] [Testpattern: Inline-volume (default fs)] subPath should fail if subpath with backstepping is outside the volume [Slow]" classname="Kubernetes e2e suite" time="0">
          <skipped></skipped>
      </testcase>
      <testcase name="[sig-storage] NFSPersistentVolumes[Disruptive][Flaky] when kubelet restarts Should test that a volume mounted to a pod that is deleted while the kubelet is down unmounts when the kubelet returns." classname="Kubernetes e2e suite" time="0">
          <skipped></skipped>
      </testcase>
      <testcase name="[sig-storage] In-tree Volumes [Driver: rbd][Feature:Volumes] [Testpattern: Inline-volume (default fs)] volumes should be mountable" classname="Kubernetes e2e suite" time="0">
          <skipped></skipped>
      </testcase>
      <testcase name="[sig-storage] Storage Policy Based Volume Provisioning [Feature:vsphere] verify VSAN storage capability with valid objectSpaceReservation and iopsLimit values is honored for dynamically provisioned pvc using storageclass" classname="Kubernetes e2e suite" time="0">
          <skipped></skipped>
      </testcase>
      <testcase name="[sig-storage] In-tree Volumes [Driver: rbd][Feature:Volumes] [Testpattern: Dynamic PV (ntfs)][sig-windows] provisioning should provision storage with mount options" classname="Kubernetes e2e suite" time="0">
          <skipped></skipped>
      </testcase>
      <testcase name="[sig-storage] In-tree Volumes [Driver: local][LocalVolumeType: dir] [Testpattern: Dynamic PV (default fs)] volumes should allow exec of files on the volume" classname="Kubernetes e2e suite" time="0">
          <skipped></skipped>
      </testcase>
      <testcase name="[sig-storage] CSI Volumes [Driver: pd.csi.storage.gke.io][Serial] [Testpattern: Pre-provisioned PV (default fs)] subPath should support restarting containers using directory as subpath [Slow]" classname="Kubernetes e2e suite" time="0">
          <skipped></skipped>
      </testcase>
      <testcase name="[sig-storage] In-tree Volumes [Driver: hostPath] [Testpattern: Dynamic PV (default fs)] subPath should fail if non-existent subpath is outside the volume [Slow]" classname="Kubernetes e2e suite" time="0">
          <skipped></skipped>
      </testcase>
      <testcase name="[sig-network] Service endpoints latency should not be very high  [Conformance]" classname="Kubernetes e2e suite" time="31.311868959"></testcase>
      <testcase name="[sig-storage] In-tree Volumes [Driver: azure] [Testpattern: Dynamic PV (xfs)] volumes should allow exec of files on the volume" classname="Kubernetes e2e suite" time="0">
          <skipped></skipped>
      </testcase>
      <testcase name="[sig-storage] PersistentVolumes NFS with Single PV - PVC pairs should create a non-pre-bound PV and PVC: test write access " classname="Kubernetes e2e suite" time="0">
          <skipped></skipped>
      </testcase>
      <testcase name="[sig-storage] In-tree Volumes [Driver: ceph][Feature:Volumes] [Testpattern: Pre-provisioned PV (default fs)] subPath should fail if subpath with backstepping is outside the volume [Slow]" classname="Kubernetes e2e suite" time="0">
          <skipped></skipped>
      </testcase>
      <testcase name="[sig-storage] In-tree Volumes [Driver: nfs] [Testpattern: Dynamic PV (default fs)] subPath should be able to unmount after the subpath directory is deleted" classname="Kubernetes e2e suite" time="0">
          <skipped></skipped>
      </testcase>
      <testcase name="[sig-storage] In-tree Volumes [Driver: aws] [Testpattern: Inline-volume (default fs)] subPath should be able to unmount after the subpath directory is deleted" classname="Kubernetes e2e suite" time="0">
          <skipped></skipped>
      </testcase>
      <testcase name="[sig-storage] Volume Placement should create and delete pod with the same volume source on the same worker node" classname="Kubernetes e2e suite" time="0">
          <skipped></skipped>
      </testcase>
      <testcase name="[sig-storage] In-tree Volumes [Driver: local][LocalVolumeType: block] [Testpattern: Dynamic PV (default fs)] subPath should fail if subpath file is outside the volume [Slow]" classname="Kubernetes e2e suite" time="0">
          <skipped></skipped>
      </testcase>
      <testcase name="[sig-storage] In-tree Volumes [Driver: ceph][Feature:Volumes] [Testpattern: Dynamic PV (xfs)] volumes should allow exec of files on the volume" classname="Kubernetes e2e suite" time="0">
          <skipped></skipped>
      </testcase>
      <testcase name="[sig-storage] In-tree Volumes [Driver: hostPathSymlink] [Testpattern: Inline-volume (default fs)] subPath should verify container cannot write to subpath readonly volumes" classname="Kubernetes e2e suite" time="0">
          <skipped></skipped>
      </testcase>
      <testcase name="[sig-storage] In-tree Volumes [Driver: emptydir] [Testpattern: Inline-volume (default fs)] subPath should unmount if pod is force deleted while kubelet is down [Disruptive][Slow]" classname="Kubernetes e2e suite" time="0">
          <skipped></skipped>
      </testcase>
      <testcase name="[sig-storage] In-tree Volumes [Driver: local][LocalVolumeType: dir-link-bindmounted] [Testpattern: Dynamic PV (ntfs)][sig-windows] provisioning should provision storage with defaults" classname="Kubernetes e2e suite" time="0.001860132">
          <skipped></skipped>
      </testcase>
      <testcase name="[sig-apps] Deployment RollingUpdateDeployment should delete old pods and create new ones [Conformance]" classname="Kubernetes e2e suite" time="24.598206277"></testcase>
      <testcase name="[sig-storage] In-tree Volumes [Driver: local][LocalVolumeType: dir] [Testpattern: Dynamic PV (default fs)] volumes should be mountable" classname="Kubernetes e2e suite" time="0">
          <skipped></skipped>
      </testcase>
      <testcase name="[sig-storage] CSI Volumes [Driver: pd.csi.storage.gke.io][Feature: gcePD-external] [Testpattern: Pre-provisioned PV (default fs)] subPath should fail if subpath file is outside the volume [Slow]" classname="Kubernetes e2e suite" time="0">
          <skipped></skipped>
      </testcase>
      <testcase name="[sig-storage] In-tree Volumes [Driver: gcepd] [Testpattern: Inline-volume (default fs)] subPath should fail if subpath with backstepping is outside the volume [Slow]" classname="Kubernetes e2e suite" time="0">
          <skipped></skipped>
      </testcase>
      <testcase name="[sig-storage] In-tree Volumes [Driver: local][LocalVolumeType: dir-bindmounted] [Testpattern: Inline-volume (default fs)] subPath should support restarting containers using directory as subpath [Slow]" classname="Kubernetes e2e suite" time="0">
          <skipped></skipped>
      </testcase>
      <testcase name="[sig-auth] PodSecurityPolicy should enforce the restricted policy.PodSecurityPolicy" classname="Kubernetes e2e suite" time="0">
          <skipped></skipped>
      </testcase>
      <testcase name="[sig-storage] In-tree Volumes [Driver: local][LocalVolumeType: dir-link-bindmounted] [Testpattern: Dynamic PV (ntfs)][sig-windows] provisioning should access volume from different nodes" classname="Kubernetes e2e suite" time="0.001779609">
          <skipped></skipped>
      </testcase>
      <testcase name="[sig-storage] In-tree Volumes [Driver: rbd][Feature:Volumes] [Testpattern: Pre-provisioned PV (default fs)] subPath should fail if subpath with backstepping is outside the volume [Slow]" classname="Kubernetes e2e suite" time="0">
          <skipped></skipped>
      </testcase>
      <testcase name="[sig-storage] In-tree Volumes [Driver: cinder] [Testpattern: Dynamic PV (default fs)] subPath should be able to unmount after the subpath directory is deleted" classname="Kubernetes e2e suite" time="0">
          <skipped></skipped>
      </testcase>
      <testcase name="[sig-storage] CSI Volumes CSI Topology test using GCE PD driver [Serial] should provision zonal PD with delayed volume binding and AllowedTopologies set and mount the volume to a pod" classname="Kubernetes e2e suite" time="0">
          <skipped></skipped>
      </testcase>
      <testcase name="[sig-storage] In-tree Volumes [Driver: gcepd] [Testpattern: Inline-volume (ntfs)][sig-windows] volumes should allow exec of files on the volume" classname="Kubernetes e2e suite" time="58.385210676"></testcase>
      <testcase name="[sig-storage] In-tree Volumes [Driver: local][LocalVolumeType: tmpfs] [Testpattern: Pre-provisioned PV (default fs)] subPath should support readOnly file specified in the volumeMount" classname="Kubernetes e2e suite" time="0">
          <skipped></skipped>
      </testcase>
      <testcase name="[sig-storage] CSI Volumes [Driver: csi-hostpath] [Testpattern: Pre-provisioned PV (default fs)] subPath should support readOnly directory specified in the volumeMount" classname="Kubernetes e2e suite" time="0">
          <skipped></skipped>
      </testcase>
      <testcase name="[sig-storage] CSI Volumes [Driver: csi-hostpath] [Testpattern: Dynamic PV (default fs)] subPath should unmount if pod is gracefully deleted while kubelet is down [Disruptive][Slow]" classname="Kubernetes e2e suite" time="0">
          <skipped></skipped>
      </testcase>
      <testcase name="[sig-storage] CSI Volumes [Driver: pd.csi.storage.gke.io][Feature: gcePD-external] [Testpattern: Dynamic PV (default fs)] subPath should support existing directory" classname="Kubernetes e2e suite" time="0">
          <skipped></skipped>
      </testcase>
      <testcase name="[sig-storage] In-tree Volumes [Driver: local][LocalVolumeType: tmpfs] [Testpattern: Dynamic PV (ntfs)][sig-windows] volumes should be mountable" classname="Kubernetes e2e suite" time="0.000834832">
          <skipped></skipped>
      </testcase>
      <testcase name="[sig-storage] In-tree Volumes [Driver: nfs] [Testpattern: Dynamic PV (ntfs)][sig-windows] volumes should be mountable" classname="Kubernetes e2e suite" time="0.000784253">
          <skipped></skipped>
      </testcase>
      <testcase name="[sig-storage] In-tree Volumes [Driver: vSphere] [Testpattern: Dynamic PV (ntfs)][sig-windows] provisioning should create and delete block persistent volumes" classname="Kubernetes e2e suite" time="0.000712857">
          <skipped></skipped>
      </testcase>
      <testcase name="[sig-storage] In-tree Volumes [Driver: rbd][Feature:Volumes] [Testpattern: Inline-volume (default fs)] subPath should support existing single file" classname="Kubernetes e2e suite" time="0">
          <skipped></skipped>
      </testcase>
      <testcase name="[sig-storage] In-tree Volumes [Driver: local][LocalVolumeType: block] [Testpattern: Pre-provisioned PV (block volmode)] volumeMode should create sc, pod, pv, and pvc, read/write to the pv, and delete all created resources" classname="Kubernetes e2e suite" time="0">
          <skipped></skipped>
      </testcase>
      <testcase name="[sig-storage] In-tree Volumes [Driver: local][LocalVolumeType: dir] [Testpattern: Dynamic PV (ntfs)][sig-windows] provisioning should allow concurrent writes on the same node" classname="Kubernetes e2e suite" time="0.000747496">
          <skipped></skipped>
      </testcase>
      <testcase name="[sig-storage] In-tree Volumes [Driver: cinder] [Testpattern: Dynamic PV (ext3)] volumes should be mountable" classname="Kubernetes e2e suite" time="0">
          <skipped></skipped>
      </testcase>
      <testcase name="[sig-storage] CSI Volumes [Driver: pd.csi.storage.gke.io][Feature: gcePD-external] [Testpattern: Dynamic PV (default fs)] volumeIO should write files of various sizes, verify size, validate content [Slow]" classname="Kubernetes e2e suite" time="0">
          <skipped></skipped>
      </testcase>
      <testcase name="[sig-storage] PersistentVolumes-local  Local volume that cannot be mounted [Slow] should fail due to wrong node" classname="Kubernetes e2e suite" time="0">
          <skipped></skipped>
      </testcase>
      <testcase name="[sig-storage] In-tree Volumes [Driver: local][LocalVolumeType: blockfs] [Testpattern: Pre-provisioned PV (xfs)] volumes should allow exec of files on the volume" classname="Kubernetes e2e suite" time="0">
          <skipped></skipped>
      </testcase>
      <testcase name="[sig-storage] CSI Volumes [Driver: csi-hostpath] [Testpattern: Dynamic PV (default fs)] subPath should support existing directory" classname="Kubernetes e2e suite" time="0">
          <skipped></skipped>
      </testcase>
      <testcase name="[sig-storage] In-tree Volumes [Driver: local][LocalVolumeType: dir-link-bindmounted] [Testpattern: Dynamic PV (default fs)] volumeIO should write files of various sizes, verify size, validate content [Slow]" classname="Kubernetes e2e suite" time="0">
          <skipped></skipped>
      </testcase>
      <testcase name="[sig-storage] In-tree Volumes [Driver: local][LocalVolumeType: gce-localssd-scsi-fs] [Serial] [Testpattern: Inline-volume (default fs)] subPath should verify container cannot write to subpath readonly volumes" classname="Kubernetes e2e suite" time="0">
          <skipped></skipped>
      </testcase>
      <testcase name="[sig-storage] In-tree Volumes [Driver: emptydir] [Testpattern: Dynamic PV (ext3)] volumes should allow exec of files on the volume" classname="Kubernetes e2e suite" time="0">
          <skipped></skipped>
      </testcase>
      <testcase name="[sig-storage] In-tree Volumes [Driver: local][LocalVolumeType: dir-link] [Testpattern: Dynamic PV (ext4)] volumes should be mountable" classname="Kubernetes e2e suite" time="0">
          <skipped></skipped>
      </testcase>
      <testcase name="[k8s.io] [sig-node] Security Context should support volume SELinux relabeling when using hostPID [Flaky] [LinuxOnly]" classname="Kubernetes e2e suite" time="0">
          <skipped></skipped>
      </testcase>
      <testcase name="[sig-storage] In-tree Volumes [Driver: local][LocalVolumeType: dir-bindmounted] [Testpattern: Dynamic PV (default fs)] subPath should unmount if pod is gracefully deleted while kubelet is down [Disruptive][Slow]" classname="Kubernetes e2e suite" time="0">
          <skipped></skipped>
      </testcase>
      <testcase name="[sig-storage] In-tree Volumes [Driver: rbd][Feature:Volumes] [Testpattern: Inline-volume (default fs)] subPath should be able to unmount after the subpath directory is deleted" classname="Kubernetes e2e suite" time="0">
          <skipped></skipped>
      </testcase>
      <testcase name="[sig-storage] In-tree Volumes [Driver: hostPathSymlink] [Testpattern: Inline-volume (ext4)] volumes should allow exec of files on the volume" classname="Kubernetes e2e suite" time="0">
          <skipped></skipped>
      </testcase>
      <testcase name="[sig-storage] vcp-performance [Feature:vsphere] vcp performance tests" classname="Kubernetes e2e suite" time="0">
          <skipped></skipped>
      </testcase>
      <testcase name="[sig-storage] CSI Volumes [Driver: pd.csi.storage.gke.io][Feature: gcePD-external] [Testpattern: Inline-volume (default fs)] subPath should support readOnly file specified in the volumeMount" classname="Kubernetes e2e suite" time="0">
          <skipped></skipped>
      </testcase>
      <testcase name="[sig-storage] In-tree Volumes [Driver: aws] [Testpattern: Dynamic PV (default fs)] volumeIO should write files of various sizes, verify size, validate content [Slow]" classname="Kubernetes e2e suite" time="0">
          <skipped></skipped>
      </testcase>
      <testcase name="[sig-storage] In-tree Volumes [Driver: gcepd] [Testpattern: Dynamic PV (default fs)] volumes should allow exec of files on the volume" classname="Kubernetes e2e suite" time="0">
          <skipped></skipped>
      </testcase>
      <testcase name="[sig-storage] PersistentVolumes-local  [Volume type: dir-bindmounted] Two pods mounting a local volume one after the other should be able to write from pod1 and read from pod2" classname="Kubernetes e2e suite" time="0">
          <skipped></skipped>
      </testcase>
      <testcase name="[sig-storage] In-tree Volumes [Driver: aws] [Testpattern: Pre-provisioned PV (default fs)] subPath should fail if subpath directory is outside the volume [Slow]" classname="Kubernetes e2e suite" time="0">
          <skipped></skipped>
      </testcase>
      <testcase name="[sig-storage] In-tree Volumes [Driver: ceph][Feature:Volumes] [Testpattern: Pre-provisioned PV (block volmode)] volumeMode should fail to create pod by failing to mount volume" classname="Kubernetes e2e suite" time="0">
          <skipped></skipped>
      </testcase>
      <testcase name="[sig-storage] In-tree Volumes [Driver: local][LocalVolumeType: dir-bindmounted] [Testpattern: Inline-volume (default fs)] subPath should fail if subpath file is outside the volume [Slow]" classname="Kubernetes e2e suite" time="0">
          <skipped></skipped>
      </testcase>
      <testcase name="[sig-storage] In-tree Volumes [Driver: vSphere] [Testpattern: Pre-provisioned PV (default fs)] volumeIO should write files of various sizes, verify size, validate content [Slow]" classname="Kubernetes e2e suite" time="0">
          <skipped></skipped>
      </testcase>
      <testcase name="[sig-storage] In-tree Volumes [Driver: azure] [Testpattern: Inline-volume (xfs)] volumes should be mountable" classname="Kubernetes e2e suite" time="0">
          <skipped></skipped>
      </testcase>
      <testcase name="[sig-storage] CSI Volumes [Driver: pd.csi.storage.gke.io][Feature: gcePD-external] [Testpattern: Pre-provisioned PV (default fs)] subPath should support existing directories when readOnly specified in the volumeSource" classname="Kubernetes e2e suite" time="0">
          <skipped></skipped>
      </testcase>
      <testcase name="[sig-storage] In-tree Volumes [Driver: vSphere] [Testpattern: Pre-provisioned PV (default fs)] subPath should support readOnly file specified in the volumeMount" classname="Kubernetes e2e suite" time="0">
          <skipped></skipped>
      </testcase>
      <testcase name="[sig-storage] In-tree Volumes [Driver: local][LocalVolumeType: tmpfs] [Testpattern: Inline-volume (default fs)] subPath should support restarting containers using directory as subpath [Slow]" classname="Kubernetes e2e suite" time="0">
          <skipped></skipped>
      </testcase>
      <testcase name="[sig-instrumentation] Stackdriver Monitoring should have accelerator metrics [Feature:StackdriverAcceleratorMonitoring]" classname="Kubernetes e2e suite" time="0">
          <skipped></skipped>
      </testcase>
      <testcase name="[k8s.io] [sig-node] AppArmor load AppArmor profiles should enforce an AppArmor profile" classname="Kubernetes e2e suite" time="0">
          <skipped></skipped>
      </testcase>
      <testcase name="[sig-auth] Advanced Audit [DisabledForLargeClusters] should audit API calls to create, get, update, patch, delete, list, watch secrets." classname="Kubernetes e2e suite" time="0">
          <skipped></skipped>
      </testcase>
      <testcase name="[sig-storage] In-tree Volumes [Driver: vSphere] [Testpattern: Pre-provisioned PV (ext3)] volumes should be mountable" classname="Kubernetes e2e suite" time="0">
          <skipped></skipped>
      </testcase>
      <testcase name="[sig-storage] In-tree Volumes [Driver: hostPath] [Testpattern: Pre-provisioned PV (default fs)] subPath should support file as subpath" classname="Kubernetes e2e suite" time="0">
          <skipped></skipped>
      </testcase>
      <testcase name="[sig-api-machinery] CustomResourcePublishOpenAPI [Feature:CustomResourcePublishOpenAPI] removes definition from spec when one versin gets changed to not be served" classname="Kubernetes e2e suite" time="0">
          <skipped></skipped>
      </testcase>
      <testcase name="[sig-storage] In-tree Volumes [Driver: local][LocalVolumeType: dir-link] [Testpattern: Dynamic PV (default fs)] provisioning should provision storage with snapshot data source [Feature:VolumeSnapshotDataSource]" classname="Kubernetes e2e suite" time="0">
          <skipped></skipped>
      </testcase>
      <testcase name="[sig-storage] In-tree Volumes [Driver: gcepd] [Testpattern: Inline-volume (xfs)] volumes should allow exec of files on the volume" classname="Kubernetes e2e suite" time="0">
          <skipped></skipped>
      </testcase>
      <testcase name="[sig-storage] In-tree Volumes [Driver: gcepd] [Testpattern: Dynamic PV (ntfs)][sig-windows] provisioning should allow concurrent writes on the same node" classname="Kubernetes e2e suite" time="7.968768554">
          <skipped></skipped>
      </testcase>
      <testcase name="[sig-storage] In-tree Volumes [Driver: hostPathSymlink] [Testpattern: Dynamic PV (default fs)] subPath should support existing single file" classname="Kubernetes e2e suite" time="0">
          <skipped></skipped>
      </testcase>
      <testcase name="[sig-storage] In-tree Volumes [Driver: local][LocalVolumeType: blockfs] [Testpattern: Inline-volume (default fs)] subPath should fail if subpath file is outside the volume [Slow]" classname="Kubernetes e2e suite" time="0">
          <skipped></skipped>
      </testcase>
      <testcase name="[sig-apps] Daemon set [Serial] should run and stop simple daemon [Conformance]" classname="Kubernetes e2e suite" time="0">
          <skipped></skipped>
      </testcase>
      <testcase name="[sig-storage] In-tree Volumes [Driver: hostPath] [Testpattern: Pre-provisioned PV (default fs)] subPath should support existing directory" classname="Kubernetes e2e suite" time="0">
          <skipped></skipped>
      </testcase>
      <testcase name="[sig-storage] In-tree Volumes [Driver: hostPathSymlink] [Testpattern: Inline-volume (ext3)] volumes should be mountable" classname="Kubernetes e2e suite" time="0">
          <skipped></skipped>
      </testcase>
      <testcase name="[sig-storage] In-tree Volumes [Driver: nfs] [Testpattern: Pre-provisioned PV (default fs)] subPath should unmount if pod is force deleted while kubelet is down [Disruptive][Slow]" classname="Kubernetes e2e suite" time="0">
          <skipped></skipped>
      </testcase>
      <testcase name="[sig-storage] In-tree Volumes [Driver: aws] [Testpattern: Dynamic PV (default fs)] provisioning should access volume from different nodes" classname="Kubernetes e2e suite" time="0">
          <skipped></skipped>
      </testcase>
      <testcase name="[sig-scalability] Load capacity [Feature:ManualPerformance] should be able to handle 30 pods per node ReplicationController with 0 secrets, 0 configmaps and 2 daemons" classname="Kubernetes e2e suite" time="0">
          <skipped></skipped>
      </testcase>
      <testcase name="[sig-storage] In-tree Volumes [Driver: cinder] [Testpattern: Pre-provisioned PV (default fs)] volumeIO should write files of various sizes, verify size, validate content [Slow]" classname="Kubernetes e2e suite" time="0">
          <skipped></skipped>
      </testcase>
      <testcase name="[sig-storage] In-tree Volumes [Driver: azure] [Testpattern: Pre-provisioned PV (default fs)] subPath should support existing single file" classname="Kubernetes e2e suite" time="0">
          <skipped></skipped>
      </testcase>
      <testcase name="[sig-storage] In-tree Volumes [Driver: gluster] [Testpattern: Pre-provisioned PV (ext3)] volumes should be mountable" classname="Kubernetes e2e suite" time="0">
          <skipped></skipped>
      </testcase>
      <testcase name="[sig-storage] In-tree Volumes [Driver: local][LocalVolumeType: tmpfs] [Testpattern: Dynamic PV (default fs)] provisioning should allow concurrent writes on the same node" classname="Kubernetes e2e suite" time="0">
          <skipped></skipped>
      </testcase>
      <testcase name="[sig-storage] In-tree Volumes [Driver: gluster] [Testpattern: Dynamic PV (xfs)] volumes should be mountable" classname="Kubernetes e2e suite" time="0">
          <skipped></skipped>
      </testcase>
      <testcase name="[sig-network] Services should preserve source pod IP for traffic thru service cluster IP" classname="Kubernetes e2e suite" time="0">
          <skipped></skipped>
      </testcase>
      <testcase name="[sig-storage] CSI Volumes [Driver: pd.csi.storage.gke.io][Feature: gcePD-external] [Testpattern: Pre-provisioned PV (ext4)] volumes should allow exec of files on the volume" classname="Kubernetes e2e suite" time="0">
          <skipped></skipped>
      </testcase>
      <testcase name="[sig-storage] CSI Volumes [Driver: pd.csi.storage.gke.io][Serial] [Testpattern: Pre-provisioned PV (default fs)] subPath should fail if subpath directory is outside the volume [Slow]" classname="Kubernetes e2e suite" time="0">
          <skipped></skipped>
      </testcase>
      <testcase name="[sig-storage] CSI Volumes [Driver: pd.csi.storage.gke.io][Feature: gcePD-external] [Testpattern: Inline-volume (xfs)] volumes should allow exec of files on the volume" classname="Kubernetes e2e suite" time="0">
          <skipped></skipped>
      </testcase>
      <testcase name="[sig-storage] In-tree Volumes [Driver: hostPath] [Testpattern: Pre-provisioned PV (default fs)] subPath should support creating multiple subpath from same volumes [Slow]" classname="Kubernetes e2e suite" time="0">
          <skipped></skipped>
      </testcase>
      <testcase name="[sig-storage] In-tree Volumes [Driver: aws] [Testpattern: Pre-provisioned PV (xfs)] volumes should allow exec of files on the volume" classname="Kubernetes e2e suite" time="0">
          <skipped></skipped>
      </testcase>
      <testcase name="[sig-cluster-lifecycle] [Feature:BootstrapTokens] should sign the new added bootstrap tokens" classname="Kubernetes e2e suite" time="0">
          <skipped></skipped>
      </testcase>
      <testcase name="[sig-storage] PersistentVolumes-local  [Volume type: dir-link-bindmounted] Two pods mounting a local volume one after the other should be able to write from pod1 and read from pod2" classname="Kubernetes e2e suite" time="0">
          <skipped></skipped>
      </testcase>
      <testcase name="[sig-network] Loadbalancing: L7 GCE [Slow] [Feature:Ingress] should create ingress with given static-ip" classname="Kubernetes e2e suite" time="0">
          <skipped></skipped>
      </testcase>
      <testcase name="[sig-storage] CSI Volumes [Driver: csi-hostpath] [Testpattern: Inline-volume (ntfs)][sig-windows] volumes should allow exec of files on the volume" classname="Kubernetes e2e suite" time="0.002032825">
          <skipped></skipped>
      </testcase>
      <testcase name="[sig-storage] CSI Volumes [Driver: csi-hostpath-v0] [Testpattern: Inline-volume (default fs)] subPath should unmount if pod is gracefully deleted while kubelet is down [Disruptive][Slow]" classname="Kubernetes e2e suite" time="0">
          <skipped></skipped>
      </testcase>
      <testcase name="[sig-storage] PersistentVolumes [Feature:ReclaimPolicy] [sig-storage] persistentvolumereclaim:vsphere should retain persistent volume when reclaimPolicy set to retain when associated claim is deleted" classname="Kubernetes e2e suite" time="0">
          <skipped></skipped>
      </testcase>
      <testcase name="[sig-storage] PersistentVolumes-local  [Volume type: tmpfs] One pod requesting one prebound PVC should be able to mount volume and read from pod1" classname="Kubernetes e2e suite" time="0">
          <skipped></skipped>
      </testcase>
      <testcase name="[sig-storage] CSI mock volume CSI attach test using mock driver should require VolumeAttach for drivers with attachment" classname="Kubernetes e2e suite" time="0">
          <skipped></skipped>
      </testcase>
      <testcase name="[sig-apps] Daemon set [Serial] should rollback without unnecessary restarts [Conformance]" classname="Kubernetes e2e suite" time="0">
          <skipped></skipped>
      </testcase>
      <testcase name="[sig-storage] CSI Volumes [Driver: pd.csi.storage.gke.io][Serial] [Testpattern: Inline-volume (default fs)] subPath should fail if subpath with backstepping is outside the volume [Slow]" classname="Kubernetes e2e suite" time="0">
          <skipped></skipped>
      </testcase>
      <testcase name="[sig-storage] In-tree Volumes [Driver: local][LocalVolumeType: dir-link] [Testpattern: Dynamic PV (default fs)] subPath should support existing single file" classname="Kubernetes e2e suite" time="0">
          <skipped></skipped>
      </testcase>
      <testcase name="[sig-autoscaling] Cluster size autoscaling [Slow] Should scale up GPU pool from 0 [GpuType:] [Feature:ClusterSizeAutoscalingGpu]" classname="Kubernetes e2e suite" time="0">
          <skipped></skipped>
      </testcase>
      <testcase name="[k8s.io] Pods should be updated [NodeConformance] [Conformance]" classname="Kubernetes e2e suite" time="32.915318917"></testcase>
      <testcase name="[sig-storage] Dynamic Provisioning DynamicProvisioner allowedTopologies should create persistent volume in the zone specified in allowedTopologies of storageclass" classname="Kubernetes e2e suite" time="0">
          <skipped></skipped>
      </testcase>
      <testcase name="[sig-network] Networking should provide Internet connection for containers [Feature:Networking-IPv4]" classname="Kubernetes e2e suite" time="0">
          <skipped></skipped>
      </testcase>
      <testcase name="[k8s.io] Cluster size autoscaler scalability [Slow] shouldn&#39;t scale down with underutilized nodes due to host port conflicts [Feature:ClusterAutoscalerScalability5]" classname="Kubernetes e2e suite" time="0">
          <skipped></skipped>
      </testcase>
      <testcase name="[sig-storage] In-tree Volumes [Driver: local][LocalVolumeType: tmpfs] [Testpattern: Pre-provisioned PV (default fs)] subPath should support existing directories when readOnly specified in the volumeSource" classname="Kubernetes e2e suite" time="0">
          <skipped></skipped>
      </testcase>
      <testcase name="[sig-apps] StatefulSet [k8s.io] Deploy clustered applications [Feature:StatefulSet] [Slow] should creating a working redis cluster" classname="Kubernetes e2e suite" time="0">
          <skipped></skipped>
      </testcase>
      <testcase name="[sig-storage] In-tree Volumes [Driver: local][LocalVolumeType: blockfs] [Testpattern: Dynamic PV (ntfs)][sig-windows] provisioning should provision storage with defaults" classname="Kubernetes e2e suite" time="0.001001085">
          <skipped></skipped>
      </testcase>
      <testcase name="[sig-storage] In-tree Volumes [Driver: local][LocalVolumeType: dir-link-bindmounted] [Testpattern: Dynamic PV (ntfs)][sig-windows] provisioning should create and delete block persistent volumes" classname="Kubernetes e2e suite" time="0.000934061">
          <skipped></skipped>
      </testcase>
      <testcase name="[sig-storage] In-tree Volumes [Driver: ceph][Feature:Volumes] [Testpattern: Inline-volume (default fs)] subPath should support creating multiple subpath from same volumes [Slow]" classname="Kubernetes e2e suite" time="0">
          <skipped></skipped>
      </testcase>
      <testcase name="[sig-storage] CSI Volumes [Driver: csi-hostpath] [Testpattern: Pre-provisioned PV (default fs)] volumeIO should write files of various sizes, verify size, validate content [Slow]" classname="Kubernetes e2e suite" time="0">
          <skipped></skipped>
      </testcase>
      <testcase name="[sig-storage] In-tree Volumes [Driver: local][LocalVolumeType: dir-bindmounted] [Testpattern: Pre-provisioned PV (default fs)] subPath should support restarting containers using directory as subpath [Slow]" classname="Kubernetes e2e suite" time="0">
          <skipped></skipped>
      </testcase>
      <testcase name="[sig-storage] In-tree Volumes [Driver: iscsi][Feature:Volumes] [Testpattern: Pre-provisioned PV (default fs)] subPath should support existing directories when readOnly specified in the volumeSource" classname="Kubernetes e2e suite" time="0">
          <skipped></skipped>
      </testcase>
      <testcase name="[sig-storage] EmptyDir volumes should support (non-root,0777,tmpfs) [LinuxOnly] [NodeConformance] [Conformance]" classname="Kubernetes e2e suite" time="0">
          <skipped></skipped>
      </testcase>
      <testcase name="[sig-storage] In-tree Volumes [Driver: azure] [Testpattern: Pre-provisioned PV (default fs)] subPath should fail if subpath with backstepping is outside the volume [Slow]" classname="Kubernetes e2e suite" time="0">
          <skipped></skipped>
      </testcase>
      <testcase name="[k8s.io] Variable Expansion should fail substituting values in a volume subpath with backticks [Feature:VolumeSubpathEnvExpansion][NodeAlphaFeature:VolumeSubpathEnvExpansion][Slow]" classname="Kubernetes e2e suite" time="0">
          <skipped></skipped>
      </testcase>
      <testcase name="[sig-storage] In-tree Volumes [Driver: cinder] [Testpattern: Dynamic PV (default fs)] subPath should support existing single file" classname="Kubernetes e2e suite" time="0">
          <skipped></skipped>
      </testcase>
      <testcase name="[sig-storage] PersistentVolumes GCEPD should test that deleting the Namespace of a PVC and Pod causes the successful detach of Persistent Disk" classname="Kubernetes e2e suite" time="0">
          <skipped></skipped>
      </testcase>
      <testcase name="[sig-apps] StatefulSet [k8s.io] Deploy clustered applications [Feature:StatefulSet] [Slow] should creating a working zookeeper cluster" classname="Kubernetes e2e suite" time="0">
          <skipped></skipped>
      </testcase>
      <testcase name="[sig-storage] CSI Volumes [Driver: pd.csi.storage.gke.io][Feature: gcePD-external] [Testpattern: Pre-provisioned PV (default fs)] subPath should be able to unmount after the subpath directory is deleted" classname="Kubernetes e2e suite" time="0">
          <skipped></skipped>
      </testcase>
      <testcase name="[sig-storage] Zone Support Verify PVC creation fails if the availability zone specified in the storage class have no shared datastores under it." classname="Kubernetes e2e suite" time="0">
          <skipped></skipped>
      </testcase>
      <testcase name="[sig-network] Services should be able to update NodePorts with two same port numbers but different protocols" classname="Kubernetes e2e suite" time="0">
          <skipped></skipped>
      </testcase>
      <testcase name="[sig-storage] In-tree Volumes [Driver: azure] [Testpattern: Dynamic PV (ext3)] volumes should allow exec of files on the volume" classname="Kubernetes e2e suite" time="0">
          <skipped></skipped>
      </testcase>
      <testcase name="[sig-storage] In-tree Volumes [Driver: rbd][Feature:Volumes] [Testpattern: Dynamic PV (ntfs)][sig-windows] provisioning should allow concurrent writes on the same node" classname="Kubernetes e2e suite" time="0">
          <skipped></skipped>
      </testcase>
      <testcase name="[k8s.io] [sig-node] Security Context should support pod.Spec.SecurityContext.SupplementalGroups [LinuxOnly]" classname="Kubernetes e2e suite" time="0">
          <skipped></skipped>
      </testcase>
      <testcase name="[sig-storage] In-tree Volumes [Driver: local][LocalVolumeType: dir-bindmounted] [Testpattern: Pre-provisioned PV (default fs)] subPath should support creating multiple subpath from same volumes [Slow]" classname="Kubernetes e2e suite" time="0">
          <skipped></skipped>
      </testcase>
      <testcase name="[sig-storage] In-tree Volumes [Driver: iscsi][Feature:Volumes] [Testpattern: Dynamic PV (default fs)] subPath should support existing directory" classname="Kubernetes e2e suite" time="0">
          <skipped></skipped>
      </testcase>
      <testcase name="[sig-storage] In-tree Volumes [Driver: ceph][Feature:Volumes] [Testpattern: Pre-provisioned PV (default fs)] subPath should support readOnly file specified in the volumeMount" classname="Kubernetes e2e suite" time="0">
          <skipped></skipped>
      </testcase>
      <testcase name="[sig-storage] CSI Volumes [Driver: pd.csi.storage.gke.io][Feature: gcePD-external] [Testpattern: Pre-provisioned PV (default fs)] subPath should support non-existent path" classname="Kubernetes e2e suite" time="0">
          <skipped></skipped>
      </testcase>
      <testcase name="[sig-storage] GCP Volumes NFSv4 should be mountable for NFSv4" classname="Kubernetes e2e suite" time="0">
          <skipped></skipped>
      </testcase>
      <testcase name="[sig-storage] In-tree Volumes [Driver: local][LocalVolumeType: dir] [Testpattern: Inline-volume (default fs)] subPath should support restarting containers using directory as subpath [Slow]" classname="Kubernetes e2e suite" time="0">
          <skipped></skipped>
      </testcase>
      <testcase name="[sig-autoscaling] [HPA] Horizontal pod autoscaling (scale resource: CPU) [sig-autoscaling] ReplicationController light Should scale from 2 pods to 1 pod" classname="Kubernetes e2e suite" time="0">
          <skipped></skipped>
      </testcase>
      <testcase name="[sig-network] Loadbalancing: L7 GCE [Slow] [Feature:NEG] should be able to switch between IG and NEG modes" classname="Kubernetes e2e suite" time="0">
          <skipped></skipped>
      </testcase>
      <testcase name="[sig-storage] In-tree Volumes [Driver: emptydir] [Testpattern: Pre-provisioned PV (default fs)] subPath should support existing directories when readOnly specified in the volumeSource" classname="Kubernetes e2e suite" time="0">
          <skipped></skipped>
      </testcase>
      <testcase name="[sig-storage] In-tree Volumes [Driver: gcepd] [Testpattern: Pre-provisioned PV (filesystem volmode)] volumeMode should create sc, pod, pv, and pvc, read/write to the pv, and delete all created resources" classname="Kubernetes e2e suite" time="0">
          <skipped></skipped>
      </testcase>
      <testcase name="[sig-storage] ConfigMap should be consumable in multiple volumes in the same pod [NodeConformance] [Conformance]" classname="Kubernetes e2e suite" time="16.563079114"></testcase>
      <testcase name="[sig-storage] In-tree Volumes [Driver: local][LocalVolumeType: dir] [Testpattern: Dynamic PV (default fs)] provisioning should provision storage with defaults" classname="Kubernetes e2e suite" time="0">
          <skipped></skipped>
      </testcase>
      <testcase name="[sig-storage] In-tree Volumes [Driver: cinder] [Testpattern: Inline-volume (default fs)] volumes should be mountable" classname="Kubernetes e2e suite" time="0">
          <skipped></skipped>
      </testcase>
      <testcase name="[sig-storage] CSI Volumes [Driver: csi-hostpath] [Testpattern: Inline-volume (ntfs)][sig-windows] volumes should be mountable" classname="Kubernetes e2e suite" time="0.001870794">
          <skipped></skipped>
      </testcase>
      <testcase name="[sig-storage] In-tree Volumes [Driver: local][LocalVolumeType: dir-link] [Testpattern: Dynamic PV (default fs)] subPath should support restarting containers using directory as subpath [Slow]" classname="Kubernetes e2e suite" time="0">
          <skipped></skipped>
      </testcase>
      <testcase name="[sig-storage] In-tree Volumes [Driver: hostPathSymlink] [Testpattern: Pre-provisioned PV (default fs)] volumes should allow exec of files on the volume" classname="Kubernetes e2e suite" time="0">
          <skipped></skipped>
      </testcase>
      <testcase name="[sig-storage] In-tree Volumes [Driver: local][LocalVolumeType: tmpfs] [Testpattern: Pre-provisioned PV (default fs)] subPath should support file as subpath" classname="Kubernetes e2e suite" time="0">
          <skipped></skipped>
      </testcase>
      <testcase name="[sig-storage] PersistentVolumes:vsphere should test that deleting the PV before the pod does not cause pod deletion to fail on vspehre volume detach" classname="Kubernetes e2e suite" time="0">
          <skipped></skipped>
      </testcase>
      <testcase name="[sig-storage] In-tree Volumes [Driver: nfs] [Testpattern: Inline-volume (default fs)] subPath should support non-existent path" classname="Kubernetes e2e suite" time="0">
          <skipped></skipped>
      </testcase>
      <testcase name="[sig-storage] PersistentVolumes:vsphere should test that a file written to the vspehre volume mount before kubelet restart can be read after restart [Disruptive]" classname="Kubernetes e2e suite" time="0">
          <skipped></skipped>
      </testcase>
      <testcase name="[sig-network] Loadbalancing: L7 GCE [Slow] [Feature:Ingress] should not reconcile manually modified health check for ingress" classname="Kubernetes e2e suite" time="0">
          <skipped></skipped>
      </testcase>
      <testcase name="[sig-storage] In-tree Volumes [Driver: local][LocalVolumeType: dir-link] [Testpattern: Pre-provisioned PV (default fs)] subPath should verify container cannot write to subpath readonly volumes" classname="Kubernetes e2e suite" time="0">
          <skipped></skipped>
      </testcase>
      <testcase name="[sig-storage] CSI Volumes [Driver: csi-hostpath] [Testpattern: Dynamic PV (default fs)] subPath should support non-existent path" classname="Kubernetes e2e suite" time="0">
          <skipped></skipped>
      </testcase>
      <testcase name="[sig-storage] CSI Volumes [Driver: pd.csi.storage.gke.io][Serial] [Testpattern: Dynamic PV (default fs)] subPath should be able to unmount after the subpath directory is deleted" classname="Kubernetes e2e suite" time="0">
          <skipped></skipped>
      </testcase>
      <testcase name="[sig-storage] In-tree Volumes [Driver: rbd][Feature:Volumes] [Testpattern: Inline-volume (default fs)] subPath should fail if non-existent subpath is outside the volume [Slow]" classname="Kubernetes e2e suite" time="0">
          <skipped></skipped>
      </testcase>
      <testcase name="[sig-storage] In-tree Volumes [Driver: aws] [Testpattern: Inline-volume (default fs)] volumes should allow exec of files on the volume" classname="Kubernetes e2e suite" time="0">
          <skipped></skipped>
      </testcase>
      <testcase name="[k8s.io] [sig-node] Kubelet [Serial] [Slow] [k8s.io] [sig-node] experimental resource usage tracking [Feature:ExperimentalResourceUsageTracking] resource tracking for 100 pods per node" classname="Kubernetes e2e suite" time="0">
          <skipped></skipped>
      </testcase>
      <testcase name="[sig-storage] In-tree Volumes [Driver: vSphere] [Testpattern: Dynamic PV (ext3)] volumes should be mountable" classname="Kubernetes e2e suite" time="0">
          <skipped></skipped>
      </testcase>
      <testcase name="[sig-storage] PersistentVolumes-local  [Volume type: dir] Set fsGroup for local volume should set fsGroup for one pod" classname="Kubernetes e2e suite" time="0">
          <skipped></skipped>
      </testcase>
      <testcase name="[k8s.io] [sig-node] Security Context should support container.SecurityContext.RunAsUser [LinuxOnly]" classname="Kubernetes e2e suite" time="0">
          <skipped></skipped>
      </testcase>
      <testcase name="[sig-storage] CSI Volumes [Driver: pd.csi.storage.gke.io][Serial] [Testpattern: Pre-provisioned PV (xfs)] volumes should be mountable" classname="Kubernetes e2e suite" time="0">
          <skipped></skipped>
      </testcase>
      <testcase name="[sig-storage] PersistentVolumes-local  [Volume type: dir-link-bindmounted] Set fsGroup for local volume should set same fsGroup for two pods simultaneously" classname="Kubernetes e2e suite" time="0">
          <skipped></skipped>
      </testcase>
      <testcase name="[sig-node] Downward API should provide default limits.cpu/memory from node allocatable [NodeConformance] [Conformance]" classname="Kubernetes e2e suite" time="16.547553016"></testcase>
      <testcase name="[k8s.io] [sig-node] Kubelet [Serial] [Slow] [k8s.io] [sig-node] regular resource usage tracking resource tracking for 0 pods per node" classname="Kubernetes e2e suite" time="0">
          <skipped></skipped>
      </testcase>
      <testcase name="[sig-storage] CSI Volumes [Driver: csi-hostpath-v0] [Testpattern: Dynamic PV (ntfs)][sig-windows] provisioning should provision storage with snapshot data source [Feature:VolumeSnapshotDataSource]" classname="Kubernetes e2e suite" time="0">
          <skipped></skipped>
      </testcase>
      <testcase name="[sig-storage] In-tree Volumes [Driver: gluster] [Testpattern: Dynamic PV (default fs)] provisioning should allow concurrent writes on the same node" classname="Kubernetes e2e suite" time="0">
          <skipped></skipped>
      </testcase>
      <testcase name="[sig-storage] In-tree Volumes [Driver: local][LocalVolumeType: blockfs] [Testpattern: Pre-provisioned PV (default fs)] volumes should be mountable" classname="Kubernetes e2e suite" time="0">
          <skipped></skipped>
      </testcase>
      <testcase name="[sig-storage] In-tree Volumes [Driver: gluster] [Testpattern: Pre-provisioned PV (ext4)] volumes should allow exec of files on the volume" classname="Kubernetes e2e suite" time="0">
          <skipped></skipped>
      </testcase>
      <testcase name="[sig-storage] CSI Volumes [Driver: pd.csi.storage.gke.io][Serial] [Testpattern: Inline-volume (default fs)] subPath should unmount if pod is gracefully deleted while kubelet is down [Disruptive][Slow]" classname="Kubernetes e2e suite" time="0">
          <skipped></skipped>
      </testcase>
      <testcase name="[sig-storage] In-tree Volumes [Driver: emptydir] [Testpattern: Dynamic PV (default fs)] subPath should support readOnly directory specified in the volumeMount" classname="Kubernetes e2e suite" time="0">
          <skipped></skipped>
      </testcase>
      <testcase name="[sig-storage] In-tree Volumes [Driver: nfs] [Testpattern: Inline-volume (xfs)] volumes should be mountable" classname="Kubernetes e2e suite" time="0">
          <skipped></skipped>
      </testcase>
      <testcase name="[sig-storage] CSI Volumes [Driver: csi-hostpath-v0] [Testpattern: Dynamic PV (default fs)] subPath should unmount if pod is force deleted while kubelet is down [Disruptive][Slow]" classname="Kubernetes e2e suite" time="0">
          <skipped></skipped>
      </testcase>
      <testcase name="[sig-storage] CSI Volumes [Driver: pd.csi.storage.gke.io][Feature: gcePD-external] [Testpattern: Pre-provisioned PV (default fs)] subPath should support readOnly directory specified in the volumeMount" classname="Kubernetes e2e suite" time="0">
          <skipped></skipped>
      </testcase>
      <testcase name="[sig-storage] In-tree Volumes [Driver: local][LocalVolumeType: dir] [Testpattern: Pre-provisioned PV (ntfs)][sig-windows] volumes should allow exec of files on the volume" classname="Kubernetes e2e suite" time="0.001784374">
          <skipped></skipped>
      </testcase>
      <testcase name="[sig-storage] Projected secret should be consumable from pods in volume [NodeConformance] [Conformance]" classname="Kubernetes e2e suite" time="24.709470737"></testcase>
      <testcase name="[sig-storage] Dynamic Provisioning DynamicProvisioner [Slow] should provision storage with non-default reclaim policy Retain" classname="Kubernetes e2e suite" time="0">
          <skipped></skipped>
      </testcase>
      <testcase name="[sig-storage] In-tree Volumes [Driver: gluster] [Testpattern: Dynamic PV (default fs)] subPath should fail if subpath file is outside the volume [Slow]" classname="Kubernetes e2e suite" time="0">
          <skipped></skipped>
      </testcase>
      <testcase name="[sig-storage] CSI Volumes [Driver: csi-hostpath-v0] [Testpattern: Dynamic PV (block volmode)] volumeMode should fail in binding dynamic provisioned PV to PVC" classname="Kubernetes e2e suite" time="0">
          <skipped></skipped>
      </testcase>
      <testcase name="[sig-storage] CSI Volumes [Driver: csi-hostpath] [Testpattern: Dynamic PV (block volmode)] volumeMode should create sc, pod, pv, and pvc, read/write to the pv, and delete all created resources" classname="Kubernetes e2e suite" time="0">
          <skipped></skipped>
      </testcase>
      <testcase name="[sig-storage] In-tree Volumes [Driver: local][LocalVolumeType: dir-link-bindmounted] [Testpattern: Dynamic PV (default fs)] subPath should support restarting containers using directory as subpath [Slow]" classname="Kubernetes e2e suite" time="0">
          <skipped></skipped>
      </testcase>
      <testcase name="[sig-storage] In-tree Volumes [Driver: local][LocalVolumeType: block] [Testpattern: Dynamic PV (default fs)] subPath should fail if subpath with backstepping is outside the volume [Slow]" classname="Kubernetes e2e suite" time="0">
          <skipped></skipped>
      </testcase>
      <testcase name="[sig-storage] CSI Volumes [Driver: csi-hostpath-v0] [Testpattern: Pre-provisioned PV (default fs)] subPath should support file as subpath" classname="Kubernetes e2e suite" time="0">
          <skipped></skipped>
      </testcase>
      <testcase name="[sig-network] DNS should provide DNS for ExternalName services" classname="Kubernetes e2e suite" time="0">
          <skipped></skipped>
      </testcase>
      <testcase name="[sig-storage] In-tree Volumes [Driver: gluster] [Testpattern: Dynamic PV (default fs)] volumeIO should write files of various sizes, verify size, validate content [Slow]" classname="Kubernetes e2e suite" time="0">
          <skipped></skipped>
      </testcase>
      <testcase name="[sig-storage] In-tree Volumes [Driver: cinder] [Testpattern: Dynamic PV (ext3)] volumes should allow exec of files on the volume" classname="Kubernetes e2e suite" time="0">
          <skipped></skipped>
      </testcase>
      <testcase name="[sig-storage] In-tree Volumes [Driver: azure] [Testpattern: Pre-provisioned PV (default fs)] subPath should be able to unmount after the subpath directory is deleted" classname="Kubernetes e2e suite" time="0">
          <skipped></skipped>
      </testcase>
      <testcase name="[sig-storage] vcp at scale [Feature:vsphere]  vsphere scale tests" classname="Kubernetes e2e suite" time="0">
          <skipped></skipped>
      </testcase>
      <testcase name="[sig-storage] In-tree Volumes [Driver: aws] [Testpattern: Dynamic PV (xfs)] volumes should allow exec of files on the volume" classname="Kubernetes e2e suite" time="0">
          <skipped></skipped>
      </testcase>
      <testcase name="[sig-scalability] Density [Feature:ManualPerformance] should allow starting 3 pods per node using ReplicationController with 0 secrets, 0 configmaps, 0 token projections, and 0 daemons" classname="Kubernetes e2e suite" time="0">
          <skipped></skipped>
      </testcase>
      <testcase name="[sig-storage] In-tree Volumes [Driver: azure] [Testpattern: Pre-provisioned PV (filesystem volmode)] volumeMode should create sc, pod, pv, and pvc, read/write to the pv, and delete all created resources" classname="Kubernetes e2e suite" time="0">
          <skipped></skipped>
      </testcase>
      <testcase name="[sig-storage] In-tree Volumes [Driver: local][LocalVolumeType: blockfs] [Testpattern: Dynamic PV (xfs)] volumes should allow exec of files on the volume" classname="Kubernetes e2e suite" time="0">
          <skipped></skipped>
      </testcase>
      <testcase name="[sig-storage] In-tree Volumes [Driver: iscsi][Feature:Volumes] [Testpattern: Pre-provisioned PV (ext3)] volumes should be mountable" classname="Kubernetes e2e suite" time="0">
          <skipped></skipped>
      </testcase>
      <testcase name="[sig-storage] In-tree Volumes [Driver: aws] [Testpattern: Pre-provisioned PV (default fs)] subPath should support readOnly file specified in the volumeMount" classname="Kubernetes e2e suite" time="0">
          <skipped></skipped>
      </testcase>
      <testcase name="[sig-storage] In-tree Volumes [Driver: local][LocalVolumeType: dir-link-bindmounted] [Testpattern: Inline-volume (default fs)] subPath should support restarting containers using file as subpath [Slow]" classname="Kubernetes e2e suite" time="0">
          <skipped></skipped>
      </testcase>
      <testcase name="[sig-storage] In-tree Volumes [Driver: vSphere] [Testpattern: Pre-provisioned PV (ntfs)][sig-windows] volumes should allow exec of files on the volume" classname="Kubernetes e2e suite" time="0.001768961">
          <skipped></skipped>
      </testcase>
      <testcase name="[sig-storage] In-tree Volumes [Driver: local][LocalVolumeType: gce-localssd-scsi-fs] [Serial] [Testpattern: Dynamic PV (default fs)] subPath should support non-existent path" classname="Kubernetes e2e suite" time="0">
          <skipped></skipped>
      </testcase>
      <testcase name="[sig-storage] In-tree Volumes [Driver: vSphere] [Testpattern: Pre-provisioned PV (default fs)] subPath should support existing single file" classname="Kubernetes e2e suite" time="0">
          <skipped></skipped>
      </testcase>
      <testcase name="[sig-network] DNS configMap federations [Feature:Federation] should be able to change federation configuration [Slow][Serial]" classname="Kubernetes e2e suite" time="0">
          <skipped></skipped>
      </testcase>
      <testcase name="[sig-storage] PersistentVolumes-local  Local volume that cannot be mounted [Slow] should fail due to non-existent path" classname="Kubernetes e2e suite" time="0">
          <skipped></skipped>
      </testcase>
      <testcase name="[sig-storage] In-tree Volumes [Driver: local][LocalVolumeType: dir] [Testpattern: Pre-provisioned PV (xfs)] volumes should allow exec of files on the volume" classname="Kubernetes e2e suite" time="0">
          <skipped></skipped>
      </testcase>
      <testcase name="[sig-autoscaling] Cluster size autoscaling [Slow] shouldn&#39;t scale up when expendable pod is created [Feature:ClusterSizeAutoscalingScaleUp]" classname="Kubernetes e2e suite" time="0">
          <skipped></skipped>
      </testcase>
      <testcase name="[sig-storage] In-tree Volumes [Driver: gcepd] [Testpattern: Pre-provisioned PV (ext4)] volumes should allow exec of files on the volume" classname="Kubernetes e2e suite" time="0">
          <skipped></skipped>
      </testcase>
      <testcase name="[sig-storage] In-tree Volumes [Driver: nfs] [Testpattern: Dynamic PV (xfs)] volumes should allow exec of files on the volume" classname="Kubernetes e2e suite" time="0">
          <skipped></skipped>
      </testcase>
      <testcase name="[sig-storage] In-tree Volumes [Driver: gcepd] [Testpattern: Dynamic PV (ntfs)][sig-windows] provisioning should provision storage with mount options" classname="Kubernetes e2e suite" time="19.59216317"></testcase>
      <testcase name="[sig-storage] In-tree Volumes [Driver: local][LocalVolumeType: blockfs] [Testpattern: Dynamic PV (default fs)] subPath should fail if subpath directory is outside the volume [Slow]" classname="Kubernetes e2e suite" time="0">
          <skipped></skipped>
      </testcase>
      <testcase name="[sig-instrumentation] Stackdriver Monitoring should have cluster metrics [Feature:StackdriverMonitoring]" classname="Kubernetes e2e suite" time="0">
          <skipped></skipped>
      </testcase>
      <testcase name="[sig-storage] CSI Volumes [Driver: pd.csi.storage.gke.io][Serial] [Testpattern: Inline-volume (ntfs)][sig-windows] volumes should be mountable" classname="Kubernetes e2e suite" time="0">
          <skipped></skipped>
      </testcase>
      <testcase name="[sig-storage] In-tree Volumes [Driver: local][LocalVolumeType: dir-link] [Testpattern: Pre-provisioned PV (xfs)] volumes should be mountable" classname="Kubernetes e2e suite" time="0">
          <skipped></skipped>
      </testcase>
      <testcase name="[sig-storage] In-tree Volumes [Driver: gcepd] [Testpattern: Dynamic PV (default fs)] subPath should support readOnly file specified in the volumeMount" classname="Kubernetes e2e suite" time="0">
          <skipped></skipped>
      </testcase>
      <testcase name="[sig-cli] Kubectl client [k8s.io] Kubectl taint [Serial] should update the taint on a node" classname="Kubernetes e2e suite" time="0">
          <skipped></skipped>
      </testcase>
      <testcase name="[sig-storage] In-tree Volumes [Driver: cinder] [Testpattern: Inline-volume (default fs)] subPath should support readOnly directory specified in the volumeMount" classname="Kubernetes e2e suite" time="0">
          <skipped></skipped>
      </testcase>
      <testcase name="[sig-storage] In-tree Volumes [Driver: hostPathSymlink] [Testpattern: Inline-volume (xfs)] volumes should be mountable" classname="Kubernetes e2e suite" time="0">
          <skipped></skipped>
      </testcase>
      <testcase name="[sig-storage] In-tree Volumes [Driver: ceph][Feature:Volumes] [Testpattern: Inline-volume (default fs)] subPath should support restarting containers using file as subpath [Slow]" classname="Kubernetes e2e suite" time="0">
          <skipped></skipped>
      </testcase>
      <testcase name="[sig-storage] In-tree Volumes [Driver: local][LocalVolumeType: dir-link] [Testpattern: Pre-provisioned PV (ext4)] volumes should be mountable" classname="Kubernetes e2e suite" time="0">
          <skipped></skipped>
      </testcase>
      <testcase name="[sig-storage] In-tree Volumes [Driver: azure] [Testpattern: Dynamic PV (default fs)] volumeIO should write files of various sizes, verify size, validate content [Slow]" classname="Kubernetes e2e suite" time="0">
          <skipped></skipped>
      </testcase>
      <testcase name="[sig-cluster-lifecycle] Reboot [Disruptive] [Feature:Reboot] each node by dropping all outbound packets for a while and ensure they function afterwards" classname="Kubernetes e2e suite" time="0">
          <skipped></skipped>
      </testcase>
      <testcase name="[sig-storage] In-tree Volumes [Driver: hostPathSymlink] [Testpattern: Inline-volume (default fs)] subPath should fail if non-existent subpath is outside the volume [Slow]" classname="Kubernetes e2e suite" time="0">
          <skipped></skipped>
      </testcase>
      <testcase name="[sig-storage] In-tree Volumes [Driver: local][LocalVolumeType: dir] [Testpattern: Inline-volume (default fs)] subPath should support restarting containers using file as subpath [Slow]" classname="Kubernetes e2e suite" time="0">
          <skipped></skipped>
      </testcase>
      <testcase name="[sig-storage] In-tree Volumes [Driver: gcepd] [Testpattern: Inline-volume (default fs)] subPath should fail if subpath directory is outside the volume [Slow]" classname="Kubernetes e2e suite" time="0">
          <skipped></skipped>
      </testcase>
      <testcase name="[sig-storage] In-tree Volumes [Driver: gcepd] [Testpattern: Dynamic PV (ext4)] volumes should allow exec of files on the volume" classname="Kubernetes e2e suite" time="0">
          <skipped></skipped>
      </testcase>
      <testcase name="[sig-storage] In-tree Volumes [Driver: hostPathSymlink] [Testpattern: Dynamic PV (default fs)] provisioning should create and delete block persistent volumes" classname="Kubernetes e2e suite" time="0">
          <skipped></skipped>
      </testcase>
      <testcase name="[sig-scheduling] Multi-AZ Cluster Volumes [sig-storage] should schedule pods in the same zones as statically provisioned PVs" classname="Kubernetes e2e suite" time="0">
          <skipped></skipped>
      </testcase>
      <testcase name="[sig-storage] CSI Volumes CSI Topology test using GCE PD driver [Serial] should fail to schedule a pod with a zone missing from AllowedTopologies; PD is provisioned with immediate volume binding" classname="Kubernetes e2e suite" time="0">
          <skipped></skipped>
      </testcase>
      <testcase name="[sig-apps] Deployment deployment should support proportional scaling [Conformance]" classname="Kubernetes e2e suite" time="330.070004142">
          <failure type="Failure">/go/src/k8s.io/kubernetes/_output/dockerized/go/src/k8s.io/kubernetes/test/e2e/framework/framework.go:696&#xA;error in waiting for pods to come up: failed to wait for pods running: [timed out waiting for the condition]&#xA;Unexpected error:&#xA;    &lt;*errors.errorString | 0xc0024a43c0&gt;: {&#xA;        s: &#34;failed to wait for pods running: [timed out waiting for the condition]&#34;,&#xA;    }&#xA;    failed to wait for pods running: [timed out waiting for the condition]&#xA;occurred&#xA;/go/src/k8s.io/kubernetes/_output/dockerized/go/src/k8s.io/kubernetes/test/e2e/apps/deployment.go:852</failure>
          <system-out>[BeforeEach] [sig-apps] Deployment&#xA;  /go/src/k8s.io/kubernetes/_output/dockerized/go/src/k8s.io/kubernetes/test/e2e/framework/framework.go:151&#xA;�[1mSTEP�[0m: Creating a kubernetes client&#xA;Mar 19 12:03:53.085: INFO: &gt;&gt;&gt; kubeConfig: /usr/local/google/home/peterhornyack/.kube/config&#xA;�[1mSTEP�[0m: Building a namespace api object, basename deployment&#xA;�[1mSTEP�[0m: Waiting for a default service account to be provisioned in namespace&#xA;[BeforeEach] [sig-apps] Deployment&#xA;  /go/src/k8s.io/kubernetes/_output/dockerized/go/src/k8s.io/kubernetes/test/e2e/apps/deployment.go:65&#xA;[It] deployment should support proportional scaling [Conformance]&#xA;  /go/src/k8s.io/kubernetes/_output/dockerized/go/src/k8s.io/kubernetes/test/e2e/framework/framework.go:696&#xA;Mar 19 12:03:53.294: INFO: Creating deployment &#34;nginx-deployment&#34;&#xA;Mar 19 12:03:53.341: INFO: Waiting for observed generation 1&#xA;Mar 19 12:03:55.451: INFO: Waiting for all required pods to come up&#xA;Mar 19 12:03:55.494: INFO: Pod name nginx: Found 10 pods out of 10&#xA;�[1mSTEP�[0m: ensuring each pod is running&#xA;[AfterEach] [sig-apps] Deployment&#xA;  /go/src/k8s.io/kubernetes/_output/dockerized/go/src/k8s.io/kubernetes/test/e2e/apps/deployment.go:59&#xA;Mar 19 12:08:55.676: INFO: Deployment &#34;nginx-deployment&#34;:&#xA;&amp;Deployment{ObjectMeta:k8s_io_apimachinery_pkg_apis_meta_v1.ObjectMeta{Name:nginx-deployment,GenerateName:,Namespace:deployment-1225,SelfLink:/apis/apps/v1/namespaces/deployment-1225/deployments/nginx-deployment,UID:bcf3ece6-4a79-11e9-8094-42010a280002,ResourceVersion:23916,Generation:1,CreationTimestamp:2019-03-19 12:03:53 -0700 PDT,DeletionTimestamp:&lt;nil&gt;,DeletionGracePeriodSeconds:nil,Labels:map[string]string{name: nginx,},Annotations:map[string]string{deployment.kubernetes.io/revision: 1,},OwnerReferences:[],Finalizers:[],ClusterName:,Initializers:nil,ManagedFields:[],},Spec:DeploymentSpec{Replicas:*10,Selector:&amp;k8s_io_apimachinery_pkg_apis_meta_v1.LabelSelector{MatchLabels:map[string]string{name: nginx,},MatchExpressions:[],},Template:k8s_io_api_core_v1.PodTemplateSpec{ObjectMeta:k8s_io_apimachinery_pkg_apis_meta_v1.ObjectMeta{Name:,GenerateName:,Namespace:,SelfLink:,UID:,ResourceVersion:,Generation:0,CreationTimestamp:0001-01-01 00:00:00 +0000 UTC,DeletionTimestamp:&lt;nil&gt;,DeletionGracePeriodSeconds:nil,Labels:map[string]string{name: nginx,},Annotations:map[string]string{},OwnerReferences:[],Finalizers:[],ClusterName:,Initializers:nil,ManagedFields:[],},Spec:PodSpec{Volumes:[],Containers:[{nginx e2eteam/nginx:1.14-alpine [] []  [] [] [] {map[] map[]} [] [] nil nil nil /dev/termination-log File IfNotPresent nil false false false}],RestartPolicy:Always,TerminationGracePeriodSeconds:*0,ActiveDeadlineSeconds:nil,DNSPolicy:ClusterFirst,NodeSelector:map[string]string{},ServiceAccountName:,DeprecatedServiceAccount:,NodeName:,HostNetwork:false,HostPID:false,HostIPC:false,SecurityContext:&amp;PodSecurityContext{SELinuxOptions:nil,RunAsUser:nil,RunAsNonRoot:nil,SupplementalGroups:[],FSGroup:nil,RunAsGroup:nil,Sysctls:[],},ImagePullSecrets:[],Hostname:,Subdomain:,Affinity:nil,SchedulerName:default-scheduler,InitContainers:[],AutomountServiceAccountToken:nil,Tolerations:[],HostAliases:[],PriorityClassName:,Priority:nil,DNSConfig:nil,ShareProcessNamespace:nil,ReadinessGates:[],RuntimeClassName:nil,EnableServiceLinks:nil,},},Strategy:DeploymentStrategy{Type:RollingUpdate,RollingUpdate:&amp;RollingUpdateDeployment{MaxUnavailable:2,MaxSurge:3,},},MinReadySeconds:0,RevisionHistoryLimit:*10,Paused:false,ProgressDeadlineSeconds:*600,},Status:DeploymentStatus{ObservedGeneration:1,Replicas:10,UpdatedReplicas:10,AvailableReplicas:9,UnavailableReplicas:1,Conditions:[{Available True 2019-03-19 12:04:15 -0700 PDT 2019-03-19 12:04:15 -0700 PDT MinimumReplicasAvailable Deployment has minimum availability.} {Progressing True 2019-03-19 12:04:15 -0700 PDT 2019-03-19 12:03:53 -0700 PDT ReplicaSetUpdated ReplicaSet &#34;nginx-deployment-56d49d846f&#34; is progressing.}],ReadyReplicas:9,CollisionCount:nil,},}&#xA;&#xA;Mar 19 12:08:55.721: INFO: New ReplicaSet &#34;nginx-deployment-56d49d846f&#34; of Deployment &#34;nginx-deployment&#34;:&#xA;&amp;ReplicaSet{ObjectMeta:k8s_io_apimachinery_pkg_apis_meta_v1.ObjectMeta{Name:nginx-deployment-56d49d846f,GenerateName:,Namespace:deployment-1225,SelfLink:/apis/apps/v1/namespaces/deployment-1225/replicasets/nginx-deployment-56d49d846f,UID:bcf50869-4a79-11e9-8094-42010a280002,ResourceVersion:23915,Generation:1,CreationTimestamp:2019-03-19 12:03:53 -0700 PDT,DeletionTimestamp:&lt;nil&gt;,DeletionGracePeriodSeconds:nil,Labels:map[string]string{name: nginx,pod-template-hash: 56d49d846f,},Annotations:map[string]string{deployment.kubernetes.io/desired-replicas: 10,deployment.kubernetes.io/max-replicas: 13,deployment.kubernetes.io/revision: 1,},OwnerReferences:[{apps/v1 Deployment nginx-deployment bcf3ece6-4a79-11e9-8094-42010a280002 0xc000552967 0xc000552968}],Finalizers:[],ClusterName:,Initializers:nil,ManagedFields:[],},Spec:ReplicaSetSpec{Replicas:*10,Selector:&amp;k8s_io_apimachinery_pkg_apis_meta_v1.LabelSelector{MatchLabels:map[string]string{name: nginx,pod-template-hash: 56d49d846f,},MatchExpressions:[],},Template:k8s_io_api_core_v1.PodTemplateSpec{ObjectMeta:k8s_io_apimachinery_pkg_apis_meta_v1.ObjectMeta{Name:,GenerateName:,Namespace:,SelfLink:,UID:,ResourceVersion:,Generation:0,CreationTimestamp:0001-01-01 00:00:00 +0000 UTC,DeletionTimestamp:&lt;nil&gt;,DeletionGracePeriodSeconds:nil,Labels:map[string]string{name: nginx,pod-template-hash: 56d49d846f,},Annotations:map[string]string{},OwnerReferences:[],Finalizers:[],ClusterName:,Initializers:nil,ManagedFields:[],},Spec:PodSpec{Volumes:[],Containers:[{nginx e2eteam/nginx:1.14-alpine [] []  [] [] [] {map[] map[]} [] [] nil nil nil /dev/termination-log File IfNotPresent nil false false false}],RestartPolicy:Always,TerminationGracePeriodSeconds:*0,ActiveDeadlineSeconds:nil,DNSPolicy:ClusterFirst,NodeSelector:map[string]string{},ServiceAccountName:,DeprecatedServiceAccount:,NodeName:,HostNetwork:false,HostPID:false,HostIPC:false,SecurityContext:&amp;PodSecurityContext{SELinuxOptions:nil,RunAsUser:nil,RunAsNonRoot:nil,SupplementalGroups:[],FSGroup:nil,RunAsGroup:nil,Sysctls:[],},ImagePullSecrets:[],Hostname:,Subdomain:,Affinity:nil,SchedulerName:default-scheduler,InitContainers:[],AutomountServiceAccountToken:nil,Tolerations:[],HostAliases:[],PriorityClassName:,Priority:nil,DNSConfig:nil,ShareProcessNamespace:nil,ReadinessGates:[],RuntimeClassName:nil,EnableServiceLinks:nil,},},MinReadySeconds:0,},Status:ReplicaSetStatus{Replicas:10,FullyLabeledReplicas:10,ObservedGeneration:1,ReadyReplicas:9,AvailableReplicas:9,Conditions:[],},}&#xA;Mar 19 12:08:55.765: INFO: Pod &#34;nginx-deployment-56d49d846f-46qsx&#34; is available:&#xA;&amp;Pod{ObjectMeta:k8s_io_apimachinery_pkg_apis_meta_v1.ObjectMeta{Name:nginx-deployment-56d49d846f-46qsx,GenerateName:nginx-deployment-56d49d846f-,Namespace:deployment-1225,SelfLink:/api/v1/namespaces/deployment-1225/pods/nginx-deployment-56d49d846f-46qsx,UID:bd00330e-4a79-11e9-8094-42010a280002,ResourceVersion:23909,Generation:0,CreationTimestamp:2019-03-19 12:03:53 -0700 PDT,DeletionTimestamp:&lt;nil&gt;,DeletionGracePeriodSeconds:nil,Labels:map[string]string{name: nginx,pod-template-hash: 56d49d846f,},Annotations:map[string]string{},OwnerReferences:[{apps/v1 ReplicaSet nginx-deployment-56d49d846f bcf50869-4a79-11e9-8094-42010a280002 0xc000553f57 0xc000553f58}],Finalizers:[],ClusterName:,Initializers:nil,ManagedFields:[],},Spec:PodSpec{Volumes:[{default-token-427hn {nil nil nil nil nil SecretVolumeSource{SecretName:default-token-427hn,Items:[],DefaultMode:*420,Optional:nil,} nil nil nil nil nil nil nil nil nil nil nil nil nil nil nil nil nil nil nil nil nil nil}}],Containers:[{nginx e2eteam/nginx:1.14-alpine [] []  [] [] [] {map[] map[]} [{default-token-427hn true /var/run/secrets/kubernetes.io/serviceaccount  &lt;nil&gt; }] [] nil nil nil /dev/termination-log File IfNotPresent nil false false false}],RestartPolicy:Always,TerminationGracePeriodSeconds:*0,ActiveDeadlineSeconds:nil,DNSPolicy:ClusterFirst,NodeSelector:map[string]string{},ServiceAccountName:default,DeprecatedServiceAccount:default,NodeName:e2e-test-peterhornyack-windows-node-group-dp2r,HostNetwork:false,HostPID:false,HostIPC:false,SecurityContext:&amp;PodSecurityContext{SELinuxOptions:nil,RunAsUser:nil,RunAsNonRoot:nil,SupplementalGroups:[],FSGroup:nil,RunAsGroup:nil,Sysctls:[],},ImagePullSecrets:[],Hostname:,Subdomain:,Affinity:nil,SchedulerName:default-scheduler,InitContainers:[],AutomountServiceAccountToken:nil,Tolerations:[{node.kubernetes.io/not-ready Exists  NoExecute 0xc0022cc080} {node.kubernetes.io/unreachable Exists  NoExecute 0xc0022cc0a0}],HostAliases:[],PriorityClassName:,Priority:*0,DNSConfig:nil,ShareProcessNamespace:nil,ReadinessGates:[],RuntimeClassName:nil,EnableServiceLinks:*true,},Status:PodStatus{Phase:Running,Conditions:[{Initialized True 0001-01-01 00:00:00 +0000 UTC 2019-03-19 12:03:53 -0700 PDT  } {Ready True 0001-01-01 00:00:00 +0000 UTC 2019-03-19 12:04:15 -0700 PDT  } {ContainersReady True 0001-01-01 00:00:00 +0000 UTC 2019-03-19 12:04:15 -0700 PDT  } {PodScheduled True 0001-01-01 00:00:00 +0000 UTC 2019-03-19 12:03:53 -0700 PDT  }],Message:,Reason:,HostIP:10.40.0.4,PodIP:10.64.2.85,StartTime:2019-03-19 12:03:53 -0700 PDT,ContainerStatuses:[{nginx {nil ContainerStateRunning{StartedAt:2019-03-19 12:04:08 -0700 PDT,} nil} {nil nil nil} true 0 e2eteam/nginx:1.14-alpine docker-pullable://e2eteam/nginx@sha256:fd7f1a29995d4ff106f216e9d334e17ae9a7c0840e0d0c61b4d086633a12c765 docker://82381063ab2131305b6e0a6ebf2f67f41abc819b671334598733aacfb0bbd284}],QOSClass:BestEffort,InitContainerStatuses:[],NominatedNodeName:,},}&#xA;Mar 19 12:08:55.765: INFO: Pod &#34;nginx-deployment-56d49d846f-5jkcm&#34; is available:&#xA;&amp;Pod{ObjectMeta:k8s_io_apimachinery_pkg_apis_meta_v1.ObjectMeta{Name:nginx-deployment-56d49d846f-5jkcm,GenerateName:nginx-deployment-56d49d846f-,Namespace:deployment-1225,SelfLink:/api/v1/namespaces/deployment-1225/pods/nginx-deployment-56d49d846f-5jkcm,UID:bd0b070e-4a79-11e9-8094-42010a280002,ResourceVersion:23906,Generation:0,CreationTimestamp:2019-03-19 12:03:53 -0700 PDT,DeletionTimestamp:&lt;nil&gt;,DeletionGracePeriodSeconds:nil,Labels:map[string]string{name: nginx,pod-template-hash: 56d49d846f,},Annotations:map[string]string{},OwnerReferences:[{apps/v1 ReplicaSet nginx-deployment-56d49d846f bcf50869-4a79-11e9-8094-42010a280002 0xc0022cc1a0 0xc0022cc1a1}],Finalizers:[],ClusterName:,Initializers:nil,ManagedFields:[],},Spec:PodSpec{Volumes:[{default-token-427hn {nil nil nil nil nil SecretVolumeSource{SecretName:default-token-427hn,Items:[],DefaultMode:*420,Optional:nil,} nil nil nil nil nil nil nil nil nil nil nil nil nil nil nil nil nil nil nil nil nil nil}}],Containers:[{nginx e2eteam/nginx:1.14-alpine [] []  [] [] [] {map[] map[]} [{default-token-427hn true /var/run/secrets/kubernetes.io/serviceaccount  &lt;nil&gt; }] [] nil nil nil /dev/termination-log File IfNotPresent nil false false false}],RestartPolicy:Always,TerminationGracePeriodSeconds:*0,ActiveDeadlineSeconds:nil,DNSPolicy:ClusterFirst,NodeSelector:map[string]string{},ServiceAccountName:default,DeprecatedServiceAccount:default,NodeName:e2e-test-peterhornyack-windows-node-group-7n03,HostNetwork:false,HostPID:false,HostIPC:false,SecurityContext:&amp;PodSecurityContext{SELinuxOptions:nil,RunAsUser:nil,RunAsNonRoot:nil,SupplementalGroups:[],FSGroup:nil,RunAsGroup:nil,Sysctls:[],},ImagePullSecrets:[],Hostname:,Subdomain:,Affinity:nil,SchedulerName:default-scheduler,InitContainers:[],AutomountServiceAccountToken:nil,Tolerations:[{node.kubernetes.io/not-ready Exists  NoExecute 0xc0022cc260} {node.kubernetes.io/unreachable Exists  NoExecute 0xc0022cc280}],HostAliases:[],PriorityClassName:,Priority:*0,DNSConfig:nil,ShareProcessNamespace:nil,ReadinessGates:[],RuntimeClassName:nil,EnableServiceLinks:*true,},Status:PodStatus{Phase:Running,Conditions:[{Initialized True 0001-01-01 00:00:00 +0000 UTC 2019-03-19 12:03:53 -0700 PDT  } {Ready True 0001-01-01 00:00:00 +0000 UTC 2019-03-19 12:04:14 -0700 PDT  } {ContainersReady True 0001-01-01 00:00:00 +0000 UTC 2019-03-19 12:04:14 -0700 PDT  } {PodScheduled True 0001-01-01 00:00:00 +0000 UTC 2019-03-19 12:03:53 -0700 PDT  }],Message:,Reason:,HostIP:10.40.0.3,PodIP:10.64.1.125,StartTime:2019-03-19 12:03:53 -0700 PDT,ContainerStatuses:[{nginx {nil ContainerStateRunning{StartedAt:2019-03-19 12:04:07 -0700 PDT,} nil} {nil nil nil} true 0 e2eteam/nginx:1.14-alpine docker-pullable://e2eteam/nginx@sha256:fd7f1a29995d4ff106f216e9d334e17ae9a7c0840e0d0c61b4d086633a12c765 docker://9fa8a62ede6b483ce63bf0596ccec2a4d66d22685fce6286ccd34d3cb4c9fd2f}],QOSClass:BestEffort,InitContainerStatuses:[],NominatedNodeName:,},}&#xA;Mar 19 12:08:55.765: INFO: Pod &#34;nginx-deployment-56d49d846f-78kls&#34; is available:&#xA;&amp;Pod{ObjectMeta:k8s_io_apimachinery_pkg_apis_meta_v1.ObjectMeta{Name:nginx-deployment-56d49d846f-78kls,GenerateName:nginx-deployment-56d49d846f-,Namespace:deployment-1225,SelfLink:/api/v1/namespaces/deployment-1225/pods/nginx-deployment-56d49d846f-78kls,UID:bd04b01e-4a79-11e9-8094-42010a280002,ResourceVersion:23914,Generation:0,CreationTimestamp:2019-03-19 12:03:53 -0700 PDT,DeletionTimestamp:&lt;nil&gt;,DeletionGracePeriodSeconds:nil,Labels:map[string]string{name: nginx,pod-template-hash: 56d49d846f,},Annotations:map[string]string{},OwnerReferences:[{apps/v1 ReplicaSet nginx-deployment-56d49d846f bcf50869-4a79-11e9-8094-42010a280002 0xc0022cc370 0xc0022cc371}],Finalizers:[],ClusterName:,Initializers:nil,ManagedFields:[],},Spec:PodSpec{Volumes:[{default-token-427hn {nil nil nil nil nil SecretVolumeSource{SecretName:default-token-427hn,Items:[],DefaultMode:*420,Optional:nil,} nil nil nil nil nil nil nil nil nil nil nil nil nil nil nil nil nil nil nil nil nil nil}}],Containers:[{nginx e2eteam/nginx:1.14-alpine [] []  [] [] [] {map[] map[]} [{default-token-427hn true /var/run/secrets/kubernetes.io/serviceaccount  &lt;nil&gt; }] [] nil nil nil /dev/termination-log File IfNotPresent nil false false false}],RestartPolicy:Always,TerminationGracePeriodSeconds:*0,ActiveDeadlineSeconds:nil,DNSPolicy:ClusterFirst,NodeSelector:map[string]string{},ServiceAccountName:default,DeprecatedServiceAccount:default,NodeName:e2e-test-peterhornyack-windows-node-group-dp2r,HostNetwork:false,HostPID:false,HostIPC:false,SecurityContext:&amp;PodSecurityContext{SELinuxOptions:nil,RunAsUser:nil,RunAsNonRoot:nil,SupplementalGroups:[],FSGroup:nil,RunAsGroup:nil,Sysctls:[],},ImagePullSecrets:[],Hostname:,Subdomain:,Affinity:nil,SchedulerName:default-scheduler,InitContainers:[],AutomountServiceAccountToken:nil,Tolerations:[{node.kubernetes.io/not-ready Exists  NoExecute 0xc0022cc3f0} {node.kubernetes.io/unreachable Exists  NoExecute 0xc0022cc410}],HostAliases:[],PriorityClassName:,Priority:*0,DNSConfig:nil,ShareProcessNamespace:nil,ReadinessGates:[],RuntimeClassName:nil,EnableServiceLinks:*true,},Status:PodStatus{Phase:Running,Conditions:[{Initialized True 0001-01-01 00:00:00 +0000 UTC 2019-03-19 12:03:53 -0700 PDT  } {Ready True 0001-01-01 00:00:00 +0000 UTC 2019-03-19 12:04:15 -0700 PDT  } {ContainersReady True 0001-01-01 00:00:00 +0000 UTC 2019-03-19 12:04:15 -0700 PDT  } {PodScheduled True 0001-01-01 00:00:00 +0000 UTC 2019-03-19 12:03:53 -0700 PDT  }],Message:,Reason:,HostIP:10.40.0.4,PodIP:10.64.2.88,StartTime:2019-03-19 12:03:53 -0700 PDT,ContainerStatuses:[{nginx {nil ContainerStateRunning{StartedAt:2019-03-19 12:04:09 -0700 PDT,} nil} {nil nil nil} true 0 e2eteam/nginx:1.14-alpine docker-pullable://e2eteam/nginx@sha256:fd7f1a29995d4ff106f216e9d334e17ae9a7c0840e0d0c61b4d086633a12c765 docker://163ca8b72e8d3f38594bcdab3ead8d9d5ad74873586b372fec2ff5ac6b550138}],QOSClass:BestEffort,InitContainerStatuses:[],NominatedNodeName:,},}&#xA;Mar 19 12:08:55.765: INFO: Pod &#34;nginx-deployment-56d49d846f-9djrr&#34; is not available:&#xA;&amp;Pod{ObjectMeta:k8s_io_apimachinery_pkg_apis_meta_v1.ObjectMeta{Name:nginx-deployment-56d49d846f-9djrr,GenerateName:nginx-deployment-56d49d846f-,Namespace:deployment-1225,SelfLink:/api/v1/namespaces/deployment-1225/pods/nginx-deployment-56d49d846f-9djrr,UID:bd04a40e-4a79-11e9-8094-42010a280002,ResourceVersion:23837,Generation:0,CreationTimestamp:2019-03-19 12:03:53 -0700 PDT,DeletionTimestamp:&lt;nil&gt;,DeletionGracePeriodSeconds:nil,Labels:map[string]string{name: nginx,pod-template-hash: 56d49d846f,},Annotations:map[string]string{},OwnerReferences:[{apps/v1 ReplicaSet nginx-deployment-56d49d846f bcf50869-4a79-11e9-8094-42010a280002 0xc0022cc510 0xc0022cc511}],Finalizers:[],ClusterName:,Initializers:nil,ManagedFields:[],},Spec:PodSpec{Volumes:[{default-token-427hn {nil nil nil nil nil SecretVolumeSource{SecretName:default-token-427hn,Items:[],DefaultMode:*420,Optional:nil,} nil nil nil nil nil nil nil nil nil nil nil nil nil nil nil nil nil nil nil nil nil nil}}],Containers:[{nginx e2eteam/nginx:1.14-alpine [] []  [] [] [] {map[] map[]} [{default-token-427hn true /var/run/secrets/kubernetes.io/serviceaccount  &lt;nil&gt; }] [] nil nil nil /dev/termination-log File IfNotPresent nil false false false}],RestartPolicy:Always,TerminationGracePeriodSeconds:*0,ActiveDeadlineSeconds:nil,DNSPolicy:ClusterFirst,NodeSelector:map[string]string{},ServiceAccountName:default,DeprecatedServiceAccount:default,NodeName:e2e-test-peterhornyack-windows-node-group-7n03,HostNetwork:false,HostPID:false,HostIPC:false,SecurityContext:&amp;PodSecurityContext{SELinuxOptions:nil,RunAsUser:nil,RunAsNonRoot:nil,SupplementalGroups:[],FSGroup:nil,RunAsGroup:nil,Sysctls:[],},ImagePullSecrets:[],Hostname:,Subdomain:,Affinity:nil,SchedulerName:default-scheduler,InitContainers:[],AutomountServiceAccountToken:nil,Tolerations:[{node.kubernetes.io/not-ready Exists  NoExecute 0xc0022cc580} {node.kubernetes.io/unreachable Exists  NoExecute 0xc0022cc5a0}],HostAliases:[],PriorityClassName:,Priority:*0,DNSConfig:nil,ShareProcessNamespace:nil,ReadinessGates:[],RuntimeClassName:nil,EnableServiceLinks:*true,},Status:PodStatus{Phase:Pending,Conditions:[{Initialized True 0001-01-01 00:00:00 +0000 UTC 2019-03-19 12:03:53 -0700 PDT  } {Ready False 0001-01-01 00:00:00 +0000 UTC 2019-03-19 12:03:53 -0700 PDT ContainersNotReady containers with unready status: [nginx]} {ContainersReady False 0001-01-01 00:00:00 +0000 UTC 2019-03-19 12:03:53 -0700 PDT ContainersNotReady containers with unready status: [nginx]} {PodScheduled True 0001-01-01 00:00:00 +0000 UTC 2019-03-19 12:03:53 -0700 PDT  }],Message:,Reason:,HostIP:10.40.0.3,PodIP:,StartTime:2019-03-19 12:03:53 -0700 PDT,ContainerStatuses:[{nginx {ContainerStateWaiting{Reason:ContainerCreating,Message:,} nil nil} {nil nil nil} false 0 e2eteam/nginx:1.14-alpine  }],QOSClass:BestEffort,InitContainerStatuses:[],NominatedNodeName:,},}&#xA;Mar 19 12:08:55.766: INFO: Pod &#34;nginx-deployment-56d49d846f-cvlfm&#34; is available:&#xA;&amp;Pod{ObjectMeta:k8s_io_apimachinery_pkg_apis_meta_v1.ObjectMeta{Name:nginx-deployment-56d49d846f-cvlfm,GenerateName:nginx-deployment-56d49d846f-,Namespace:deployment-1225,SelfLink:/api/v1/namespaces/deployment-1225/pods/nginx-deployment-56d49d846f-cvlfm,UID:bd043f26-4a79-11e9-8094-42010a280002,ResourceVersion:23895,Generation:0,CreationTimestamp:2019-03-19 12:03:53 -0700 PDT,DeletionTimestamp:&lt;nil&gt;,DeletionGracePeriodSeconds:nil,Labels:map[string]string{name: nginx,pod-template-hash: 56d49d846f,},Annotations:map[string]string{},OwnerReferences:[{apps/v1 ReplicaSet nginx-deployment-56d49d846f bcf50869-4a79-11e9-8094-42010a280002 0xc0022cc6a0 0xc0022cc6a1}],Finalizers:[],ClusterName:,Initializers:nil,ManagedFields:[],},Spec:PodSpec{Volumes:[{default-token-427hn {nil nil nil nil nil SecretVolumeSource{SecretName:default-token-427hn,Items:[],DefaultMode:*420,Optional:nil,} nil nil nil nil nil nil nil nil nil nil nil nil nil nil nil nil nil nil nil nil nil nil}}],Containers:[{nginx e2eteam/nginx:1.14-alpine [] []  [] [] [] {map[] map[]} [{default-token-427hn true /var/run/secrets/kubernetes.io/serviceaccount  &lt;nil&gt; }] [] nil nil nil /dev/termination-log File IfNotPresent nil false false false}],RestartPolicy:Always,TerminationGracePeriodSeconds:*0,ActiveDeadlineSeconds:nil,DNSPolicy:ClusterFirst,NodeSelector:map[string]string{},ServiceAccountName:default,DeprecatedServiceAccount:default,NodeName:e2e-test-peterhornyack-windows-node-group-7n03,HostNetwork:false,HostPID:false,HostIPC:false,SecurityContext:&amp;PodSecurityContext{SELinuxOptions:nil,RunAsUser:nil,RunAsNonRoot:nil,SupplementalGroups:[],FSGroup:nil,RunAsGroup:nil,Sysctls:[],},ImagePullSecrets:[],Hostname:,Subdomain:,Affinity:nil,SchedulerName:default-scheduler,InitContainers:[],AutomountServiceAccountToken:nil,Tolerations:[{node.kubernetes.io/not-ready Exists  NoExecute 0xc0022cc730} {node.kubernetes.io/unreachable Exists  NoExecute 0xc0022cc760}],HostAliases:[],PriorityClassName:,Priority:*0,DNSConfig:nil,ShareProcessNamespace:nil,ReadinessGates:[],RuntimeClassName:nil,EnableServiceLinks:*true,},Status:PodStatus{Phase:Running,Conditions:[{Initialized True 0001-01-01 00:00:00 +0000 UTC 2019-03-19 12:03:53 -0700 PDT  } {Ready True 0001-01-01 00:00:00 +0000 UTC 2019-03-19 12:04:14 -0700 PDT  } {ContainersReady True 0001-01-01 00:00:00 +0000 UTC 2019-03-19 12:04:14 -0700 PDT  } {PodScheduled True 0001-01-01 00:00:00 +0000 UTC 2019-03-19 12:03:53 -0700 PDT  }],Message:,Reason:,HostIP:10.40.0.3,PodIP:10.64.1.124,StartTime:2019-03-19 12:03:53 -0700 PDT,ContainerStatuses:[{nginx {nil ContainerStateRunning{StartedAt:2019-03-19 12:04:08 -0700 PDT,} nil} {nil nil nil} true 0 e2eteam/nginx:1.14-alpine docker-pullable://e2eteam/nginx@sha256:fd7f1a29995d4ff106f216e9d334e17ae9a7c0840e0d0c61b4d086633a12c765 docker://9aa05e5219f5d16297075439cb1975bac019dab95c1e1ff93dc68212d467f8b0}],QOSClass:BestEffort,InitContainerStatuses:[],NominatedNodeName:,},}&#xA;Mar 19 12:08:55.766: INFO: Pod &#34;nginx-deployment-56d49d846f-h7j2j&#34; is available:&#xA;&amp;Pod{ObjectMeta:k8s_io_apimachinery_pkg_apis_meta_v1.ObjectMeta{Name:nginx-deployment-56d49d846f-h7j2j,GenerateName:nginx-deployment-56d49d846f-,Namespace:deployment-1225,SelfLink:/api/v1/namespaces/deployment-1225/pods/nginx-deployment-56d49d846f-h7j2j,UID:bd047f75-4a79-11e9-8094-42010a280002,ResourceVersion:23892,Generation:0,CreationTimestamp:2019-03-19 12:03:53 -0700 PDT,DeletionTimestamp:&lt;nil&gt;,DeletionGracePeriodSeconds:nil,Labels:map[string]string{name: nginx,pod-template-hash: 56d49d846f,},Annotations:map[string]string{},OwnerReferences:[{apps/v1 ReplicaSet nginx-deployment-56d49d846f bcf50869-4a79-11e9-8094-42010a280002 0xc0022cc860 0xc0022cc861}],Finalizers:[],ClusterName:,Initializers:nil,ManagedFields:[],},Spec:PodSpec{Volumes:[{default-token-427hn {nil nil nil nil nil SecretVolumeSource{SecretName:default-token-427hn,Items:[],DefaultMode:*420,Optional:nil,} nil nil nil nil nil nil nil nil nil nil nil nil nil nil nil nil nil nil nil nil nil nil}}],Containers:[{nginx e2eteam/nginx:1.14-alpine [] []  [] [] [] {map[] map[]} [{default-token-427hn true /var/run/secrets/kubernetes.io/serviceaccount  &lt;nil&gt; }] [] nil nil nil /dev/termination-log File IfNotPresent nil false false false}],RestartPolicy:Always,TerminationGracePeriodSeconds:*0,ActiveDeadlineSeconds:nil,DNSPolicy:ClusterFirst,NodeSelector:map[string]string{},ServiceAccountName:default,DeprecatedServiceAccount:default,NodeName:e2e-test-peterhornyack-windows-node-group-dp2r,HostNetwork:false,HostPID:false,HostIPC:false,SecurityContext:&amp;PodSecurityContext{SELinuxOptions:nil,RunAsUser:nil,RunAsNonRoot:nil,SupplementalGroups:[],FSGroup:nil,RunAsGroup:nil,Sysctls:[],},ImagePullSecrets:[],Hostname:,Subdomain:,Affinity:nil,SchedulerName:default-scheduler,InitContainers:[],AutomountServiceAccountToken:nil,Tolerations:[{node.kubernetes.io/not-ready Exists  NoExecute 0xc0022cc8f0} {node.kubernetes.io/unreachable Exists  NoExecute 0xc0022cd860}],HostAliases:[],PriorityClassName:,Priority:*0,DNSConfig:nil,ShareProcessNamespace:nil,ReadinessGates:[],RuntimeClassName:nil,EnableServiceLinks:*true,},Status:PodStatus{Phase:Running,Conditions:[{Initialized True 0001-01-01 00:00:00 +0000 UTC 2019-03-19 12:03:53 -0700 PDT  } {Ready True 0001-01-01 00:00:00 +0000 UTC 2019-03-19 12:04:14 -0700 PDT  } {ContainersReady True 0001-01-01 00:00:00 +0000 UTC 2019-03-19 12:04:14 -0700 PDT  } {PodScheduled True 0001-01-01 00:00:00 +0000 UTC 2019-03-19 12:03:53 -0700 PDT  }],Message:,Reason:,HostIP:10.40.0.4,PodIP:10.64.2.87,StartTime:2019-03-19 12:03:53 -0700 PDT,ContainerStatuses:[{nginx {nil ContainerStateRunning{StartedAt:2019-03-19 12:04:08 -0700 PDT,} nil} {nil nil nil} true 0 e2eteam/nginx:1.14-alpine docker-pullable://e2eteam/nginx@sha256:fd7f1a29995d4ff106f216e9d334e17ae9a7c0840e0d0c61b4d086633a12c765 docker://9b0c7010ff7049bbea2992162f4f2de9bd674070b957c3104902196cbafb8063}],QOSClass:BestEffort,InitContainerStatuses:[],NominatedNodeName:,},}&#xA;Mar 19 12:08:55.766: INFO: Pod &#34;nginx-deployment-56d49d846f-lhfbc&#34; is available:&#xA;&amp;Pod{ObjectMeta:k8s_io_apimachinery_pkg_apis_meta_v1.ObjectMeta{Name:nginx-deployment-56d49d846f-lhfbc,GenerateName:nginx-deployment-56d49d846f-,Namespace:deployment-1225,SelfLink:/api/v1/namespaces/deployment-1225/pods/nginx-deployment-56d49d846f-lhfbc,UID:bd0b97d2-4a79-11e9-8094-42010a280002,ResourceVersion:23881,Generation:0,CreationTimestamp:2019-03-19 12:03:53 -0700 PDT,DeletionTimestamp:&lt;nil&gt;,DeletionGracePeriodSeconds:nil,Labels:map[string]string{name: nginx,pod-template-hash: 56d49d846f,},Annotations:map[string]string{},OwnerReferences:[{apps/v1 ReplicaSet nginx-deployment-56d49d846f bcf50869-4a79-11e9-8094-42010a280002 0xc0022cd930 0xc0022cd931}],Finalizers:[],ClusterName:,Initializers:nil,ManagedFields:[],},Spec:PodSpec{Volumes:[{default-token-427hn {nil nil nil nil nil SecretVolumeSource{SecretName:default-token-427hn,Items:[],DefaultMode:*420,Optional:nil,} nil nil nil nil nil nil nil nil nil nil nil nil nil nil nil nil nil nil nil nil nil nil}}],Containers:[{nginx e2eteam/nginx:1.14-alpine [] []  [] [] [] {map[] map[]} [{default-token-427hn true /var/run/secrets/kubernetes.io/serviceaccount  &lt;nil&gt; }] [] nil nil nil /dev/termination-log File IfNotPresent nil false false false}],RestartPolicy:Always,TerminationGracePeriodSeconds:*0,ActiveDeadlineSeconds:nil,DNSPolicy:ClusterFirst,NodeSelector:map[string]string{},ServiceAccountName:default,DeprecatedServiceAccount:default,NodeName:e2e-test-peterhornyack-windows-node-group-7n03,HostNetwork:false,HostPID:false,HostIPC:false,SecurityContext:&amp;PodSecurityContext{SELinuxOptions:nil,RunAsUser:nil,RunAsNonRoot:nil,SupplementalGroups:[],FSGroup:nil,RunAsGroup:nil,Sysctls:[],},ImagePullSecrets:[],Hostname:,Subdomain:,Affinity:nil,SchedulerName:default-scheduler,InitContainers:[],AutomountServiceAccountToken:nil,Tolerations:[{node.kubernetes.io/not-ready Exists  NoExecute 0xc0022cd990} {node.kubernetes.io/unreachable Exists  NoExecute 0xc0022cd9b0}],HostAliases:[],PriorityClassName:,Priority:*0,DNSConfig:nil,ShareProcessNamespace:nil,ReadinessGates:[],RuntimeClassName:nil,EnableServiceLinks:*true,},Status:PodStatus{Phase:Running,Conditions:[{Initialized True 0001-01-01 00:00:00 +0000 UTC 2019-03-19 12:03:53 -0700 PDT  } {Ready True 0001-01-01 00:00:00 +0000 UTC 2019-03-19 12:04:12 -0700 PDT  } {ContainersReady True 0001-01-01 00:00:00 +0000 UTC 2019-03-19 12:04:12 -0700 PDT  } {PodScheduled True 0001-01-01 00:00:00 +0000 UTC 2019-03-19 12:03:53 -0700 PDT  }],Message:,Reason:,HostIP:10.40.0.3,PodIP:10.64.1.127,StartTime:2019-03-19 12:03:53 -0700 PDT,ContainerStatuses:[{nginx {nil ContainerStateRunning{StartedAt:2019-03-19 12:04:07 -0700 PDT,} nil} {nil nil nil} true 0 e2eteam/nginx:1.14-alpine docker-pullable://e2eteam/nginx@sha256:fd7f1a29995d4ff106f216e9d334e17ae9a7c0840e0d0c61b4d086633a12c765 docker://93d51a2c51daa57266732fbdf3935ffa4ffd84b5a141fb571747b2f7886a01f4}],QOSClass:BestEffort,InitContainerStatuses:[],NominatedNodeName:,},}&#xA;Mar 19 12:08:55.766: INFO: Pod &#34;nginx-deployment-56d49d846f-r5xvj&#34; is available:&#xA;&amp;Pod{ObjectMeta:k8s_io_apimachinery_pkg_apis_meta_v1.ObjectMeta{Name:nginx-deployment-56d49d846f-r5xvj,GenerateName:nginx-deployment-56d49d846f-,Namespace:deployment-1225,SelfLink:/api/v1/namespaces/deployment-1225/pods/nginx-deployment-56d49d846f-r5xvj,UID:bd0a886e-4a79-11e9-8094-42010a280002,ResourceVersion:23899,Generation:0,CreationTimestamp:2019-03-19 12:03:53 -0700 PDT,DeletionTimestamp:&lt;nil&gt;,DeletionGracePeriodSeconds:nil,Labels:map[string]string{name: nginx,pod-template-hash: 56d49d846f,},Annotations:map[string]string{},OwnerReferences:[{apps/v1 ReplicaSet nginx-deployment-56d49d846f bcf50869-4a79-11e9-8094-42010a280002 0xc0022cda80 0xc0022cda81}],Finalizers:[],ClusterName:,Initializers:nil,ManagedFields:[],},Spec:PodSpec{Volumes:[{default-token-427hn {nil nil nil nil nil SecretVolumeSource{SecretName:default-token-427hn,Items:[],DefaultMode:*420,Optional:nil,} nil nil nil nil nil nil nil nil nil nil nil nil nil nil nil nil nil nil nil nil nil nil}}],Containers:[{nginx e2eteam/nginx:1.14-alpine [] []  [] [] [] {map[] map[]} [{default-token-427hn true /var/run/secrets/kubernetes.io/serviceaccount  &lt;nil&gt; }] [] nil nil nil /dev/termination-log File IfNotPresent nil false false false}],RestartPolicy:Always,TerminationGracePeriodSeconds:*0,ActiveDeadlineSeconds:nil,DNSPolicy:ClusterFirst,NodeSelector:map[string]string{},ServiceAccountName:default,DeprecatedServiceAccount:default,NodeName:e2e-test-peterhornyack-windows-node-group-dp2r,HostNetwork:false,HostPID:false,HostIPC:false,SecurityContext:&amp;PodSecurityContext{SELinuxOptions:nil,RunAsUser:nil,RunAsNonRoot:nil,SupplementalGroups:[],FSGroup:nil,RunAsGroup:nil,Sysctls:[],},ImagePullSecrets:[],Hostname:,Subdomain:,Affinity:nil,SchedulerName:default-scheduler,InitContainers:[],AutomountServiceAccountToken:nil,Tolerations:[{node.kubernetes.io/not-ready Exists  NoExecute 0xc0022cdb00} {node.kubernetes.io/unreachable Exists  NoExecute 0xc0022cdb20}],HostAliases:[],PriorityClassName:,Priority:*0,DNSConfig:nil,ShareProcessNamespace:nil,ReadinessGates:[],RuntimeClassName:nil,EnableServiceLinks:*true,},Status:PodStatus{Phase:Running,Conditions:[{Initialized True 0001-01-01 00:00:00 +0000 UTC 2019-03-19 12:03:53 -0700 PDT  } {Ready True 0001-01-01 00:00:00 +0000 UTC 2019-03-19 12:04:14 -0700 PDT  } {ContainersReady True 0001-01-01 00:00:00 +0000 UTC 2019-03-19 12:04:14 -0700 PDT  } {PodScheduled True 0001-01-01 00:00:00 +0000 UTC 2019-03-19 12:03:53 -0700 PDT  }],Message:,Reason:,HostIP:10.40.0.4,PodIP:10.64.2.86,StartTime:2019-03-19 12:03:53 -0700 PDT,ContainerStatuses:[{nginx {nil ContainerStateRunning{StartedAt:2019-03-19 12:04:08 -0700 PDT,} nil} {nil nil nil} true 0 e2eteam/nginx:1.14-alpine docker-pullable://e2eteam/nginx@sha256:fd7f1a29995d4ff106f216e9d334e17ae9a7c0840e0d0c61b4d086633a12c765 docker://cd5887a62748693e488f5eb0370b1b8eb670248a94b9e4f6dd2b5160d442cc53}],QOSClass:BestEffort,InitContainerStatuses:[],NominatedNodeName:,},}&#xA;Mar 19 12:08:55.767: INFO: Pod &#34;nginx-deployment-56d49d846f-x7r6z&#34; is available:&#xA;&amp;Pod{ObjectMeta:k8s_io_apimachinery_pkg_apis_meta_v1.ObjectMeta{Name:nginx-deployment-56d49d846f-x7r6z,GenerateName:nginx-deployment-56d49d846f-,Namespace:deployment-1225,SelfLink:/api/v1/namespaces/deployment-1225/pods/nginx-deployment-56d49d846f-x7r6z,UID:bcfde445-4a79-11e9-8094-42010a280002,ResourceVersion:23903,Generation:0,CreationTimestamp:2019-03-19 12:03:53 -0700 PDT,DeletionTimestamp:&lt;nil&gt;,DeletionGracePeriodSeconds:nil,Labels:map[string]string{name: nginx,pod-template-hash: 56d49d846f,},Annotations:map[string]string{},OwnerReferences:[{apps/v1 ReplicaSet nginx-deployment-56d49d846f bcf50869-4a79-11e9-8094-42010a280002 0xc0022cdc20 0xc0022cdc21}],Finalizers:[],ClusterName:,Initializers:nil,ManagedFields:[],},Spec:PodSpec{Volumes:[{default-token-427hn {nil nil nil nil nil SecretVolumeSource{SecretName:default-token-427hn,Items:[],DefaultMode:*420,Optional:nil,} nil nil nil nil nil nil nil nil nil nil nil nil nil nil nil nil nil nil nil nil nil nil}}],Containers:[{nginx e2eteam/nginx:1.14-alpine [] []  [] [] [] {map[] map[]} [{default-token-427hn true /var/run/secrets/kubernetes.io/serviceaccount  &lt;nil&gt; }] [] nil nil nil /dev/termination-log File IfNotPresent nil false false false}],RestartPolicy:Always,TerminationGracePeriodSeconds:*0,ActiveDeadlineSeconds:nil,DNSPolicy:ClusterFirst,NodeSelector:map[string]string{},ServiceAccountName:default,DeprecatedServiceAccount:default,NodeName:e2e-test-peterhornyack-windows-node-group-dp2r,HostNetwork:false,HostPID:false,HostIPC:false,SecurityContext:&amp;PodSecurityContext{SELinuxOptions:nil,RunAsUser:nil,RunAsNonRoot:nil,SupplementalGroups:[],FSGroup:nil,RunAsGroup:nil,Sysctls:[],},ImagePullSecrets:[],Hostname:,Subdomain:,Affinity:nil,SchedulerName:default-scheduler,InitContainers:[],AutomountServiceAccountToken:nil,Tolerations:[{node.kubernetes.io/not-ready Exists  NoExecute 0xc0022cdc80} {node.kubernetes.io/unreachable Exists  NoExecute 0xc0022cdca0}],HostAliases:[],PriorityClassName:,Priority:*0,DNSConfig:nil,ShareProcessNamespace:nil,ReadinessGates:[],RuntimeClassName:nil,EnableServiceLinks:*true,},Status:PodStatus{Phase:Running,Conditions:[{Initialized True 0001-01-01 00:00:00 +0000 UTC 2019-03-19 12:03:53 -0700 PDT  } {Ready True 0001-01-01 00:00:00 +0000 UTC 2019-03-19 12:04:14 -0700 PDT  } {ContainersReady True 0001-01-01 00:00:00 +0000 UTC 2019-03-19 12:04:14 -0700 PDT  } {PodScheduled True 0001-01-01 00:00:00 +0000 UTC 2019-03-19 12:03:53 -0700 PDT  }],Message:,Reason:,HostIP:10.40.0.4,PodIP:10.64.2.84,StartTime:2019-03-19 12:03:53 -0700 PDT,ContainerStatuses:[{nginx {nil ContainerStateRunning{StartedAt:2019-03-19 12:04:08 -0700 PDT,} nil} {nil nil nil} true 0 e2eteam/nginx:1.14-alpine docker-pullable://e2eteam/nginx@sha256:fd7f1a29995d4ff106f216e9d334e17ae9a7c0840e0d0c61b4d086633a12c765 docker://24cc2f5fd48622a25a99386740d83a44d0f492d3cd71224c111ef3a0482ff816}],QOSClass:BestEffort,InitContainerStatuses:[],NominatedNodeName:,},}&#xA;Mar 19 12:08:55.767: INFO: Pod &#34;nginx-deployment-56d49d846f-xnz6n&#34; is available:&#xA;&amp;Pod{ObjectMeta:k8s_io_apimachinery_pkg_apis_meta_v1.ObjectMeta{Name:nginx-deployment-56d49d846f-xnz6n,GenerateName:nginx-deployment-56d49d846f-,Namespace:deployment-1225,SelfLink:/api/v1/namespaces/deployment-1225/pods/nginx-deployment-56d49d846f-xnz6n,UID:bd007033-4a79-11e9-8094-42010a280002,ResourceVersion:23888,Generation:0,CreationTimestamp:2019-03-19 12:03:53 -0700 PDT,DeletionTimestamp:&lt;nil&gt;,DeletionGracePeriodSeconds:nil,Labels:map[string]string{name: nginx,pod-template-hash: 56d49d846f,},Annotations:map[string]string{},OwnerReferences:[{apps/v1 ReplicaSet nginx-deployment-56d49d846f bcf50869-4a79-11e9-8094-42010a280002 0xc0022cdd90 0xc0022cdd91}],Finalizers:[],ClusterName:,Initializers:nil,ManagedFields:[],},Spec:PodSpec{Volumes:[{default-token-427hn {nil nil nil nil nil SecretVolumeSource{SecretName:default-token-427hn,Items:[],DefaultMode:*420,Optional:nil,} nil nil nil nil nil nil nil nil nil nil nil nil nil nil nil nil nil nil nil nil nil nil}}],Containers:[{nginx e2eteam/nginx:1.14-alpine [] []  [] [] [] {map[] map[]} [{default-token-427hn true /var/run/secrets/kubernetes.io/serviceaccount  &lt;nil&gt; }] [] nil nil nil /dev/termination-log File IfNotPresent nil false false false}],RestartPolicy:Always,TerminationGracePeriodSeconds:*0,ActiveDeadlineSeconds:nil,DNSPolicy:ClusterFirst,NodeSelector:map[string]string{},ServiceAccountName:default,DeprecatedServiceAccount:default,NodeName:e2e-test-peterhornyack-windows-node-group-7n03,HostNetwork:false,HostPID:false,HostIPC:false,SecurityContext:&amp;PodSecurityContext{SELinuxOptions:nil,RunAsUser:nil,RunAsNonRoot:nil,SupplementalGroups:[],FSGroup:nil,RunAsGroup:nil,Sysctls:[],},ImagePullSecrets:[],Hostname:,Subdomain:,Affinity:nil,SchedulerName:default-scheduler,InitContainers:[],AutomountServiceAccountToken:nil,Tolerations:[{node.kubernetes.io/not-ready Exists  NoExecute 0xc0022cde10} {node.kubernetes.io/unreachable Exists  NoExecute 0xc0022cde30}],HostAliases:[],PriorityClassName:,Priority:*0,DNSConfig:nil,ShareProcessNamespace:nil,ReadinessGates:[],RuntimeClassName:nil,EnableServiceLinks:*true,},Status:PodStatus{Phase:Running,Conditions:[{Initialized True 0001-01-01 00:00:00 +0000 UTC 2019-03-19 12:03:53 -0700 PDT  } {Ready True 0001-01-01 00:00:00 +0000 UTC 2019-03-19 12:04:13 -0700 PDT  } {ContainersReady True 0001-01-01 00:00:00 +0000 UTC 2019-03-19 12:04:13 -0700 PDT  } {PodScheduled True 0001-01-01 00:00:00 +0000 UTC 2019-03-19 12:03:53 -0700 PDT  }],Message:,Reason:,HostIP:10.40.0.3,PodIP:10.64.1.123,StartTime:2019-03-19 12:03:53 -0700 PDT,ContainerStatuses:[{nginx {nil ContainerStateRunning{StartedAt:2019-03-19 12:04:08 -0700 PDT,} nil} {nil nil nil} true 0 e2eteam/nginx:1.14-alpine docker-pullable://e2eteam/nginx@sha256:fd7f1a29995d4ff106f216e9d334e17ae9a7c0840e0d0c61b4d086633a12c765 docker://cc6da87b8a9e381d8281b35b32891c8953742b33c068a716e929fe328ee0357f}],QOSClass:BestEffort,InitContainerStatuses:[],NominatedNodeName:,},}&#xA;[AfterEach] [sig-apps] Deployment&#xA;  /go/src/k8s.io/kubernetes/_output/dockerized/go/src/k8s.io/kubernetes/test/e2e/framework/framework.go:152&#xA;�[1mSTEP�[0m: Collecting events from namespace &#34;deployment-1225&#34;.&#xA;�[1mSTEP�[0m: Found 50 events.&#xA;Mar 19 12:08:55.810: INFO: At 2019-03-19 12:03:53 -0700 PDT - event for nginx-deployment: {deployment-controller } ScalingReplicaSet: Scaled up replica set nginx-deployment-56d49d846f to 10&#xA;Mar 19 12:08:55.810: INFO: At 2019-03-19 12:03:53 -0700 PDT - event for nginx-deployment-56d49d846f: {replicaset-controller } SuccessfulCreate: Created pod: nginx-deployment-56d49d846f-cvlfm&#xA;Mar 19 12:08:55.810: INFO: At 2019-03-19 12:03:53 -0700 PDT - event for nginx-deployment-56d49d846f: {replicaset-controller } SuccessfulCreate: Created pod: nginx-deployment-56d49d846f-5jkcm&#xA;Mar 19 12:08:55.810: INFO: At 2019-03-19 12:03:53 -0700 PDT - event for nginx-deployment-56d49d846f: {replicaset-controller } SuccessfulCreate: Created pod: nginx-deployment-56d49d846f-lhfbc&#xA;Mar 19 12:08:55.810: INFO: At 2019-03-19 12:03:53 -0700 PDT - event for nginx-deployment-56d49d846f: {replicaset-controller } SuccessfulCreate: Created pod: nginx-deployment-56d49d846f-xnz6n&#xA;Mar 19 12:08:55.810: INFO: At 2019-03-19 12:03:53 -0700 PDT - event for nginx-deployment-56d49d846f: {replicaset-controller } SuccessfulCreate: Created pod: nginx-deployment-56d49d846f-h7j2j&#xA;Mar 19 12:08:55.810: INFO: At 2019-03-19 12:03:53 -0700 PDT - event for nginx-deployment-56d49d846f: {replicaset-controller } SuccessfulCreate: Created pod: nginx-deployment-56d49d846f-46qsx&#xA;Mar 19 12:08:55.810: INFO: At 2019-03-19 12:03:53 -0700 PDT - event for nginx-deployment-56d49d846f: {replicaset-controller } SuccessfulCreate: Created pod: nginx-deployment-56d49d846f-9djrr&#xA;Mar 19 12:08:55.810: INFO: At 2019-03-19 12:03:53 -0700 PDT - event for nginx-deployment-56d49d846f: {replicaset-controller } SuccessfulCreate: Created pod: nginx-deployment-56d49d846f-78kls&#xA;Mar 19 12:08:55.810: INFO: At 2019-03-19 12:03:53 -0700 PDT - event for nginx-deployment-56d49d846f: {replicaset-controller } SuccessfulCreate: (combined from similar events): Created pod: nginx-deployment-56d49d846f-r5xvj&#xA;Mar 19 12:08:55.810: INFO: At 2019-03-19 12:03:53 -0700 PDT - event for nginx-deployment-56d49d846f: {replicaset-controller } SuccessfulCreate: Created pod: nginx-deployment-56d49d846f-x7r6z&#xA;Mar 19 12:08:55.810: INFO: At 2019-03-19 12:03:53 -0700 PDT - event for nginx-deployment-56d49d846f-46qsx: {default-scheduler } Scheduled: Successfully assigned deployment-1225/nginx-deployment-56d49d846f-46qsx to e2e-test-peterhornyack-windows-node-group-dp2r&#xA;Mar 19 12:08:55.810: INFO: At 2019-03-19 12:03:53 -0700 PDT - event for nginx-deployment-56d49d846f-5jkcm: {default-scheduler } Scheduled: Successfully assigned deployment-1225/nginx-deployment-56d49d846f-5jkcm to e2e-test-peterhornyack-windows-node-group-7n03&#xA;Mar 19 12:08:55.810: INFO: At 2019-03-19 12:03:53 -0700 PDT - event for nginx-deployment-56d49d846f-78kls: {default-scheduler } Scheduled: Successfully assigned deployment-1225/nginx-deployment-56d49d846f-78kls to e2e-test-peterhornyack-windows-node-group-dp2r&#xA;Mar 19 12:08:55.810: INFO: At 2019-03-19 12:03:53 -0700 PDT - event for nginx-deployment-56d49d846f-9djrr: {default-scheduler } Scheduled: Successfully assigned deployment-1225/nginx-deployment-56d49d846f-9djrr to e2e-test-peterhornyack-windows-node-group-7n03&#xA;Mar 19 12:08:55.810: INFO: At 2019-03-19 12:03:53 -0700 PDT - event for nginx-deployment-56d49d846f-cvlfm: {default-scheduler } Scheduled: Successfully assigned deployment-1225/nginx-deployment-56d49d846f-cvlfm to e2e-test-peterhornyack-windows-node-group-7n03&#xA;Mar 19 12:08:55.810: INFO: At 2019-03-19 12:03:53 -0700 PDT - event for nginx-deployment-56d49d846f-h7j2j: {default-scheduler } Scheduled: Successfully assigned deployment-1225/nginx-deployment-56d49d846f-h7j2j to e2e-test-peterhornyack-windows-node-group-dp2r&#xA;Mar 19 12:08:55.810: INFO: At 2019-03-19 12:03:53 -0700 PDT - event for nginx-deployment-56d49d846f-lhfbc: {default-scheduler } Scheduled: Successfully assigned deployment-1225/nginx-deployment-56d49d846f-lhfbc to e2e-test-peterhornyack-windows-node-group-7n03&#xA;Mar 19 12:08:55.810: INFO: At 2019-03-19 12:03:53 -0700 PDT - event for nginx-deployment-56d49d846f-r5xvj: {default-scheduler } Scheduled: Successfully assigned deployment-1225/nginx-deployment-56d49d846f-r5xvj to e2e-test-peterhornyack-windows-node-group-dp2r&#xA;Mar 19 12:08:55.810: INFO: At 2019-03-19 12:03:53 -0700 PDT - event for nginx-deployment-56d49d846f-x7r6z: {default-scheduler } Scheduled: Successfully assigned deployment-1225/nginx-deployment-56d49d846f-x7r6z to e2e-test-peterhornyack-windows-node-group-dp2r&#xA;Mar 19 12:08:55.810: INFO: At 2019-03-19 12:03:53 -0700 PDT - event for nginx-deployment-56d49d846f-xnz6n: {default-scheduler } Scheduled: Successfully assigned deployment-1225/nginx-deployment-56d49d846f-xnz6n to e2e-test-peterhornyack-windows-node-group-7n03&#xA;Mar 19 12:08:55.810: INFO: At 2019-03-19 12:04:03 -0700 PDT - event for nginx-deployment-56d49d846f-46qsx: {kubelet e2e-test-peterhornyack-windows-node-group-dp2r} Created: Created container nginx&#xA;Mar 19 12:08:55.810: INFO: At 2019-03-19 12:04:03 -0700 PDT - event for nginx-deployment-56d49d846f-46qsx: {kubelet e2e-test-peterhornyack-windows-node-group-dp2r} Pulled: Container image &#34;e2eteam/nginx:1.14-alpine&#34; already present on machine&#xA;Mar 19 12:08:55.810: INFO: At 2019-03-19 12:04:03 -0700 PDT - event for nginx-deployment-56d49d846f-5jkcm: {kubelet e2e-test-peterhornyack-windows-node-group-7n03} Created: Created container nginx&#xA;Mar 19 12:08:55.810: INFO: At 2019-03-19 12:04:03 -0700 PDT - event for nginx-deployment-56d49d846f-5jkcm: {kubelet e2e-test-peterhornyack-windows-node-group-7n03} Pulled: Container image &#34;e2eteam/nginx:1.14-alpine&#34; already present on machine&#xA;Mar 19 12:08:55.811: INFO: At 2019-03-19 12:04:03 -0700 PDT - event for nginx-deployment-56d49d846f-78kls: {kubelet e2e-test-peterhornyack-windows-node-group-dp2r} Created: Created container nginx&#xA;Mar 19 12:08:55.811: INFO: At 2019-03-19 12:04:03 -0700 PDT - event for nginx-deployment-56d49d846f-78kls: {kubelet e2e-test-peterhornyack-windows-node-group-dp2r} Pulled: Container image &#34;e2eteam/nginx:1.14-alpine&#34; already present on machine&#xA;Mar 19 12:08:55.811: INFO: At 2019-03-19 12:04:03 -0700 PDT - event for nginx-deployment-56d49d846f-cvlfm: {kubelet e2e-test-peterhornyack-windows-node-group-7n03} Pulled: Container image &#34;e2eteam/nginx:1.14-alpine&#34; already present on machine&#xA;Mar 19 12:08:55.811: INFO: At 2019-03-19 12:04:03 -0700 PDT - event for nginx-deployment-56d49d846f-h7j2j: {kubelet e2e-test-peterhornyack-windows-node-group-dp2r} Created: Created container nginx&#xA;Mar 19 12:08:55.811: INFO: At 2019-03-19 12:04:03 -0700 PDT - event for nginx-deployment-56d49d846f-h7j2j: {kubelet e2e-test-peterhornyack-windows-node-group-dp2r} Pulled: Container image &#34;e2eteam/nginx:1.14-alpine&#34; already present on machine&#xA;Mar 19 12:08:55.811: INFO: At 2019-03-19 12:04:03 -0700 PDT - event for nginx-deployment-56d49d846f-lhfbc: {kubelet e2e-test-peterhornyack-windows-node-group-7n03} Pulled: Container image &#34;e2eteam/nginx:1.14-alpine&#34; already present on machine&#xA;Mar 19 12:08:55.811: INFO: At 2019-03-19 12:04:03 -0700 PDT - event for nginx-deployment-56d49d846f-r5xvj: {kubelet e2e-test-peterhornyack-windows-node-group-dp2r} Created: Created container nginx&#xA;Mar 19 12:08:55.811: INFO: At 2019-03-19 12:04:03 -0700 PDT - event for nginx-deployment-56d49d846f-r5xvj: {kubelet e2e-test-peterhornyack-windows-node-group-dp2r} Pulled: Container image &#34;e2eteam/nginx:1.14-alpine&#34; already present on machine&#xA;Mar 19 12:08:55.811: INFO: At 2019-03-19 12:04:03 -0700 PDT - event for nginx-deployment-56d49d846f-x7r6z: {kubelet e2e-test-peterhornyack-windows-node-group-dp2r} Created: Created container nginx&#xA;Mar 19 12:08:55.811: INFO: At 2019-03-19 12:04:03 -0700 PDT - event for nginx-deployment-56d49d846f-x7r6z: {kubelet e2e-test-peterhornyack-windows-node-group-dp2r} Pulled: Container image &#34;e2eteam/nginx:1.14-alpine&#34; already present on machine&#xA;Mar 19 12:08:55.811: INFO: At 2019-03-19 12:04:03 -0700 PDT - event for nginx-deployment-56d49d846f-xnz6n: {kubelet e2e-test-peterhornyack-windows-node-group-7n03} Pulled: Container image &#34;e2eteam/nginx:1.14-alpine&#34; already present on machine&#xA;Mar 19 12:08:55.811: INFO: At 2019-03-19 12:04:04 -0700 PDT - event for nginx-deployment-56d49d846f-cvlfm: {kubelet e2e-test-peterhornyack-windows-node-group-7n03} Created: Created container nginx&#xA;Mar 19 12:08:55.811: INFO: At 2019-03-19 12:04:04 -0700 PDT - event for nginx-deployment-56d49d846f-lhfbc: {kubelet e2e-test-peterhornyack-windows-node-group-7n03} Created: Created container nginx&#xA;Mar 19 12:08:55.811: INFO: At 2019-03-19 12:04:04 -0700 PDT - event for nginx-deployment-56d49d846f-xnz6n: {kubelet e2e-test-peterhornyack-windows-node-group-7n03} Created: Created container nginx&#xA;Mar 19 12:08:55.811: INFO: At 2019-03-19 12:04:08 -0700 PDT - event for nginx-deployment-56d49d846f-46qsx: {kubelet e2e-test-peterhornyack-windows-node-group-dp2r} Started: Started container nginx&#xA;Mar 19 12:08:55.811: INFO: At 2019-03-19 12:04:08 -0700 PDT - event for nginx-deployment-56d49d846f-5jkcm: {kubelet e2e-test-peterhornyack-windows-node-group-7n03} Started: Started container nginx&#xA;Mar 19 12:08:55.811: INFO: At 2019-03-19 12:04:08 -0700 PDT - event for nginx-deployment-56d49d846f-h7j2j: {kubelet e2e-test-peterhornyack-windows-node-group-dp2r} Started: Started container nginx&#xA;Mar 19 12:08:55.811: INFO: At 2019-03-19 12:04:08 -0700 PDT - event for nginx-deployment-56d49d846f-lhfbc: {kubelet e2e-test-peterhornyack-windows-node-group-7n03} Started: Started container nginx&#xA;Mar 19 12:08:55.811: INFO: At 2019-03-19 12:04:08 -0700 PDT - event for nginx-deployment-56d49d846f-r5xvj: {kubelet e2e-test-peterhornyack-windows-node-group-dp2r} Started: Started container nginx&#xA;Mar 19 12:08:55.811: INFO: At 2019-03-19 12:04:08 -0700 PDT - event for nginx-deployment-56d49d846f-x7r6z: {kubelet e2e-test-peterhornyack-windows-node-group-dp2r} Started: Started container nginx&#xA;Mar 19 12:08:55.811: INFO: At 2019-03-19 12:04:08 -0700 PDT - event for nginx-deployment-56d49d846f-xnz6n: {kubelet e2e-test-peterhornyack-windows-node-group-7n03} Started: Started container nginx&#xA;Mar 19 12:08:55.811: INFO: At 2019-03-19 12:04:09 -0700 PDT - event for nginx-deployment-56d49d846f-cvlfm: {kubelet e2e-test-peterhornyack-windows-node-group-7n03} Started: Started container nginx&#xA;Mar 19 12:08:55.811: INFO: At 2019-03-19 12:04:10 -0700 PDT - event for nginx-deployment-56d49d846f-78kls: {kubelet e2e-test-peterhornyack-windows-node-group-dp2r} Started: Started container nginx&#xA;Mar 19 12:08:55.811: INFO: At 2019-03-19 12:04:19 -0700 PDT - event for nginx-deployment-56d49d846f-9djrr: {kubelet e2e-test-peterhornyack-windows-node-group-7n03} FailedCreatePodSandBox: Failed create pod sandbox: rpc error: code = Unknown desc = [failed to set up sandbox container &#34;5ccf52a71b48b214769f3dd6cffbb6fbebef9f9ee2cf73fdb4063559c2ea46d9&#34; network for pod &#34;nginx-deployment-56d49d846f-9djrr&#34;: NetworkPlugin cni failed to set up pod &#34;nginx-deployment-56d49d846f-9djrr_deployment-1225&#34; network: error while ProvisionEndpoint(5ccf52a71b48b214769f3dd6cffbb6fbebef9f9ee2cf73fdb4063559c2ea46d9_l2bridge,10FE5887-D24C-46DC-A171-E37C85C8C12C,5ccf52a71b48b214769f3dd6cffbb6fbebef9f9ee2cf73fdb4063559c2ea46d9): Element not found., failed to clean up sandbox container &#34;5ccf52a71b48b214769f3dd6cffbb6fbebef9f9ee2cf73fdb4063559c2ea46d9&#34; network for pod &#34;nginx-deployment-56d49d846f-9djrr&#34;: NetworkPlugin cni failed to teardown pod &#34;nginx-deployment-56d49d846f-9djrr_deployment-1225&#34; network: failed to find HNSEndpoint 5ccf52a71b48b214769f3dd6cffbb6fbebef9f9ee2cf73fdb4063559c2ea46d9_l2bridge: Endpoint 5ccf52a71b48b214769f3dd6cffbb6fbebef9f9ee2cf73fdb4063559c2ea46d9_l2bridge not found]&#xA;Mar 19 12:08:55.811: INFO: At 2019-03-19 12:04:20 -0700 PDT - event for nginx-deployment-56d49d846f-9djrr: {kubelet e2e-test-peterhornyack-windows-node-group-7n03} SandboxChanged: Pod sandbox changed, it will be killed and re-created.&#xA;Mar 19 12:08:55.903: INFO: POD                                                    NODE                                            PHASE    GRACE  CONDITIONS&#xA;Mar 19 12:08:55.903: INFO: nginx-deployment-56d49d846f-46qsx                      e2e-test-peterhornyack-windows-node-group-dp2r  Running         [{Initialized True 0001-01-01 00:00:00 +0000 UTC 2019-03-19 12:03:53 -0700 PDT  } {Ready True 0001-01-01 00:00:00 +0000 UTC 2019-03-19 12:04:15 -0700 PDT  } {ContainersReady True 0001-01-01 00:00:00 +0000 UTC 2019-03-19 12:04:15 -0700 PDT  } {PodScheduled True 0001-01-01 00:00:00 +0000 UTC 2019-03-19 12:03:53 -0700 PDT  }]&#xA;Mar 19 12:08:55.903: INFO: nginx-deployment-56d49d846f-5jkcm                      e2e-test-peterhornyack-windows-node-group-7n03  Running         [{Initialized True 0001-01-01 00:00:00 +0000 UTC 2019-03-19 12:03:53 -0700 PDT  } {Ready True 0001-01-01 00:00:00 +0000 UTC 2019-03-19 12:04:14 -0700 PDT  } {ContainersReady True 0001-01-01 00:00:00 +0000 UTC 2019-03-19 12:04:14 -0700 PDT  } {PodScheduled True 0001-01-01 00:00:00 +0000 UTC 2019-03-19 12:03:53 -0700 PDT  }]&#xA;Mar 19 12:08:55.903: INFO: nginx-deployment-56d49d846f-78kls                      e2e-test-peterhornyack-windows-node-group-dp2r  Running         [{Initialized True 0001-01-01 00:00:00 +0000 UTC 2019-03-19 12:03:53 -0700 PDT  } {Ready True 0001-01-01 00:00:00 +0000 UTC 2019-03-19 12:04:15 -0700 PDT  } {ContainersReady True 0001-01-01 00:00:00 +0000 UTC 2019-03-19 12:04:15 -0700 PDT  } {PodScheduled True 0001-01-01 00:00:00 +0000 UTC 2019-03-19 12:03:53 -0700 PDT  }]&#xA;Mar 19 12:08:55.903: INFO: nginx-deployment-56d49d846f-9djrr                      e2e-test-peterhornyack-windows-node-group-7n03  Pending         [{Initialized True 0001-01-01 00:00:00 +0000 UTC 2019-03-19 12:03:53 -0700 PDT  } {Ready False 0001-01-01 00:00:00 +0000 UTC 2019-03-19 12:03:53 -0700 PDT ContainersNotReady containers with unready status: [nginx]} {ContainersReady False 0001-01-01 00:00:00 +0000 UTC 2019-03-19 12:03:53 -0700 PDT ContainersNotReady containers with unready status: [nginx]} {PodScheduled True 0001-01-01 00:00:00 +0000 UTC 2019-03-19 12:03:53 -0700 PDT  }]&#xA;Mar 19 12:08:55.903: INFO: nginx-deployment-56d49d846f-cvlfm                      e2e-test-peterhornyack-windows-node-group-7n03  Running         [{Initialized True 0001-01-01 00:00:00 +0000 UTC 2019-03-19 12:03:53 -0700 PDT  } {Ready True 0001-01-01 00:00:00 +0000 UTC 2019-03-19 12:04:14 -0700 PDT  } {ContainersReady True 0001-01-01 00:00:00 +0000 UTC 2019-03-19 12:04:14 -0700 PDT  } {PodScheduled True 0001-01-01 00:00:00 +0000 UTC 2019-03-19 12:03:53 -0700 PDT  }]&#xA;Mar 19 12:08:55.903: INFO: nginx-deployment-56d49d846f-h7j2j                      e2e-test-peterhornyack-windows-node-group-dp2r  Running         [{Initialized True 0001-01-01 00:00:00 +0000 UTC 2019-03-19 12:03:53 -0700 PDT  } {Ready True 0001-01-01 00:00:00 +0000 UTC 2019-03-19 12:04:14 -0700 PDT  } {ContainersReady True 0001-01-01 00:00:00 +0000 UTC 2019-03-19 12:04:14 -0700 PDT  } {PodScheduled True 0001-01-01 00:00:00 +0000 UTC 2019-03-19 12:03:53 -0700 PDT  }]&#xA;Mar 19 12:08:55.903: INFO: nginx-deployment-56d49d846f-lhfbc                      e2e-test-peterhornyack-windows-node-group-7n03  Running         [{Initialized True 0001-01-01 00:00:00 +0000 UTC 2019-03-19 12:03:53 -0700 PDT  } {Ready True 0001-01-01 00:00:00 +0000 UTC 2019-03-19 12:04:12 -0700 PDT  } {ContainersReady True 0001-01-01 00:00:00 +0000 UTC 2019-03-19 12:04:12 -0700 PDT  } {PodScheduled True 0001-01-01 00:00:00 +0000 UTC 2019-03-19 12:03:53 -0700 PDT  }]&#xA;Mar 19 12:08:55.903: INFO: nginx-deployment-56d49d846f-r5xvj                      e2e-test-peterhornyack-windows-node-group-dp2r  Running         [{Initialized True 0001-01-01 00:00:00 +0000 UTC 2019-03-19 12:03:53 -0700 PDT  } {Ready True 0001-01-01 00:00:00 +0000 UTC 2019-03-19 12:04:14 -0700 PDT  } {ContainersReady True 0001-01-01 00:00:00 +0000 UTC 2019-03-19 12:04:14 -0700 PDT  } {PodScheduled True 0001-01-01 00:00:00 +0000 UTC 2019-03-19 12:03:53 -0700 PDT  }]&#xA;Mar 19 12:08:55.903: INFO: nginx-deployment-56d49d846f-x7r6z                      e2e-test-peterhornyack-windows-node-group-dp2r  Running         [{Initialized True 0001-01-01 00:00:00 +0000 UTC 2019-03-19 12:03:53 -0700 PDT  } {Ready True 0001-01-01 00:00:00 +0000 UTC 2019-03-19 12:04:14 -0700 PDT  } {ContainersReady True 0001-01-01 00:00:00 +0000 UTC 2019-03-19 12:04:14 -0700 PDT  } {PodScheduled True 0001-01-01 00:00:00 +0000 UTC 2019-03-19 12:03:53 -0700 PDT  }]&#xA;Mar 19 12:08:55.903: INFO: nginx-deployment-56d49d846f-xnz6n                      e2e-test-peterhornyack-windows-node-group-7n03  Running         [{Initialized True 0001-01-01 00:00:00 +0000 UTC 2019-03-19 12:03:53 -0700 PDT  } {Ready True 0001-01-01 00:00:00 +0000 UTC 2019-03-19 12:04:13 -0700 PDT  } {ContainersReady True 0001-01-01 00:00:00 +0000 UTC 2019-03-19 12:04:13 -0700 PDT  } {PodScheduled True 0001-01-01 00:00:00 +0000 UTC 2019-03-19 12:03:53 -0700 PDT  }]&#xA;Mar 19 12:08:55.903: INFO: coredns-5b969f4c88-8wcmf                               e2e-test-peterhornyack-minion-group-b97j        Running         [{Initialized True 0001-01-01 00:00:00 +0000 UTC 2019-03-19 09:47:27 -0700 PDT  } {Ready True 0001-01-01 00:00:00 +0000 UTC 2019-03-19 09:47:34 -0700 PDT  } {ContainersReady True 0001-01-01 00:00:00 +0000 UTC 2019-03-19 09:47:34 -0700 PDT  } {PodScheduled True 0001-01-01 00:00:00 +0000 UTC 2019-03-19 09:47:27 -0700 PDT  }]&#xA;Mar 19 12:08:55.903: INFO: coredns-5b969f4c88-sn584                               e2e-test-peterhornyack-minion-group-413w        Running         [{Initialized True 0001-01-01 00:00:00 +0000 UTC 2019-03-19 09:47:13 -0700 PDT  } {Ready True 0001-01-01 00:00:00 +0000 UTC 2019-03-19 09:47:41 -0700 PDT  } {ContainersReady True 0001-01-01 00:00:00 +0000 UTC 2019-03-19 09:47:41 -0700 PDT  } {PodScheduled True 0001-01-01 00:00:00 +0000 UTC 2019-03-19 09:47:13 -0700 PDT  }]&#xA;Mar 19 12:08:55.904: INFO: etcd-empty-dir-cleanup-e2e-test-peterhornyack-master   e2e-test-peterhornyack-master                   Running         [{Initialized True 0001-01-01 00:00:00 +0000 UTC 2019-03-19 09:42:44 -0700 PDT  } {Ready True 0001-01-01 00:00:00 +0000 UTC 2019-03-19 09:43:04 -0700 PDT  } {ContainersReady True 0001-01-01 00:00:00 +0000 UTC 2019-03-19 09:43:04 -0700 PDT  } {PodScheduled True 0001-01-01 00:00:00 +0000 UTC 2019-03-19 09:42:44 -0700 PDT  }]&#xA;Mar 19 12:08:55.904: INFO: etcd-server-e2e-test-peterhornyack-master              e2e-test-peterhornyack-master                   Running         [{Initialized True 0001-01-01 00:00:00 +0000 UTC 2019-03-19 09:42:43 -0700 PDT  } {Ready True 0001-01-01 00:00:00 +0000 UTC 2019-03-19 09:43:05 -0700 PDT  } {ContainersReady True 0001-01-01 00:00:00 +0000 UTC 2019-03-19 09:43:05 -0700 PDT  } {PodScheduled True 0001-01-01 00:00:00 +0000 UTC 2019-03-19 09:42:43 -0700 PDT  }]&#xA;Mar 19 12:08:55.904: INFO: etcd-server-events-e2e-test-peterhornyack-master       e2e-test-peterhornyack-master                   Running         [{Initialized True 0001-01-01 00:00:00 +0000 UTC 2019-03-19 09:42:44 -0700 PDT  } {Ready True 0001-01-01 00:00:00 +0000 UTC 2019-03-19 09:43:05 -0700 PDT  } {ContainersReady True 0001-01-01 00:00:00 +0000 UTC 2019-03-19 09:43:05 -0700 PDT  } {PodScheduled True 0001-01-01 00:00:00 +0000 UTC 2019-03-19 09:42:44 -0700 PDT  }]&#xA;Mar 19 12:08:55.904: INFO: event-exporter-v0.2.3-77f59d4b59-mdcvl                 e2e-test-peterhornyack-minion-group-413w        Running         [{Initialized True 0001-01-01 00:00:00 +0000 UTC 2019-03-19 09:47:13 -0700 PDT  } {Ready True 0001-01-01 00:00:00 +0000 UTC 2019-03-19 09:47:37 -0700 PDT  } {ContainersReady True 0001-01-01 00:00:00 +0000 UTC 2019-03-19 09:47:37 -0700 PDT  } {PodScheduled True 0001-01-01 00:00:00 +0000 UTC 2019-03-19 09:47:13 -0700 PDT  }]&#xA;Mar 19 12:08:55.904: INFO: fluentd-gcp-scaler-85cdd7d7c5-7lm6p                    e2e-test-peterhornyack-minion-group-413w        Running         [{Initialized True 0001-01-01 00:00:00 +0000 UTC 2019-03-19 09:47:13 -0700 PDT  } {Ready True 0001-01-01 00:00:00 +0000 UTC 2019-03-19 09:47:37 -0700 PDT  } {ContainersReady True 0001-01-01 00:00:00 +0000 UTC 2019-03-19 09:47:37 -0700 PDT  } {PodScheduled True 0001-01-01 00:00:00 +0000 UTC 2019-03-19 09:47:13 -0700 PDT  }]&#xA;Mar 19 12:08:55.904: INFO: fluentd-gcp-v3.2.0-cjzwp                               e2e-test-peterhornyack-minion-group-b97j        Running         [{Initialized True 0001-01-01 00:00:00 +0000 UTC 2019-03-19 09:47:56 -0700 PDT  } {Ready True 0001-01-01 00:00:00 +0000 UTC 2019-03-19 09:47:57 -0700 PDT  } {ContainersReady True 0001-01-01 00:00:00 +0000 UTC 2019-03-19 09:47:57 -0700 PDT  } {PodScheduled True 0001-01-01 00:00:00 +0000 UTC 2019-03-19 09:47:56 -0700 PDT  }]&#xA;Mar 19 12:08:55.904: INFO: fluentd-gcp-v3.2.0-dhczm                               e2e-test-peterhornyack-minion-group-413w        Running         [{Initialized True 0001-01-01 00:00:00 +0000 UTC 2019-03-19 09:47:43 -0700 PDT  } {Ready True 0001-01-01 00:00:00 +0000 UTC 2019-03-19 09:47:46 -0700 PDT  } {ContainersReady True 0001-01-01 00:00:00 +0000 UTC 2019-03-19 09:47:46 -0700 PDT  } {PodScheduled True 0001-01-01 00:00:00 +0000 UTC 2019-03-19 09:47:43 -0700 PDT  }]&#xA;Mar 19 12:08:55.904: INFO: fluentd-gcp-v3.2.0-hzdmn                               e2e-test-peterhornyack-master                   Running         [{Initialized True 0001-01-01 00:00:00 +0000 UTC 2019-03-19 09:48:05 -0700 PDT  } {Ready True 0001-01-01 00:00:00 +0000 UTC 2019-03-19 09:48:07 -0700 PDT  } {ContainersReady True 0001-01-01 00:00:00 +0000 UTC 2019-03-19 09:48:07 -0700 PDT  } {PodScheduled True 0001-01-01 00:00:00 +0000 UTC 2019-03-19 09:48:05 -0700 PDT  }]&#xA;Mar 19 12:08:55.904: INFO: heapster-v1.6.0-beta.1-6796bf47bf-vtxtn                e2e-test-peterhornyack-minion-group-b97j        Running         [{Initialized True 0001-01-01 00:00:00 +0000 UTC 2019-03-19 09:47:36 -0700 PDT  } {Ready True 0001-01-01 00:00:00 +0000 UTC 2019-03-19 09:47:44 -0700 PDT  } {ContainersReady True 0001-01-01 00:00:00 +0000 UTC 2019-03-19 09:47:44 -0700 PDT  } {PodScheduled True 0001-01-01 00:00:00 +0000 UTC 2019-03-19 09:47:36 -0700 PDT  }]&#xA;Mar 19 12:08:55.904: INFO: kube-addon-manager-e2e-test-peterhornyack-master       e2e-test-peterhornyack-master                   Running         [{Initialized True 0001-01-01 00:00:00 +0000 UTC 2019-03-19 09:42:43 -0700 PDT  } {Ready True 0001-01-01 00:00:00 +0000 UTC 2019-03-19 09:43:07 -0700 PDT  } {ContainersReady True 0001-01-01 00:00:00 +0000 UTC 2019-03-19 09:43:07 -0700 PDT  } {PodScheduled True 0001-01-01 00:00:00 +0000 UTC 2019-03-19 09:42:43 -0700 PDT  }]&#xA;Mar 19 12:08:55.904: INFO: kube-apiserver-e2e-test-peterhornyack-master           e2e-test-peterhornyack-master                   Running         [{Initialized True 0001-01-01 00:00:00 +0000 UTC 2019-03-19 09:42:43 -0700 PDT  } {Ready True 0001-01-01 00:00:00 +0000 UTC 2019-03-19 09:43:16 -0700 PDT  } {ContainersReady True 0001-01-01 00:00:00 +0000 UTC 2019-03-19 09:43:16 -0700 PDT  } {PodScheduled True 0001-01-01 00:00:00 +0000 UTC 2019-03-19 09:42:43 -0700 PDT  }]&#xA;Mar 19 12:08:55.904: INFO: kube-controller-manager-e2e-test-peterhornyack-master  e2e-test-peterhornyack-master                   Running         [{Initialized True 0001-01-01 00:00:00 +0000 UTC 2019-03-19 09:42:43 -0700 PDT  } {Ready True 0001-01-01 00:00:00 +0000 UTC 2019-03-19 09:42:49 -0700 PDT  } {ContainersReady True 0001-01-01 00:00:00 +0000 UTC 2019-03-19 09:42:49 -0700 PDT  } {PodScheduled True 0001-01-01 00:00:00 +0000 UTC 2019-03-19 09:42:43 -0700 PDT  }]&#xA;Mar 19 12:08:55.904: INFO: kube-dns-autoscaler-97df449df-fnkn6                    e2e-test-peterhornyack-minion-group-413w        Running         [{Initialized True 0001-01-01 00:00:00 +0000 UTC 2019-03-19 09:47:13 -0700 PDT  } {Ready True 0001-01-01 00:00:00 +0000 UTC 2019-03-19 09:47:28 -0700 PDT  } {ContainersReady True 0001-01-01 00:00:00 +0000 UTC 2019-03-19 09:47:28 -0700 PDT  } {PodScheduled True 0001-01-01 00:00:00 +0000 UTC 2019-03-19 09:47:13 -0700 PDT  }]&#xA;Mar 19 12:08:55.904: INFO: kube-proxy-e2e-test-peterhornyack-minion-group-413w    e2e-test-peterhornyack-minion-group-413w        Running         [{Initialized True 0001-01-01 00:00:00 +0000 UTC 2019-03-19 09:47:15 -0700 PDT  } {Ready True 0001-01-01 00:00:00 +0000 UTC 2019-03-19 09:47:15 -0700 PDT  } {ContainersReady True 0001-01-01 00:00:00 +0000 UTC 2019-03-19 09:47:15 -0700 PDT  } {PodScheduled True 0001-01-01 00:00:00 +0000 UTC 2019-03-19 09:47:15 -0700 PDT  }]&#xA;Mar 19 12:08:55.904: INFO: kube-proxy-e2e-test-peterhornyack-minion-group-b97j    e2e-test-peterhornyack-minion-group-b97j        Running         [{Initialized True 0001-01-01 00:00:00 +0000 UTC 2019-03-19 09:47:16 -0700 PDT  } {Ready True 0001-01-01 00:00:00 +0000 UTC 2019-03-19 09:47:18 -0700 PDT  } {ContainersReady True 0001-01-01 00:00:00 +0000 UTC 2019-03-19 09:47:18 -0700 PDT  } {PodScheduled True 0001-01-01 00:00:00 +0000 UTC 2019-03-19 09:47:16 -0700 PDT  }]&#xA;Mar 19 12:08:55.904: INFO: kube-scheduler-e2e-test-peterhornyack-master           e2e-test-peterhornyack-master                   Running         [{Initialized True 0001-01-01 00:00:00 +0000 UTC 2019-03-19 09:42:44 -0700 PDT  } {Ready True 0001-01-01 00:00:00 +0000 UTC 2019-03-19 09:42:50 -0700 PDT  } {ContainersReady True 0001-01-01 00:00:00 +0000 UTC 2019-03-19 09:42:50 -0700 PDT  } {PodScheduled True 0001-01-01 00:00:00 +0000 UTC 2019-03-19 09:42:44 -0700 PDT  }]&#xA;Mar 19 12:08:55.904: INFO: kubernetes-dashboard-85bcf5dbf8-p8g76                  e2e-test-peterhornyack-minion-group-413w        Running         [{Initialized True 0001-01-01 00:00:00 +0000 UTC 2019-03-19 09:47:13 -0700 PDT  } {Ready True 0001-01-01 00:00:00 +0000 UTC 2019-03-19 09:47:38 -0700 PDT  } {ContainersReady True 0001-01-01 00:00:00 +0000 UTC 2019-03-19 09:47:38 -0700 PDT  } {PodScheduled True 0001-01-01 00:00:00 +0000 UTC 2019-03-19 09:47:13 -0700 PDT  }]&#xA;Mar 19 12:08:55.904: INFO: l7-default-backend-8f479dd9-5qggn                      e2e-test-peterhornyack-minion-group-413w        Running         [{Initialized True 0001-01-01 00:00:00 +0000 UTC 2019-03-19 09:47:13 -0700 PDT  } {Ready True 0001-01-01 00:00:00 +0000 UTC 2019-03-19 09:47:37 -0700 PDT  } {ContainersReady True 0001-01-01 00:00:00 +0000 UTC 2019-03-19 09:47:37 -0700 PDT  } {PodScheduled True 0001-01-01 00:00:00 +0000 UTC 2019-03-19 09:47:13 -0700 PDT  }]&#xA;Mar 19 12:08:55.904: INFO: l7-lb-controller-v1.2.3-e2e-test-peterhornyack-master  e2e-test-peterhornyack-master                   Running         [{Initialized True 0001-01-01 00:00:00 +0000 UTC 2019-03-19 09:42:43 -0700 PDT  } {Ready True 0001-01-01 00:00:00 +0000 UTC 2019-03-19 09:43:03 -0700 PDT  } {ContainersReady True 0001-01-01 00:00:00 +0000 UTC 2019-03-19 09:43:03 -0700 PDT  } {PodScheduled True 0001-01-01 00:00:00 +0000 UTC 2019-03-19 09:42:43 -0700 PDT  }]&#xA;Mar 19 12:08:55.904: INFO: metadata-proxy-v0.1-mhd5d                              e2e-test-peterhornyack-minion-group-413w        Running         [{Initialized True 0001-01-01 00:00:00 +0000 UTC 2019-03-19 09:47:13 -0700 PDT  } {Ready True 0001-01-01 00:00:00 +0000 UTC 2019-03-19 09:47:37 -0700 PDT  } {ContainersReady True 0001-01-01 00:00:00 +0000 UTC 2019-03-19 09:47:37 -0700 PDT  } {PodScheduled True 0001-01-01 00:00:00 +0000 UTC 2019-03-19 09:47:13 -0700 PDT  }]&#xA;Mar 19 12:08:55.904: INFO: metadata-proxy-v0.1-mx4wk                              e2e-test-peterhornyack-minion-group-b97j        Running         [{Initialized True 0001-01-01 00:00:00 +0000 UTC 2019-03-19 09:47:16 -0700 PDT  } {Ready True 0001-01-01 00:00:00 +0000 UTC 2019-03-19 09:47:29 -0700 PDT  } {ContainersReady True 0001-01-01 00:00:00 +0000 UTC 2019-03-19 09:47:29 -0700 PDT  } {PodScheduled True 0001-01-01 00:00:00 +0000 UTC 2019-03-19 09:47:16 -0700 PDT  }]&#xA;Mar 19 12:08:55.904: INFO: metadata-proxy-v0.1-t99fq                              e2e-test-peterhornyack-master                   Running         [{Initialized True 0001-01-01 00:00:00 +0000 UTC 2019-03-19 09:43:42 -0700 PDT  } {Ready True 0001-01-01 00:00:00 +0000 UTC 2019-03-19 09:44:01 -0700 PDT  } {ContainersReady True 0001-01-01 00:00:00 +0000 UTC 2019-03-19 09:44:01 -0700 PDT  } {PodScheduled True 0001-01-01 00:00:00 +0000 UTC 2019-03-19 09:43:42 -0700 PDT  }]&#xA;Mar 19 12:08:55.904: INFO: metrics-server-v0.3.1-7d9cf58c5c-2wbtj                 e2e-test-peterhornyack-minion-group-b97j        Running         [{Initialized True 0001-01-01 00:00:00 +0000 UTC 2019-03-19 09:47:35 -0700 PDT  } {Ready True 0001-01-01 00:00:00 +0000 UTC 2019-03-19 09:47:43 -0700 PDT  } {ContainersReady True 0001-01-01 00:00:00 +0000 UTC 2019-03-19 09:47:43 -0700 PDT  } {PodScheduled True 0001-01-01 00:00:00 +0000 UTC 2019-03-19 09:47:35 -0700 PDT  }]&#xA;Mar 19 12:08:55.904: INFO: &#xA;Mar 19 12:08:55.947: INFO: &#xA;Logging node info for node e2e-test-peterhornyack-master&#xA;Mar 19 12:08:55.992: INFO: Node Info: &amp;Node{ObjectMeta:k8s_io_apimachinery_pkg_apis_meta_v1.ObjectMeta{Name:e2e-test-peterhornyack-master,GenerateName:,Namespace:,SelfLink:/api/v1/nodes/e2e-test-peterhornyack-master,UID:275b08b0-4a66-11e9-8094-42010a280002,ResourceVersion:24510,Generation:0,CreationTimestamp:2019-03-19 09:43:41 -0700 PDT,DeletionTimestamp:&lt;nil&gt;,DeletionGracePeriodSeconds:nil,Labels:map[string]string{beta.kubernetes.io/arch: amd64,beta.kubernetes.io/instance-type: n1-standard-1,beta.kubernetes.io/metadata-proxy-ready: true,beta.kubernetes.io/os: linux,cloud.google.com/metadata-proxy-ready: true,failure-domain.beta.kubernetes.io/region: us-central1,failure-domain.beta.kubernetes.io/zone: us-central1-b,kubernetes.io/arch: amd64,kubernetes.io/hostname: e2e-test-peterhornyack-master,kubernetes.io/os: linux,},Annotations:map[string]string{node.alpha.kubernetes.io/ttl: 0,volumes.kubernetes.io/controller-managed-attach-detach: true,},OwnerReferences:[],Finalizers:[],ClusterName:,Initializers:nil,ManagedFields:[],},Spec:NodeSpec{PodCIDR:10.64.0.0/24,DoNotUse_ExternalID:,ProviderID:gce://peterhornyack-kubernetes-test/us-central1-b/e2e-test-peterhornyack-master,Unschedulable:true,Taints:[{node-under-test false NoSchedule &lt;nil&gt;} {node.kubernetes.io/unschedulable  NoSchedule &lt;nil&gt;}],ConfigSource:nil,},Status:NodeStatus{Capacity:ResourceList{attachable-volumes-gce-pd: {{32 0} {&lt;nil&gt;} 32 DecimalSI},cpu: {{1 0} {&lt;nil&gt;} 1 DecimalSI},ephemeral-storage: {{16684785664 0} {&lt;nil&gt;}  BinarySI},hugepages-2Mi: {{0 0} {&lt;nil&gt;} 0 DecimalSI},memory: {{3878420480 0} {&lt;nil&gt;}  BinarySI},pods: {{110 0} {&lt;nil&gt;} 110 DecimalSI},},Allocatable:ResourceList{attachable-volumes-gce-pd: {{32 0} {&lt;nil&gt;} 32 DecimalSI},cpu: {{1 0} {&lt;nil&gt;} 1 DecimalSI},ephemeral-storage: {{15016307073 0} {&lt;nil&gt;} 15016307073 DecimalSI},hugepages-2Mi: {{0 0} {&lt;nil&gt;} 0 DecimalSI},memory: {{3616276480 0} {&lt;nil&gt;}  BinarySI},pods: {{110 0} {&lt;nil&gt;} 110 DecimalSI},},Phase:,Conditions:[{NetworkUnavailable False 2019-03-19 09:43:42 -0700 PDT 2019-03-19 09:43:42 -0700 PDT RouteCreated NodeController create implicit route} {MemoryPressure False 2019-03-19 12:08:43 -0700 PDT 2019-03-19 09:43:41 -0700 PDT KubeletHasSufficientMemory kubelet has sufficient memory available} {DiskPressure False 2019-03-19 12:08:43 -0700 PDT 2019-03-19 09:43:41 -0700 PDT KubeletHasNoDiskPressure kubelet has no disk pressure} {PIDPressure False 2019-03-19 12:08:43 -0700 PDT 2019-03-19 09:43:41 -0700 PDT KubeletHasSufficientPID kubelet has sufficient PID available} {Ready True 2019-03-19 12:08:43 -0700 PDT 2019-03-19 09:43:42 -0700 PDT KubeletReady kubelet is posting ready status. AppArmor enabled}],Addresses:[{InternalIP 10.40.0.2} {ExternalIP 104.197.89.63} {InternalDNS e2e-test-peterhornyack-master.c.peterhornyack-kubernetes-test.internal} {Hostname e2e-test-peterhornyack-master.c.peterhornyack-kubernetes-test.internal}],DaemonEndpoints:NodeDaemonEndpoints{KubeletEndpoint:DaemonEndpoint{Port:10250,},},NodeInfo:NodeSystemInfo{MachineID:99868aafdb69c0e6a66a909c63595cf7,SystemUUID:99868AAF-DB69-C0E6-A66A-909C63595CF7,BootID:1b8576cf-560f-4836-8d5e-40e53795914a,KernelVersion:4.14.94+,OSImage:Container-Optimized OS from Google,ContainerRuntimeVersion:docker://18.9.1,KubeletVersion:v1.15.0-alpha.0.1217+13f77e8589cd67-dirty,KubeProxyVersion:v1.15.0-alpha.0.1217+13f77e8589cd67-dirty,OperatingSystem:linux,Architecture:amd64,},Images:[{[k8s.gcr.io/etcd@sha256:17da501f5d2a675be46040422a27b7cc21b8a43895ac998b171db1c346f361f7 k8s.gcr.io/etcd:3.3.10-0] 258116302} {[gcr.io/stackdriver-agents/stackdriver-logging-agent@sha256:f8d5231b67b9c53f60068b535a11811d29d1b3efd53d2b79f2a2591ea338e4f2 gcr.io/stackdriver-agents/stackdriver-logging-agent:0.6-1.6.0-1] 223242132} {[k8s.gcr.io/kube-apiserver:v1.15.0-alpha.0.1217_13f77e8589cd67-dirty] 209603625} {[k8s.gcr.io/kube-controller-manager:v1.15.0-alpha.0.1217_13f77e8589cd67-dirty] 157645033} {[k8s.gcr.io/prometheus-to-sd@sha256:6c0c742475363d537ff059136e5d5e4ab1f512ee0fd9b7ca42ea48bc309d1662 k8s.gcr.io/prometheus-to-sd:v0.3.1] 88077694} {[k8s.gcr.io/kube-addon-manager@sha256:672794ee3582521eb8bc4f257d0f70c92893f1989f39a200f9c84bcfe1aea7c9 k8s.gcr.io/kube-addon-manager:v9.0] 83077558} {[k8s.gcr.io/kube-scheduler:v1.15.0-alpha.0.1217_13f77e8589cd67-dirty] 81487753} {[k8s.gcr.io/ingress-gce-glbc-amd64@sha256:14f14351a03038b238232e60850a9cfa0dffbed0590321ef84216a432accc1ca k8s.gcr.io/ingress-gce-glbc-amd64:v1.2.3] 71797285} {[k8s.gcr.io/etcd-empty-dir-cleanup@sha256:a10c61bd700a14b43b3a45a1791612ef9907c3ef3ba3b1731e0ab0675248d351 k8s.gcr.io/etcd-empty-dir-cleanup:3.3.10.0] 32791339} {[k8s.gcr.io/metadata-proxy@sha256:80fb815ae179d4f177a880f0b9af65fe9742c94d626d1904f642eba8610be5bf k8s.gcr.io/metadata-proxy:v0.1.11] 8965381} {[k8s.gcr.io/pause@sha256:f78411e19d84a252e53bff71a4407a5686c46983a2c2eeed83929b888179acea k8s.gcr.io/pause:3.1] 742472}],VolumesInUse:[],VolumesAttached:[],Config:&amp;NodeConfigStatus{Assigned:nil,Active:nil,LastKnownGood:nil,Error:,},},}&#xA;Mar 19 12:08:55.992: INFO: &#xA;Logging kubelet events for node e2e-test-peterhornyack-master&#xA;Mar 19 12:08:56.034: INFO: &#xA;Logging pods the kubelet thinks is on node e2e-test-peterhornyack-master&#xA;Mar 19 12:08:56.081: INFO: etcd-empty-dir-cleanup-e2e-test-peterhornyack-master started at &lt;nil&gt; (0+0 container statuses recorded)&#xA;Mar 19 12:08:56.082: INFO: etcd-server-events-e2e-test-peterhornyack-master started at &lt;nil&gt; (0+0 container statuses recorded)&#xA;Mar 19 12:08:56.082: INFO: etcd-server-e2e-test-peterhornyack-master started at &lt;nil&gt; (0+0 container statuses recorded)&#xA;Mar 19 12:08:56.082: INFO: kube-addon-manager-e2e-test-peterhornyack-master started at &lt;nil&gt; (0+0 container statuses recorded)&#xA;Mar 19 12:08:56.082: INFO: kube-apiserver-e2e-test-peterhornyack-master started at &lt;nil&gt; (0+0 container statuses recorded)&#xA;Mar 19 12:08:56.082: INFO: metadata-proxy-v0.1-t99fq started at 2019-03-19 09:43:42 -0700 PDT (0+2 container statuses recorded)&#xA;Mar 19 12:08:56.082: INFO: &#x9;Container metadata-proxy ready: true, restart count 0&#xA;Mar 19 12:08:56.082: INFO: &#x9;Container prometheus-to-sd-exporter ready: true, restart count 0&#xA;Mar 19 12:08:56.082: INFO: fluentd-gcp-v3.2.0-hzdmn started at 2019-03-19 09:48:05 -0700 PDT (0+2 container statuses recorded)&#xA;Mar 19 12:08:56.082: INFO: &#x9;Container fluentd-gcp ready: true, restart count 0&#xA;Mar 19 12:08:56.082: INFO: &#x9;Container prometheus-to-sd-exporter ready: true, restart count 0&#xA;Mar 19 12:08:56.082: INFO: l7-lb-controller-v1.2.3-e2e-test-peterhornyack-master started at &lt;nil&gt; (0+0 container statuses recorded)&#xA;Mar 19 12:08:56.082: INFO: kube-controller-manager-e2e-test-peterhornyack-master started at &lt;nil&gt; (0+0 container statuses recorded)&#xA;Mar 19 12:08:56.082: INFO: kube-scheduler-e2e-test-peterhornyack-master started at &lt;nil&gt; (0+0 container statuses recorded)&#xA;Mar 19 12:08:56.242: INFO: &#xA;Latency metrics for node e2e-test-peterhornyack-master&#xA;Mar 19 12:08:56.242: INFO: &#xA;Logging node info for node e2e-test-peterhornyack-minion-group-413w&#xA;Mar 19 12:08:56.284: INFO: Node Info: &amp;Node{ObjectMeta:k8s_io_apimachinery_pkg_apis_meta_v1.ObjectMeta{Name:e2e-test-peterhornyack-minion-group-413w,GenerateName:,Namespace:,SelfLink:/api/v1/nodes/e2e-test-peterhornyack-minion-group-413w,UID:a57d0e9c-4a66-11e9-8094-42010a280002,ResourceVersion:24538,Generation:0,CreationTimestamp:2019-03-19 09:47:13 -0700 PDT,DeletionTimestamp:&lt;nil&gt;,DeletionGracePeriodSeconds:nil,Labels:map[string]string{beta.kubernetes.io/arch: amd64,beta.kubernetes.io/instance-type: n1-standard-2,beta.kubernetes.io/metadata-proxy-ready: true,beta.kubernetes.io/os: linux,cloud.google.com/metadata-proxy-ready: true,failure-domain.beta.kubernetes.io/region: us-central1,failure-domain.beta.kubernetes.io/zone: us-central1-b,kubernetes.io/arch: amd64,kubernetes.io/hostname: e2e-test-peterhornyack-minion-group-413w,kubernetes.io/os: linux,},Annotations:map[string]string{node.alpha.kubernetes.io/ttl: 0,volumes.kubernetes.io/controller-managed-attach-detach: true,},OwnerReferences:[],Finalizers:[],ClusterName:,Initializers:nil,ManagedFields:[],},Spec:NodeSpec{PodCIDR:10.64.3.0/24,DoNotUse_ExternalID:,ProviderID:gce://peterhornyack-kubernetes-test/us-central1-b/e2e-test-peterhornyack-minion-group-413w,Unschedulable:false,Taints:[{node-under-test false NoSchedule &lt;nil&gt;}],ConfigSource:nil,},Status:NodeStatus{Capacity:ResourceList{attachable-volumes-gce-pd: {{64 0} {&lt;nil&gt;} 64 DecimalSI},cpu: {{2 0} {&lt;nil&gt;} 2 DecimalSI},ephemeral-storage: {{101241290752 0} {&lt;nil&gt;}  BinarySI},hugepages-2Mi: {{0 0} {&lt;nil&gt;} 0 DecimalSI},memory: {{7841865728 0} {&lt;nil&gt;}  BinarySI},pods: {{110 0} {&lt;nil&gt;} 110 DecimalSI},},Allocatable:ResourceList{attachable-volumes-gce-pd: {{64 0} {&lt;nil&gt;} 64 DecimalSI},cpu: {{2 0} {&lt;nil&gt;} 2 DecimalSI},ephemeral-storage: {{91117161526 0} {&lt;nil&gt;} 91117161526 DecimalSI},hugepages-2Mi: {{0 0} {&lt;nil&gt;} 0 DecimalSI},memory: {{7579721728 0} {&lt;nil&gt;}  BinarySI},pods: {{110 0} {&lt;nil&gt;} 110 DecimalSI},},Phase:,Conditions:[{FrequentContainerdRestart False 2019-03-19 12:08:29 -0700 PDT 2019-03-19 09:52:15 -0700 PDT FrequentContainerdRestart containerd is functioning properly} {CorruptDockerOverlay2 False 2019-03-19 12:08:29 -0700 PDT 2019-03-19 09:52:12 -0700 PDT CorruptDockerOverlay2 docker overlay2 is functioning properly} {KernelDeadlock False 2019-03-19 12:08:29 -0700 PDT 2019-03-19 09:47:11 -0700 PDT KernelHasNoDeadlock kernel has no deadlock} {ReadonlyFilesystem False 2019-03-19 12:08:29 -0700 PDT 2019-03-19 09:47:11 -0700 PDT FilesystemIsNotReadOnly Filesystem is not read-only} {FrequentUnregisterNetDevice False 2019-03-19 12:08:29 -0700 PDT 2019-03-19 09:52:13 -0700 PDT UnregisterNetDevice node is functioning properly} {FrequentKubeletRestart False 2019-03-19 12:08:29 -0700 PDT 2019-03-19 09:52:13 -0700 PDT FrequentKubeletRestart kubelet is functioning properly} {FrequentDockerRestart False 2019-03-19 12:08:29 -0700 PDT 2019-03-19 09:52:14 -0700 PDT FrequentDockerRestart docker is functioning properly} {NetworkUnavailable False 2019-03-19 09:47:14 -0700 PDT 2019-03-19 09:47:14 -0700 PDT RouteCreated NodeController create implicit route} {MemoryPressure False 2019-03-19 12:08:55 -0700 PDT 2019-03-19 09:47:13 -0700 PDT KubeletHasSufficientMemory kubelet has sufficient memory available} {DiskPressure False 2019-03-19 12:08:55 -0700 PDT 2019-03-19 09:47:13 -0700 PDT KubeletHasNoDiskPressure kubelet has no disk pressure} {PIDPressure False 2019-03-19 12:08:55 -0700 PDT 2019-03-19 09:47:13 -0700 PDT KubeletHasSufficientPID kubelet has sufficient PID available} {Ready True 2019-03-19 12:08:55 -0700 PDT 2019-03-19 09:47:13 -0700 PDT KubeletReady kubelet is posting ready status. AppArmor enabled}],Addresses:[{InternalIP 10.40.0.5} {ExternalIP 35.222.40.0} {InternalDNS e2e-test-peterhornyack-minion-group-413w.c.peterhornyack-kubernetes-test.internal} {Hostname e2e-test-peterhornyack-minion-group-413w.c.peterhornyack-kubernetes-test.internal}],DaemonEndpoints:NodeDaemonEndpoints{KubeletEndpoint:DaemonEndpoint{Port:10250,},},NodeInfo:NodeSystemInfo{MachineID:ae7c1d660ce932cc4cd5236ff40eb8a7,SystemUUID:AE7C1D66-0CE9-32CC-4CD5-236FF40EB8A7,BootID:796cbd3d-31d1-449c-bd96-034cd9979816,KernelVersion:4.14.94+,OSImage:Container-Optimized OS from Google,ContainerRuntimeVersion:docker://18.9.1,KubeletVersion:v1.15.0-alpha.0.1217+13f77e8589cd67-dirty,KubeProxyVersion:v1.15.0-alpha.0.1217+13f77e8589cd67-dirty,OperatingSystem:linux,Architecture:amd64,},Images:[{[gcr.io/stackdriver-agents/stackdriver-logging-agent@sha256:f8d5231b67b9c53f60068b535a11811d29d1b3efd53d2b79f2a2591ea338e4f2 gcr.io/stackdriver-agents/stackdriver-logging-agent:0.6-1.6.0-1] 223242132} {[k8s.gcr.io/kubernetes-dashboard-amd64@sha256:0ae6b69432e78069c5ce2bcde0fe409c5c4d6f0f4d9cd50a17974fea38898747 k8s.gcr.io/kubernetes-dashboard-amd64:v1.10.1] 121711221} {[k8s.gcr.io/fluentd-gcp-scaler@sha256:457a13df66534b94bab627c4c2dc2df0ee5153a5d0f0afd27502bd46bd8da81d k8s.gcr.io/fluentd-gcp-scaler:0.5] 103488147} {[k8s.gcr.io/event-exporter@sha256:7f9cd7cb04d6959b0aa960727d04fa86759008048c785397b7b0d9dff0007516 k8s.gcr.io/event-exporter:v0.2.3] 94171943} {[k8s.gcr.io/prometheus-to-sd@sha256:6c0c742475363d537ff059136e5d5e4ab1f512ee0fd9b7ca42ea48bc309d1662 k8s.gcr.io/prometheus-to-sd:v0.3.1] 88077694} {[k8s.gcr.io/kube-proxy:v1.15.0-alpha.0.1217_13f77e8589cd67-dirty] 82018343} {[k8s.gcr.io/heapster-amd64@sha256:9fae0af136ce0cf4f88393b3670f7139ffc464692060c374d2ae748e13144521 k8s.gcr.io/heapster-amd64:v1.6.0-beta.1] 76016169} {[k8s.gcr.io/cluster-proportional-autoscaler-amd64@sha256:12370202895b621a2ac28226292e4578598f13c1502aa4d3ee90fff4325d9275 k8s.gcr.io/cluster-proportional-autoscaler-amd64:1.4.0] 45853555} {[k8s.gcr.io/metrics-server-amd64@sha256:78938f933822856f443e6827fe5b37d6cc2f74ae888ac8b33d06fdbe5f8c658b k8s.gcr.io/metrics-server-amd64:v0.3.1] 40767713} {[k8s.gcr.io/coredns@sha256:02382353821b12c21b062c59184e227e001079bb13ebd01f9d3270ba0fcbf1e4 k8s.gcr.io/coredns:1.3.1] 40303560} {[k8s.gcr.io/addon-resizer@sha256:a31822f30e947885d038812f4a5a5675e72f92c06cef17b1989c80426aa89012 k8s.gcr.io/addon-resizer:1.8.4] 38349857} {[k8s.gcr.io/metadata-proxy@sha256:80fb815ae179d4f177a880f0b9af65fe9742c94d626d1904f642eba8610be5bf k8s.gcr.io/metadata-proxy:v0.1.11] 8965381} {[k8s.gcr.io/defaultbackend-amd64@sha256:4dc5e07c8ca4e23bddb3153737d7b8c556e5fb2f29c4558b7cd6e6df99c512c7 k8s.gcr.io/defaultbackend-amd64:1.5] 5132544} {[k8s.gcr.io/pause@sha256:f78411e19d84a252e53bff71a4407a5686c46983a2c2eeed83929b888179acea k8s.gcr.io/pause:3.1] 742472}],VolumesInUse:[],VolumesAttached:[],Config:&amp;NodeConfigStatus{Assigned:nil,Active:nil,LastKnownGood:nil,Error:,},},}&#xA;Mar 19 12:08:56.284: INFO: &#xA;Logging kubelet events for node e2e-test-peterhornyack-minion-group-413w&#xA;Mar 19 12:08:56.326: INFO: &#xA;Logging pods the kubelet thinks is on node e2e-test-peterhornyack-minion-group-413w&#xA;Mar 19 12:08:56.377: INFO: event-exporter-v0.2.3-77f59d4b59-mdcvl started at 2019-03-19 09:47:13 -0700 PDT (0+2 container statuses recorded)&#xA;Mar 19 12:08:56.377: INFO: &#x9;Container event-exporter ready: true, restart count 0&#xA;Mar 19 12:08:56.377: INFO: &#x9;Container prometheus-to-sd-exporter ready: true, restart count 0&#xA;Mar 19 12:08:56.377: INFO: fluentd-gcp-scaler-85cdd7d7c5-7lm6p started at 2019-03-19 09:47:13 -0700 PDT (0+1 container statuses recorded)&#xA;Mar 19 12:08:56.377: INFO: &#x9;Container fluentd-gcp-scaler ready: true, restart count 0&#xA;Mar 19 12:08:56.377: INFO: fluentd-gcp-v3.2.0-dhczm started at 2019-03-19 09:47:43 -0700 PDT (0+2 container statuses recorded)&#xA;Mar 19 12:08:56.377: INFO: &#x9;Container fluentd-gcp ready: true, restart count 0&#xA;Mar 19 12:08:56.377: INFO: &#x9;Container prometheus-to-sd-exporter ready: true, restart count 0&#xA;Mar 19 12:08:56.377: INFO: kube-proxy-e2e-test-peterhornyack-minion-group-413w started at &lt;nil&gt; (0+0 container statuses recorded)&#xA;Mar 19 12:08:56.377: INFO: kubernetes-dashboard-85bcf5dbf8-p8g76 started at 2019-03-19 09:47:13 -0700 PDT (0+1 container statuses recorded)&#xA;Mar 19 12:08:56.377: INFO: &#x9;Container kubernetes-dashboard ready: true, restart count 0&#xA;Mar 19 12:08:56.377: INFO: kube-dns-autoscaler-97df449df-fnkn6 started at 2019-03-19 09:47:13 -0700 PDT (0+1 container statuses recorded)&#xA;Mar 19 12:08:56.377: INFO: &#x9;Container autoscaler ready: true, restart count 0&#xA;Mar 19 12:08:56.377: INFO: coredns-5b969f4c88-sn584 started at 2019-03-19 09:47:13 -0700 PDT (0+1 container statuses recorded)&#xA;Mar 19 12:08:56.377: INFO: &#x9;Container coredns ready: true, restart count 0&#xA;Mar 19 12:08:56.377: INFO: l7-default-backend-8f479dd9-5qggn started at 2019-03-19 09:47:13 -0700 PDT (0+1 container statuses recorded)&#xA;Mar 19 12:08:56.377: INFO: &#x9;Container default-http-backend ready: true, restart count 0&#xA;Mar 19 12:08:56.377: INFO: metadata-proxy-v0.1-mhd5d started at 2019-03-19 09:47:13 -0700 PDT (0+2 container statuses recorded)&#xA;Mar 19 12:08:56.377: INFO: &#x9;Container metadata-proxy ready: true, restart count 0&#xA;Mar 19 12:08:56.377: INFO: &#x9;Container prometheus-to-sd-exporter ready: true, restart count 0&#xA;Mar 19 12:08:56.546: INFO: &#xA;Latency metrics for node e2e-test-peterhornyack-minion-group-413w&#xA;Mar 19 12:08:56.546: INFO: &#xA;Logging node info for node e2e-test-peterhornyack-minion-group-b97j&#xA;Mar 19 12:08:56.594: INFO: Node Info: &amp;Node{ObjectMeta:k8s_io_apimachinery_pkg_apis_meta_v1.ObjectMeta{Name:e2e-test-peterhornyack-minion-group-b97j,GenerateName:,Namespace:,SelfLink:/api/v1/nodes/e2e-test-peterhornyack-minion-group-b97j,UID:a70e9a27-4a66-11e9-8094-42010a280002,ResourceVersion:24494,Generation:0,CreationTimestamp:2019-03-19 09:47:16 -0700 PDT,DeletionTimestamp:&lt;nil&gt;,DeletionGracePeriodSeconds:nil,Labels:map[string]string{beta.kubernetes.io/arch: amd64,beta.kubernetes.io/instance-type: n1-standard-2,beta.kubernetes.io/metadata-proxy-ready: true,beta.kubernetes.io/os: linux,cloud.google.com/metadata-proxy-ready: true,failure-domain.beta.kubernetes.io/region: us-central1,failure-domain.beta.kubernetes.io/zone: us-central1-b,kubernetes.io/arch: amd64,kubernetes.io/hostname: e2e-test-peterhornyack-minion-group-b97j,kubernetes.io/os: linux,},Annotations:map[string]string{node.alpha.kubernetes.io/ttl: 0,volumes.kubernetes.io/controller-managed-attach-detach: true,},OwnerReferences:[],Finalizers:[],ClusterName:,Initializers:nil,ManagedFields:[],},Spec:NodeSpec{PodCIDR:10.64.4.0/24,DoNotUse_ExternalID:,ProviderID:gce://peterhornyack-kubernetes-test/us-central1-b/e2e-test-peterhornyack-minion-group-b97j,Unschedulable:false,Taints:[{node-under-test false NoSchedule &lt;nil&gt;}],ConfigSource:nil,},Status:NodeStatus{Capacity:ResourceList{attachable-volumes-gce-pd: {{64 0} {&lt;nil&gt;} 64 DecimalSI},cpu: {{2 0} {&lt;nil&gt;} 2 DecimalSI},ephemeral-storage: {{101241290752 0} {&lt;nil&gt;}  BinarySI},hugepages-2Mi: {{0 0} {&lt;nil&gt;} 0 DecimalSI},memory: {{7841865728 0} {&lt;nil&gt;}  BinarySI},pods: {{110 0} {&lt;nil&gt;} 110 DecimalSI},},Allocatable:ResourceList{attachable-volumes-gce-pd: {{64 0} {&lt;nil&gt;} 64 DecimalSI},cpu: {{2 0} {&lt;nil&gt;} 2 DecimalSI},ephemeral-storage: {{91117161526 0} {&lt;nil&gt;} 91117161526 DecimalSI},hugepages-2Mi: {{0 0} {&lt;nil&gt;} 0 DecimalSI},memory: {{7579721728 0} {&lt;nil&gt;}  BinarySI},pods: {{110 0} {&lt;nil&gt;} 110 DecimalSI},},Phase:,Conditions:[{FrequentDockerRestart False 2019-03-19 12:08:36 -0700 PDT 2019-03-19 09:52:17 -0700 PDT FrequentDockerRestart docker is functioning properly} {FrequentContainerdRestart False 2019-03-19 12:08:36 -0700 PDT 2019-03-19 09:52:18 -0700 PDT FrequentContainerdRestart containerd is functioning properly} {CorruptDockerOverlay2 False 2019-03-19 12:08:36 -0700 PDT 2019-03-19 09:52:15 -0700 PDT CorruptDockerOverlay2 docker overlay2 is functioning properly} {KernelDeadlock False 2019-03-19 12:08:36 -0700 PDT 2019-03-19 09:47:14 -0700 PDT KernelHasNoDeadlock kernel has no deadlock} {ReadonlyFilesystem False 2019-03-19 12:08:36 -0700 PDT 2019-03-19 09:47:14 -0700 PDT FilesystemIsNotReadOnly Filesystem is not read-only} {FrequentUnregisterNetDevice False 2019-03-19 12:08:36 -0700 PDT 2019-03-19 09:52:16 -0700 PDT UnregisterNetDevice node is functioning properly} {FrequentKubeletRestart False 2019-03-19 12:08:36 -0700 PDT 2019-03-19 09:52:16 -0700 PDT FrequentKubeletRestart kubelet is functioning properly} {NetworkUnavailable False 2019-03-19 09:47:17 -0700 PDT 2019-03-19 09:47:17 -0700 PDT RouteCreated NodeController create implicit route} {MemoryPressure False 2019-03-19 12:08:18 -0700 PDT 2019-03-19 09:47:16 -0700 PDT KubeletHasSufficientMemory kubelet has sufficient memory available} {DiskPressure False 2019-03-19 12:08:18 -0700 PDT 2019-03-19 09:47:16 -0700 PDT KubeletHasNoDiskPressure kubelet has no disk pressure} {PIDPressure False 2019-03-19 12:08:18 -0700 PDT 2019-03-19 09:47:16 -0700 PDT KubeletHasSufficientPID kubelet has sufficient PID available} {Ready True 2019-03-19 12:08:18 -0700 PDT 2019-03-19 09:47:16 -0700 PDT KubeletReady kubelet is posting ready status. AppArmor enabled}],Addresses:[{InternalIP 10.40.0.6} {ExternalIP 35.238.126.74} {InternalDNS e2e-test-peterhornyack-minion-group-b97j.c.peterhornyack-kubernetes-test.internal} {Hostname e2e-test-peterhornyack-minion-group-b97j.c.peterhornyack-kubernetes-test.internal}],DaemonEndpoints:NodeDaemonEndpoints{KubeletEndpoint:DaemonEndpoint{Port:10250,},},NodeInfo:NodeSystemInfo{MachineID:ba95155d1e1f7f0ade32513fe8e8e3cd,SystemUUID:BA95155D-1E1F-7F0A-DE32-513FE8E8E3CD,BootID:e89bc46f-5610-40de-b921-501bff5c5396,KernelVersion:4.14.94+,OSImage:Container-Optimized OS from Google,ContainerRuntimeVersion:docker://18.9.1,KubeletVersion:v1.15.0-alpha.0.1217+13f77e8589cd67-dirty,KubeProxyVersion:v1.15.0-alpha.0.1217+13f77e8589cd67-dirty,OperatingSystem:linux,Architecture:amd64,},Images:[{[gcr.io/stackdriver-agents/stackdriver-logging-agent@sha256:f8d5231b67b9c53f60068b535a11811d29d1b3efd53d2b79f2a2591ea338e4f2 gcr.io/stackdriver-agents/stackdriver-logging-agent:0.6-1.6.0-1] 223242132} {[nginx@sha256:e3456c851a152494c3e4ff5fcc26f240206abac0c9d794affb40e0714846c451 nginx:1.7.9] 91664166} {[ubuntu@sha256:f2557f94cac1cc4509d0483cb6e302da841ecd6f82eb2e91dc7ba6cfd0c580ab ubuntu:latest] 88908191} {[k8s.gcr.io/prometheus-to-sd@sha256:6c0c742475363d537ff059136e5d5e4ab1f512ee0fd9b7ca42ea48bc309d1662 k8s.gcr.io/prometheus-to-sd:v0.3.1] 88077694} {[k8s.gcr.io/kube-proxy:v1.15.0-alpha.0.1217_13f77e8589cd67-dirty] 82018343} {[k8s.gcr.io/heapster-amd64@sha256:9fae0af136ce0cf4f88393b3670f7139ffc464692060c374d2ae748e13144521 k8s.gcr.io/heapster-amd64:v1.6.0-beta.1] 76016169} {[k8s.gcr.io/metrics-server-amd64@sha256:78938f933822856f443e6827fe5b37d6cc2f74ae888ac8b33d06fdbe5f8c658b k8s.gcr.io/metrics-server-amd64:v0.3.1] 40767713} {[k8s.gcr.io/coredns@sha256:02382353821b12c21b062c59184e227e001079bb13ebd01f9d3270ba0fcbf1e4 k8s.gcr.io/coredns:1.3.1] 40303560} {[k8s.gcr.io/addon-resizer@sha256:a31822f30e947885d038812f4a5a5675e72f92c06cef17b1989c80426aa89012 k8s.gcr.io/addon-resizer:1.8.4] 38349857} {[nginx@sha256:1a5d1efa9699a13c3b78e66d92e03e16d93453bb09dbfa32e49c76b0eae60c40 nginx:1.15-alpine] 16083956} {[k8s.gcr.io/metadata-proxy@sha256:80fb815ae179d4f177a880f0b9af65fe9742c94d626d1904f642eba8610be5bf k8s.gcr.io/metadata-proxy:v0.1.11] 8965381} {[k8s.gcr.io/pause@sha256:f78411e19d84a252e53bff71a4407a5686c46983a2c2eeed83929b888179acea k8s.gcr.io/pause:3.1] 742472}],VolumesInUse:[],VolumesAttached:[],Config:&amp;NodeConfigStatus{Assigned:nil,Active:nil,LastKnownGood:nil,Error:,},},}&#xA;Mar 19 12:08:56.594: INFO: &#xA;Logging kubelet events for node e2e-test-peterhornyack-minion-group-b97j&#xA;Mar 19 12:08:56.636: INFO: &#xA;Logging pods the kubelet thinks is on node e2e-test-peterhornyack-minion-group-b97j&#xA;Mar 19 12:08:56.685: INFO: fluentd-gcp-v3.2.0-cjzwp started at 2019-03-19 09:47:56 -0700 PDT (0+2 container statuses recorded)&#xA;Mar 19 12:08:56.685: INFO: &#x9;Container fluentd-gcp ready: true, restart count 0&#xA;Mar 19 12:08:56.685: INFO: &#x9;Container prometheus-to-sd-exporter ready: true, restart count 0&#xA;Mar 19 12:08:56.685: INFO: coredns-5b969f4c88-8wcmf started at 2019-03-19 09:47:27 -0700 PDT (0+1 container statuses recorded)&#xA;Mar 19 12:08:56.685: INFO: &#x9;Container coredns ready: true, restart count 0&#xA;Mar 19 12:08:56.685: INFO: metrics-server-v0.3.1-7d9cf58c5c-2wbtj started at 2019-03-19 09:47:35 -0700 PDT (0+2 container statuses recorded)&#xA;Mar 19 12:08:56.685: INFO: &#x9;Container metrics-server ready: true, restart count 0&#xA;Mar 19 12:08:56.685: INFO: &#x9;Container metrics-server-nanny ready: true, restart count 0&#xA;Mar 19 12:08:56.685: INFO: heapster-v1.6.0-beta.1-6796bf47bf-vtxtn started at 2019-03-19 09:47:36 -0700 PDT (0+2 container statuses recorded)&#xA;Mar 19 12:08:56.685: INFO: &#x9;Container heapster ready: true, restart count 0&#xA;Mar 19 12:08:56.685: INFO: &#x9;Container heapster-nanny ready: true, restart count 0&#xA;Mar 19 12:08:56.685: INFO: kube-proxy-e2e-test-peterhornyack-minion-group-b97j started at &lt;nil&gt; (0+0 container statuses recorded)&#xA;Mar 19 12:08:56.685: INFO: metadata-proxy-v0.1-mx4wk started at 2019-03-19 09:47:16 -0700 PDT (0+2 container statuses recorded)&#xA;Mar 19 12:08:56.685: INFO: &#x9;Container metadata-proxy ready: true, restart count 0&#xA;Mar 19 12:08:56.685: INFO: &#x9;Container prometheus-to-sd-exporter ready: true, restart count 0&#xA;Mar 19 12:08:56.861: INFO: &#xA;Latency metrics for node e2e-test-peterhornyack-minion-group-b97j&#xA;Mar 19 12:08:56.861: INFO: &#xA;Logging node info for node e2e-test-peterhornyack-windows-node-group-7n03&#xA;Mar 19 12:08:56.904: INFO: Node Info: &amp;Node{ObjectMeta:k8s_io_apimachinery_pkg_apis_meta_v1.ObjectMeta{Name:e2e-test-peterhornyack-windows-node-group-7n03,GenerateName:,Namespace:,SelfLink:/api/v1/nodes/e2e-test-peterhornyack-windows-node-group-7n03,UID:139949a7-4a67-11e9-8094-42010a280002,ResourceVersion:24506,Generation:0,CreationTimestamp:2019-03-19 09:50:18 -0700 PDT,DeletionTimestamp:&lt;nil&gt;,DeletionGracePeriodSeconds:nil,Labels:map[string]string{beta.kubernetes.io/arch: amd64,beta.kubernetes.io/instance-type: n1-standard-2,beta.kubernetes.io/os: windows,failure-domain.beta.kubernetes.io/region: us-central1,failure-domain.beta.kubernetes.io/zone: us-central1-b,kubernetes.io/arch: amd64,kubernetes.io/hostname: e2e-test-peterhornyack-windows-node-group-7n03,kubernetes.io/os: windows,},Annotations:map[string]string{node.alpha.kubernetes.io/ttl: 0,volumes.kubernetes.io/controller-managed-attach-detach: true,},OwnerReferences:[],Finalizers:[],ClusterName:,Initializers:nil,ManagedFields:[],},Spec:NodeSpec{PodCIDR:10.64.1.0/24,DoNotUse_ExternalID:,ProviderID:gce://peterhornyack-kubernetes-test/us-central1-b/e2e-test-peterhornyack-windows-node-group-7n03,Unschedulable:false,Taints:[],ConfigSource:nil,},Status:NodeStatus{Capacity:ResourceList{attachable-volumes-gce-pd: {{64 0} {&lt;nil&gt;} 64 DecimalSI},cpu: {{2 0} {&lt;nil&gt;} 2 DecimalSI},ephemeral-storage: {{107372081152 0} {&lt;nil&gt;} 104855548Ki BinarySI},memory: {{8052645888 0} {&lt;nil&gt;}  BinarySI},pods: {{110 0} {&lt;nil&gt;} 110 DecimalSI},},Allocatable:ResourceList{attachable-volumes-gce-pd: {{64 0} {&lt;nil&gt;} 64 DecimalSI},cpu: {{2 0} {&lt;nil&gt;} 2 DecimalSI},ephemeral-storage: {{96634872877 0} {&lt;nil&gt;} 96634872877 DecimalSI},memory: {{7790501888 0} {&lt;nil&gt;}  BinarySI},pods: {{110 0} {&lt;nil&gt;} 110 DecimalSI},},Phase:,Conditions:[{NetworkUnavailable False 2019-03-19 09:50:18 -0700 PDT 2019-03-19 09:50:18 -0700 PDT RouteCreated NodeController create implicit route} {MemoryPressure False 2019-03-19 12:08:42 -0700 PDT 2019-03-19 09:50:18 -0700 PDT KubeletHasSufficientMemory kubelet has sufficient memory available} {DiskPressure False 2019-03-19 12:08:42 -0700 PDT 2019-03-19 09:50:18 -0700 PDT KubeletHasNoDiskPressure kubelet has no disk pressure} {PIDPressure False 2019-03-19 12:08:42 -0700 PDT 2019-03-19 09:50:18 -0700 PDT KubeletHasSufficientPID kubelet has sufficient PID available} {Ready True 2019-03-19 12:08:42 -0700 PDT 2019-03-19 09:50:18 -0700 PDT KubeletReady kubelet is posting ready status}],Addresses:[{InternalIP 10.40.0.3} {ExternalIP 35.222.82.28} {InternalDNS e2e-test-peterhornyack-windows-node-group-7n03.c.peterhornyack-kubernetes-test.internal} {Hostname e2e-test-peterhornyack-windows-node-group-7n03.c.peterhornyack-kubernetes-test.internal}],DaemonEndpoints:NodeDaemonEndpoints{KubeletEndpoint:DaemonEndpoint{Port:10250,},},NodeInfo:NodeSystemInfo{MachineID:e2e-test-peterhornyack-windows-node-group-7n03,SystemUUID:,BootID:,KernelVersion:10.0.17763.316,OSImage:Windows Server Datacenter,ContainerRuntimeVersion:docker://18.9.2,KubeletVersion:v1.15.0-alpha.0.1217+13f77e8589cd67-dirty,KubeProxyVersion:v1.15.0-alpha.0.1217+13f77e8589cd67-dirty,OperatingSystem:windows,Architecture:amd64,},Images:[{[e2eteam/dnsutils@sha256:a723711f52782f6912c5bee0f06f460c168dbe28dcab8b3c9ae0b5a12fd710c3 e2eteam/jessie-dnsutils@sha256:a723711f52782f6912c5bee0f06f460c168dbe28dcab8b3c9ae0b5a12fd710c3 e2eteam/dnsutils:1.1 e2eteam/jessie-dnsutils:1.0] 4448740419} {[e2eteam/nginx@sha256:fd7f1a29995d4ff106f216e9d334e17ae9a7c0840e0d0c61b4d086633a12c765 e2eteam/nginx:1.14-alpine] 4340785269} {[e2eteam/nettest@sha256:6840d875f58127a09f0ac7af1c642aa304f5f46bb851703d952db778e4d168b8 e2eteam/nettest:1.0] 4316104218} {[e2eteam/netexec@sha256:ebef54431c71a168864e73ee5e003c87f971808c8afad8f4d6c4c3197f9e86e1 e2eteam/netexec:1.1] 4311441436} {[e2eteam/hostexec@sha256:14a17284c8dbd7eb846ba4fd942cf4b39b3d6027539cc0b8fb9f41fd25cc57ca e2eteam/hostexec:1.1] 4298305042} {[e2eteam/busybox@sha256:4a971374f1eddfabd9151e981c423ebc14338e65a589c96de6e3695f6594717b e2eteam/busybox:1.29] 4298264082} {[e2eteam/nautilus@sha256:ca62437261ac75286b5cfdd468370eb1333622a318bb79fba2713453580e70ac e2eteam/nautilus:1.0] 4284301098} {[e2eteam/kitten@sha256:0aac8c65b57835704bf6f44f226b49f68feb0a2d277f18e4bb9b354599bb1c2a e2eteam/kitten:1.0] 4284294634} {[e2eteam/test-webserver@sha256:b020367d931035ef439b5c00cdd3fa4716728a3047ffcbc5b63c2ba4a01e49d0 e2eteam/test-webserver:1.0] 4284197914} {[e2eteam/serve-hostname@sha256:0aad20e3c3d8b92c12c2d203a7d1227beb01731293ed721c286e05c888d2b2f5 e2eteam/serve-hostname:1.1] 4284091418} {[e2eteam/mounttest@sha256:7fbfe980c34b431ff56b8d863940dc38915b593451615f531fd69a3646181713 e2eteam/mounttest:1.0] 4279865259} {[e2eteam/pause@sha256:3099d9d72970909bf2821a7bc335e9ef34440917894d05fa79ea13e62deca263 e2eteam/pause:3.1] 4278932506} {[mcr.microsoft.com/windows/servercore@sha256:17752cc071661e3cc1c1bec27d90d528fb4389d90c0412466783c2fe1c291c4e mcr.microsoft.com/windows/servercore:1809] 4276767258} {[mcr.microsoft.com/windows/nanoserver@sha256:38e68e67a8079788f2731f981e6580cae8c96095e9db502222ff05464d8d17c7 mcr.microsoft.com/windows/nanoserver:1809] 346702656}],VolumesInUse:[],VolumesAttached:[],Config:nil,},}&#xA;Mar 19 12:08:56.904: INFO: &#xA;Logging kubelet events for node e2e-test-peterhornyack-windows-node-group-7n03&#xA;Mar 19 12:08:56.945: INFO: &#xA;Logging pods the kubelet thinks is on node e2e-test-peterhornyack-windows-node-group-7n03&#xA;Mar 19 12:08:56.995: INFO: nginx-deployment-56d49d846f-xnz6n started at 2019-03-19 12:03:53 -0700 PDT (0+1 container statuses recorded)&#xA;Mar 19 12:08:56.995: INFO: &#x9;Container nginx ready: true, restart count 0&#xA;Mar 19 12:08:56.995: INFO: nginx-deployment-56d49d846f-lhfbc started at 2019-03-19 12:03:53 -0700 PDT (0+1 container statuses recorded)&#xA;Mar 19 12:08:56.995: INFO: &#x9;Container nginx ready: true, restart count 0&#xA;Mar 19 12:08:56.995: INFO: nginx-deployment-56d49d846f-cvlfm started at 2019-03-19 12:03:53 -0700 PDT (0+1 container statuses recorded)&#xA;Mar 19 12:08:56.995: INFO: &#x9;Container nginx ready: true, restart count 0&#xA;Mar 19 12:08:56.995: INFO: nginx-deployment-56d49d846f-9djrr started at 2019-03-19 12:03:53 -0700 PDT (0+1 container statuses recorded)&#xA;Mar 19 12:08:56.995: INFO: &#x9;Container nginx ready: false, restart count 0&#xA;Mar 19 12:08:56.995: INFO: nginx-deployment-56d49d846f-5jkcm started at 2019-03-19 12:03:53 -0700 PDT (0+1 container statuses recorded)&#xA;Mar 19 12:08:56.995: INFO: &#x9;Container nginx ready: true, restart count 0&#xA;Mar 19 12:09:04.920: INFO: &#xA;Latency metrics for node e2e-test-peterhornyack-windows-node-group-7n03&#xA;Mar 19 12:09:04.920: INFO: &#xA;Logging node info for node e2e-test-peterhornyack-windows-node-group-dp2r&#xA;Mar 19 12:09:04.962: INFO: Node Info: &amp;Node{ObjectMeta:k8s_io_apimachinery_pkg_apis_meta_v1.ObjectMeta{Name:e2e-test-peterhornyack-windows-node-group-dp2r,GenerateName:,Namespace:,SelfLink:/api/v1/nodes/e2e-test-peterhornyack-windows-node-group-dp2r,UID:1614b119-4a67-11e9-8094-42010a280002,ResourceVersion:24503,Generation:0,CreationTimestamp:2019-03-19 09:50:22 -0700 PDT,DeletionTimestamp:&lt;nil&gt;,DeletionGracePeriodSeconds:nil,Labels:map[string]string{beta.kubernetes.io/arch: amd64,beta.kubernetes.io/instance-type: n1-standard-2,beta.kubernetes.io/os: windows,failure-domain.beta.kubernetes.io/region: us-central1,failure-domain.beta.kubernetes.io/zone: us-central1-b,kubernetes.io/arch: amd64,kubernetes.io/hostname: e2e-test-peterhornyack-windows-node-group-dp2r,kubernetes.io/os: windows,},Annotations:map[string]string{node.alpha.kubernetes.io/ttl: 0,volumes.kubernetes.io/controller-managed-attach-detach: true,},OwnerReferences:[],Finalizers:[],ClusterName:,Initializers:nil,ManagedFields:[],},Spec:NodeSpec{PodCIDR:10.64.2.0/24,DoNotUse_ExternalID:,ProviderID:gce://peterhornyack-kubernetes-test/us-central1-b/e2e-test-peterhornyack-windows-node-group-dp2r,Unschedulable:false,Taints:[],ConfigSource:nil,},Status:NodeStatus{Capacity:ResourceList{attachable-volumes-gce-pd: {{64 0} {&lt;nil&gt;} 64 DecimalSI},cpu: {{2 0} {&lt;nil&gt;} 2 DecimalSI},ephemeral-storage: {{107372081152 0} {&lt;nil&gt;} 104855548Ki BinarySI},memory: {{8052645888 0} {&lt;nil&gt;}  BinarySI},pods: {{110 0} {&lt;nil&gt;} 110 DecimalSI},},Allocatable:ResourceList{attachable-volumes-gce-pd: {{64 0} {&lt;nil&gt;} 64 DecimalSI},cpu: {{2 0} {&lt;nil&gt;} 2 DecimalSI},ephemeral-storage: {{96634872877 0} {&lt;nil&gt;} 96634872877 DecimalSI},memory: {{7790501888 0} {&lt;nil&gt;}  BinarySI},pods: {{110 0} {&lt;nil&gt;} 110 DecimalSI},},Phase:,Conditions:[{NetworkUnavailable False 2019-03-19 09:50:23 -0700 PDT 2019-03-19 09:50:23 -0700 PDT RouteCreated NodeController create implicit route} {MemoryPressure False 2019-03-19 12:08:41 -0700 PDT 2019-03-19 09:50:22 -0700 PDT KubeletHasSufficientMemory kubelet has sufficient memory available} {DiskPressure False 2019-03-19 12:08:41 -0700 PDT 2019-03-19 09:50:22 -0700 PDT KubeletHasNoDiskPressure kubelet has no disk pressure} {PIDPressure False 2019-03-19 12:08:41 -0700 PDT 2019-03-19 09:50:22 -0700 PDT KubeletHasSufficientPID kubelet has sufficient PID available} {Ready True 2019-03-19 12:08:41 -0700 PDT 2019-03-19 09:50:22 -0700 PDT KubeletReady kubelet is posting ready status}],Addresses:[{InternalIP 10.40.0.4} {ExternalIP 35.239.5.123} {InternalDNS e2e-test-peterhornyack-windows-node-group-dp2r.c.peterhornyack-kubernetes-test.internal} {Hostname e2e-test-peterhornyack-windows-node-group-dp2r.c.peterhornyack-kubernetes-test.internal}],DaemonEndpoints:NodeDaemonEndpoints{KubeletEndpoint:DaemonEndpoint{Port:10250,},},NodeInfo:NodeSystemInfo{MachineID:e2e-test-peterhornyack-windows-node-group-dp2r,SystemUUID:,BootID:,KernelVersion:10.0.17763.316,OSImage:Windows Server Datacenter,ContainerRuntimeVersion:docker://18.9.2,KubeletVersion:v1.15.0-alpha.0.1217+13f77e8589cd67-dirty,KubeProxyVersion:v1.15.0-alpha.0.1217+13f77e8589cd67-dirty,OperatingSystem:windows,Architecture:amd64,},Images:[{[e2eteam/etcd@sha256:2bb37ac6854ed9de5a3dba621a514470a98f30fa35a5c1f21231fd3ccbd0e704 e2eteam/etcd:v3.3.10] 4349958651} {[e2eteam/redis@sha256:57b16b0a3932d744c3ef0d76a14ed239f500748897f62c0e9277579971c4c6f4 e2eteam/redis:1.0] 4349854258} {[e2eteam/nginx@sha256:fd7f1a29995d4ff106f216e9d334e17ae9a7c0840e0d0c61b4d086633a12c765 e2eteam/nginx:1.14-alpine e2eteam/nginx:1.15-alpine] 4340785269} {[e2eteam/sample-apiserver@sha256:f21ae78dcfed5ef0bbfeb424b9e8d490a7b12036d1d7a32c6bf1fc95333e3e83 e2eteam/sample-apiserver:1.10] 4331611162} {[e2eteam/nettest@sha256:6840d875f58127a09f0ac7af1c642aa304f5f46bb851703d952db778e4d168b8 e2eteam/nettest:1.0] 4316104218} {[e2eteam/netexec@sha256:ebef54431c71a168864e73ee5e003c87f971808c8afad8f4d6c4c3197f9e86e1 e2eteam/netexec:1.1] 4311441436} {[e2eteam/busybox@sha256:4a971374f1eddfabd9151e981c423ebc14338e65a589c96de6e3695f6594717b e2eteam/busybox:1.29] 4298264082} {[e2eteam/nautilus@sha256:ca62437261ac75286b5cfdd468370eb1333622a318bb79fba2713453580e70ac e2eteam/nautilus:1.0] 4284301098} {[e2eteam/kitten@sha256:0aac8c65b57835704bf6f44f226b49f68feb0a2d277f18e4bb9b354599bb1c2a e2eteam/kitten:1.0] 4284294634} {[e2eteam/porter@sha256:5a236ff3e407e01f410488047891b584d41608ce378a0a23f521a3c40cb32273 e2eteam/porter:1.0] 4284085058} {[e2eteam/entrypoint-tester@sha256:022f5f23f2c9687674f818cdccade8e4a61e5abe17b572fc5120121840ee99d1 e2eteam/entrypoint-tester:1.0] 4281099802} {[e2eteam/pause@sha256:3099d9d72970909bf2821a7bc335e9ef34440917894d05fa79ea13e62deca263 e2eteam/pause:3.1] 4278932506} {[mcr.microsoft.com/windows/servercore@sha256:17752cc071661e3cc1c1bec27d90d528fb4389d90c0412466783c2fe1c291c4e mcr.microsoft.com/windows/servercore:1809] 4276767258} {[e2eteam/liveness@sha256:422eefc21205cba67a10093e16c3881fbe1c12d1142a4df6b5f8af5034003349 e2eteam/liveness:1.0] 4180710657} {[gcr.io/kubernetes-e2e-test-images/windows-nanoserver@sha256:350f41a51a1fb33f1b0361a4247808a4b332e151a6970306822c4fd0fe98d628 mcr.microsoft.com/windows/nanoserver@sha256:38e68e67a8079788f2731f981e6580cae8c96095e9db502222ff05464d8d17c7 gcr.io/kubernetes-e2e-test-images/windows-nanoserver:v1 mcr.microsoft.com/windows/nanoserver:1809] 346702656}],VolumesInUse:[],VolumesAttached:[],Config:nil,},}&#xA;Mar 19 12:09:04.962: INFO: &#xA;Logging kubelet events for node e2e-test-peterhornyack-windows-node-group-dp2r&#xA;Mar 19 12:09:05.004: INFO: &#xA;Logging pods the kubelet thinks is on node e2e-test-peterhornyack-windows-node-group-dp2r&#xA;Mar 19 12:09:05.060: INFO: nginx-deployment-56d49d846f-x7r6z started at 2019-03-19 12:03:53 -0700 PDT (0+1 container statuses recorded)&#xA;Mar 19 12:09:05.060: INFO: &#x9;Container nginx ready: true, restart count 0&#xA;Mar 19 12:09:05.060: INFO: nginx-deployment-56d49d846f-46qsx started at 2019-03-19 12:03:53 -0700 PDT (0+1 container statuses recorded)&#xA;Mar 19 12:09:05.060: INFO: &#x9;Container nginx ready: true, restart count 0&#xA;Mar 19 12:09:05.060: INFO: nginx-deployment-56d49d846f-h7j2j started at 2019-03-19 12:03:53 -0700 PDT (0+1 container statuses recorded)&#xA;Mar 19 12:09:05.060: INFO: &#x9;Container nginx ready: true, restart count 0&#xA;Mar 19 12:09:05.060: INFO: nginx-deployment-56d49d846f-78kls started at 2019-03-19 12:03:53 -0700 PDT (0+1 container statuses recorded)&#xA;Mar 19 12:09:05.060: INFO: &#x9;Container nginx ready: true, restart count 0&#xA;Mar 19 12:09:05.060: INFO: nginx-deployment-56d49d846f-r5xvj started at 2019-03-19 12:03:53 -0700 PDT (0+1 container statuses recorded)&#xA;Mar 19 12:09:05.060: INFO: &#x9;Container nginx ready: true, restart count 0&#xA;Mar 19 12:09:15.371: INFO: &#xA;Latency metrics for node e2e-test-peterhornyack-windows-node-group-dp2r&#xA;Mar 19 12:09:15.371: INFO: Waiting up to 3m0s for all (but 3) nodes to be ready&#xA;�[1mSTEP�[0m: Destroying namespace &#34;deployment-1225&#34; for this suite.&#xA;Mar 19 12:09:21.543: INFO: Waiting up to 30s for server preferred namespaced resources to be successfully discovered&#xA;Mar 19 12:09:23.155: INFO: namespace deployment-1225 deletion completed in 7.742049907s&#xA;</system-out>
      </testcase>
      <testcase name="[sig-storage] In-tree Volumes [Driver: local][LocalVolumeType: gce-localssd-scsi-fs] [Serial] [Testpattern: Pre-provisioned PV (block volmode)] volumeMode should fail to create pod by failing to mount volume" classname="Kubernetes e2e suite" time="0">
          <skipped></skipped>
      </testcase>
      <testcase name="[sig-storage] In-tree Volumes [Driver: gcepd] [Testpattern: Dynamic PV (ext3)] volumes should be mountable" classname="Kubernetes e2e suite" time="0">
          <skipped></skipped>
      </testcase>
      <testcase name="[sig-storage] Projected secret should be consumable from pods in volume as non-root with defaultMode and fsGroup set [LinuxOnly] [NodeConformance] [Conformance]" classname="Kubernetes e2e suite" time="0">
          <skipped></skipped>
      </testcase>
      <testcase name="[sig-network] [sig-windows] Networking Granular Checks: Pods should function for node-pod communication: http" classname="Kubernetes e2e suite" time="56.011383096"></testcase>
      <testcase name="[sig-cluster-lifecycle] [Feature:BootstrapTokens] should delete the signed bootstrap tokens from clusterInfo ConfigMap when bootstrap token is deleted" classname="Kubernetes e2e suite" time="0">
          <skipped></skipped>
      </testcase>
      <testcase name="[sig-storage] CSI mock volume CSI attach test using mock driver should preserve attachment policy when no CSIDriver present" classname="Kubernetes e2e suite" time="0">
          <skipped></skipped>
      </testcase>
      <testcase name="[sig-storage] In-tree Volumes [Driver: aws] [Testpattern: Dynamic PV (ntfs)][sig-windows] provisioning should access volume from different nodes" classname="Kubernetes e2e suite" time="0.001764464">
          <skipped></skipped>
      </testcase>
      <testcase name="[sig-storage] In-tree Volumes [Driver: ceph][Feature:Volumes] [Testpattern: Dynamic PV (filesystem volmode)] volumeMode should create sc, pod, pv, and pvc, read/write to the pv, and delete all created resources" classname="Kubernetes e2e suite" time="0">
          <skipped></skipped>
      </testcase>
      <testcase name="[sig-storage] In-tree Volumes [Driver: vSphere] [Testpattern: Dynamic PV (ntfs)][sig-windows] volumes should be mountable" classname="Kubernetes e2e suite" time="0.001815282">
          <skipped></skipped>
      </testcase>
      <testcase name="[sig-cli] Kubectl client [k8s.io] Kubectl run job should create a job from an image when restart is OnFailure  [Conformance]" classname="Kubernetes e2e suite" time="9.024222367"></testcase>
      <testcase name="[sig-storage] In-tree Volumes [Driver: ceph][Feature:Volumes] [Testpattern: Pre-provisioned PV (xfs)] volumes should be mountable" classname="Kubernetes e2e suite" time="0">
          <skipped></skipped>
      </testcase>
      <testcase name="[sig-storage] PersistentVolumes-local  [Volume type: dir] Two pods mounting a local volume at the same time should be able to write from pod1 and read from pod2" classname="Kubernetes e2e suite" time="0">
          <skipped></skipped>
      </testcase>
      <testcase name="[sig-storage] In-tree Volumes [Driver: nfs] [Testpattern: Pre-provisioned PV (ext4)] volumes should allow exec of files on the volume" classname="Kubernetes e2e suite" time="0">
          <skipped></skipped>
      </testcase>
      <testcase name="[sig-storage] CSI Volumes [Driver: csi-hostpath] [Testpattern: Inline-volume (default fs)] subPath should fail if subpath file is outside the volume [Slow]" classname="Kubernetes e2e suite" time="0">
          <skipped></skipped>
      </testcase>
      <testcase name="[sig-storage] In-tree Volumes [Driver: local][LocalVolumeType: tmpfs] [Testpattern: Pre-provisioned PV (default fs)] subPath should verify container cannot write to subpath readonly volumes" classname="Kubernetes e2e suite" time="0">
          <skipped></skipped>
      </testcase>
      <testcase name="[sig-storage] In-tree Volumes [Driver: local][LocalVolumeType: dir-link] [Testpattern: Inline-volume (ext4)] volumes should allow exec of files on the volume" classname="Kubernetes e2e suite" time="0">
          <skipped></skipped>
      </testcase>
      <testcase name="[sig-storage] In-tree Volumes [Driver: aws] [Testpattern: Inline-volume (ntfs)][sig-windows] volumes should be mountable" classname="Kubernetes e2e suite" time="0.000832412">
          <skipped></skipped>
      </testcase>
      <testcase name="[sig-storage] In-tree Volumes [Driver: hostPathSymlink] [Testpattern: Dynamic PV (ntfs)][sig-windows] provisioning should provision storage with defaults" classname="Kubernetes e2e suite" time="0.000733691">
          <skipped></skipped>
      </testcase>
      <testcase name="[sig-storage] Downward API volume should provide container&#39;s cpu limit [NodeConformance] [Conformance]" classname="Kubernetes e2e suite" time="20.50670759"></testcase>
      <testcase name="[sig-storage] In-tree Volumes [Driver: rbd][Feature:Volumes] [Testpattern: Dynamic PV (default fs)] subPath should support existing single file" classname="Kubernetes e2e suite" time="0">
          <skipped></skipped>
      </testcase>
      <testcase name="[sig-apps] DisruptionController should create a PodDisruptionBudget" classname="Kubernetes e2e suite" time="0">
          <skipped></skipped>
      </testcase>
      <testcase name="[sig-storage] In-tree Volumes [Driver: ceph][Feature:Volumes] [Testpattern: Inline-volume (default fs)] subPath should unmount if pod is gracefully deleted while kubelet is down [Disruptive][Slow]" classname="Kubernetes e2e suite" time="0">
          <skipped></skipped>
      </testcase>
      <testcase name="[sig-storage] In-tree Volumes [Driver: local][LocalVolumeType: gce-localssd-scsi-fs] [Serial] [Testpattern: Inline-volume (default fs)] subPath should unmount if pod is gracefully deleted while kubelet is down [Disruptive][Slow]" classname="Kubernetes e2e suite" time="0">
          <skipped></skipped>
      </testcase>
      <testcase name="[sig-storage] In-tree Volumes [Driver: local][LocalVolumeType: dir] [Testpattern: Pre-provisioned PV (default fs)] subPath should be able to unmount after the subpath directory is deleted" classname="Kubernetes e2e suite" time="0">
          <skipped></skipped>
      </testcase>
      <testcase name="[sig-storage] In-tree Volumes [Driver: local][LocalVolumeType: gce-localssd-scsi-fs] [Serial] [Testpattern: Inline-volume (default fs)] subPath should support restarting containers using directory as subpath [Slow]" classname="Kubernetes e2e suite" time="0">
          <skipped></skipped>
      </testcase>
      <testcase name="[sig-storage] In-tree Volumes [Driver: local][LocalVolumeType: dir-bindmounted] [Testpattern: Dynamic PV (ntfs)][sig-windows] volumes should be mountable" classname="Kubernetes e2e suite" time="0.001800728">
          <skipped></skipped>
      </testcase>
      <testcase name="[sig-storage] In-tree Volumes [Driver: local][LocalVolumeType: tmpfs] [Testpattern: Pre-provisioned PV (xfs)] volumes should allow exec of files on the volume" classname="Kubernetes e2e suite" time="0">
          <skipped></skipped>
      </testcase>
      <testcase name="[sig-network] Networking Granular Checks: Services [Slow] should update nodePort: udp [Slow]" classname="Kubernetes e2e suite" time="0">
          <skipped></skipped>
      </testcase>
      <testcase name="[sig-storage] PersistentVolumes-local  [Volume type: dir-link] Set fsGroup for local volume should set same fsGroup for two pods simultaneously" classname="Kubernetes e2e suite" time="0">
          <skipped></skipped>
      </testcase>
      <testcase name="[sig-storage] CSI Volumes [Driver: pd.csi.storage.gke.io][Feature: gcePD-external] [Testpattern: Inline-volume (default fs)] subPath should support restarting containers using file as subpath [Slow]" classname="Kubernetes e2e suite" time="0">
          <skipped></skipped>
      </testcase>
      <testcase name="[sig-apps] CronJob should replace jobs when ReplaceConcurrent" classname="Kubernetes e2e suite" time="0">
          <skipped></skipped>
      </testcase>
      <testcase name="[sig-storage] In-tree Volumes [Driver: local][LocalVolumeType: gce-localssd-scsi-fs] [Serial] [Testpattern: Dynamic PV (ntfs)][sig-windows] provisioning should access volume from different nodes" classname="Kubernetes e2e suite" time="0">
          <skipped></skipped>
      </testcase>
      <testcase name="[sig-storage] PersistentVolumes-local  [Volume type: dir-bindmounted] One pod requesting one prebound PVC should be able to mount volume and write from pod1" classname="Kubernetes e2e suite" time="0">
          <skipped></skipped>
      </testcase>
      <testcase name="[sig-storage] In-tree Volumes [Driver: local][LocalVolumeType: dir-link] [Testpattern: Dynamic PV (default fs)] volumes should be mountable" classname="Kubernetes e2e suite" time="0">
          <skipped></skipped>
      </testcase>
      <testcase name="[sig-storage] In-tree Volumes [Driver: emptydir] [Testpattern: Dynamic PV (ntfs)][sig-windows] provisioning should provision storage with snapshot data source [Feature:VolumeSnapshotDataSource]" classname="Kubernetes e2e suite" time="0">
          <skipped></skipped>
      </testcase>
      <testcase name="[sig-storage] In-tree Volumes [Driver: local][LocalVolumeType: dir-link-bindmounted] [Testpattern: Dynamic PV (default fs)] provisioning should create and delete block persistent volumes" classname="Kubernetes e2e suite" time="0">
          <skipped></skipped>
      </testcase>
      <testcase name="[sig-storage] In-tree Volumes [Driver: vSphere] [Testpattern: Dynamic PV (filesystem volmode)] volumeMode should create sc, pod, pv, and pvc, read/write to the pv, and delete all created resources" classname="Kubernetes e2e suite" time="0">
          <skipped></skipped>
      </testcase>
      <testcase name="[sig-storage] PersistentVolumes-local  Pods sharing a single local PV [Serial] all pods should be running" classname="Kubernetes e2e suite" time="0">
          <skipped></skipped>
      </testcase>
      <testcase name="[sig-storage] In-tree Volumes [Driver: azure] [Testpattern: Dynamic PV (default fs)] subPath should support readOnly file specified in the volumeMount" classname="Kubernetes e2e suite" time="0">
          <skipped></skipped>
      </testcase>
      <testcase name="[sig-storage] In-tree Volumes [Driver: emptydir] [Testpattern: Dynamic PV (default fs)] subPath should unmount if pod is force deleted while kubelet is down [Disruptive][Slow]" classname="Kubernetes e2e suite" time="0">
          <skipped></skipped>
      </testcase>
      <testcase name="[sig-storage] In-tree Volumes [Driver: vSphere] [Testpattern: Dynamic PV (ext4)] volumes should allow exec of files on the volume" classname="Kubernetes e2e suite" time="0">
          <skipped></skipped>
      </testcase>
      <testcase name="[sig-storage] In-tree Volumes [Driver: local][LocalVolumeType: block] [Testpattern: Dynamic PV (default fs)] volumeIO should write files of various sizes, verify size, validate content [Slow]" classname="Kubernetes e2e suite" time="0">
          <skipped></skipped>
      </testcase>
      <testcase name="[sig-storage] In-tree Volumes [Driver: gcepd] [Testpattern: Pre-provisioned PV (default fs)] subPath should be able to unmount after the subpath directory is deleted" classname="Kubernetes e2e suite" time="0">
          <skipped></skipped>
      </testcase>
      <testcase name="[sig-cli] Kubectl client [k8s.io] Kubectl logs should be able to retrieve and filter logs  [Conformance]" classname="Kubernetes e2e suite" time="37.476954355"></testcase>
      <testcase name="[sig-storage] In-tree Volumes [Driver: gluster] [Testpattern: Inline-volume (default fs)] subPath should support existing directories when readOnly specified in the volumeSource" classname="Kubernetes e2e suite" time="0">
          <skipped></skipped>
      </testcase>
      <testcase name="[sig-api-machinery] Servers with support for Table transformation should return chunks of table results for list calls" classname="Kubernetes e2e suite" time="0">
          <skipped></skipped>
      </testcase>
      <testcase name="[sig-storage] In-tree Volumes [Driver: nfs] [Testpattern: Dynamic PV (default fs)] subPath should fail if subpath directory is outside the volume [Slow]" classname="Kubernetes e2e suite" time="0">
          <skipped></skipped>
      </testcase>
      <testcase name="[sig-storage] In-tree Volumes [Driver: local][LocalVolumeType: gce-localssd-scsi-fs] [Serial] [Testpattern: Pre-provisioned PV (default fs)] subPath should fail if subpath file is outside the volume [Slow]" classname="Kubernetes e2e suite" time="0">
          <skipped></skipped>
      </testcase>
      <testcase name="[k8s.io] Security Context When creating a pod with readOnlyRootFilesystem should run the container with writable rootfs when readOnlyRootFilesystem=false [NodeConformance]" classname="Kubernetes e2e suite" time="16.281376574"></testcase>
      <testcase name="[sig-apps] Job should run a job to completion when tasks sometimes fail and are locally restarted" classname="Kubernetes e2e suite" time="0">
          <skipped></skipped>
      </testcase>
      <testcase name="[sig-storage] In-tree Volumes [Driver: vSphere] [Testpattern: Pre-provisioned PV (default fs)] subPath should support readOnly directory specified in the volumeMount" classname="Kubernetes e2e suite" time="0">
          <skipped></skipped>
      </testcase>
      <testcase name="[sig-storage] In-tree Volumes [Driver: local][LocalVolumeType: gce-localssd-scsi-fs] [Serial] [Testpattern: Dynamic PV (default fs)] subPath should unmount if pod is gracefully deleted while kubelet is down [Disruptive][Slow]" classname="Kubernetes e2e suite" time="0">
          <skipped></skipped>
      </testcase>
      <testcase name="[sig-storage] EmptyDir volumes should support (non-root,0777,default) [LinuxOnly] [NodeConformance] [Conformance]" classname="Kubernetes e2e suite" time="0">
          <skipped></skipped>
      </testcase>
      <testcase name="[sig-apps] Deployment deployment should support rollback" classname="Kubernetes e2e suite" time="0">
          <skipped></skipped>
      </testcase>
      <testcase name="[sig-storage] In-tree Volumes [Driver: vSphere] [Testpattern: Dynamic PV (xfs)] volumes should allow exec of files on the volume" classname="Kubernetes e2e suite" time="0">
          <skipped></skipped>
      </testcase>
      <testcase name="[sig-storage] In-tree Volumes [Driver: vSphere] [Testpattern: Pre-provisioned PV (default fs)] subPath should support file as subpath" classname="Kubernetes e2e suite" time="0">
          <skipped></skipped>
      </testcase>
      <testcase name="[sig-api-machinery] Secrets should be consumable from pods in env vars [NodeConformance] [Conformance]" classname="Kubernetes e2e suite" time="16.51118136"></testcase>
      <testcase name="[sig-storage] In-tree Volumes [Driver: hostPathSymlink] [Testpattern: Dynamic PV (default fs)] subPath should support existing directory" classname="Kubernetes e2e suite" time="0">
          <skipped></skipped>
      </testcase>
      <testcase name="[sig-api-machinery] Namespaces [Serial] should always delete fast (ALL of 100 namespaces in 150 seconds) [Feature:ComprehensiveNamespaceDraining]" classname="Kubernetes e2e suite" time="0">
          <skipped></skipped>
      </testcase>
      <testcase name="[sig-storage] In-tree Volumes [Driver: nfs] [Testpattern: Dynamic PV (default fs)] subPath should fail if subpath with backstepping is outside the volume [Slow]" classname="Kubernetes e2e suite" time="0">
          <skipped></skipped>
      </testcase>
      <testcase name="[sig-storage] In-tree Volumes [Driver: rbd][Feature:Volumes] [Testpattern: Dynamic PV (default fs)] subPath should support readOnly directory specified in the volumeMount" classname="Kubernetes e2e suite" time="0">
          <skipped></skipped>
      </testcase>
      <testcase name="[sig-storage] Flexvolumes should be mountable when non-attachable" classname="Kubernetes e2e suite" time="0">
          <skipped></skipped>
      </testcase>
      <testcase name="[sig-storage] In-tree Volumes [Driver: aws] [Testpattern: Pre-provisioned PV (default fs)] subPath should support existing directories when readOnly specified in the volumeSource" classname="Kubernetes e2e suite" time="0">
          <skipped></skipped>
      </testcase>
      <testcase name="[sig-storage] In-tree Volumes [Driver: local][LocalVolumeType: dir-link] [Testpattern: Dynamic PV (ext3)] volumes should allow exec of files on the volume" classname="Kubernetes e2e suite" time="0">
          <skipped></skipped>
      </testcase>
      <testcase name="[sig-storage] In-tree Volumes [Driver: local][LocalVolumeType: gce-localssd-scsi-fs] [Serial] [Testpattern: Dynamic PV (default fs)] provisioning should provision storage with snapshot data source [Feature:VolumeSnapshotDataSource]" classname="Kubernetes e2e suite" time="0">
          <skipped></skipped>
      </testcase>
      <testcase name="[sig-storage] In-tree Volumes [Driver: local][LocalVolumeType: blockfs] [Testpattern: Dynamic PV (default fs)] provisioning should create and delete block persistent volumes" classname="Kubernetes e2e suite" time="0">
          <skipped></skipped>
      </testcase>
      <testcase name="[k8s.io] Cluster size autoscaler scalability [Slow] should scale down underutilized nodes [Feature:ClusterAutoscalerScalability4]" classname="Kubernetes e2e suite" time="0">
          <skipped></skipped>
      </testcase>
      <testcase name="[sig-storage] In-tree Volumes [Driver: local][LocalVolumeType: blockfs] [Testpattern: Dynamic PV (filesystem volmode)] volumeMode should create sc, pod, pv, and pvc, read/write to the pv, and delete all created resources" classname="Kubernetes e2e suite" time="0">
          <skipped></skipped>
      </testcase>
      <testcase name="[sig-storage] In-tree Volumes [Driver: local][LocalVolumeType: tmpfs] [Testpattern: Pre-provisioned PV (default fs)] volumeIO should write files of various sizes, verify size, validate content [Slow]" classname="Kubernetes e2e suite" time="0">
          <skipped></skipped>
      </testcase>
      <testcase name="[sig-storage] CSI Volumes [Driver: csi-hostpath] [Testpattern: Inline-volume (default fs)] subPath should verify container cannot write to subpath readonly volumes" classname="Kubernetes e2e suite" time="0">
          <skipped></skipped>
      </testcase>
      <testcase name="[sig-storage] In-tree Volumes [Driver: local][LocalVolumeType: dir-link-bindmounted] [Testpattern: Pre-provisioned PV (default fs)] subPath should support readOnly directory specified in the volumeMount" classname="Kubernetes e2e suite" time="0">
          <skipped></skipped>
      </testcase>
      <testcase name="[sig-cli] Kubectl Port forwarding [k8s.io] With a server listening on localhost [k8s.io] that expects NO client request should support a client that connects, sends DATA, and disconnects" classname="Kubernetes e2e suite" time="0">
          <skipped></skipped>
      </testcase>
      <testcase name="[sig-storage] In-tree Volumes [Driver: iscsi][Feature:Volumes] [Testpattern: Inline-volume (default fs)] subPath should support existing directories when readOnly specified in the volumeSource" classname="Kubernetes e2e suite" time="0">
          <skipped></skipped>
      </testcase>
      <testcase name="[sig-storage] In-tree Volumes [Driver: local][LocalVolumeType: tmpfs] [Testpattern: Inline-volume (ext3)] volumes should be mountable" classname="Kubernetes e2e suite" time="0">
          <skipped></skipped>
      </testcase>
      <testcase name="[sig-storage] In-tree Volumes [Driver: azure] [Testpattern: Dynamic PV (default fs)] subPath should support file as subpath" classname="Kubernetes e2e suite" time="0">
          <skipped></skipped>
      </testcase>
      <testcase name="[sig-storage] In-tree Volumes [Driver: iscsi][Feature:Volumes] [Testpattern: Pre-provisioned PV (default fs)] subPath should unmount if pod is force deleted while kubelet is down [Disruptive][Slow]" classname="Kubernetes e2e suite" time="0">
          <skipped></skipped>
      </testcase>
      <testcase name="[sig-storage] In-tree Volumes [Driver: cinder] [Testpattern: Pre-provisioned PV (default fs)] volumes should allow exec of files on the volume" classname="Kubernetes e2e suite" time="0">
          <skipped></skipped>
      </testcase>
      <testcase name="[k8s.io] Sysctls [NodeFeature:Sysctls] should reject invalid sysctls" classname="Kubernetes e2e suite" time="0">
          <skipped></skipped>
      </testcase>
      <testcase name="[sig-storage] In-tree Volumes [Driver: rbd][Feature:Volumes] [Testpattern: Dynamic PV (ext3)] volumes should be mountable" classname="Kubernetes e2e suite" time="0">
          <skipped></skipped>
      </testcase>
      <testcase name="[sig-storage] In-tree Volumes [Driver: local][LocalVolumeType: dir] [Testpattern: Dynamic PV (default fs)] subPath should support existing single file" classname="Kubernetes e2e suite" time="0">
          <skipped></skipped>
      </testcase>
      <testcase name="[sig-storage] PersistentVolumes Default StorageClass pods that use multiple volumes should be reschedulable [Slow]" classname="Kubernetes e2e suite" time="0">
          <skipped></skipped>
      </testcase>
      <testcase name="[sig-storage] In-tree Volumes [Driver: emptydir] [Testpattern: Inline-volume (default fs)] volumes should allow exec of files on the volume" classname="Kubernetes e2e suite" time="0">
          <skipped></skipped>
      </testcase>
      <testcase name="[sig-storage] In-tree Volumes [Driver: gluster] [Testpattern: Dynamic PV (default fs)] subPath should verify container cannot write to subpath readonly volumes" classname="Kubernetes e2e suite" time="0">
          <skipped></skipped>
      </testcase>
      <testcase name="[sig-storage] In-tree Volumes [Driver: azure] [Testpattern: Pre-provisioned PV (default fs)] volumeIO should write files of various sizes, verify size, validate content [Slow]" classname="Kubernetes e2e suite" time="0">
          <skipped></skipped>
      </testcase>
      <testcase name="[sig-storage] In-tree Volumes [Driver: vSphere] [Testpattern: Dynamic PV (ext3)] volumes should allow exec of files on the volume" classname="Kubernetes e2e suite" time="0">
          <skipped></skipped>
      </testcase>
      <testcase name="[sig-network] Services should provide secure master service  [Conformance]" classname="Kubernetes e2e suite" time="8.101352203"></testcase>
      <testcase name="[sig-network] DNS configMap nameserver [IPv4] Forward external name lookup should forward externalname lookup to upstream nameserver [Slow][Serial]" classname="Kubernetes e2e suite" time="0">
          <skipped></skipped>
      </testcase>
      <testcase name="[sig-storage] CSI Volumes [Driver: pd.csi.storage.gke.io][Feature: gcePD-external] [Testpattern: Pre-provisioned PV (ext4)] volumes should be mountable" classname="Kubernetes e2e suite" time="0">
          <skipped></skipped>
      </testcase>
      <testcase name="[sig-storage] In-tree Volumes [Driver: hostPathSymlink] [Testpattern: Dynamic PV (ext4)] volumes should be mountable" classname="Kubernetes e2e suite" time="0">
          <skipped></skipped>
      </testcase>
      <testcase name="[sig-storage] In-tree Volumes [Driver: emptydir] [Testpattern: Pre-provisioned PV (default fs)] subPath should fail if subpath file is outside the volume [Slow]" classname="Kubernetes e2e suite" time="0">
          <skipped></skipped>
      </testcase>
      <testcase name="[sig-storage] In-tree Volumes [Driver: azure] [Testpattern: Dynamic PV (ntfs)][sig-windows] volumes should be mountable" classname="Kubernetes e2e suite" time="0.001783559">
          <skipped></skipped>
      </testcase>
      <testcase name="[sig-storage] CSI Volumes [Driver: csi-hostpath] [Testpattern: Dynamic PV (default fs)] subPath should support restarting containers using file as subpath [Slow]" classname="Kubernetes e2e suite" time="0">
          <skipped></skipped>
      </testcase>
      <testcase name="[k8s.io] Probing container should *not* be restarted with a exec &#34;cat /tmp/health&#34; liveness probe [NodeConformance] [Conformance]" classname="Kubernetes e2e suite" time="257.384607436"></testcase>
      <testcase name="[sig-storage] In-tree Volumes [Driver: local][LocalVolumeType: dir-link] [Testpattern: Inline-volume (default fs)] subPath should fail if subpath file is outside the volume [Slow]" classname="Kubernetes e2e suite" time="0">
          <skipped></skipped>
      </testcase>
      <testcase name="[sig-storage] CSI Volumes [Driver: pd.csi.storage.gke.io][Feature: gcePD-external] [Testpattern: Dynamic PV (default fs)] subPath should support restarting containers using file as subpath [Slow]" classname="Kubernetes e2e suite" time="0">
          <skipped></skipped>
      </testcase>
      <testcase name="[sig-storage] In-tree Volumes [Driver: rbd][Feature:Volumes] [Testpattern: Inline-volume (default fs)] subPath should support non-existent path" classname="Kubernetes e2e suite" time="0">
          <skipped></skipped>
      </testcase>
      <testcase name="[sig-storage] In-tree Volumes [Driver: rbd][Feature:Volumes] [Testpattern: Inline-volume (ntfs)][sig-windows] volumes should be mountable" classname="Kubernetes e2e suite" time="0">
          <skipped></skipped>
      </testcase>
      <testcase name="[sig-storage] In-tree Volumes [Driver: local][LocalVolumeType: dir] [Testpattern: Dynamic PV (ext4)] volumes should be mountable" classname="Kubernetes e2e suite" time="0">
          <skipped></skipped>
      </testcase>
      <testcase name="[sig-storage] In-tree Volumes [Driver: local][LocalVolumeType: dir] [Testpattern: Dynamic PV (ntfs)][sig-windows] provisioning should provision storage with defaults" classname="Kubernetes e2e suite" time="0.001839913">
          <skipped></skipped>
      </testcase>
      <testcase name="[sig-storage] Projected combined should project all components that make up the projection API [Projection][NodeConformance] [Conformance]" classname="Kubernetes e2e suite" time="20.604775764"></testcase>
      <testcase name="[sig-storage] In-tree Volumes [Driver: local][LocalVolumeType: dir-link] [Testpattern: Dynamic PV (default fs)] subPath should fail if subpath file is outside the volume [Slow]" classname="Kubernetes e2e suite" time="0">
          <skipped></skipped>
      </testcase>
      <testcase name="[sig-storage] In-tree Volumes [Driver: local][LocalVolumeType: dir] [Testpattern: Inline-volume (default fs)] subPath should support existing single file" classname="Kubernetes e2e suite" time="0">
          <skipped></skipped>
      </testcase>
      <testcase name="[sig-storage] In-tree Volumes [Driver: cinder] [Testpattern: Dynamic PV (default fs)] provisioning should create and delete block persistent volumes" classname="Kubernetes e2e suite" time="0">
          <skipped></skipped>
      </testcase>
      <testcase name="[sig-storage] In-tree Volumes [Driver: hostPath] [Testpattern: Dynamic PV (ntfs)][sig-windows] provisioning should provision storage with snapshot data source [Feature:VolumeSnapshotDataSource]" classname="Kubernetes e2e suite" time="0">
          <skipped></skipped>
      </testcase>
      <testcase name="[sig-storage] In-tree Volumes [Driver: local][LocalVolumeType: tmpfs] [Testpattern: Inline-volume (default fs)] subPath should verify container cannot write to subpath readonly volumes" classname="Kubernetes e2e suite" time="0">
          <skipped></skipped>
      </testcase>
      <testcase name="[sig-storage] In-tree Volumes [Driver: azure] [Testpattern: Pre-provisioned PV (default fs)] subPath should verify container cannot write to subpath readonly volumes" classname="Kubernetes e2e suite" time="0">
          <skipped></skipped>
      </testcase>
      <testcase name="[sig-storage] In-tree Volumes [Driver: ceph][Feature:Volumes] [Testpattern: Dynamic PV (default fs)] provisioning should provision storage with snapshot data source [Feature:VolumeSnapshotDataSource]" classname="Kubernetes e2e suite" time="0">
          <skipped></skipped>
      </testcase>
      <testcase name="[sig-storage] In-tree Volumes [Driver: nfs] [Testpattern: Pre-provisioned PV (default fs)] subPath should support existing directory" classname="Kubernetes e2e suite" time="0">
          <skipped></skipped>
      </testcase>
      <testcase name="[sig-cluster-lifecycle] Nodes [Disruptive] Resize [Slow] should be able to delete nodes" classname="Kubernetes e2e suite" time="0">
          <skipped></skipped>
      </testcase>
      <testcase name="[sig-storage] In-tree Volumes [Driver: cinder] [Testpattern: Inline-volume (ext3)] volumes should be mountable" classname="Kubernetes e2e suite" time="0">
          <skipped></skipped>
      </testcase>
      <testcase name="[sig-storage] CSI Volumes [Driver: csi-hostpath-v0] [Testpattern: Inline-volume (default fs)] subPath should support non-existent path" classname="Kubernetes e2e suite" time="0">
          <skipped></skipped>
      </testcase>
      <testcase name="[sig-storage] In-tree Volumes [Driver: local][LocalVolumeType: gce-localssd-scsi-fs] [Serial] [Testpattern: Inline-volume (default fs)] volumes should be mountable" classname="Kubernetes e2e suite" time="0">
          <skipped></skipped>
      </testcase>
      <testcase name="[sig-storage] In-tree Volumes [Driver: gluster] [Testpattern: Dynamic PV (ntfs)][sig-windows] provisioning should allow concurrent writes on the same node" classname="Kubernetes e2e suite" time="0.001953529">
          <skipped></skipped>
      </testcase>
      <testcase name="[sig-storage] In-tree Volumes [Driver: gluster] [Testpattern: Dynamic PV (default fs)] subPath should support readOnly directory specified in the volumeMount" classname="Kubernetes e2e suite" time="0">
          <skipped></skipped>
      </testcase>
      <testcase name="[sig-storage] In-tree Volumes [Driver: ceph][Feature:Volumes] [Testpattern: Dynamic PV (default fs)] provisioning should provision storage with mount options" classname="Kubernetes e2e suite" time="0">
          <skipped></skipped>
      </testcase>
      <testcase name="[sig-storage] In-tree Volumes [Driver: iscsi][Feature:Volumes] [Testpattern: Dynamic PV (default fs)] subPath should support restarting containers using file as subpath [Slow]" classname="Kubernetes e2e suite" time="0">
          <skipped></skipped>
      </testcase>
      <testcase name="[sig-storage] In-tree Volumes [Driver: cinder] [Testpattern: Dynamic PV (ntfs)][sig-windows] provisioning should create and delete block persistent volumes" classname="Kubernetes e2e suite" time="0.001751963">
          <skipped></skipped>
      </testcase>
      <testcase name="[sig-storage] CSI Volumes [Driver: pd.csi.storage.gke.io][Feature: gcePD-external] [Testpattern: Dynamic PV (xfs)] volumes should be mountable" classname="Kubernetes e2e suite" time="0">
          <skipped></skipped>
      </testcase>
      <testcase name="[sig-autoscaling] [HPA] Horizontal pod autoscaling (scale resource: CPU) [sig-autoscaling] [Serial] [Slow] Deployment Should scale from 5 pods to 3 pods and from 3 to 1" classname="Kubernetes e2e suite" time="0">
          <skipped></skipped>
      </testcase>
      <testcase name="[sig-storage] In-tree Volumes [Driver: nfs] [Testpattern: Pre-provisioned PV (xfs)] volumes should be mountable" classname="Kubernetes e2e suite" time="0">
          <skipped></skipped>
      </testcase>
      <testcase name="[sig-storage] In-tree Volumes [Driver: iscsi][Feature:Volumes] [Testpattern: Inline-volume (default fs)] subPath should support readOnly directory specified in the volumeMount" classname="Kubernetes e2e suite" time="0">
          <skipped></skipped>
      </testcase>
      <testcase name="[sig-storage] NFSPersistentVolumes[Disruptive][Flaky] when kubelet restarts Should test that a volume mounted to a pod that is force deleted while the kubelet is down unmounts when the kubelet returns." classname="Kubernetes e2e suite" time="0">
          <skipped></skipped>
      </testcase>
      <testcase name="[sig-storage] CSI Volumes [Driver: csi-hostpath] [Testpattern: Pre-provisioned PV (ext3)] volumes should allow exec of files on the volume" classname="Kubernetes e2e suite" time="0">
          <skipped></skipped>
      </testcase>
      <testcase name="[sig-storage] In-tree Volumes [Driver: gluster] [Testpattern: Dynamic PV (default fs)] subPath should fail if subpath directory is outside the volume [Slow]" classname="Kubernetes e2e suite" time="0">
          <skipped></skipped>
      </testcase>
      <testcase name="[sig-storage] In-tree Volumes [Driver: iscsi][Feature:Volumes] [Testpattern: Dynamic PV (block volmode)] volumeMode should create sc, pod, pv, and pvc, read/write to the pv, and delete all created resources" classname="Kubernetes e2e suite" time="0">
          <skipped></skipped>
      </testcase>
      <testcase name="[sig-storage] In-tree Volumes [Driver: cinder] [Testpattern: Pre-provisioned PV (default fs)] volumes should be mountable" classname="Kubernetes e2e suite" time="0">
          <skipped></skipped>
      </testcase>
      <testcase name="[sig-storage] In-tree Volumes [Driver: local][LocalVolumeType: block] [Testpattern: Inline-volume (default fs)] subPath should fail if subpath directory is outside the volume [Slow]" classname="Kubernetes e2e suite" time="0">
          <skipped></skipped>
      </testcase>
      <testcase name="[sig-storage] In-tree Volumes [Driver: local][LocalVolumeType: dir-link-bindmounted] [Testpattern: Dynamic PV (ntfs)][sig-windows] provisioning should provision storage with snapshot data source [Feature:VolumeSnapshotDataSource]" classname="Kubernetes e2e suite" time="0">
          <skipped></skipped>
      </testcase>
      <testcase name="[sig-storage] CSI Volumes [Driver: csi-hostpath-v0] [Testpattern: Dynamic PV (default fs)] subPath should support restarting containers using directory as subpath [Slow]" classname="Kubernetes e2e suite" time="0">
          <skipped></skipped>
      </testcase>
      <testcase name="[sig-storage] In-tree Volumes [Driver: hostPathSymlink] [Testpattern: Dynamic PV (default fs)] subPath should support restarting containers using directory as subpath [Slow]" classname="Kubernetes e2e suite" time="0">
          <skipped></skipped>
      </testcase>
      <testcase name="[sig-storage] In-tree Volumes [Driver: gcepd] [Testpattern: Pre-provisioned PV (default fs)] subPath should fail if subpath with backstepping is outside the volume [Slow]" classname="Kubernetes e2e suite" time="0">
          <skipped></skipped>
      </testcase>
      <testcase name="[sig-storage] In-tree Volumes [Driver: rbd][Feature:Volumes] [Testpattern: Pre-provisioned PV (ext4)] volumes should be mountable" classname="Kubernetes e2e suite" time="0">
          <skipped></skipped>
      </testcase>
      <testcase name="[sig-storage] In-tree Volumes [Driver: local][LocalVolumeType: block] [Testpattern: Dynamic PV (default fs)] subPath should unmount if pod is gracefully deleted while kubelet is down [Disruptive][Slow]" classname="Kubernetes e2e suite" time="0">
          <skipped></skipped>
      </testcase>
      <testcase name="[sig-storage] CSI Volumes [Driver: csi-hostpath-v0] [Testpattern: Dynamic PV (xfs)] volumes should be mountable" classname="Kubernetes e2e suite" time="0">
          <skipped></skipped>
      </testcase>
      <testcase name="[sig-storage] In-tree Volumes [Driver: nfs] [Testpattern: Dynamic PV (ntfs)][sig-windows] provisioning should provision storage with defaults" classname="Kubernetes e2e suite" time="0.001731148">
          <skipped></skipped>
      </testcase>
      <testcase name="[sig-storage] In-tree Volumes [Driver: local][LocalVolumeType: dir-link-bindmounted] [Testpattern: Dynamic PV (default fs)] subPath should support file as subpath" classname="Kubernetes e2e suite" time="0">
          <skipped></skipped>
      </testcase>
      <testcase name="[sig-storage] In-tree Volumes [Driver: aws] [Testpattern: Dynamic PV (ntfs)][sig-windows] provisioning should provision storage with mount options" classname="Kubernetes e2e suite" time="0.001751274">
          <skipped></skipped>
      </testcase>
      <testcase name="[sig-storage] Zone Support Verify a pod is created and attached to a dynamically created PV, based on a VSAN capability, datastore and compatible zone specified in storage class" classname="Kubernetes e2e suite" time="0">
          <skipped></skipped>
      </testcase>
      <testcase name="[sig-storage] CSI Volumes [Driver: pd.csi.storage.gke.io][Serial] [Testpattern: Dynamic PV (ntfs)][sig-windows] provisioning should access volume from different nodes" classname="Kubernetes e2e suite" time="0">
          <skipped></skipped>
      </testcase>
      <testcase name="[sig-storage] In-tree Volumes [Driver: local][LocalVolumeType: tmpfs] [Testpattern: Pre-provisioned PV (default fs)] subPath should unmount if pod is gracefully deleted while kubelet is down [Disruptive][Slow]" classname="Kubernetes e2e suite" time="0">
          <skipped></skipped>
      </testcase>
      <testcase name="[sig-storage] In-tree Volumes [Driver: hostPathSymlink] [Testpattern: Pre-provisioned PV (default fs)] subPath should support restarting containers using directory as subpath [Slow]" classname="Kubernetes e2e suite" time="0">
          <skipped></skipped>
      </testcase>
      <testcase name="[sig-storage] In-tree Volumes [Driver: emptydir] [Testpattern: Dynamic PV (filesystem volmode)] volumeMode should create sc, pod, pv, and pvc, read/write to the pv, and delete all created resources" classname="Kubernetes e2e suite" time="0">
          <skipped></skipped>
      </testcase>
      <testcase name="[sig-storage] CSI Volumes [Driver: pd.csi.storage.gke.io][Feature: gcePD-external] [Testpattern: Inline-volume (default fs)] subPath should fail if subpath with backstepping is outside the volume [Slow]" classname="Kubernetes e2e suite" time="0">
          <skipped></skipped>
      </testcase>
      <testcase name="[sig-storage] In-tree Volumes [Driver: local][LocalVolumeType: gce-localssd-scsi-fs] [Serial] [Testpattern: Dynamic PV (xfs)] volumes should be mountable" classname="Kubernetes e2e suite" time="0">
          <skipped></skipped>
      </testcase>
      <testcase name="[sig-network] NoSNAT [Feature:NoSNAT] [Slow] Should be able to send traffic between Pods without SNAT" classname="Kubernetes e2e suite" time="0">
          <skipped></skipped>
      </testcase>
      <testcase name="[k8s.io] [sig-node] Security Context should support container.SecurityContext.RunAsUser And container.SecurityContext.RunAsGroup [LinuxOnly]" classname="Kubernetes e2e suite" time="0">
          <skipped></skipped>
      </testcase>
      <testcase name="[sig-autoscaling] Cluster size autoscaling [Slow] Should be able to scale a node group down to 0[Feature:ClusterSizeAutoscalingScaleDown]" classname="Kubernetes e2e suite" time="0">
          <skipped></skipped>
      </testcase>
      <testcase name="[sig-storage] In-tree Volumes [Driver: local][LocalVolumeType: dir-bindmounted] [Testpattern: Inline-volume (default fs)] subPath should fail if subpath with backstepping is outside the volume [Slow]" classname="Kubernetes e2e suite" time="0">
          <skipped></skipped>
      </testcase>
      <testcase name="[sig-storage] In-tree Volumes [Driver: hostPath] [Testpattern: Pre-provisioned PV (default fs)] subPath should support readOnly file specified in the volumeMount" classname="Kubernetes e2e suite" time="0">
          <skipped></skipped>
      </testcase>
      <testcase name="[sig-apps] Deployment deployment should delete old replica sets [Conformance]" classname="Kubernetes e2e suite" time="24.684348802"></testcase>
      <testcase name="[sig-storage] Ephemeralstorage When pod refers to non-existent ephemeral storage should allow deletion of pod with invalid volume : secret" classname="Kubernetes e2e suite" time="0">
          <skipped></skipped>
      </testcase>
      <testcase name="[sig-storage] In-tree Volumes [Driver: ceph][Feature:Volumes] [Testpattern: Dynamic PV (ext4)] volumes should allow exec of files on the volume" classname="Kubernetes e2e suite" time="0">
          <skipped></skipped>
      </testcase>
      <testcase name="[sig-storage] In-tree Volumes [Driver: aws] [Testpattern: Pre-provisioned PV (default fs)] subPath should fail if subpath file is outside the volume [Slow]" classname="Kubernetes e2e suite" time="0">
          <skipped></skipped>
      </testcase>
      <testcase name="[sig-storage] CSI Volumes [Driver: csi-hostpath] [Testpattern: Dynamic PV (default fs)] subPath should support creating multiple subpath from same volumes [Slow]" classname="Kubernetes e2e suite" time="0">
          <skipped></skipped>
      </testcase>
      <testcase name="[sig-storage] In-tree Volumes [Driver: local][LocalVolumeType: dir-bindmounted] [Testpattern: Dynamic PV (default fs)] volumes should be mountable" classname="Kubernetes e2e suite" time="0">
          <skipped></skipped>
      </testcase>
      <testcase name="[sig-network] DNS should provide /etc/hosts entries for the cluster [LinuxOnly] [Conformance]" classname="Kubernetes e2e suite" time="0">
          <skipped></skipped>
      </testcase>
      <testcase name="[sig-storage] In-tree Volumes [Driver: iscsi][Feature:Volumes] [Testpattern: Pre-provisioned PV (block volmode)] volumeMode should create sc, pod, pv, and pvc, read/write to the pv, and delete all created resources" classname="Kubernetes e2e suite" time="0">
          <skipped></skipped>
      </testcase>
      <testcase name="[sig-storage] In-tree Volumes [Driver: cinder] [Testpattern: Dynamic PV (ext4)] volumes should be mountable" classname="Kubernetes e2e suite" time="0">
          <skipped></skipped>
      </testcase>
      <testcase name="[sig-storage] In-tree Volumes [Driver: hostPath] [Testpattern: Dynamic PV (default fs)] subPath should support restarting containers using directory as subpath [Slow]" classname="Kubernetes e2e suite" time="0">
          <skipped></skipped>
      </testcase>
      <testcase name="[sig-storage] ConfigMap should be consumable from pods in volume with mappings and Item mode set [LinuxOnly] [NodeConformance] [Conformance]" classname="Kubernetes e2e suite" time="0">
          <skipped></skipped>
      </testcase>
      <testcase name="[sig-storage] In-tree Volumes [Driver: vSphere] [Testpattern: Dynamic PV (default fs)] subPath should be able to unmount after the subpath directory is deleted" classname="Kubernetes e2e suite" time="0">
          <skipped></skipped>
      </testcase>
      <testcase name="[sig-storage] PersistentVolumes-local  [Volume type: blockfswithformat] One pod requesting one prebound PVC should be able to mount volume and read from pod1" classname="Kubernetes e2e suite" time="0">
          <skipped></skipped>
      </testcase>
      <testcase name="[sig-storage] In-tree Volumes [Driver: emptydir] [Testpattern: Dynamic PV (ntfs)][sig-windows] provisioning should allow concurrent writes on the same node" classname="Kubernetes e2e suite" time="0.001903045">
          <skipped></skipped>
      </testcase>
      <testcase name="[sig-storage] In-tree Volumes [Driver: gcepd] [Testpattern: Dynamic PV (default fs)] subPath should fail if subpath directory is outside the volume [Slow]" classname="Kubernetes e2e suite" time="0">
          <skipped></skipped>
      </testcase>
      <testcase name="[sig-storage] In-tree Volumes [Driver: nfs] [Testpattern: Inline-volume (default fs)] subPath should support existing directory" classname="Kubernetes e2e suite" time="0">
          <skipped></skipped>
      </testcase>
      <testcase name="[sig-storage] In-tree Volumes [Driver: iscsi][Feature:Volumes] [Testpattern: Pre-provisioned PV (ext3)] volumes should allow exec of files on the volume" classname="Kubernetes e2e suite" time="0">
          <skipped></skipped>
      </testcase>
      <testcase name="[sig-storage] In-tree Volumes [Driver: cinder] [Testpattern: Pre-provisioned PV (ext4)] volumes should be mountable" classname="Kubernetes e2e suite" time="0">
          <skipped></skipped>
      </testcase>
      <testcase name="[sig-storage] In-tree Volumes [Driver: nfs] [Testpattern: Pre-provisioned PV (default fs)] subPath should unmount if pod is gracefully deleted while kubelet is down [Disruptive][Slow]" classname="Kubernetes e2e suite" time="0">
          <skipped></skipped>
      </testcase>
      <testcase name="[sig-storage] In-tree Volumes [Driver: aws] [Testpattern: Pre-provisioned PV (default fs)] subPath should support file as subpath" classname="Kubernetes e2e suite" time="0">
          <skipped></skipped>
      </testcase>
      <testcase name="[sig-storage] In-tree Volumes [Driver: hostPathSymlink] [Testpattern: Pre-provisioned PV (ntfs)][sig-windows] volumes should allow exec of files on the volume" classname="Kubernetes e2e suite" time="0.001532267">
          <skipped></skipped>
      </testcase>
      <testcase name="[sig-storage] In-tree Volumes [Driver: azure] [Testpattern: Dynamic PV (default fs)] subPath should support non-existent path" classname="Kubernetes e2e suite" time="0">
          <skipped></skipped>
      </testcase>
      <testcase name="[sig-storage] In-tree Volumes [Driver: azure] [Testpattern: Pre-provisioned PV (default fs)] subPath should support restarting containers using directory as subpath [Slow]" classname="Kubernetes e2e suite" time="0">
          <skipped></skipped>
      </testcase>
      <testcase name="[sig-storage] In-tree Volumes [Driver: hostPathSymlink] [Testpattern: Dynamic PV (ntfs)][sig-windows] provisioning should create and delete block persistent volumes" classname="Kubernetes e2e suite" time="0.001196107">
          <skipped></skipped>
      </testcase>
      <testcase name="[sig-storage] In-tree Volumes [Driver: local][LocalVolumeType: dir] [Testpattern: Dynamic PV (default fs)] subPath should fail if non-existent subpath is outside the volume [Slow]" classname="Kubernetes e2e suite" time="0">
          <skipped></skipped>
      </testcase>
      <testcase name="[sig-scheduling] LimitRange should create a LimitRange with defaults and ensure pod has those defaults applied." classname="Kubernetes e2e suite" time="0">
          <skipped></skipped>
      </testcase>
      <testcase name="[sig-storage] CSI Volumes [Driver: csi-hostpath-v0] [Testpattern: Pre-provisioned PV (block volmode)] volumeMode should fail to create pod by failing to mount volume" classname="Kubernetes e2e suite" time="0">
          <skipped></skipped>
      </testcase>
      <testcase name="[sig-storage] In-tree Volumes [Driver: gluster] [Testpattern: Pre-provisioned PV (default fs)] volumes should allow exec of files on the volume" classname="Kubernetes e2e suite" time="0">
          <skipped></skipped>
      </testcase>
      <testcase name="[k8s.io] Probing container with readiness probe that fails should never be ready and never restart [NodeConformance] [Conformance]" classname="Kubernetes e2e suite" time="114.257223235"></testcase>
      <testcase name="[sig-storage] In-tree Volumes [Driver: iscsi][Feature:Volumes] [Testpattern: Dynamic PV (default fs)] provisioning should provision storage with defaults" classname="Kubernetes e2e suite" time="0">
          <skipped></skipped>
      </testcase>
      <testcase name="[sig-storage] In-tree Volumes [Driver: nfs] [Testpattern: Inline-volume (default fs)] volumeIO should write files of various sizes, verify size, validate content [Slow]" classname="Kubernetes e2e suite" time="0">
          <skipped></skipped>
      </testcase>
      <testcase name="[sig-storage] vsphere statefulset vsphere statefulset testing" classname="Kubernetes e2e suite" time="0">
          <skipped></skipped>
      </testcase>
      <testcase name="[sig-storage] CSI Volumes [Driver: csi-hostpath] [Testpattern: Pre-provisioned PV (ntfs)][sig-windows] volumes should allow exec of files on the volume" classname="Kubernetes e2e suite" time="0.002388724">
          <skipped></skipped>
      </testcase>
      <testcase name="[sig-storage] CSI Volumes [Driver: csi-hostpath-v0] [Testpattern: Pre-provisioned PV (default fs)] subPath should fail if subpath with backstepping is outside the volume [Slow]" classname="Kubernetes e2e suite" time="0">
          <skipped></skipped>
      </testcase>
      <testcase name="[sig-storage] In-tree Volumes [Driver: local][LocalVolumeType: block] [Testpattern: Dynamic PV (default fs)] provisioning should create and delete block persistent volumes" classname="Kubernetes e2e suite" time="0">
          <skipped></skipped>
      </testcase>
      <testcase name="[sig-storage] In-tree Volumes [Driver: local][LocalVolumeType: dir] [Testpattern: Dynamic PV (ext4)] volumes should allow exec of files on the volume" classname="Kubernetes e2e suite" time="0">
          <skipped></skipped>
      </testcase>
      <testcase name="[sig-storage] In-tree Volumes [Driver: local][LocalVolumeType: blockfs] [Testpattern: Pre-provisioned PV (default fs)] volumes should allow exec of files on the volume" classname="Kubernetes e2e suite" time="0">
          <skipped></skipped>
      </testcase>
      <testcase name="[sig-storage] In-tree Volumes [Driver: aws] [Testpattern: Pre-provisioned PV (default fs)] subPath should unmount if pod is force deleted while kubelet is down [Disruptive][Slow]" classname="Kubernetes e2e suite" time="0">
          <skipped></skipped>
      </testcase>
      <testcase name="[sig-storage] In-tree Volumes [Driver: cinder] [Testpattern: Inline-volume (ext3)] volumes should allow exec of files on the volume" classname="Kubernetes e2e suite" time="0">
          <skipped></skipped>
      </testcase>
      <testcase name="[sig-storage] In-tree Volumes [Driver: emptydir] [Testpattern: Pre-provisioned PV (xfs)] volumes should be mountable" classname="Kubernetes e2e suite" time="0">
          <skipped></skipped>
      </testcase>
      <testcase name="[sig-storage] In-tree Volumes [Driver: iscsi][Feature:Volumes] [Testpattern: Inline-volume (default fs)] subPath should fail if subpath directory is outside the volume [Slow]" classname="Kubernetes e2e suite" time="0">
          <skipped></skipped>
      </testcase>
      <testcase name="[sig-storage] In-tree Volumes [Driver: local][LocalVolumeType: dir-link-bindmounted] [Testpattern: Inline-volume (default fs)] subPath should support existing directory" classname="Kubernetes e2e suite" time="0">
          <skipped></skipped>
      </testcase>
      <testcase name="[sig-autoscaling] Cluster size autoscaling [Slow] shouldn&#39;t scale up when expendable pod is preempted [Feature:ClusterSizeAutoscalingScaleUp]" classname="Kubernetes e2e suite" time="0">
          <skipped></skipped>
      </testcase>
      <testcase name="[sig-storage] In-tree Volumes [Driver: local][LocalVolumeType: gce-localssd-scsi-fs] [Serial] [Testpattern: Inline-volume (default fs)] subPath should fail if subpath with backstepping is outside the volume [Slow]" classname="Kubernetes e2e suite" time="0">
          <skipped></skipped>
      </testcase>
      <testcase name="[sig-storage] CSI Volumes [Driver: pd.csi.storage.gke.io][Serial] [Testpattern: Pre-provisioned PV (default fs)] subPath should fail if non-existent subpath is outside the volume [Slow]" classname="Kubernetes e2e suite" time="0">
          <skipped></skipped>
      </testcase>
      <testcase name="[sig-storage] In-tree Volumes [Driver: local][LocalVolumeType: dir-link] [Testpattern: Inline-volume (default fs)] subPath should unmount if pod is force deleted while kubelet is down [Disruptive][Slow]" classname="Kubernetes e2e suite" time="0">
          <skipped></skipped>
      </testcase>
      <testcase name="[sig-storage] PersistentVolumes-local  StatefulSet with pod affinity [Slow] should use volumes on one node when pod management is parallel and pod has affinity" classname="Kubernetes e2e suite" time="0">
          <skipped></skipped>
      </testcase>
      <testcase name="[sig-storage] EmptyDir volumes pod should support shared volumes between containers" classname="Kubernetes e2e suite" time="0">
          <skipped></skipped>
      </testcase>
      <testcase name="[sig-storage] In-tree Volumes [Driver: local][LocalVolumeType: blockfs] [Testpattern: Pre-provisioned PV (default fs)] subPath should support existing directory" classname="Kubernetes e2e suite" time="0">
          <skipped></skipped>
      </testcase>
      <testcase name="[sig-storage] In-tree Volumes [Driver: rbd][Feature:Volumes] [Testpattern: Inline-volume (default fs)] subPath should unmount if pod is gracefully deleted while kubelet is down [Disruptive][Slow]" classname="Kubernetes e2e suite" time="0">
          <skipped></skipped>
      </testcase>
      <testcase name="[sig-apps] ReplicationController should surface a failure condition on a common issue like exceeded quota" classname="Kubernetes e2e suite" time="0">
          <skipped></skipped>
      </testcase>
      <testcase name="[sig-storage] In-tree Volumes [Driver: local][LocalVolumeType: dir] [Testpattern: Inline-volume (default fs)] subPath should support non-existent path" classname="Kubernetes e2e suite" time="0">
          <skipped></skipped>
      </testcase>
      <testcase name="[sig-storage] In-tree Volumes [Driver: hostPathSymlink] [Testpattern: Pre-provisioned PV (default fs)] subPath should support restarting containers using file as subpath [Slow]" classname="Kubernetes e2e suite" time="0">
          <skipped></skipped>
      </testcase>
      <testcase name="[sig-storage] CSI Volumes CSI Topology test using GCE PD driver [Serial] should fail to schedule a pod with a zone missing from AllowedTopologies; PD is provisioned with delayed volume binding" classname="Kubernetes e2e suite" time="0">
          <skipped></skipped>
      </testcase>
      <testcase name="[sig-storage] In-tree Volumes [Driver: cinder] [Testpattern: Inline-volume (default fs)] subPath should support existing single file" classname="Kubernetes e2e suite" time="0">
          <skipped></skipped>
      </testcase>
      <testcase name="[sig-storage] In-tree Volumes [Driver: rbd][Feature:Volumes] [Testpattern: Dynamic PV (default fs)] provisioning should access volume from different nodes" classname="Kubernetes e2e suite" time="0">
          <skipped></skipped>
      </testcase>
      <testcase name="[sig-storage] In-tree Volumes [Driver: local][LocalVolumeType: gce-localssd-scsi-fs] [Serial] [Testpattern: Dynamic PV (xfs)] volumes should allow exec of files on the volume" classname="Kubernetes e2e suite" time="0">
          <skipped></skipped>
      </testcase>
      <testcase name="[k8s.io] Container Runtime blackbox test when running a container with a new image should be able to pull from private registry with secret [NodeConformance]" classname="Kubernetes e2e suite" time="15.580993854"></testcase>
      <testcase name="[sig-storage] ConfigMap updates should be reflected in volume [NodeConformance] [Conformance]" classname="Kubernetes e2e suite" time="109.960550109"></testcase>
      <testcase name="[sig-storage] In-tree Volumes [Driver: azure] [Testpattern: Dynamic PV (default fs)] subPath should fail if subpath with backstepping is outside the volume [Slow]" classname="Kubernetes e2e suite" time="0">
          <skipped></skipped>
      </testcase>
      <testcase name="[sig-storage] CSI Volumes [Driver: pd.csi.storage.gke.io][Serial] [Testpattern: Inline-volume (xfs)] volumes should be mountable" classname="Kubernetes e2e suite" time="0">
          <skipped></skipped>
      </testcase>
      <testcase name="[sig-storage] Dynamic Provisioning DynamicProvisioner Default should be disabled by removing the default annotation [Serial] [Disruptive]" classname="Kubernetes e2e suite" time="0">
          <skipped></skipped>
      </testcase>
      <testcase name="[sig-storage] Projected secret should be consumable from pods in volume with mappings and Item Mode set [LinuxOnly] [NodeConformance] [Conformance]" classname="Kubernetes e2e suite" time="0">
          <skipped></skipped>
      </testcase>
      <testcase name="[sig-network] Proxy version v1 should proxy logs on node with explicit kubelet port using proxy subresource  [Conformance]" classname="Kubernetes e2e suite" time="8.920394511"></testcase>
      <testcase name="[sig-storage] CSI Volumes [Driver: csi-hostpath] [Testpattern: Inline-volume (default fs)] subPath should be able to unmount after the subpath directory is deleted" classname="Kubernetes e2e suite" time="0">
          <skipped></skipped>
      </testcase>
      <testcase name="[sig-storage] In-tree Volumes [Driver: ceph][Feature:Volumes] [Testpattern: Inline-volume (default fs)] subPath should support existing directories when readOnly specified in the volumeSource" classname="Kubernetes e2e suite" time="0">
          <skipped></skipped>
      </testcase>
      <testcase name="[k8s.io] Probing container should have monotonically increasing restart count [NodeConformance] [Conformance]" classname="Kubernetes e2e suite" time="163.366365975"></testcase>
      <testcase name="[sig-storage] In-tree Volumes [Driver: nfs] [Testpattern: Pre-provisioned PV (xfs)] volumes should allow exec of files on the volume" classname="Kubernetes e2e suite" time="0">
          <skipped></skipped>
      </testcase>
      <testcase name="[sig-windows] [Feature:Windows] Density [Serial] [Slow] create a batch of pods latency/resource should be within limit when create 10 pods with 0s interval" classname="Kubernetes e2e suite" time="0">
          <skipped></skipped>
      </testcase>
      <testcase name="[sig-storage] PersistentVolumes-local  [Volume type: dir] One pod requesting one prebound PVC should be able to mount volume and write from pod1" classname="Kubernetes e2e suite" time="0">
          <skipped></skipped>
      </testcase>
      <testcase name="[sig-storage] In-tree Volumes [Driver: local][LocalVolumeType: dir-link-bindmounted] [Testpattern: Dynamic PV (default fs)] subPath should support existing directories when readOnly specified in the volumeSource" classname="Kubernetes e2e suite" time="0">
          <skipped></skipped>
      </testcase>
      <testcase name="[sig-storage] PersistentVolumes-local  [Volume type: gce-localssd-scsi-fs] [Serial] One pod requesting one prebound PVC should be able to mount volume and write from pod1" classname="Kubernetes e2e suite" time="0">
          <skipped></skipped>
      </testcase>
      <testcase name="[sig-storage] In-tree Volumes [Driver: aws] [Testpattern: Pre-provisioned PV (default fs)] subPath should support existing single file" classname="Kubernetes e2e suite" time="0">
          <skipped></skipped>
      </testcase>
      <testcase name="[k8s.io] [sig-node] Security Context should support pod.Spec.SecurityContext.RunAsUser And pod.Spec.SecurityContext.RunAsGroup [LinuxOnly]" classname="Kubernetes e2e suite" time="0">
          <skipped></skipped>
      </testcase>
      <testcase name="[sig-cluster-lifecycle] Reboot [Disruptive] [Feature:Reboot] each node by ordering unclean reboot and ensure they function upon restart" classname="Kubernetes e2e suite" time="0">
          <skipped></skipped>
      </testcase>
      <testcase name="[sig-network] Loadbalancing: L7 GCE [Slow] [Feature:kubemci] should create ingress with backend HTTPS" classname="Kubernetes e2e suite" time="0">
          <skipped></skipped>
      </testcase>
      <testcase name="[sig-storage] In-tree Volumes [Driver: gcepd] [Testpattern: Dynamic PV (ntfs)][sig-windows] provisioning should provision storage with defaults" classname="Kubernetes e2e suite" time="19.598146317"></testcase>
      <testcase name="[sig-storage] Projected secret should be consumable from pods in volume with mappings [NodeConformance] [Conformance]" classname="Kubernetes e2e suite" time="24.731147892"></testcase>
      <testcase name="[sig-storage] In-tree Volumes [Driver: ceph][Feature:Volumes] [Testpattern: Pre-provisioned PV (default fs)] subPath should support creating multiple subpath from same volumes [Slow]" classname="Kubernetes e2e suite" time="0">
          <skipped></skipped>
      </testcase>
      <testcase name="[sig-storage] PersistentVolumes-local  [Volume type: blockfswithoutformat] Set fsGroup for local volume should set same fsGroup for two pods simultaneously" classname="Kubernetes e2e suite" time="0">
          <skipped></skipped>
      </testcase>
      <testcase name="[sig-storage] In-tree Volumes [Driver: hostPath] [Testpattern: Dynamic PV (default fs)] subPath should unmount if pod is gracefully deleted while kubelet is down [Disruptive][Slow]" classname="Kubernetes e2e suite" time="0">
          <skipped></skipped>
      </testcase>
      <testcase name="[sig-apps] StatefulSet [k8s.io] Basic StatefulSet functionality [StatefulSetBasic] Burst scaling should run to completion even with unhealthy pods [Conformance]" classname="Kubernetes e2e suite" time="371.872328311"></testcase>
      <testcase name="[sig-storage] CSI Volumes [Driver: csi-hostpath] [Testpattern: Dynamic PV (ntfs)][sig-windows] provisioning should access volume from different nodes" classname="Kubernetes e2e suite" time="0.001813348">
          <skipped></skipped>
      </testcase>
      <testcase name="[sig-storage] PersistentVolumes:vsphere should test that deleting the Namespace of a PVC and Pod causes the successful detach of vsphere volume" classname="Kubernetes e2e suite" time="0">
          <skipped></skipped>
      </testcase>
      <testcase name="[sig-storage] In-tree Volumes [Driver: local][LocalVolumeType: block] [Testpattern: Pre-provisioned PV (default fs)] volumes should allow exec of files on the volume" classname="Kubernetes e2e suite" time="0">
          <skipped></skipped>
      </testcase>
      <testcase name="[sig-api-machinery] Namespaces [Serial] should delete fast enough (90 percent of 100 namespaces in 150 seconds)" classname="Kubernetes e2e suite" time="0">
          <skipped></skipped>
      </testcase>
      <testcase name="[sig-storage] In-tree Volumes [Driver: local][LocalVolumeType: blockfs] [Testpattern: Dynamic PV (default fs)] volumeIO should write files of various sizes, verify size, validate content [Slow]" classname="Kubernetes e2e suite" time="0">
          <skipped></skipped>
      </testcase>
      <testcase name="[sig-storage] CSI Volumes [Driver: pd.csi.storage.gke.io][Feature: gcePD-external] [Testpattern: Pre-provisioned PV (default fs)] volumeIO should write files of various sizes, verify size, validate content [Slow]" classname="Kubernetes e2e suite" time="0">
          <skipped></skipped>
      </testcase>
      <testcase name="[sig-storage] In-tree Volumes [Driver: local][LocalVolumeType: dir-link] [Testpattern: Pre-provisioned PV (ntfs)][sig-windows] volumes should allow exec of files on the volume" classname="Kubernetes e2e suite" time="0.00171202">
          <skipped></skipped>
      </testcase>
      <testcase name="[sig-apps] ReplicaSet should adopt matching pods on creation and release no longer matching pods [Conformance]" classname="Kubernetes e2e suite" time="32.437398053"></testcase>
      <testcase name="[sig-storage] In-tree Volumes [Driver: iscsi][Feature:Volumes] [Testpattern: Pre-provisioned PV (filesystem volmode)] volumeMode should create sc, pod, pv, and pvc, read/write to the pv, and delete all created resources" classname="Kubernetes e2e suite" time="0">
          <skipped></skipped>
      </testcase>
      <testcase name="[sig-storage] In-tree Volumes [Driver: local][LocalVolumeType: tmpfs] [Testpattern: Pre-provisioned PV (ext4)] volumes should be mountable" classname="Kubernetes e2e suite" time="0">
          <skipped></skipped>
      </testcase>
      <testcase name="[sig-storage] CSI Volumes [Driver: pd.csi.storage.gke.io][Serial] [Testpattern: Inline-volume (default fs)] subPath should fail if subpath directory is outside the volume [Slow]" classname="Kubernetes e2e suite" time="0">
          <skipped></skipped>
      </testcase>
      <testcase name="[sig-storage] In-tree Volumes [Driver: hostPath] [Testpattern: Dynamic PV (default fs)] subPath should fail if subpath with backstepping is outside the volume [Slow]" classname="Kubernetes e2e suite" time="0">
          <skipped></skipped>
      </testcase>
      <testcase name="[sig-storage] In-tree Volumes [Driver: rbd][Feature:Volumes] [Testpattern: Dynamic PV (ext4)] volumes should be mountable" classname="Kubernetes e2e suite" time="0">
          <skipped></skipped>
      </testcase>
      <testcase name="[sig-scalability] Load capacity [Feature:ManualPerformance] should be able to handle 3 pods per node ReplicationController with 0 secrets, 0 configmaps and 0 daemons" classname="Kubernetes e2e suite" time="0">
          <skipped></skipped>
      </testcase>
      <testcase name="[sig-storage] CSI Volumes [Driver: pd.csi.storage.gke.io][Feature: gcePD-external] [Testpattern: Dynamic PV (default fs)] subPath should fail if non-existent subpath is outside the volume [Slow]" classname="Kubernetes e2e suite" time="0">
          <skipped></skipped>
      </testcase>
      <testcase name="[sig-storage] CSI Volumes [Driver: pd.csi.storage.gke.io][Serial] [Testpattern: Pre-provisioned PV (default fs)] subPath should support restarting containers using file as subpath [Slow]" classname="Kubernetes e2e suite" time="0">
          <skipped></skipped>
      </testcase>
      <testcase name="[sig-storage] CSI Volumes [Driver: csi-hostpath] [Testpattern: Pre-provisioned PV (ext4)] volumes should be mountable" classname="Kubernetes e2e suite" time="0">
          <skipped></skipped>
      </testcase>
      <testcase name="[sig-storage] In-tree Volumes [Driver: vSphere] [Testpattern: Pre-provisioned PV (ntfs)][sig-windows] volumes should be mountable" classname="Kubernetes e2e suite" time="0.001717673">
          <skipped></skipped>
      </testcase>
      <testcase name="[sig-storage] CSI Volumes [Driver: csi-hostpath-v0] [Testpattern: Inline-volume (default fs)] subPath should support readOnly directory specified in the volumeMount" classname="Kubernetes e2e suite" time="0">
          <skipped></skipped>
      </testcase>
      <testcase name="[sig-apps] Network Partition [Disruptive] [Slow] [k8s.io] [StatefulSet] should come back up if node goes down [Slow] [Disruptive]" classname="Kubernetes e2e suite" time="0">
          <skipped></skipped>
      </testcase>
      <testcase name="[sig-storage] In-tree Volumes [Driver: local][LocalVolumeType: dir] [Testpattern: Dynamic PV (ntfs)][sig-windows] provisioning should provision storage with snapshot data source [Feature:VolumeSnapshotDataSource]" classname="Kubernetes e2e suite" time="0">
          <skipped></skipped>
      </testcase>
      <testcase name="[sig-storage] In-tree Volumes [Driver: local][LocalVolumeType: gce-localssd-scsi-fs] [Serial] [Testpattern: Pre-provisioned PV (default fs)] subPath should unmount if pod is gracefully deleted while kubelet is down [Disruptive][Slow]" classname="Kubernetes e2e suite" time="0">
          <skipped></skipped>
      </testcase>
      <testcase name="[sig-storage] Dynamic Provisioning DynamicProvisioner delayed binding with allowedTopologies [Slow] should create persistent volumes in the same zone as specified in allowedTopologies after a pod mounting the claims is started" classname="Kubernetes e2e suite" time="0">
          <skipped></skipped>
      </testcase>
      <testcase name="[sig-storage] EmptyDir volumes should support (non-root,0666,default) [LinuxOnly] [NodeConformance] [Conformance]" classname="Kubernetes e2e suite" time="0">
          <skipped></skipped>
      </testcase>
      <testcase name="[sig-storage] Node Poweroff [Feature:vsphere] [Slow] [Disruptive] verify volume status after node power off" classname="Kubernetes e2e suite" time="0">
          <skipped></skipped>
      </testcase>
      <testcase name="[sig-storage] In-tree Volumes [Driver: local][LocalVolumeType: dir-link-bindmounted] [Testpattern: Pre-provisioned PV (default fs)] subPath should fail if subpath directory is outside the volume [Slow]" classname="Kubernetes e2e suite" time="0">
          <skipped></skipped>
      </testcase>
      <testcase name="[sig-storage] In-tree Volumes [Driver: local][LocalVolumeType: gce-localssd-scsi-fs] [Serial] [Testpattern: Dynamic PV (default fs)] provisioning should provision storage with mount options" classname="Kubernetes e2e suite" time="0">
          <skipped></skipped>
      </testcase>
      <testcase name="[k8s.io] Security Context When creating a pod with readOnlyRootFilesystem should run the container with readonly rootfs when readOnlyRootFilesystem=true [LinuxOnly] [NodeConformance]" classname="Kubernetes e2e suite" time="0">
          <skipped></skipped>
      </testcase>
      <testcase name="[sig-storage] PersistentVolumes NFS with Single PV - PVC pairs create a PV and a pre-bound PVC: test write access" classname="Kubernetes e2e suite" time="0">
          <skipped></skipped>
      </testcase>
      <testcase name="[sig-storage] Storage Policy Based Volume Provisioning [Feature:vsphere] verify an existing and compatible SPBM policy is honored for dynamically provisioned pvc using storageclass" classname="Kubernetes e2e suite" time="0">
          <skipped></skipped>
      </testcase>
      <testcase name="[sig-storage] In-tree Volumes [Driver: local][LocalVolumeType: dir-bindmounted] [Testpattern: Dynamic PV (default fs)] subPath should be able to unmount after the subpath directory is deleted" classname="Kubernetes e2e suite" time="0">
          <skipped></skipped>
      </testcase>
      <testcase name="[sig-storage] In-tree Volumes [Driver: gluster] [Testpattern: Pre-provisioned PV (default fs)] subPath should support existing directories when readOnly specified in the volumeSource" classname="Kubernetes e2e suite" time="0">
          <skipped></skipped>
      </testcase>
      <testcase name="[sig-storage] In-tree Volumes [Driver: emptydir] [Testpattern: Dynamic PV (default fs)] provisioning should provision storage with mount options" classname="Kubernetes e2e suite" time="0">
          <skipped></skipped>
      </testcase>
      <testcase name="[sig-storage] CSI Volumes [Driver: csi-hostpath-v0] [Testpattern: Dynamic PV (default fs)] volumes should be mountable" classname="Kubernetes e2e suite" time="0">
          <skipped></skipped>
      </testcase>
      <testcase name="[sig-network] Networking Granular Checks: Services [Slow] should function for client IP based session affinity: http" classname="Kubernetes e2e suite" time="0">
          <skipped></skipped>
      </testcase>
      <testcase name="[sig-storage] In-tree Volumes [Driver: local][LocalVolumeType: dir] [Testpattern: Pre-provisioned PV (ext3)] volumes should allow exec of files on the volume" classname="Kubernetes e2e suite" time="0">
          <skipped></skipped>
      </testcase>
      <testcase name="[sig-storage] PersistentVolumes-local  [Volume type: dir] Set fsGroup for local volume should set different fsGroup for second pod if first pod is deleted" classname="Kubernetes e2e suite" time="0">
          <skipped></skipped>
      </testcase>
      <testcase name="[sig-storage] In-tree Volumes [Driver: iscsi][Feature:Volumes] [Testpattern: Inline-volume (xfs)] volumes should allow exec of files on the volume" classname="Kubernetes e2e suite" time="0">
          <skipped></skipped>
      </testcase>
      <testcase name="[sig-storage] In-tree Volumes [Driver: aws] [Testpattern: Dynamic PV (default fs)] provisioning should provision storage with snapshot data source [Feature:VolumeSnapshotDataSource]" classname="Kubernetes e2e suite" time="0">
          <skipped></skipped>
      </testcase>
      <testcase name="[sig-storage] In-tree Volumes [Driver: ceph][Feature:Volumes] [Testpattern: Dynamic PV (default fs)] volumeIO should write files of various sizes, verify size, validate content [Slow]" classname="Kubernetes e2e suite" time="0">
          <skipped></skipped>
      </testcase>
      <testcase name="[sig-storage] In-tree Volumes [Driver: rbd][Feature:Volumes] [Testpattern: Dynamic PV (ntfs)][sig-windows] volumes should allow exec of files on the volume" classname="Kubernetes e2e suite" time="0">
          <skipped></skipped>
      </testcase>
      <testcase name="[sig-storage] In-tree Volumes [Driver: iscsi][Feature:Volumes] [Testpattern: Dynamic PV (default fs)] provisioning should provision storage with snapshot data source [Feature:VolumeSnapshotDataSource]" classname="Kubernetes e2e suite" time="0">
          <skipped></skipped>
      </testcase>
      <testcase name="[sig-storage] In-tree Volumes [Driver: hostPathSymlink] [Testpattern: Pre-provisioned PV (default fs)] subPath should fail if subpath directory is outside the volume [Slow]" classname="Kubernetes e2e suite" time="0">
          <skipped></skipped>
      </testcase>
      <testcase name="[sig-storage] In-tree Volumes [Driver: ceph][Feature:Volumes] [Testpattern: Dynamic PV (default fs)] subPath should fail if subpath file is outside the volume [Slow]" classname="Kubernetes e2e suite" time="0">
          <skipped></skipped>
      </testcase>
      <testcase name="[sig-storage] In-tree Volumes [Driver: local][LocalVolumeType: dir-link-bindmounted] [Testpattern: Inline-volume (ext4)] volumes should be mountable" classname="Kubernetes e2e suite" time="0">
          <skipped></skipped>
      </testcase>
      <testcase name="[sig-storage] In-tree Volumes [Driver: cinder] [Testpattern: Pre-provisioned PV (default fs)] subPath should support restarting containers using file as subpath [Slow]" classname="Kubernetes e2e suite" time="0">
          <skipped></skipped>
      </testcase>
      <testcase name="[sig-storage] CSI Volumes [Driver: csi-hostpath] [Testpattern: Pre-provisioned PV (default fs)] subPath should support file as subpath" classname="Kubernetes e2e suite" time="0">
          <skipped></skipped>
      </testcase>
      <testcase name="[sig-storage] In-tree Volumes [Driver: local][LocalVolumeType: tmpfs] [Testpattern: Dynamic PV (default fs)] subPath should support non-existent path" classname="Kubernetes e2e suite" time="0">
          <skipped></skipped>
      </testcase>
      <testcase name="[sig-storage] CSI Volumes [Driver: csi-hostpath-v0] [Testpattern: Pre-provisioned PV (default fs)] subPath should unmount if pod is force deleted while kubelet is down [Disruptive][Slow]" classname="Kubernetes e2e suite" time="0">
          <skipped></skipped>
      </testcase>
      <testcase name="[sig-storage] CSI Volumes [Driver: pd.csi.storage.gke.io][Serial] [Testpattern: Dynamic PV (ntfs)][sig-windows] provisioning should provision storage with mount options" classname="Kubernetes e2e suite" time="0">
          <skipped></skipped>
      </testcase>
      <testcase name="[sig-storage] In-tree Volumes [Driver: local][LocalVolumeType: blockfs] [Testpattern: Pre-provisioned PV (ntfs)][sig-windows] volumes should allow exec of files on the volume" classname="Kubernetes e2e suite" time="0.002197592">
          <skipped></skipped>
      </testcase>
      <testcase name="[sig-storage] GenericPersistentVolume[Disruptive] When kubelet restarts Should test that a volume mounted to a pod that is deleted while the kubelet is down unmounts when the kubelet returns." classname="Kubernetes e2e suite" time="0">
          <skipped></skipped>
      </testcase>
      <testcase name="[sig-storage] CSI Volumes [Driver: csi-hostpath-v0] [Testpattern: Pre-provisioned PV (default fs)] volumes should be mountable" classname="Kubernetes e2e suite" time="0">
          <skipped></skipped>
      </testcase>
      <testcase name="[sig-storage] In-tree Volumes [Driver: rbd][Feature:Volumes] [Testpattern: Dynamic PV (default fs)] provisioning should create and delete block persistent volumes" classname="Kubernetes e2e suite" time="0">
          <skipped></skipped>
      </testcase>
      <testcase name="[sig-storage] CSI Volumes [Driver: csi-hostpath-v0] [Testpattern: Inline-volume (default fs)] volumes should allow exec of files on the volume" classname="Kubernetes e2e suite" time="0">
          <skipped></skipped>
      </testcase>
      <testcase name="[sig-network] Loadbalancing: L7 GCE [Slow] [Feature:Ingress] should support multiple TLS certs" classname="Kubernetes e2e suite" time="0">
          <skipped></skipped>
      </testcase>
      <testcase name="[sig-storage] In-tree Volumes [Driver: local][LocalVolumeType: gce-localssd-scsi-fs] [Serial] [Testpattern: Inline-volume (default fs)] subPath should support existing single file" classname="Kubernetes e2e suite" time="0">
          <skipped></skipped>
      </testcase>
      <testcase name="[sig-storage] In-tree Volumes [Driver: local][LocalVolumeType: blockfs] [Testpattern: Pre-provisioned PV (default fs)] subPath should fail if non-existent subpath is outside the volume [Slow]" classname="Kubernetes e2e suite" time="0">
          <skipped></skipped>
      </testcase>
      <testcase name="[sig-storage] CSI Volumes [Driver: pd.csi.storage.gke.io][Feature: gcePD-external] [Testpattern: Pre-provisioned PV (default fs)] subPath should support file as subpath" classname="Kubernetes e2e suite" time="0">
          <skipped></skipped>
      </testcase>
      <testcase name="[sig-storage] In-tree Volumes [Driver: nfs] [Testpattern: Pre-provisioned PV (ext3)] volumes should be mountable" classname="Kubernetes e2e suite" time="0">
          <skipped></skipped>
      </testcase>
      <testcase name="[sig-storage] In-tree Volumes [Driver: nfs] [Testpattern: Pre-provisioned PV (default fs)] subPath should be able to unmount after the subpath directory is deleted" classname="Kubernetes e2e suite" time="0">
          <skipped></skipped>
      </testcase>
      <testcase name="[sig-storage] In-tree Volumes [Driver: gcepd] [Testpattern: Pre-provisioned PV (xfs)] volumes should be mountable" classname="Kubernetes e2e suite" time="0">
          <skipped></skipped>
      </testcase>
      <testcase name="[sig-storage] In-tree Volumes [Driver: iscsi][Feature:Volumes] [Testpattern: Pre-provisioned PV (default fs)] subPath should fail if subpath file is outside the volume [Slow]" classname="Kubernetes e2e suite" time="0">
          <skipped></skipped>
      </testcase>
      <testcase name="[sig-storage] In-tree Volumes [Driver: local][LocalVolumeType: dir] [Testpattern: Dynamic PV (default fs)] provisioning should provision storage with snapshot data source [Feature:VolumeSnapshotDataSource]" classname="Kubernetes e2e suite" time="0">
          <skipped></skipped>
      </testcase>
      <testcase name="[sig-storage] In-tree Volumes [Driver: cinder] [Testpattern: Inline-volume (default fs)] subPath should fail if subpath directory is outside the volume [Slow]" classname="Kubernetes e2e suite" time="0">
          <skipped></skipped>
      </testcase>
      <testcase name="[sig-storage] In-tree Volumes [Driver: local][LocalVolumeType: dir] [Testpattern: Dynamic PV (default fs)] subPath should verify container cannot write to subpath readonly volumes" classname="Kubernetes e2e suite" time="0">
          <skipped></skipped>
      </testcase>
      <testcase name="[sig-storage] [Serial] Volume metrics should create volume metrics with the correct PVC ref" classname="Kubernetes e2e suite" time="0">
          <skipped></skipped>
      </testcase>
      <testcase name="[sig-storage] In-tree Volumes [Driver: cinder] [Testpattern: Inline-volume (default fs)] volumes should allow exec of files on the volume" classname="Kubernetes e2e suite" time="0">
          <skipped></skipped>
      </testcase>
      <testcase name="[sig-storage] In-tree Volumes [Driver: emptydir] [Testpattern: Inline-volume (default fs)] subPath should support existing directories when readOnly specified in the volumeSource" classname="Kubernetes e2e suite" time="0">
          <skipped></skipped>
      </testcase>
      <testcase name="[sig-storage] Projected configMap Should fail non-optional pod creation due to the key in the configMap object does not exist [Slow]" classname="Kubernetes e2e suite" time="0">
          <skipped></skipped>
      </testcase>
      <testcase name="[k8s.io] [sig-node] Security Context should support volume SELinux relabeling when using hostIPC [Flaky] [LinuxOnly]" classname="Kubernetes e2e suite" time="0">
          <skipped></skipped>
      </testcase>
      <testcase name="[sig-storage] In-tree Volumes [Driver: nfs] [Testpattern: Dynamic PV (default fs)] provisioning should access volume from different nodes" classname="Kubernetes e2e suite" time="0">
          <skipped></skipped>
      </testcase>
      <testcase name="[sig-storage] In-tree Volumes [Driver: hostPathSymlink] [Testpattern: Dynamic PV (default fs)] subPath should fail if non-existent subpath is outside the volume [Slow]" classname="Kubernetes e2e suite" time="0">
          <skipped></skipped>
      </testcase>
      <testcase name="[sig-storage] In-tree Volumes [Driver: local][LocalVolumeType: dir-bindmounted] [Testpattern: Pre-provisioned PV (default fs)] subPath should unmount if pod is gracefully deleted while kubelet is down [Disruptive][Slow]" classname="Kubernetes e2e suite" time="0">
          <skipped></skipped>
      </testcase>
      <testcase name="[sig-storage] CSI Volumes [Driver: pd.csi.storage.gke.io][Serial] [Testpattern: Dynamic PV (default fs)] subPath should support existing directory" classname="Kubernetes e2e suite" time="0">
          <skipped></skipped>
      </testcase>
      <testcase name="[sig-storage] In-tree Volumes [Driver: rbd][Feature:Volumes] [Testpattern: Dynamic PV (default fs)] volumes should be mountable" classname="Kubernetes e2e suite" time="0">
          <skipped></skipped>
      </testcase>
      <testcase name="[sig-instrumentation] Kibana Logging Instances Is Alive [Feature:Elasticsearch] should check that the Kibana logging instance is alive" classname="Kubernetes e2e suite" time="0">
          <skipped></skipped>
      </testcase>
      <testcase name="[sig-storage] In-tree Volumes [Driver: local][LocalVolumeType: dir-link] [Testpattern: Dynamic PV (default fs)] subPath should support readOnly directory specified in the volumeMount" classname="Kubernetes e2e suite" time="0">
          <skipped></skipped>
      </testcase>
      <testcase name="[sig-network] Services should serve a basic endpoint from pods  [Conformance]" classname="Kubernetes e2e suite" time="39.052516614"></testcase>
      <testcase name="[sig-storage] In-tree Volumes [Driver: nfs] [Testpattern: Dynamic PV (default fs)] provisioning should provision storage with mount options" classname="Kubernetes e2e suite" time="0">
          <skipped></skipped>
      </testcase>
      <testcase name="[sig-storage] In-tree Volumes [Driver: local][LocalVolumeType: gce-localssd-scsi-fs] [Serial] [Testpattern: Dynamic PV (default fs)] subPath should support existing directory" classname="Kubernetes e2e suite" time="0">
          <skipped></skipped>
      </testcase>
      <testcase name="[sig-cluster-lifecycle] Reboot [Disruptive] [Feature:Reboot] each node by dropping all inbound packets for a while and ensure they function afterwards" classname="Kubernetes e2e suite" time="0">
          <skipped></skipped>
      </testcase>
      <testcase name="[sig-storage] In-tree Volumes [Driver: hostPath] [Testpattern: Inline-volume (default fs)] subPath should fail if non-existent subpath is outside the volume [Slow]" classname="Kubernetes e2e suite" time="0">
          <skipped></skipped>
      </testcase>
      <testcase name="[sig-storage] In-tree Volumes [Driver: local][LocalVolumeType: block] [Testpattern: Pre-provisioned PV (default fs)] subPath should support existing directory" classname="Kubernetes e2e suite" time="0">
          <skipped></skipped>
      </testcase>
      <testcase name="[sig-storage] PersistentVolumes-local  [Volume type: dir-link] Two pods mounting a local volume at the same time should be able to write from pod1 and read from pod2" classname="Kubernetes e2e suite" time="0">
          <skipped></skipped>
      </testcase>
      <testcase name="[sig-storage] In-tree Volumes [Driver: local][LocalVolumeType: dir-link-bindmounted] [Testpattern: Inline-volume (default fs)] subPath should verify container cannot write to subpath readonly volumes" classname="Kubernetes e2e suite" time="0">
          <skipped></skipped>
      </testcase>
      <testcase name="[sig-storage] In-tree Volumes [Driver: vSphere] [Testpattern: Dynamic PV (ext4)] volumes should be mountable" classname="Kubernetes e2e suite" time="0">
          <skipped></skipped>
      </testcase>
      <testcase name="[sig-autoscaling] [HPA] Horizontal pod autoscaling (scale resource: CPU) [sig-autoscaling] [Serial] [Slow] ReplicationController Should scale from 1 pod to 3 pods and from 3 to 5 and verify decision stability" classname="Kubernetes e2e suite" time="0">
          <skipped></skipped>
      </testcase>
      <testcase name="[sig-storage] CSI Volumes [Driver: csi-hostpath] [Testpattern: Pre-provisioned PV (default fs)] volumes should be mountable" classname="Kubernetes e2e suite" time="0">
          <skipped></skipped>
      </testcase>
      <testcase name="[sig-storage] In-tree Volumes [Driver: nfs] [Testpattern: Dynamic PV (default fs)] provisioning should provision storage with snapshot data source [Feature:VolumeSnapshotDataSource]" classname="Kubernetes e2e suite" time="0">
          <skipped></skipped>
      </testcase>
      <testcase name="[sig-storage] In-tree Volumes [Driver: local][LocalVolumeType: dir-link-bindmounted] [Testpattern: Inline-volume (default fs)] subPath should fail if subpath with backstepping is outside the volume [Slow]" classname="Kubernetes e2e suite" time="0">
          <skipped></skipped>
      </testcase>
      <testcase name="[sig-scheduling] Multi-AZ Clusters should spread the pods of a replication controller across zones" classname="Kubernetes e2e suite" time="0">
          <skipped></skipped>
      </testcase>
      <testcase name="[sig-storage] CSI Volumes [Driver: pd.csi.storage.gke.io][Serial] [Testpattern: Pre-provisioned PV (default fs)] subPath should verify container cannot write to subpath readonly volumes" classname="Kubernetes e2e suite" time="0">
          <skipped></skipped>
      </testcase>
      <testcase name="[sig-storage] Storage Policy Based Volume Provisioning [Feature:vsphere] verify VSAN storage capability with invalid hostFailuresToTolerate value is not honored for dynamically provisioned pvc using storageclass" classname="Kubernetes e2e suite" time="0">
          <skipped></skipped>
      </testcase>
      <testcase name="[sig-storage] In-tree Volumes [Driver: iscsi][Feature:Volumes] [Testpattern: Dynamic PV (ntfs)][sig-windows] provisioning should access volume from different nodes" classname="Kubernetes e2e suite" time="0">
          <skipped></skipped>
      </testcase>
      <testcase name="[sig-storage] CSI Volumes [Driver: csi-hostpath-v0] [Testpattern: Inline-volume (default fs)] subPath should support restarting containers using directory as subpath [Slow]" classname="Kubernetes e2e suite" time="0">
          <skipped></skipped>
      </testcase>
      <testcase name="[sig-storage] In-tree Volumes [Driver: local][LocalVolumeType: dir-link-bindmounted] [Testpattern: Pre-provisioned PV (default fs)] subPath should support existing single file" classname="Kubernetes e2e suite" time="0">
          <skipped></skipped>
      </testcase>
      <testcase name="[sig-storage] CSI Volumes [Driver: pd.csi.storage.gke.io][Serial] [Testpattern: Dynamic PV (default fs)] provisioning should access volume from different nodes" classname="Kubernetes e2e suite" time="0">
          <skipped></skipped>
      </testcase>
      <testcase name="[sig-storage] CSI Volumes [Driver: pd.csi.storage.gke.io][Serial] [Testpattern: Dynamic PV (default fs)] provisioning should allow concurrent writes on the same node" classname="Kubernetes e2e suite" time="0">
          <skipped></skipped>
      </testcase>
      <testcase name="[sig-network] NetworkPolicy NetworkPolicy between server and client should support allow-all policy [Feature:NetworkPolicy]" classname="Kubernetes e2e suite" time="0">
          <skipped></skipped>
      </testcase>
      <testcase name="[sig-storage] In-tree Volumes [Driver: hostPathSymlink] [Testpattern: Inline-volume (default fs)] subPath should support non-existent path" classname="Kubernetes e2e suite" time="0">
          <skipped></skipped>
      </testcase>
      <testcase name="[sig-network] DNS configMap nameserver [IPv4] Forward PTR lookup should forward PTR records lookup to upstream nameserver [Slow][Serial]" classname="Kubernetes e2e suite" time="0">
          <skipped></skipped>
      </testcase>
      <testcase name="[sig-storage] Downward API volume should provide container&#39;s memory request [NodeConformance] [Conformance]" classname="Kubernetes e2e suite" time="16.797473326"></testcase>
      <testcase name="[sig-storage] In-tree Volumes [Driver: ceph][Feature:Volumes] [Testpattern: Pre-provisioned PV (default fs)] subPath should fail if non-existent subpath is outside the volume [Slow]" classname="Kubernetes e2e suite" time="0">
          <skipped></skipped>
      </testcase>
      <testcase name="[sig-cli] Kubectl client [k8s.io] Guestbook application should create and stop a working application  [Conformance]" classname="Kubernetes e2e suite" time="171.165689177"></testcase>
      <testcase name="[sig-storage] In-tree Volumes [Driver: iscsi][Feature:Volumes] [Testpattern: Dynamic PV (default fs)] subPath should support readOnly file specified in the volumeMount" classname="Kubernetes e2e suite" time="0">
          <skipped></skipped>
      </testcase>
      <testcase name="[sig-cluster-lifecycle] Ports Security Check [Feature:KubeletSecurity] should not have port 4194 open on its all public IP addresses" classname="Kubernetes e2e suite" time="0">
          <skipped></skipped>
      </testcase>
      <testcase name="[sig-autoscaling] Cluster size autoscaling [Slow] should increase cluster size if pending pods are small and there is another node pool that is not autoscaled [Feature:ClusterSizeAutoscalingScaleUp]" classname="Kubernetes e2e suite" time="0">
          <skipped></skipped>
      </testcase>
      <testcase name="[sig-storage] In-tree Volumes [Driver: azure] [Testpattern: Dynamic PV (default fs)] subPath should support creating multiple subpath from same volumes [Slow]" classname="Kubernetes e2e suite" time="0">
          <skipped></skipped>
      </testcase>
      <testcase name="[sig-apps] Job should delete a job" classname="Kubernetes e2e suite" time="0">
          <skipped></skipped>
      </testcase>
      <testcase name="[sig-storage] In-tree Volumes [Driver: iscsi][Feature:Volumes] [Testpattern: Dynamic PV (default fs)] subPath should support creating multiple subpath from same volumes [Slow]" classname="Kubernetes e2e suite" time="0">
          <skipped></skipped>
      </testcase>
      <testcase name="[sig-storage] In-tree Volumes [Driver: local][LocalVolumeType: blockfs] [Testpattern: Dynamic PV (ntfs)][sig-windows] volumes should be mountable" classname="Kubernetes e2e suite" time="0.001998946">
          <skipped></skipped>
      </testcase>
      <testcase name="[sig-storage] In-tree Volumes [Driver: iscsi][Feature:Volumes] [Testpattern: Dynamic PV (default fs)] subPath should support readOnly directory specified in the volumeMount" classname="Kubernetes e2e suite" time="0">
          <skipped></skipped>
      </testcase>
      <testcase name="[sig-apps] DisruptionController evictions: enough pods, absolute =&gt; should allow an eviction" classname="Kubernetes e2e suite" time="0">
          <skipped></skipped>
      </testcase>
      <testcase name="[sig-cli] Kubectl client [k8s.io] Kubectl expose should create services for rc  [Conformance]" classname="Kubernetes e2e suite" time="52.52920128"></testcase>
      <testcase name="[sig-storage] In-tree Volumes [Driver: emptydir] [Testpattern: Inline-volume (default fs)] subPath should support existing directory" classname="Kubernetes e2e suite" time="0">
          <skipped></skipped>
      </testcase>
      <testcase name="[sig-storage] In-tree Volumes [Driver: local][LocalVolumeType: gce-localssd-scsi-fs] [Serial] [Testpattern: Pre-provisioned PV (default fs)] subPath should support existing single file" classname="Kubernetes e2e suite" time="0">
          <skipped></skipped>
      </testcase>
      <testcase name="[sig-storage] In-tree Volumes [Driver: local][LocalVolumeType: dir-link] [Testpattern: Dynamic PV (default fs)] provisioning should create and delete block persistent volumes" classname="Kubernetes e2e suite" time="0">
          <skipped></skipped>
      </testcase>
      <testcase name="[sig-storage] In-tree Volumes [Driver: local][LocalVolumeType: dir-bindmounted] [Testpattern: Dynamic PV (default fs)] subPath should support readOnly directory specified in the volumeMount" classname="Kubernetes e2e suite" time="0">
          <skipped></skipped>
      </testcase>
      <testcase name="[sig-storage] In-tree Volumes [Driver: local][LocalVolumeType: tmpfs] [Testpattern: Pre-provisioned PV (ext4)] volumes should allow exec of files on the volume" classname="Kubernetes e2e suite" time="0">
          <skipped></skipped>
      </testcase>
      <testcase name="[sig-storage] Pod Disks schedule pods each with a PD, delete pod and verify detach [Slow] for RW PD with pod delete grace period of &#34;immediate (0s)&#34;" classname="Kubernetes e2e suite" time="0">
          <skipped></skipped>
      </testcase>
      <testcase name="[sig-instrumentation] MetricsGrabber should grab all metrics from a Kubelet." classname="Kubernetes e2e suite" time="0">
          <skipped></skipped>
      </testcase>
      <testcase name="[sig-storage] In-tree Volumes [Driver: rbd][Feature:Volumes] [Testpattern: Dynamic PV (default fs)] subPath should support existing directory" classname="Kubernetes e2e suite" time="0">
          <skipped></skipped>
      </testcase>
      <testcase name="[sig-api-machinery] ResourceQuota Should be able to update and delete ResourceQuota." classname="Kubernetes e2e suite" time="0">
          <skipped></skipped>
      </testcase>
      <testcase name="[sig-storage] In-tree Volumes [Driver: vSphere] [Testpattern: Dynamic PV (default fs)] subPath should fail if non-existent subpath is outside the volume [Slow]" classname="Kubernetes e2e suite" time="0">
          <skipped></skipped>
      </testcase>
      <testcase name="[sig-storage] In-tree Volumes [Driver: aws] [Testpattern: Inline-volume (default fs)] subPath should support existing directory" classname="Kubernetes e2e suite" time="0">
          <skipped></skipped>
      </testcase>
      <testcase name="[sig-storage] In-tree Volumes [Driver: gcepd] [Testpattern: Pre-provisioned PV (ext4)] volumes should be mountable" classname="Kubernetes e2e suite" time="0">
          <skipped></skipped>
      </testcase>
      <testcase name="[sig-storage] Dynamic Provisioning DynamicProvisioner [Slow] should provision storage with different parameters" classname="Kubernetes e2e suite" time="0">
          <skipped></skipped>
      </testcase>
      <testcase name="[k8s.io] Docker Containers should be able to override the image&#39;s default arguments (docker cmd) [NodeConformance] [Conformance]" classname="Kubernetes e2e suite" time="16.493928378"></testcase>
      <testcase name="[sig-storage] In-tree Volumes [Driver: local][LocalVolumeType: dir] [Testpattern: Inline-volume (ext3)] volumes should be mountable" classname="Kubernetes e2e suite" time="0">
          <skipped></skipped>
      </testcase>
      <testcase name="[sig-network] Networking Granular Checks: Services [Slow] should function for client IP based session affinity: udp" classname="Kubernetes e2e suite" time="0">
          <skipped></skipped>
      </testcase>
      <testcase name="[sig-storage] CSI Volumes [Driver: pd.csi.storage.gke.io][Serial] [Testpattern: Pre-provisioned PV (default fs)] subPath should support existing single file" classname="Kubernetes e2e suite" time="0">
          <skipped></skipped>
      </testcase>
      <testcase name="[sig-storage] CSI Volumes [Driver: csi-hostpath-v0] [Testpattern: Inline-volume (default fs)] subPath should support existing directory" classname="Kubernetes e2e suite" time="0">
          <skipped></skipped>
      </testcase>
      <testcase name="[sig-storage] CSI Volumes [Driver: pd.csi.storage.gke.io][Feature: gcePD-external] [Testpattern: Dynamic PV (ntfs)][sig-windows] provisioning should create and delete block persistent volumes" classname="Kubernetes e2e suite" time="0">
          <skipped></skipped>
      </testcase>
      <testcase name="[sig-storage] PersistentVolumes-local  [Volume type: gce-localssd-scsi-fs] [Serial] Set fsGroup for local volume should set fsGroup for one pod" classname="Kubernetes e2e suite" time="0">
          <skipped></skipped>
      </testcase>
      <testcase name="[sig-storage] In-tree Volumes [Driver: local][LocalVolumeType: dir-link] [Testpattern: Inline-volume (xfs)] volumes should be mountable" classname="Kubernetes e2e suite" time="0">
          <skipped></skipped>
      </testcase>
      <testcase name="[sig-storage] In-tree Volumes [Driver: local][LocalVolumeType: blockfs] [Testpattern: Dynamic PV (default fs)] volumes should be mountable" classname="Kubernetes e2e suite" time="0">
          <skipped></skipped>
      </testcase>
      <testcase name="[sig-storage] In-tree Volumes [Driver: azure] [Testpattern: Inline-volume (default fs)] subPath should support readOnly file specified in the volumeMount" classname="Kubernetes e2e suite" time="0">
          <skipped></skipped>
      </testcase>
      <testcase name="[k8s.io] Pods should allow activeDeadlineSeconds to be updated [NodeConformance] [Conformance]" classname="Kubernetes e2e suite" time="18.868793189"></testcase>
      <testcase name="[sig-storage] In-tree Volumes [Driver: local][LocalVolumeType: dir] [Testpattern: Inline-volume (default fs)] subPath should unmount if pod is gracefully deleted while kubelet is down [Disruptive][Slow]" classname="Kubernetes e2e suite" time="0">
          <skipped></skipped>
      </testcase>
      <testcase name="[sig-storage] In-tree Volumes [Driver: local][LocalVolumeType: dir-link] [Testpattern: Pre-provisioned PV (default fs)] volumes should allow exec of files on the volume" classname="Kubernetes e2e suite" time="0">
          <skipped></skipped>
      </testcase>
      <testcase name="[sig-storage] CSI Volumes [Driver: csi-hostpath-v0] [Testpattern: Inline-volume (default fs)] subPath should support creating multiple subpath from same volumes [Slow]" classname="Kubernetes e2e suite" time="0">
          <skipped></skipped>
      </testcase>
      <testcase name="[k8s.io] [sig-node] Mount propagation should propagate mounts to the host" classname="Kubernetes e2e suite" time="0">
          <skipped></skipped>
      </testcase>
      <testcase name="[sig-apps] Job should adopt matching orphans and release non-matching pods" classname="Kubernetes e2e suite" time="0">
          <skipped></skipped>
      </testcase>
      <testcase name="[sig-storage] In-tree Volumes [Driver: local][LocalVolumeType: dir-link] [Testpattern: Dynamic PV (ext4)] volumes should allow exec of files on the volume" classname="Kubernetes e2e suite" time="0">
          <skipped></skipped>
      </testcase>
      <testcase name="[sig-storage] CSI Volumes [Driver: csi-hostpath] [Testpattern: Inline-volume (xfs)] volumes should be mountable" classname="Kubernetes e2e suite" time="0">
          <skipped></skipped>
      </testcase>
      <testcase name="[sig-cluster-lifecycle] Reboot [Disruptive] [Feature:Reboot] each node by switching off the network interface and ensure they function upon switch on" classname="Kubernetes e2e suite" time="0">
          <skipped></skipped>
      </testcase>
      <testcase name="[sig-storage] In-tree Volumes [Driver: local][LocalVolumeType: tmpfs] [Testpattern: Dynamic PV (default fs)] subPath should support existing directory" classname="Kubernetes e2e suite" time="0">
          <skipped></skipped>
      </testcase>
      <testcase name="[sig-storage] CSI Volumes [Driver: csi-hostpath] [Testpattern: Pre-provisioned PV (default fs)] subPath should support creating multiple subpath from same volumes [Slow]" classname="Kubernetes e2e suite" time="0">
          <skipped></skipped>
      </testcase>
      <testcase name="[sig-storage] CSI Volumes [Driver: csi-hostpath-v0] [Testpattern: Dynamic PV (xfs)] volumes should allow exec of files on the volume" classname="Kubernetes e2e suite" time="0">
          <skipped></skipped>
      </testcase>
      <testcase name="[sig-autoscaling] Cluster size autoscaling [Slow] should increase cluster size if pod requesting volume is pending [Feature:ClusterSizeAutoscalingScaleUp]" classname="Kubernetes e2e suite" time="0">
          <skipped></skipped>
      </testcase>
      <testcase name="[sig-storage] CSI mock volume CSI Volume expansion [Feature:ExpandCSIVolumes] should expand volume by restarting pod if attach=on, nodeExpansion=on" classname="Kubernetes e2e suite" time="0">
          <skipped></skipped>
      </testcase>
      <testcase name="[sig-storage] CSI Volumes [Driver: csi-hostpath-v0] [Testpattern: Inline-volume (ext3)] volumes should allow exec of files on the volume" classname="Kubernetes e2e suite" time="0">
          <skipped></skipped>
      </testcase>
      <testcase name="[sig-storage] In-tree Volumes [Driver: hostPathSymlink] [Testpattern: Pre-provisioned PV (default fs)] subPath should fail if subpath with backstepping is outside the volume [Slow]" classname="Kubernetes e2e suite" time="0">
          <skipped></skipped>
      </testcase>
      <testcase name="[sig-storage] In-tree Volumes [Driver: emptydir] [Testpattern: Dynamic PV (default fs)] subPath should support existing directory" classname="Kubernetes e2e suite" time="0">
          <skipped></skipped>
      </testcase>
      <testcase name="[sig-storage] In-tree Volumes [Driver: rbd][Feature:Volumes] [Testpattern: Pre-provisioned PV (default fs)] subPath should support existing single file" classname="Kubernetes e2e suite" time="0">
          <skipped></skipped>
      </testcase>
      <testcase name="[sig-storage] In-tree Volumes [Driver: azure] [Testpattern: Dynamic PV (default fs)] subPath should be able to unmount after the subpath directory is deleted" classname="Kubernetes e2e suite" time="0">
          <skipped></skipped>
      </testcase>
      <testcase name="[sig-storage] In-tree Volumes [Driver: local][LocalVolumeType: tmpfs] [Testpattern: Pre-provisioned PV (default fs)] subPath should fail if subpath file is outside the volume [Slow]" classname="Kubernetes e2e suite" time="0">
          <skipped></skipped>
      </testcase>
      <testcase name="[sig-storage] In-tree Volumes [Driver: emptydir] [Testpattern: Inline-volume (default fs)] subPath should fail if subpath directory is outside the volume [Slow]" classname="Kubernetes e2e suite" time="0">
          <skipped></skipped>
      </testcase>
      <testcase name="[sig-storage] In-tree Volumes [Driver: local][LocalVolumeType: block] [Testpattern: Inline-volume (default fs)] subPath should support restarting containers using file as subpath [Slow]" classname="Kubernetes e2e suite" time="0">
          <skipped></skipped>
      </testcase>
      <testcase name="[sig-storage] In-tree Volumes [Driver: local][LocalVolumeType: dir] [Testpattern: Pre-provisioned PV (default fs)] subPath should unmount if pod is gracefully deleted while kubelet is down [Disruptive][Slow]" classname="Kubernetes e2e suite" time="0">
          <skipped></skipped>
      </testcase>
      <testcase name="[sig-storage] EmptyDir wrapper volumes should not cause race condition when used for git_repo [Serial] [Slow]" classname="Kubernetes e2e suite" time="0">
          <skipped></skipped>
      </testcase>
      <testcase name="[sig-storage] In-tree Volumes [Driver: vSphere] [Testpattern: Dynamic PV (default fs)] volumes should allow exec of files on the volume" classname="Kubernetes e2e suite" time="0">
          <skipped></skipped>
      </testcase>
      <testcase name="[sig-storage] In-tree Volumes [Driver: local][LocalVolumeType: gce-localssd-scsi-fs] [Serial] [Testpattern: Inline-volume (default fs)] subPath should be able to unmount after the subpath directory is deleted" classname="Kubernetes e2e suite" time="0">
          <skipped></skipped>
      </testcase>
      <testcase name="[sig-storage] In-tree Volumes [Driver: local][LocalVolumeType: dir-link-bindmounted] [Testpattern: Pre-provisioned PV (xfs)] volumes should allow exec of files on the volume" classname="Kubernetes e2e suite" time="0">
          <skipped></skipped>
      </testcase>
      <testcase name="[sig-storage] In-tree Volumes [Driver: gluster] [Testpattern: Dynamic PV (ntfs)][sig-windows] volumes should allow exec of files on the volume" classname="Kubernetes e2e suite" time="0.001796996">
          <skipped></skipped>
      </testcase>
      <testcase name="[sig-storage] Volume limits should verify that all nodes have volume limits" classname="Kubernetes e2e suite" time="0">
          <skipped></skipped>
      </testcase>
      <testcase name="[sig-api-machinery] CustomResourceDefinition Watch CustomResourceDefinition Watch watch on custom resource definition objects" classname="Kubernetes e2e suite" time="0">
          <skipped></skipped>
      </testcase>
      <testcase name="[sig-storage] In-tree Volumes [Driver: emptydir] [Testpattern: Inline-volume (default fs)] subPath should support readOnly directory specified in the volumeMount" classname="Kubernetes e2e suite" time="0">
          <skipped></skipped>
      </testcase>
      <testcase name="[sig-storage] In-tree Volumes [Driver: local][LocalVolumeType: dir-bindmounted] [Testpattern: Inline-volume (default fs)] subPath should support readOnly directory specified in the volumeMount" classname="Kubernetes e2e suite" time="0">
          <skipped></skipped>
      </testcase>
      <testcase name="[sig-storage] In-tree Volumes [Driver: local][LocalVolumeType: tmpfs] [Testpattern: Dynamic PV (default fs)] provisioning should access volume from different nodes" classname="Kubernetes e2e suite" time="0">
          <skipped></skipped>
      </testcase>
      <testcase name="[sig-storage] PersistentVolumes-local  [Volume type: dir-link-bindmounted] One pod requesting one prebound PVC should be able to mount volume and read from pod1" classname="Kubernetes e2e suite" time="0">
          <skipped></skipped>
      </testcase>
      <testcase name="[sig-storage] In-tree Volumes [Driver: iscsi][Feature:Volumes] [Testpattern: Inline-volume (default fs)] subPath should unmount if pod is force deleted while kubelet is down [Disruptive][Slow]" classname="Kubernetes e2e suite" time="0">
          <skipped></skipped>
      </testcase>
      <testcase name="[sig-cluster-lifecycle] ingress Upgrade [Feature:IngressUpgrade] ingress upgrade should maintain a functioning ingress" classname="Kubernetes e2e suite" time="0">
          <skipped></skipped>
      </testcase>
      <testcase name="[sig-cli] Kubectl client [k8s.io] Kubectl rolling-update should support rolling-update to same image  [Conformance]" classname="Kubernetes e2e suite" time="48.991263813"></testcase>
      <testcase name="[sig-storage] Projected downwardAPI should provide podname only [NodeConformance] [Conformance]" classname="Kubernetes e2e suite" time="16.460063686"></testcase>
      <testcase name="[sig-storage] In-tree Volumes [Driver: local][LocalVolumeType: gce-localssd-scsi-fs] [Serial] [Testpattern: Dynamic PV (ntfs)][sig-windows] provisioning should create and delete block persistent volumes" classname="Kubernetes e2e suite" time="0">
          <skipped></skipped>
      </testcase>
      <testcase name="[sig-storage] In-tree Volumes [Driver: ceph][Feature:Volumes] [Testpattern: Pre-provisioned PV (ext4)] volumes should be mountable" classname="Kubernetes e2e suite" time="0">
          <skipped></skipped>
      </testcase>
      <testcase name="[sig-storage] In-tree Volumes [Driver: ceph][Feature:Volumes] [Testpattern: Inline-volume (ext4)] volumes should allow exec of files on the volume" classname="Kubernetes e2e suite" time="0">
          <skipped></skipped>
      </testcase>
      <testcase name="[sig-storage] Volume Placement should create and delete pod with the same volume source attach/detach to different worker nodes" classname="Kubernetes e2e suite" time="0">
          <skipped></skipped>
      </testcase>
      <testcase name="[k8s.io] [sig-node] RuntimeClass should reject a Pod requesting a non-existent RuntimeClass" classname="Kubernetes e2e suite" time="0">
          <skipped></skipped>
      </testcase>
      <testcase name="[sig-storage] CSI Volumes [Driver: csi-hostpath-v0] [Testpattern: Dynamic PV (default fs)] subPath should support existing directory" classname="Kubernetes e2e suite" time="0">
          <skipped></skipped>
      </testcase>
      <testcase name="[sig-autoscaling] Cluster size autoscaling [Slow] should be able to scale down when rescheduling a pod is required and pdb allows for it[Feature:ClusterSizeAutoscalingScaleDown]" classname="Kubernetes e2e suite" time="0">
          <skipped></skipped>
      </testcase>
      <testcase name="[sig-storage] In-tree Volumes [Driver: local][LocalVolumeType: tmpfs] [Testpattern: Dynamic PV (default fs)] subPath should fail if non-existent subpath is outside the volume [Slow]" classname="Kubernetes e2e suite" time="0">
          <skipped></skipped>
      </testcase>
      <testcase name="[sig-storage] Projected configMap should be consumable from pods in volume as non-root [LinuxOnly] [NodeConformance] [Conformance]" classname="Kubernetes e2e suite" time="0">
          <skipped></skipped>
      </testcase>
      <testcase name="[sig-storage] In-tree Volumes [Driver: local][LocalVolumeType: gce-localssd-scsi-fs] [Serial] [Testpattern: Inline-volume (default fs)] subPath should fail if subpath directory is outside the volume [Slow]" classname="Kubernetes e2e suite" time="0">
          <skipped></skipped>
      </testcase>
      <testcase name="[sig-storage] CSI Volumes [Driver: csi-hostpath] [Testpattern: Inline-volume (default fs)] subPath should unmount if pod is force deleted while kubelet is down [Disruptive][Slow]" classname="Kubernetes e2e suite" time="0">
          <skipped></skipped>
      </testcase>
      <testcase name="[sig-storage] In-tree Volumes [Driver: local][LocalVolumeType: tmpfs] [Testpattern: Inline-volume (xfs)] volumes should allow exec of files on the volume" classname="Kubernetes e2e suite" time="0">
          <skipped></skipped>
      </testcase>
      <testcase name="[sig-storage] PersistentVolumes-local  [Volume type: dir-bindmounted] Set fsGroup for local volume should set fsGroup for one pod" classname="Kubernetes e2e suite" time="0">
          <skipped></skipped>
      </testcase>
      <testcase name="[sig-storage] In-tree Volumes [Driver: aws] [Testpattern: Dynamic PV (default fs)] subPath should support readOnly directory specified in the volumeMount" classname="Kubernetes e2e suite" time="0">
          <skipped></skipped>
      </testcase>
      <testcase name="[sig-storage] In-tree Volumes [Driver: emptydir] [Testpattern: Dynamic PV (default fs)] volumes should be mountable" classname="Kubernetes e2e suite" time="0">
          <skipped></skipped>
      </testcase>
      <testcase name="[sig-storage] In-tree Volumes [Driver: local][LocalVolumeType: dir] [Testpattern: Inline-volume (default fs)] subPath should support creating multiple subpath from same volumes [Slow]" classname="Kubernetes e2e suite" time="0">
          <skipped></skipped>
      </testcase>
      <testcase name="[sig-storage] CSI Volumes [Driver: csi-hostpath-v0] [Testpattern: Inline-volume (default fs)] subPath should support readOnly file specified in the volumeMount" classname="Kubernetes e2e suite" time="0">
          <skipped></skipped>
      </testcase>
      <testcase name="[sig-storage] CSI Volumes [Driver: csi-hostpath] [Testpattern: Pre-provisioned PV (default fs)] subPath should verify container cannot write to subpath readonly volumes" classname="Kubernetes e2e suite" time="0">
          <skipped></skipped>
      </testcase>
      <testcase name="[sig-api-machinery] ResourceQuota should verify ResourceQuota with best effort scope." classname="Kubernetes e2e suite" time="0">
          <skipped></skipped>
      </testcase>
      <testcase name="[sig-storage] In-tree Volumes [Driver: vSphere] [Testpattern: Dynamic PV (xfs)] volumes should be mountable" classname="Kubernetes e2e suite" time="0">
          <skipped></skipped>
      </testcase>
      <testcase name="[sig-storage] In-tree Volumes [Driver: local][LocalVolumeType: dir-link-bindmounted] [Testpattern: Pre-provisioned PV (ext3)] volumes should allow exec of files on the volume" classname="Kubernetes e2e suite" time="0">
          <skipped></skipped>
      </testcase>
      <testcase name="[sig-storage] PersistentVolumes-local  [Volume type: gce-localssd-scsi-fs] [Serial] Two pods mounting a local volume one after the other should be able to write from pod1 and read from pod2" classname="Kubernetes e2e suite" time="0">
          <skipped></skipped>
      </testcase>
      <testcase name="[sig-storage] EmptyDir volumes should support (non-root,0666,tmpfs) [LinuxOnly] [NodeConformance] [Conformance]" classname="Kubernetes e2e suite" time="0">
          <skipped></skipped>
      </testcase>
      <testcase name="[sig-storage] In-tree Volumes [Driver: local][LocalVolumeType: gce-localssd-scsi-fs] [Serial] [Testpattern: Pre-provisioned PV (default fs)] subPath should support non-existent path" classname="Kubernetes e2e suite" time="0">
          <skipped></skipped>
      </testcase>
      <testcase name="[sig-storage] In-tree Volumes [Driver: hostPath] [Testpattern: Inline-volume (default fs)] subPath should fail if subpath file is outside the volume [Slow]" classname="Kubernetes e2e suite" time="0">
          <skipped></skipped>
      </testcase>
      <testcase name="[sig-autoscaling] [HPA] Horizontal pod autoscaling (scale resource: Custom Metrics from Stackdriver) should scale up with two metrics of type Pod from Stackdriver [Feature:CustomMetricsAutoscaling]" classname="Kubernetes e2e suite" time="0">
          <skipped></skipped>
      </testcase>
      <testcase name="[sig-storage] In-tree Volumes [Driver: nfs] [Testpattern: Dynamic PV (default fs)] subPath should support existing directories when readOnly specified in the volumeSource" classname="Kubernetes e2e suite" time="0">
          <skipped></skipped>
      </testcase>
      <testcase name="[sig-storage] In-tree Volumes [Driver: iscsi][Feature:Volumes] [Testpattern: Dynamic PV (ntfs)][sig-windows] provisioning should provision storage with defaults" classname="Kubernetes e2e suite" time="0">
          <skipped></skipped>
      </testcase>
      <testcase name="[sig-storage] In-tree Volumes [Driver: aws] [Testpattern: Dynamic PV (ext4)] volumes should be mountable" classname="Kubernetes e2e suite" time="0">
          <skipped></skipped>
      </testcase>
      <testcase name="[sig-api-machinery] Garbage collector should delete jobs and pods created by cronjob" classname="Kubernetes e2e suite" time="0">
          <skipped></skipped>
      </testcase>
      <testcase name="[sig-storage] In-tree Volumes [Driver: aws] [Testpattern: Inline-volume (default fs)] subPath should fail if non-existent subpath is outside the volume [Slow]" classname="Kubernetes e2e suite" time="0">
          <skipped></skipped>
      </testcase>
      <testcase name="[sig-storage] In-tree Volumes [Driver: azure] [Testpattern: Inline-volume (default fs)] subPath should support non-existent path" classname="Kubernetes e2e suite" time="0">
          <skipped></skipped>
      </testcase>
      <testcase name="[sig-storage] In-tree Volumes [Driver: gluster] [Testpattern: Dynamic PV (default fs)] subPath should fail if non-existent subpath is outside the volume [Slow]" classname="Kubernetes e2e suite" time="0">
          <skipped></skipped>
      </testcase>
      <testcase name="[sig-storage] In-tree Volumes [Driver: azure] [Testpattern: Dynamic PV (default fs)] volumes should be mountable" classname="Kubernetes e2e suite" time="0">
          <skipped></skipped>
      </testcase>
      <testcase name="[sig-storage] In-tree Volumes [Driver: local][LocalVolumeType: block] [Testpattern: Inline-volume (ext3)] volumes should allow exec of files on the volume" classname="Kubernetes e2e suite" time="0">
          <skipped></skipped>
      </testcase>
      <testcase name="[sig-storage] In-tree Volumes [Driver: local][LocalVolumeType: dir-link-bindmounted] [Testpattern: Pre-provisioned PV (default fs)] subPath should fail if subpath file is outside the volume [Slow]" classname="Kubernetes e2e suite" time="0">
          <skipped></skipped>
      </testcase>
      <testcase name="[sig-storage] In-tree Volumes [Driver: hostPath] [Testpattern: Dynamic PV (default fs)] subPath should support non-existent path" classname="Kubernetes e2e suite" time="0">
          <skipped></skipped>
      </testcase>
      <testcase name="[sig-storage] In-tree Volumes [Driver: vSphere] [Testpattern: Inline-volume (default fs)] subPath should support existing directories when readOnly specified in the volumeSource" classname="Kubernetes e2e suite" time="0">
          <skipped></skipped>
      </testcase>
      <testcase name="[k8s.io] Kubelet when scheduling a busybox command that always fails in a pod should have an terminated reason [NodeConformance] [Conformance]" classname="Kubernetes e2e suite" time="16.173442468"></testcase>
      <testcase name="[sig-storage] CSI Volumes [Driver: pd.csi.storage.gke.io][Serial] [Testpattern: Pre-provisioned PV (ntfs)][sig-windows] volumes should be mountable" classname="Kubernetes e2e suite" time="0">
          <skipped></skipped>
      </testcase>
      <testcase name="[sig-storage] In-tree Volumes [Driver: azure] [Testpattern: Dynamic PV (default fs)] subPath should support existing directory" classname="Kubernetes e2e suite" time="0">
          <skipped></skipped>
      </testcase>
      <testcase name="[sig-storage] In-tree Volumes [Driver: local][LocalVolumeType: dir-link] [Testpattern: Dynamic PV (default fs)] subPath should verify container cannot write to subpath readonly volumes" classname="Kubernetes e2e suite" time="0">
          <skipped></skipped>
      </testcase>
      <testcase name="[sig-storage] In-tree Volumes [Driver: local][LocalVolumeType: dir] [Testpattern: Inline-volume (default fs)] volumes should be mountable" classname="Kubernetes e2e suite" time="0">
          <skipped></skipped>
      </testcase>
      <testcase name="[sig-storage] In-tree Volumes [Driver: aws] [Testpattern: Dynamic PV (default fs)] subPath should verify container cannot write to subpath readonly volumes" classname="Kubernetes e2e suite" time="0">
          <skipped></skipped>
      </testcase>
      <testcase name="[sig-storage] In-tree Volumes [Driver: local][LocalVolumeType: dir-link] [Testpattern: Pre-provisioned PV (default fs)] subPath should fail if subpath directory is outside the volume [Slow]" classname="Kubernetes e2e suite" time="0">
          <skipped></skipped>
      </testcase>
      <testcase name="[sig-storage] In-tree Volumes [Driver: hostPathSymlink] [Testpattern: Dynamic PV (ntfs)][sig-windows] provisioning should provision storage with snapshot data source [Feature:VolumeSnapshotDataSource]" classname="Kubernetes e2e suite" time="0">
          <skipped></skipped>
      </testcase>
      <testcase name="[sig-apps] Job should run a job to completion when tasks succeed" classname="Kubernetes e2e suite" time="0">
          <skipped></skipped>
      </testcase>
      <testcase name="[sig-network] Loadbalancing: L7 GCE [Slow] [Feature:NEG] should conform to Ingress spec" classname="Kubernetes e2e suite" time="0">
          <skipped></skipped>
      </testcase>
      <testcase name="[sig-storage] In-tree Volumes [Driver: local][LocalVolumeType: tmpfs] [Testpattern: Dynamic PV (default fs)] subPath should support existing single file" classname="Kubernetes e2e suite" time="0">
          <skipped></skipped>
      </testcase>
      <testcase name="[sig-storage] In-tree Volumes [Driver: gcepd] [Testpattern: Dynamic PV (default fs)] provisioning should provision storage with defaults" classname="Kubernetes e2e suite" time="0">
          <skipped></skipped>
      </testcase>
      <testcase name="[sig-storage] In-tree Volumes [Driver: local][LocalVolumeType: dir] [Testpattern: Pre-provisioned PV (default fs)] subPath should support readOnly directory specified in the volumeMount" classname="Kubernetes e2e suite" time="0">
          <skipped></skipped>
      </testcase>
      <testcase name="[sig-storage] In-tree Volumes [Driver: emptydir] [Testpattern: Dynamic PV (default fs)] subPath should verify container cannot write to subpath readonly volumes" classname="Kubernetes e2e suite" time="0">
          <skipped></skipped>
      </testcase>
      <testcase name="[sig-autoscaling] Cluster size autoscaling [Slow] should scale up when non expendable pod is created [Feature:ClusterSizeAutoscalingScaleUp]" classname="Kubernetes e2e suite" time="0">
          <skipped></skipped>
      </testcase>
      <testcase name="[sig-storage] Projected downwardAPI should provide container&#39;s cpu request [NodeConformance] [Conformance]" classname="Kubernetes e2e suite" time="20.643124221"></testcase>
      <testcase name="[sig-storage] In-tree Volumes [Driver: ceph][Feature:Volumes] [Testpattern: Dynamic PV (default fs)] subPath should fail if non-existent subpath is outside the volume [Slow]" classname="Kubernetes e2e suite" time="0">
          <skipped></skipped>
      </testcase>
      <testcase name="[sig-storage] In-tree Volumes [Driver: iscsi][Feature:Volumes] [Testpattern: Pre-provisioned PV (default fs)] subPath should be able to unmount after the subpath directory is deleted" classname="Kubernetes e2e suite" time="0">
          <skipped></skipped>
      </testcase>
      <testcase name="[sig-storage] CSI Volumes [Driver: pd.csi.storage.gke.io][Serial] [Testpattern: Inline-volume (ext4)] volumes should allow exec of files on the volume" classname="Kubernetes e2e suite" time="0">
          <skipped></skipped>
      </testcase>
      <testcase name="[sig-storage] In-tree Volumes [Driver: hostPath] [Testpattern: Dynamic PV (default fs)] subPath should support restarting containers using file as subpath [Slow]" classname="Kubernetes e2e suite" time="0">
          <skipped></skipped>
      </testcase>
      <testcase name="[sig-storage] In-tree Volumes [Driver: iscsi][Feature:Volumes] [Testpattern: Inline-volume (default fs)] subPath should support file as subpath" classname="Kubernetes e2e suite" time="0">
          <skipped></skipped>
      </testcase>
      <testcase name="[sig-storage] CSI Volumes [Driver: csi-hostpath] [Testpattern: Pre-provisioned PV (default fs)] subPath should fail if non-existent subpath is outside the volume [Slow]" classname="Kubernetes e2e suite" time="0">
          <skipped></skipped>
      </testcase>
      <testcase name="[sig-storage] In-tree Volumes [Driver: emptydir] [Testpattern: Inline-volume (default fs)] subPath should support restarting containers using file as subpath [Slow]" classname="Kubernetes e2e suite" time="0">
          <skipped></skipped>
      </testcase>
      <testcase name="[k8s.io] [sig-node] kubelet [k8s.io] [sig-node] host cleanup with volume mounts [sig-storage][HostCleanup][Flaky] Host cleanup after disrupting NFS volume [NFS] after stopping the nfs-server and deleting the (active) client pod, the NFS mount and the pod&#39;s UID directory should be removed." classname="Kubernetes e2e suite" time="0">
          <skipped></skipped>
      </testcase>
      <testcase name="[sig-scalability] Density [Feature:ManualPerformance] should allow starting 30 pods per node using ReplicationController with 0 secrets, 0 configmaps, 0 token projections, and 0 daemons with quotas" classname="Kubernetes e2e suite" time="0">
          <skipped></skipped>
      </testcase>
      <testcase name="[sig-storage] In-tree Volumes [Driver: cinder] [Testpattern: Inline-volume (default fs)] subPath should support non-existent path" classname="Kubernetes e2e suite" time="0">
          <skipped></skipped>
      </testcase>
      <testcase name="[sig-network] Loadbalancing: L7 GCE [Slow] [Feature:Ingress] should conform to Ingress spec" classname="Kubernetes e2e suite" time="0">
          <skipped></skipped>
      </testcase>
      <testcase name="[k8s.io] Security Context when creating containers with AllowPrivilegeEscalation should not allow privilege escalation when false [LinuxOnly] [NodeConformance]" classname="Kubernetes e2e suite" time="0">
          <skipped></skipped>
      </testcase>
      <testcase name="[sig-storage] In-tree Volumes [Driver: local][LocalVolumeType: dir-bindmounted] [Testpattern: Pre-provisioned PV (default fs)] subPath should support readOnly directory specified in the volumeMount" classname="Kubernetes e2e suite" time="0">
          <skipped></skipped>
      </testcase>
      <testcase name="[sig-storage] In-tree Volumes [Driver: cinder] [Testpattern: Dynamic PV (default fs)] provisioning should provision storage with mount options" classname="Kubernetes e2e suite" time="0">
          <skipped></skipped>
      </testcase>
      <testcase name="[sig-storage] CSI Volumes [Driver: pd.csi.storage.gke.io][Serial] [Testpattern: Dynamic PV (default fs)] subPath should support readOnly file specified in the volumeMount" classname="Kubernetes e2e suite" time="0">
          <skipped></skipped>
      </testcase>
      <testcase name="[sig-storage] In-tree Volumes [Driver: local][LocalVolumeType: tmpfs] [Testpattern: Dynamic PV (block volmode)] volumeMode should fail in binding dynamic provisioned PV to PVC" classname="Kubernetes e2e suite" time="0">
          <skipped></skipped>
      </testcase>
      <testcase name="[sig-storage] In-tree Volumes [Driver: cinder] [Testpattern: Pre-provisioned PV (ntfs)][sig-windows] volumes should be mountable" classname="Kubernetes e2e suite" time="0.001804514">
          <skipped></skipped>
      </testcase>
      <testcase name="[sig-storage] In-tree Volumes [Driver: gluster] [Testpattern: Dynamic PV (default fs)] volumes should be mountable" classname="Kubernetes e2e suite" time="0">
          <skipped></skipped>
      </testcase>
      <testcase name="[k8s.io] Container Runtime blackbox test when running a container with a new image should not be able to pull image from invalid registry [NodeConformance]" classname="Kubernetes e2e suite" time="13.422812564000001"></testcase>
      <testcase name="[sig-scheduling] SchedulerPredicates [Serial] validates that required NodeAffinity setting is respected if matching" classname="Kubernetes e2e suite" time="0">
          <skipped></skipped>
      </testcase>
      <testcase name="[sig-storage] In-tree Volumes [Driver: local][LocalVolumeType: gce-localssd-scsi-fs] [Serial] [Testpattern: Inline-volume (default fs)] subPath should support non-existent path" classname="Kubernetes e2e suite" time="0">
          <skipped></skipped>
      </testcase>
      <testcase name="[sig-storage] In-tree Volumes [Driver: local][LocalVolumeType: block] [Testpattern: Pre-provisioned PV (ntfs)][sig-windows] volumes should be mountable" classname="Kubernetes e2e suite" time="0.002149264">
          <skipped></skipped>
      </testcase>
      <testcase name="[sig-storage] In-tree Volumes [Driver: local][LocalVolumeType: gce-localssd-scsi-fs] [Serial] [Testpattern: Pre-provisioned PV (ext4)] volumes should allow exec of files on the volume" classname="Kubernetes e2e suite" time="0">
          <skipped></skipped>
      </testcase>
      <testcase name="[sig-storage] In-tree Volumes [Driver: hostPath] [Testpattern: Dynamic PV (xfs)] volumes should be mountable" classname="Kubernetes e2e suite" time="0">
          <skipped></skipped>
      </testcase>
      <testcase name="[sig-storage] In-tree Volumes [Driver: local][LocalVolumeType: blockfs] [Testpattern: Inline-volume (default fs)] subPath should support creating multiple subpath from same volumes [Slow]" classname="Kubernetes e2e suite" time="0">
          <skipped></skipped>
      </testcase>
      <testcase name="[sig-storage] In-tree Volumes [Driver: cinder] [Testpattern: Inline-volume (default fs)] subPath should support file as subpath" classname="Kubernetes e2e suite" time="0">
          <skipped></skipped>
      </testcase>
      <testcase name="[sig-storage] In-tree Volumes [Driver: ceph][Feature:Volumes] [Testpattern: Dynamic PV (default fs)] subPath should unmount if pod is gracefully deleted while kubelet is down [Disruptive][Slow]" classname="Kubernetes e2e suite" time="0">
          <skipped></skipped>
      </testcase>
      <testcase name="[k8s.io] Security Context When creating a container with runAsUser should run the container with uid 0 [LinuxOnly] [NodeConformance]" classname="Kubernetes e2e suite" time="0">
          <skipped></skipped>
      </testcase>
      <testcase name="[sig-storage] In-tree Volumes [Driver: local][LocalVolumeType: dir] [Testpattern: Dynamic PV (ntfs)][sig-windows] provisioning should create and delete block persistent volumes" classname="Kubernetes e2e suite" time="0.002047575">
          <skipped></skipped>
      </testcase>
      <testcase name="[sig-apps] Job should exceed backoffLimit" classname="Kubernetes e2e suite" time="0">
          <skipped></skipped>
      </testcase>
      <testcase name="[sig-storage] Dynamic Provisioning DynamicProvisioner Default should create and delete default persistent volumes [Slow]" classname="Kubernetes e2e suite" time="0">
          <skipped></skipped>
      </testcase>
      <testcase name="[sig-network] [Feature:PerformanceDNS][Serial] Should answer DNS query for maximum number of services per cluster" classname="Kubernetes e2e suite" time="0">
          <skipped></skipped>
      </testcase>
      <testcase name="[sig-storage] In-tree Volumes [Driver: nfs] [Testpattern: Pre-provisioned PV (default fs)] subPath should support existing directories when readOnly specified in the volumeSource" classname="Kubernetes e2e suite" time="0">
          <skipped></skipped>
      </testcase>
      <testcase name="[sig-storage] In-tree Volumes [Driver: gluster] [Testpattern: Inline-volume (ntfs)][sig-windows] volumes should allow exec of files on the volume" classname="Kubernetes e2e suite" time="0.002011897">
          <skipped></skipped>
      </testcase>
      <testcase name="[sig-storage] In-tree Volumes [Driver: rbd][Feature:Volumes] [Testpattern: Dynamic PV (filesystem volmode)] volumeMode should create sc, pod, pv, and pvc, read/write to the pv, and delete all created resources" classname="Kubernetes e2e suite" time="0">
          <skipped></skipped>
      </testcase>
      <testcase name="[sig-storage] In-tree Volumes [Driver: vSphere] [Testpattern: Dynamic PV (default fs)] subPath should fail if subpath file is outside the volume [Slow]" classname="Kubernetes e2e suite" time="0">
          <skipped></skipped>
      </testcase>
      <testcase name="[sig-scalability] Density [Feature:HighDensityPerformance] should allow starting 95 pods per node using ReplicationController with 0 secrets, 0 configmaps, 0 token projections, and 0 daemons" classname="Kubernetes e2e suite" time="0">
          <skipped></skipped>
      </testcase>
      <testcase name="[sig-storage] In-tree Volumes [Driver: cinder] [Testpattern: Dynamic PV (default fs)] subPath should support existing directories when readOnly specified in the volumeSource" classname="Kubernetes e2e suite" time="0">
          <skipped></skipped>
      </testcase>
      <testcase name="[sig-storage] In-tree Volumes [Driver: aws] [Testpattern: Inline-volume (default fs)] subPath should support existing single file" classname="Kubernetes e2e suite" time="0">
          <skipped></skipped>
      </testcase>
      <testcase name="[sig-storage] In-tree Volumes [Driver: local][LocalVolumeType: blockfs] [Testpattern: Pre-provisioned PV (default fs)] subPath should support restarting containers using file as subpath [Slow]" classname="Kubernetes e2e suite" time="0">
          <skipped></skipped>
      </testcase>
      <testcase name="[sig-storage] In-tree Volumes [Driver: hostPath] [Testpattern: Pre-provisioned PV (default fs)] subPath should verify container cannot write to subpath readonly volumes" classname="Kubernetes e2e suite" time="0">
          <skipped></skipped>
      </testcase>
      <testcase name="[sig-storage] Pod Disks schedule pods each with a PD, delete pod and verify detach [Slow] for read-only PD with pod delete grace period of &#34;immediate (0s)&#34;" classname="Kubernetes e2e suite" time="0">
          <skipped></skipped>
      </testcase>
      <testcase name="[sig-api-machinery] CustomResourcePublishOpenAPI [Feature:CustomResourcePublishOpenAPI] updates the published spec when one versin gets renamed" classname="Kubernetes e2e suite" time="0">
          <skipped></skipped>
      </testcase>
      <testcase name="[sig-storage] In-tree Volumes [Driver: emptydir] [Testpattern: Dynamic PV (default fs)] volumes should allow exec of files on the volume" classname="Kubernetes e2e suite" time="0">
          <skipped></skipped>
      </testcase>
      <testcase name="[sig-storage] In-tree Volumes [Driver: vSphere] [Testpattern: Pre-provisioned PV (default fs)] subPath should support restarting containers using directory as subpath [Slow]" classname="Kubernetes e2e suite" time="0">
          <skipped></skipped>
      </testcase>
      <testcase name="[sig-storage] In-tree Volumes [Driver: hostPath] [Testpattern: Pre-provisioned PV (default fs)] volumes should allow exec of files on the volume" classname="Kubernetes e2e suite" time="0">
          <skipped></skipped>
      </testcase>
      <testcase name="[sig-storage] In-tree Volumes [Driver: local][LocalVolumeType: dir] [Testpattern: Pre-provisioned PV (default fs)] subPath should fail if subpath directory is outside the volume [Slow]" classname="Kubernetes e2e suite" time="0">
          <skipped></skipped>
      </testcase>
      <testcase name="[sig-storage] In-tree Volumes [Driver: aws] [Testpattern: Inline-volume (xfs)] volumes should be mountable" classname="Kubernetes e2e suite" time="0">
          <skipped></skipped>
      </testcase>
      <testcase name="[sig-storage] CSI Volumes [Driver: csi-hostpath] [Testpattern: Dynamic PV (default fs)] provisioning should access volume from different nodes" classname="Kubernetes e2e suite" time="0">
          <skipped></skipped>
      </testcase>
      <testcase name="[sig-storage] In-tree Volumes [Driver: local][LocalVolumeType: dir-link] [Testpattern: Dynamic PV (default fs)] subPath should support non-existent path" classname="Kubernetes e2e suite" time="0">
          <skipped></skipped>
      </testcase>
      <testcase name="[sig-storage] In-tree Volumes [Driver: azure] [Testpattern: Inline-volume (default fs)] subPath should support restarting containers using directory as subpath [Slow]" classname="Kubernetes e2e suite" time="0">
          <skipped></skipped>
      </testcase>
      <testcase name="[sig-storage] In-tree Volumes [Driver: local][LocalVolumeType: dir-bindmounted] [Testpattern: Inline-volume (xfs)] volumes should allow exec of files on the volume" classname="Kubernetes e2e suite" time="0">
          <skipped></skipped>
      </testcase>
      <testcase name="[sig-storage] In-tree Volumes [Driver: emptydir] [Testpattern: Dynamic PV (default fs)] subPath should fail if non-existent subpath is outside the volume [Slow]" classname="Kubernetes e2e suite" time="0">
          <skipped></skipped>
      </testcase>
      <testcase name="[sig-storage] In-tree Volumes [Driver: local][LocalVolumeType: dir-link] [Testpattern: Pre-provisioned PV (default fs)] subPath should support restarting containers using file as subpath [Slow]" classname="Kubernetes e2e suite" time="0">
          <skipped></skipped>
      </testcase>
      <testcase name="[sig-storage] In-tree Volumes [Driver: local][LocalVolumeType: dir] [Testpattern: Dynamic PV (default fs)] subPath should support file as subpath" classname="Kubernetes e2e suite" time="0">
          <skipped></skipped>
      </testcase>
      <testcase name="[sig-storage] In-tree Volumes [Driver: aws] [Testpattern: Dynamic PV (default fs)] subPath should support restarting containers using file as subpath [Slow]" classname="Kubernetes e2e suite" time="0">
          <skipped></skipped>
      </testcase>
      <testcase name="[sig-storage] In-tree Volumes [Driver: local][LocalVolumeType: tmpfs] [Testpattern: Inline-volume (default fs)] volumeIO should write files of various sizes, verify size, validate content [Slow]" classname="Kubernetes e2e suite" time="0">
          <skipped></skipped>
      </testcase>
      <testcase name="[sig-cli] Kubectl Port forwarding [k8s.io] With a server listening on localhost should support forwarding over websockets" classname="Kubernetes e2e suite" time="0">
          <skipped></skipped>
      </testcase>
      <testcase name="[sig-storage] In-tree Volumes [Driver: local][LocalVolumeType: dir] [Testpattern: Pre-provisioned PV (default fs)] subPath should support restarting containers using directory as subpath [Slow]" classname="Kubernetes e2e suite" time="0">
          <skipped></skipped>
      </testcase>
      <testcase name="[sig-storage] In-tree Volumes [Driver: local][LocalVolumeType: tmpfs] [Testpattern: Inline-volume (default fs)] subPath should support existing directory" classname="Kubernetes e2e suite" time="0">
          <skipped></skipped>
      </testcase>
      <testcase name="[sig-storage] In-tree Volumes [Driver: vSphere] [Testpattern: Pre-provisioned PV (default fs)] subPath should fail if subpath with backstepping is outside the volume [Slow]" classname="Kubernetes e2e suite" time="0">
          <skipped></skipped>
      </testcase>
      <testcase name="[sig-storage] In-tree Volumes [Driver: hostPath] [Testpattern: Inline-volume (default fs)] subPath should support readOnly file specified in the volumeMount" classname="Kubernetes e2e suite" time="0">
          <skipped></skipped>
      </testcase>
      <testcase name="[sig-network] Services should be able to switch session affinity for NodePort service" classname="Kubernetes e2e suite" time="0">
          <skipped></skipped>
      </testcase>
      <testcase name="[sig-storage] In-tree Volumes [Driver: local][LocalVolumeType: dir-link-bindmounted] [Testpattern: Inline-volume (xfs)] volumes should allow exec of files on the volume" classname="Kubernetes e2e suite" time="0">
          <skipped></skipped>
      </testcase>
      <testcase name="[sig-storage] In-tree Volumes [Driver: gcepd] [Testpattern: Inline-volume (default fs)] subPath should be able to unmount after the subpath directory is deleted" classname="Kubernetes e2e suite" time="0">
          <skipped></skipped>
      </testcase>
      <testcase name="[sig-storage] CSI Volumes [Driver: csi-hostpath] [Testpattern: Dynamic PV (default fs)] subPath should support existing single file" classname="Kubernetes e2e suite" time="0">
          <skipped></skipped>
      </testcase>
      <testcase name="[sig-storage] In-tree Volumes [Driver: azure] [Testpattern: Inline-volume (default fs)] subPath should fail if non-existent subpath is outside the volume [Slow]" classname="Kubernetes e2e suite" time="0">
          <skipped></skipped>
      </testcase>
      <testcase name="[sig-storage] In-tree Volumes [Driver: ceph][Feature:Volumes] [Testpattern: Dynamic PV (ntfs)][sig-windows] volumes should allow exec of files on the volume" classname="Kubernetes e2e suite" time="0">
          <skipped></skipped>
      </testcase>
      <testcase name="[sig-storage] In-tree Volumes [Driver: gluster] [Testpattern: Dynamic PV (ntfs)][sig-windows] provisioning should provision storage with defaults" classname="Kubernetes e2e suite" time="0.001865852">
          <skipped></skipped>
      </testcase>
      <testcase name="[sig-api-machinery] CustomResourcePublishOpenAPI [Feature:CustomResourcePublishOpenAPI] works for multiple CRDs of same group but different versions" classname="Kubernetes e2e suite" time="0">
          <skipped></skipped>
      </testcase>
      <testcase name="[sig-storage] EmptyDir wrapper volumes should not cause race condition when used for configmaps [Serial] [Conformance]" classname="Kubernetes e2e suite" time="0">
          <skipped></skipped>
      </testcase>
      <testcase name="[sig-storage] In-tree Volumes [Driver: local][LocalVolumeType: gce-localssd-scsi-fs] [Serial] [Testpattern: Pre-provisioned PV (default fs)] subPath should fail if subpath with backstepping is outside the volume [Slow]" classname="Kubernetes e2e suite" time="0">
          <skipped></skipped>
      </testcase>
      <testcase name="[sig-storage] In-tree Volumes [Driver: vSphere] [Testpattern: Inline-volume (default fs)] subPath should fail if subpath file is outside the volume [Slow]" classname="Kubernetes e2e suite" time="0">
          <skipped></skipped>
      </testcase>
      <testcase name="[k8s.io] Container Runtime blackbox test when running a container with a new image should be able to pull from private registry with secret [LinuxOnly] [NodeConformance]" classname="Kubernetes e2e suite" time="0">
          <skipped></skipped>
      </testcase>
      <testcase name="[sig-storage] CSI Volumes [Driver: pd.csi.storage.gke.io][Feature: gcePD-external] [Testpattern: Pre-provisioned PV (default fs)] subPath should support restarting containers using file as subpath [Slow]" classname="Kubernetes e2e suite" time="0">
          <skipped></skipped>
      </testcase>
      <testcase name="[sig-storage] In-tree Volumes [Driver: local][LocalVolumeType: blockfs] [Testpattern: Inline-volume (default fs)] subPath should support file as subpath" classname="Kubernetes e2e suite" time="0">
          <skipped></skipped>
      </testcase>
      <testcase name="[sig-storage] CSI Volumes [Driver: csi-hostpath] [Testpattern: Inline-volume (default fs)] subPath should support existing directories when readOnly specified in the volumeSource" classname="Kubernetes e2e suite" time="0">
          <skipped></skipped>
      </testcase>
      <testcase name="[sig-storage] ConfigMap should be consumable from pods in volume as non-root with FSGroup [NodeFeature:FSGroup]" classname="Kubernetes e2e suite" time="0">
          <skipped></skipped>
      </testcase>
      <testcase name="[sig-storage] In-tree Volumes [Driver: azure] [Testpattern: Inline-volume (default fs)] subPath should verify container cannot write to subpath readonly volumes" classname="Kubernetes e2e suite" time="0">
          <skipped></skipped>
      </testcase>
      <testcase name="[k8s.io] [sig-cloud-provider] [Feature:CloudProvider][Disruptive] Nodes should be deleted on API server if it doesn&#39;t exist in the cloud provider" classname="Kubernetes e2e suite" time="0">
          <skipped></skipped>
      </testcase>
      <testcase name="[sig-apps] DisruptionController evictions: maxUnavailable deny evictions, integer =&gt; should not allow an eviction" classname="Kubernetes e2e suite" time="0">
          <skipped></skipped>
      </testcase>
      <testcase name="[sig-storage] CSI Volumes [Driver: pd.csi.storage.gke.io][Feature: gcePD-external] [Testpattern: Dynamic PV (ext4)] volumes should be mountable" classname="Kubernetes e2e suite" time="0">
          <skipped></skipped>
      </testcase>
      <testcase name="[sig-storage] Zone Support Verify PVC creation with invalid zone specified in storage class fails" classname="Kubernetes e2e suite" time="0">
          <skipped></skipped>
      </testcase>
      <testcase name="[sig-storage] In-tree Volumes [Driver: local][LocalVolumeType: tmpfs] [Testpattern: Pre-provisioned PV (default fs)] subPath should fail if subpath directory is outside the volume [Slow]" classname="Kubernetes e2e suite" time="0">
          <skipped></skipped>
      </testcase>
      <testcase name="[sig-scheduling] NoExecuteTaintManager Single Pod [Serial] evicts pods from tainted nodes" classname="Kubernetes e2e suite" time="0">
          <skipped></skipped>
      </testcase>
      <testcase name="[sig-storage] In-tree Volumes [Driver: hostPathSymlink] [Testpattern: Inline-volume (default fs)] subPath should support creating multiple subpath from same volumes [Slow]" classname="Kubernetes e2e suite" time="0">
          <skipped></skipped>
      </testcase>
      <testcase name="[sig-apps] CronJob should not emit unexpected warnings" classname="Kubernetes e2e suite" time="0">
          <skipped></skipped>
      </testcase>
      <testcase name="[sig-apps] Network Partition [Disruptive] [Slow] [k8s.io] Pods should return to running and ready state after network partition is healed All pods on the unreachable node should be marked as NotReady upon the node turn NotReady AND all pods should be mark back to Ready when the node get back to Ready before pod eviction timeout" classname="Kubernetes e2e suite" time="0">
          <skipped></skipped>
      </testcase>
      <testcase name="[sig-autoscaling] [HPA] Horizontal pod autoscaling (scale resource: CPU) [sig-autoscaling] ReplicationController light Should scale from 1 pod to 2 pods" classname="Kubernetes e2e suite" time="0">
          <skipped></skipped>
      </testcase>
      <testcase name="[sig-storage] In-tree Volumes [Driver: emptydir] [Testpattern: Inline-volume (default fs)] subPath should verify container cannot write to subpath readonly volumes" classname="Kubernetes e2e suite" time="0">
          <skipped></skipped>
      </testcase>
      <testcase name="[sig-storage] In-tree Volumes [Driver: emptydir] [Testpattern: Pre-provisioned PV (filesystem volmode)] volumeMode should create sc, pod, pv, and pvc, read/write to the pv, and delete all created resources" classname="Kubernetes e2e suite" time="0">
          <skipped></skipped>
      </testcase>
      <testcase name="[sig-instrumentation] [Feature:PrometheusMonitoring] Prometheus should scrape metrics from annotated pods." classname="Kubernetes e2e suite" time="0">
          <skipped></skipped>
      </testcase>
      <testcase name="[sig-storage] In-tree Volumes [Driver: local][LocalVolumeType: block] [Testpattern: Pre-provisioned PV (default fs)] subPath should support existing directories when readOnly specified in the volumeSource" classname="Kubernetes e2e suite" time="0">
          <skipped></skipped>
      </testcase>
      <testcase name="[sig-storage] In-tree Volumes [Driver: local][LocalVolumeType: blockfs] [Testpattern: Dynamic PV (ntfs)][sig-windows] provisioning should provision storage with mount options" classname="Kubernetes e2e suite" time="0.001124021">
          <skipped></skipped>
      </testcase>
      <testcase name="[sig-storage] In-tree Volumes [Driver: local][LocalVolumeType: dir-link-bindmounted] [Testpattern: Pre-provisioned PV (ext4)] volumes should be mountable" classname="Kubernetes e2e suite" time="0">
          <skipped></skipped>
      </testcase>
      <testcase name="[sig-storage] In-tree Volumes [Driver: local][LocalVolumeType: dir] [Testpattern: Inline-volume (ntfs)][sig-windows] volumes should be mountable" classname="Kubernetes e2e suite" time="0.000701613">
          <skipped></skipped>
      </testcase>
      <testcase name="[sig-storage] CSI Volumes [Driver: pd.csi.storage.gke.io][Serial] [Testpattern: Dynamic PV (block volmode)] volumeMode should fail in binding dynamic provisioned PV to PVC" classname="Kubernetes e2e suite" time="0">
          <skipped></skipped>
      </testcase>
      <testcase name="[sig-storage] In-tree Volumes [Driver: gcepd] [Testpattern: Inline-volume (default fs)] subPath should support readOnly file specified in the volumeMount" classname="Kubernetes e2e suite" time="0">
          <skipped></skipped>
      </testcase>
      <testcase name="[sig-storage] In-tree Volumes [Driver: rbd][Feature:Volumes] [Testpattern: Pre-provisioned PV (default fs)] subPath should fail if subpath file is outside the volume [Slow]" classname="Kubernetes e2e suite" time="0">
          <skipped></skipped>
      </testcase>
      <testcase name="[sig-storage] In-tree Volumes [Driver: local][LocalVolumeType: block] [Testpattern: Dynamic PV (default fs)] subPath should support restarting containers using file as subpath [Slow]" classname="Kubernetes e2e suite" time="0">
          <skipped></skipped>
      </testcase>
      <testcase name="[sig-network] Loadbalancing: L7 GCE [Slow] [Feature:kubemci] should support https-only annotation" classname="Kubernetes e2e suite" time="0">
          <skipped></skipped>
      </testcase>
      <testcase name="[sig-storage] In-tree Volumes [Driver: local][LocalVolumeType: block] [Testpattern: Inline-volume (default fs)] volumes should be mountable" classname="Kubernetes e2e suite" time="0">
          <skipped></skipped>
      </testcase>
      <testcase name="[sig-storage] In-tree Volumes [Driver: hostPath] [Testpattern: Dynamic PV (default fs)] provisioning should create and delete block persistent volumes" classname="Kubernetes e2e suite" time="0">
          <skipped></skipped>
      </testcase>
      <testcase name="[sig-storage] CSI Volumes [Driver: pd.csi.storage.gke.io][Serial] [Testpattern: Pre-provisioned PV (default fs)] subPath should support readOnly file specified in the volumeMount" classname="Kubernetes e2e suite" time="0">
          <skipped></skipped>
      </testcase>
      <testcase name="[sig-scheduling] SchedulerPreemption [Serial] validates lower priority pod preemption by critical pod" classname="Kubernetes e2e suite" time="0">
          <skipped></skipped>
      </testcase>
      <testcase name="[sig-storage] Zone Support Verify PVC creation with incompatible storage policy along with compatible zone and datastore combination specified in storage class fails" classname="Kubernetes e2e suite" time="0">
          <skipped></skipped>
      </testcase>
      <testcase name="[sig-storage] CSI Volumes [Driver: pd.csi.storage.gke.io][Serial] [Testpattern: Inline-volume (default fs)] subPath should verify container cannot write to subpath readonly volumes" classname="Kubernetes e2e suite" time="0">
          <skipped></skipped>
      </testcase>
      <testcase name="[sig-storage] In-tree Volumes [Driver: nfs] [Testpattern: Dynamic PV (default fs)] subPath should support non-existent path" classname="Kubernetes e2e suite" time="0">
          <skipped></skipped>
      </testcase>
      <testcase name="[sig-storage] In-tree Volumes [Driver: local][LocalVolumeType: gce-localssd-scsi-fs] [Serial] [Testpattern: Pre-provisioned PV (default fs)] volumes should allow exec of files on the volume" classname="Kubernetes e2e suite" time="0">
          <skipped></skipped>
      </testcase>
      <testcase name="[sig-storage] In-tree Volumes [Driver: local][LocalVolumeType: dir-link] [Testpattern: Pre-provisioned PV (default fs)] subPath should fail if subpath file is outside the volume [Slow]" classname="Kubernetes e2e suite" time="0">
          <skipped></skipped>
      </testcase>
      <testcase name="[sig-storage] CSI Volumes [Driver: pd.csi.storage.gke.io][Feature: gcePD-external] [Testpattern: Pre-provisioned PV (xfs)] volumes should be mountable" classname="Kubernetes e2e suite" time="0">
          <skipped></skipped>
      </testcase>
      <testcase name="[sig-storage] In-tree Volumes [Driver: gluster] [Testpattern: Dynamic PV (block volmode)] volumeMode should fail in binding dynamic provisioned PV to PVC" classname="Kubernetes e2e suite" time="0">
          <skipped></skipped>
      </testcase>
      <testcase name="[k8s.io] Variable Expansion should fail substituting values in a volume subpath with absolute path [Feature:VolumeSubpathEnvExpansion][NodeAlphaFeature:VolumeSubpathEnvExpansion][Slow]" classname="Kubernetes e2e suite" time="0">
          <skipped></skipped>
      </testcase>
      <testcase name="[sig-instrumentation] MetricsGrabber should grab all metrics from a ControllerManager." classname="Kubernetes e2e suite" time="0">
          <skipped></skipped>
      </testcase>
      <testcase name="[sig-storage] In-tree Volumes [Driver: vSphere] [Testpattern: Dynamic PV (ntfs)][sig-windows] provisioning should access volume from different nodes" classname="Kubernetes e2e suite" time="0.000720367">
          <skipped></skipped>
      </testcase>
      <testcase name="[sig-storage] In-tree Volumes [Driver: hostPath] [Testpattern: Inline-volume (ntfs)][sig-windows] volumes should be mountable" classname="Kubernetes e2e suite" time="0.000710675">
          <skipped></skipped>
      </testcase>
      <testcase name="[sig-storage] In-tree Volumes [Driver: gcepd] [Testpattern: Pre-provisioned PV (default fs)] volumeIO should write files of various sizes, verify size, validate content [Slow]" classname="Kubernetes e2e suite" time="0">
          <skipped></skipped>
      </testcase>
      <testcase name="[sig-storage] In-tree Volumes [Driver: local][LocalVolumeType: dir-bindmounted] [Testpattern: Dynamic PV (default fs)] subPath should support file as subpath" classname="Kubernetes e2e suite" time="0">
          <skipped></skipped>
      </testcase>
      <testcase name="[sig-storage] In-tree Volumes [Driver: local][LocalVolumeType: dir-bindmounted] [Testpattern: Pre-provisioned PV (xfs)] volumes should allow exec of files on the volume" classname="Kubernetes e2e suite" time="0">
          <skipped></skipped>
      </testcase>
      <testcase name="[sig-storage] In-tree Volumes [Driver: local][LocalVolumeType: dir-link-bindmounted] [Testpattern: Inline-volume (default fs)] subPath should support file as subpath" classname="Kubernetes e2e suite" time="0">
          <skipped></skipped>
      </testcase>
      <testcase name="[sig-service-catalog] [Feature:PodPreset] PodPreset should create a pod preset" classname="Kubernetes e2e suite" time="0">
          <skipped></skipped>
      </testcase>
      <testcase name="[sig-storage] In-tree Volumes [Driver: local][LocalVolumeType: dir-link-bindmounted] [Testpattern: Pre-provisioned PV (default fs)] subPath should verify container cannot write to subpath readonly volumes" classname="Kubernetes e2e suite" time="0">
          <skipped></skipped>
      </testcase>
      <testcase name="[sig-storage] In-tree Volumes [Driver: local][LocalVolumeType: dir] [Testpattern: Dynamic PV (default fs)] provisioning should create and delete block persistent volumes" classname="Kubernetes e2e suite" time="0">
          <skipped></skipped>
      </testcase>
      <testcase name="[sig-storage] In-tree Volumes [Driver: vSphere] [Testpattern: Dynamic PV (default fs)] subPath should fail if subpath with backstepping is outside the volume [Slow]" classname="Kubernetes e2e suite" time="0">
          <skipped></skipped>
      </testcase>
      <testcase name="[sig-storage] In-tree Volumes [Driver: rbd][Feature:Volumes] [Testpattern: Dynamic PV (default fs)] subPath should support existing directories when readOnly specified in the volumeSource" classname="Kubernetes e2e suite" time="0">
          <skipped></skipped>
      </testcase>
      <testcase name="[sig-storage] In-tree Volumes [Driver: local][LocalVolumeType: dir] [Testpattern: Dynamic PV (default fs)] subPath should support existing directories when readOnly specified in the volumeSource" classname="Kubernetes e2e suite" time="0">
          <skipped></skipped>
      </testcase>
      <testcase name="[sig-storage] In-tree Volumes [Driver: local][LocalVolumeType: gce-localssd-scsi-fs] [Serial] [Testpattern: Dynamic PV (default fs)] subPath should support restarting containers using directory as subpath [Slow]" classname="Kubernetes e2e suite" time="0">
          <skipped></skipped>
      </testcase>
      <testcase name="[sig-storage] In-tree Volumes [Driver: local][LocalVolumeType: block] [Testpattern: Inline-volume (default fs)] subPath should be able to unmount after the subpath directory is deleted" classname="Kubernetes e2e suite" time="0">
          <skipped></skipped>
      </testcase>
      <testcase name="[sig-storage] CSI Volumes [Driver: csi-hostpath-v0] [Testpattern: Inline-volume (ntfs)][sig-windows] volumes should be mountable" classname="Kubernetes e2e suite" time="0.000699153">
          <skipped></skipped>
      </testcase>
      <testcase name="[sig-storage] In-tree Volumes [Driver: local][LocalVolumeType: dir-link-bindmounted] [Testpattern: Dynamic PV (block volmode)] volumeMode should fail in binding dynamic provisioned PV to PVC" classname="Kubernetes e2e suite" time="0">
          <skipped></skipped>
      </testcase>
      <testcase name="[sig-storage] In-tree Volumes [Driver: local][LocalVolumeType: dir-link-bindmounted] [Testpattern: Inline-volume (ntfs)][sig-windows] volumes should be mountable" classname="Kubernetes e2e suite" time="0.000698216">
          <skipped></skipped>
      </testcase>
      <testcase name="[sig-cluster-lifecycle] Reboot [Disruptive] [Feature:Reboot] each node by triggering kernel panic and ensure they function upon restart" classname="Kubernetes e2e suite" time="0">
          <skipped></skipped>
      </testcase>
      <testcase name="[sig-storage] In-tree Volumes [Driver: local][LocalVolumeType: dir-link-bindmounted] [Testpattern: Pre-provisioned PV (default fs)] subPath should support file as subpath" classname="Kubernetes e2e suite" time="0">
          <skipped></skipped>
      </testcase>
      <testcase name="[sig-storage] In-tree Volumes [Driver: azure] [Testpattern: Pre-provisioned PV (block volmode)] volumeMode should create sc, pod, pv, and pvc, read/write to the pv, and delete all created resources" classname="Kubernetes e2e suite" time="0">
          <skipped></skipped>
      </testcase>
      <testcase name="[sig-storage] In-tree Volumes [Driver: local][LocalVolumeType: gce-localssd-scsi-fs] [Serial] [Testpattern: Dynamic PV (default fs)] subPath should verify container cannot write to subpath readonly volumes" classname="Kubernetes e2e suite" time="0">
          <skipped></skipped>
      </testcase>
      <testcase name="[sig-storage] In-tree Volumes [Driver: local][LocalVolumeType: tmpfs] [Testpattern: Inline-volume (ntfs)][sig-windows] volumes should be mountable" classname="Kubernetes e2e suite" time="0.000776533">
          <skipped></skipped>
      </testcase>
      <testcase name="[sig-storage] In-tree Volumes [Driver: aws] [Testpattern: Pre-provisioned PV (ntfs)][sig-windows] volumes should be mountable" classname="Kubernetes e2e suite" time="0.000704426">
          <skipped></skipped>
      </testcase>
      <testcase name="[sig-cli] Kubectl client [k8s.io] Kubectl run default should create an rc or deployment from an image  [Conformance]" classname="Kubernetes e2e suite" time="8.592654783"></testcase>
      <testcase name="[sig-storage] EmptyDir volumes when FSGroup is specified [NodeFeature:FSGroup] files with FSGroup ownership should support (root,0644,tmpfs)" classname="Kubernetes e2e suite" time="0">
          <skipped></skipped>
      </testcase>
      <testcase name="[sig-storage] ConfigMap Should fail non-optional pod creation due to the key in the configMap object does not exist [Slow]" classname="Kubernetes e2e suite" time="0">
          <skipped></skipped>
      </testcase>
      <testcase name="[sig-storage] In-tree Volumes [Driver: local][LocalVolumeType: dir] [Testpattern: Pre-provisioned PV (default fs)] subPath should fail if subpath file is outside the volume [Slow]" classname="Kubernetes e2e suite" time="0">
          <skipped></skipped>
      </testcase>
      <testcase name="[sig-storage] In-tree Volumes [Driver: local][LocalVolumeType: block] [Testpattern: Pre-provisioned PV (xfs)] volumes should be mountable" classname="Kubernetes e2e suite" time="0">
          <skipped></skipped>
      </testcase>
      <testcase name="[sig-storage] CSI Volumes [Driver: csi-hostpath-v0] [Testpattern: Dynamic PV (ext4)] volumes should allow exec of files on the volume" classname="Kubernetes e2e suite" time="0">
          <skipped></skipped>
      </testcase>
      <testcase name="[sig-storage] In-tree Volumes [Driver: local][LocalVolumeType: dir] [Testpattern: Dynamic PV (xfs)] volumes should be mountable" classname="Kubernetes e2e suite" time="0">
          <skipped></skipped>
      </testcase>
      <testcase name="[sig-storage] In-tree Volumes [Driver: local][LocalVolumeType: tmpfs] [Testpattern: Dynamic PV (filesystem volmode)] volumeMode should create sc, pod, pv, and pvc, read/write to the pv, and delete all created resources" classname="Kubernetes e2e suite" time="0">
          <skipped></skipped>
      </testcase>
      <testcase name="[sig-storage] CSI Volumes [Driver: pd.csi.storage.gke.io][Serial] [Testpattern: Pre-provisioned PV (default fs)] subPath should support existing directories when readOnly specified in the volumeSource" classname="Kubernetes e2e suite" time="0">
          <skipped></skipped>
      </testcase>
      <testcase name="[k8s.io] Pods should support pod readiness gates [NodeFeature:PodReadinessGate]" classname="Kubernetes e2e suite" time="0">
          <skipped></skipped>
      </testcase>
      <testcase name="[sig-storage] In-tree Volumes [Driver: local][LocalVolumeType: dir-link] [Testpattern: Dynamic PV (default fs)] subPath should support file as subpath" classname="Kubernetes e2e suite" time="0">
          <skipped></skipped>
      </testcase>
      <testcase name="[sig-storage] In-tree Volumes [Driver: hostPath] [Testpattern: Dynamic PV (xfs)] volumes should allow exec of files on the volume" classname="Kubernetes e2e suite" time="0">
          <skipped></skipped>
      </testcase>
      <testcase name="[sig-storage] CSI Volumes [Driver: pd.csi.storage.gke.io][Serial] [Testpattern: Dynamic PV (default fs)] subPath should unmount if pod is gracefully deleted while kubelet is down [Disruptive][Slow]" classname="Kubernetes e2e suite" time="0">
          <skipped></skipped>
      </testcase>
      <testcase name="[sig-storage] In-tree Volumes [Driver: iscsi][Feature:Volumes] [Testpattern: Pre-provisioned PV (ext4)] volumes should be mountable" classname="Kubernetes e2e suite" time="0">
          <skipped></skipped>
      </testcase>
      <testcase name="[sig-storage] In-tree Volumes [Driver: vSphere] [Testpattern: Dynamic PV (default fs)] subPath should support readOnly file specified in the volumeMount" classname="Kubernetes e2e suite" time="0">
          <skipped></skipped>
      </testcase>
      <testcase name="[sig-storage] In-tree Volumes [Driver: gluster] [Testpattern: Pre-provisioned PV (ext4)] volumes should be mountable" classname="Kubernetes e2e suite" time="0">
          <skipped></skipped>
      </testcase>
      <testcase name="[sig-storage] In-tree Volumes [Driver: rbd][Feature:Volumes] [Testpattern: Pre-provisioned PV (default fs)] volumes should allow exec of files on the volume" classname="Kubernetes e2e suite" time="0">
          <skipped></skipped>
      </testcase>
      <testcase name="[sig-api-machinery] ResourceQuota [Feature:PodPriority] should verify ResourceQuota&#39;s priority class scope (quota set to pod count: 1) against 2 pods with different priority class." classname="Kubernetes e2e suite" time="0">
          <skipped></skipped>
      </testcase>
      <testcase name="[sig-storage] CSI Volumes [Driver: pd.csi.storage.gke.io][Serial] [Testpattern: Dynamic PV (default fs)] subPath should support creating multiple subpath from same volumes [Slow]" classname="Kubernetes e2e suite" time="0">
          <skipped></skipped>
      </testcase>
      <testcase name="[sig-storage] CSI Volumes [Driver: csi-hostpath] [Testpattern: Dynamic PV (default fs)] subPath should fail if subpath with backstepping is outside the volume [Slow]" classname="Kubernetes e2e suite" time="0">
          <skipped></skipped>
      </testcase>
      <testcase name="[sig-node] Downward API should provide container&#39;s limits.cpu/memory and requests.cpu/memory as env vars [NodeConformance] [Conformance]" classname="Kubernetes e2e suite" time="16.412887075"></testcase>
      <testcase name="[sig-storage] Volume Provisioning On Clustered Datastore [Feature:vsphere] verify dynamic provision with default parameter on clustered datastore" classname="Kubernetes e2e suite" time="0">
          <skipped></skipped>
      </testcase>
      <testcase name="[sig-storage] In-tree Volumes [Driver: local][LocalVolumeType: gce-localssd-scsi-fs] [Serial] [Testpattern: Pre-provisioned PV (default fs)] subPath should unmount if pod is force deleted while kubelet is down [Disruptive][Slow]" classname="Kubernetes e2e suite" time="0">
          <skipped></skipped>
      </testcase>
      <testcase name="[sig-storage] CSI Volumes [Driver: pd.csi.storage.gke.io][Serial] [Testpattern: Inline-volume (default fs)] subPath should fail if subpath file is outside the volume [Slow]" classname="Kubernetes e2e suite" time="0">
          <skipped></skipped>
      </testcase>
      <testcase name="[sig-storage] In-tree Volumes [Driver: gcepd] [Testpattern: Dynamic PV (default fs)] subPath should support creating multiple subpath from same volumes [Slow]" classname="Kubernetes e2e suite" time="0">
          <skipped></skipped>
      </testcase>
      <testcase name="[sig-storage] In-tree Volumes [Driver: local][LocalVolumeType: tmpfs] [Testpattern: Dynamic PV (ntfs)][sig-windows] provisioning should access volume from different nodes" classname="Kubernetes e2e suite" time="0.001790374">
          <skipped></skipped>
      </testcase>
      <testcase name="[sig-storage] In-tree Volumes [Driver: cinder] [Testpattern: Dynamic PV (default fs)] subPath should support file as subpath" classname="Kubernetes e2e suite" time="0">
          <skipped></skipped>
      </testcase>
      <testcase name="[sig-storage] In-tree Volumes [Driver: cinder] [Testpattern: Inline-volume (default fs)] subPath should support readOnly file specified in the volumeMount" classname="Kubernetes e2e suite" time="0">
          <skipped></skipped>
      </testcase>
      <testcase name="[sig-storage] In-tree Volumes [Driver: local][LocalVolumeType: dir-bindmounted] [Testpattern: Dynamic PV (default fs)] provisioning should access volume from different nodes" classname="Kubernetes e2e suite" time="0">
          <skipped></skipped>
      </testcase>
      <testcase name="[sig-storage] In-tree Volumes [Driver: local][LocalVolumeType: block] [Testpattern: Inline-volume (default fs)] subPath should support non-existent path" classname="Kubernetes e2e suite" time="0">
          <skipped></skipped>
      </testcase>
      <testcase name="[sig-storage] CSI Volumes [Driver: csi-hostpath] [Testpattern: Pre-provisioned PV (default fs)] volumes should allow exec of files on the volume" classname="Kubernetes e2e suite" time="0">
          <skipped></skipped>
      </testcase>
      <testcase name="[sig-apps] DisruptionController evictions: too few pods, replicaSet, percentage =&gt; should not allow an eviction" classname="Kubernetes e2e suite" time="0">
          <skipped></skipped>
      </testcase>
      <testcase name="[sig-storage] In-tree Volumes [Driver: local][LocalVolumeType: blockfs] [Testpattern: Dynamic PV (ntfs)][sig-windows] provisioning should create and delete block persistent volumes" classname="Kubernetes e2e suite" time="0.001671266">
          <skipped></skipped>
      </testcase>
      <testcase name="[sig-storage] In-tree Volumes [Driver: hostPath] [Testpattern: Inline-volume (default fs)] subPath should support non-existent path" classname="Kubernetes e2e suite" time="0">
          <skipped></skipped>
      </testcase>
      <testcase name="[sig-storage] In-tree Volumes [Driver: hostPath] [Testpattern: Pre-provisioned PV (default fs)] volumeIO should write files of various sizes, verify size, validate content [Slow]" classname="Kubernetes e2e suite" time="0">
          <skipped></skipped>
      </testcase>
      <testcase name="[sig-storage] In-tree Volumes [Driver: hostPath] [Testpattern: Inline-volume (default fs)] subPath should support restarting containers using file as subpath [Slow]" classname="Kubernetes e2e suite" time="0">
          <skipped></skipped>
      </testcase>
      <testcase name="[sig-storage] CSI Volumes [Driver: csi-hostpath] [Testpattern: Dynamic PV (default fs)] provisioning should allow concurrent writes on the same node" classname="Kubernetes e2e suite" time="0">
          <skipped></skipped>
      </testcase>
      <testcase name="[sig-storage] PersistentVolumes-local  [Volume type: tmpfs] Set fsGroup for local volume should set different fsGroup for second pod if first pod is deleted" classname="Kubernetes e2e suite" time="0">
          <skipped></skipped>
      </testcase>
      <testcase name="[sig-auth] Advanced Audit [DisabledForLargeClusters] should audit API calls to create, get, update, patch, delete, list, watch configmaps." classname="Kubernetes e2e suite" time="0">
          <skipped></skipped>
      </testcase>
      <testcase name="[sig-storage] In-tree Volumes [Driver: gluster] [Testpattern: Pre-provisioned PV (default fs)] subPath should verify container cannot write to subpath readonly volumes" classname="Kubernetes e2e suite" time="0">
          <skipped></skipped>
      </testcase>
      <testcase name="[sig-storage] In-tree Volumes [Driver: cinder] [Testpattern: Dynamic PV (ntfs)][sig-windows] volumes should be mountable" classname="Kubernetes e2e suite" time="0.0016083">
          <skipped></skipped>
      </testcase>
      <testcase name="[sig-storage] In-tree Volumes [Driver: local][LocalVolumeType: blockfs] [Testpattern: Pre-provisioned PV (ext4)] volumes should allow exec of files on the volume" classname="Kubernetes e2e suite" time="0">
          <skipped></skipped>
      </testcase>
      <testcase name="[sig-storage] CSI Volumes [Driver: pd.csi.storage.gke.io][Feature: gcePD-external] [Testpattern: Dynamic PV (ntfs)][sig-windows] provisioning should allow concurrent writes on the same node" classname="Kubernetes e2e suite" time="0">
          <skipped></skipped>
      </testcase>
      <testcase name="[sig-storage] Secrets should be consumable from pods in volume with mappings [NodeConformance] [Conformance]" classname="Kubernetes e2e suite" time="24.62177572"></testcase>
      <testcase name="[sig-cli] Kubectl client [k8s.io] Kubectl replace should update a single-container pod&#39;s image  [Conformance]" classname="Kubernetes e2e suite" time="92.99879546"></testcase>
      <testcase name="[sig-storage] In-tree Volumes [Driver: local][LocalVolumeType: blockfs] [Testpattern: Dynamic PV (default fs)] subPath should support non-existent path" classname="Kubernetes e2e suite" time="0">
          <skipped></skipped>
      </testcase>
      <testcase name="[sig-storage] CSI Volumes [Driver: pd.csi.storage.gke.io][Feature: gcePD-external] [Testpattern: Pre-provisioned PV (default fs)] subPath should fail if non-existent subpath is outside the volume [Slow]" classname="Kubernetes e2e suite" time="0">
          <skipped></skipped>
      </testcase>
      <testcase name="[sig-storage] In-tree Volumes [Driver: hostPath] [Testpattern: Dynamic PV (default fs)] subPath should support creating multiple subpath from same volumes [Slow]" classname="Kubernetes e2e suite" time="0">
          <skipped></skipped>
      </testcase>
      <testcase name="[sig-storage] In-tree Volumes [Driver: gcepd] [Testpattern: Pre-provisioned PV (ntfs)][sig-windows] volumes should allow exec of files on the volume" classname="Kubernetes e2e suite" time="68.967827556"></testcase>
      <testcase name="[sig-storage] In-tree Volumes [Driver: hostPathSymlink] [Testpattern: Dynamic PV (ext3)] volumes should be mountable" classname="Kubernetes e2e suite" time="0">
          <skipped></skipped>
      </testcase>
      <testcase name="[sig-storage] In-tree Volumes [Driver: nfs] [Testpattern: Dynamic PV (default fs)] volumes should be mountable" classname="Kubernetes e2e suite" time="0">
          <skipped></skipped>
      </testcase>
      <testcase name="[sig-storage] CSI Volumes [Driver: pd.csi.storage.gke.io][Serial] [Testpattern: Inline-volume (default fs)] subPath should support restarting containers using directory as subpath [Slow]" classname="Kubernetes e2e suite" time="0">
          <skipped></skipped>
      </testcase>
      <testcase name="[sig-storage] CSI Volumes [Driver: csi-hostpath] [Testpattern: Inline-volume (default fs)] subPath should fail if subpath with backstepping is outside the volume [Slow]" classname="Kubernetes e2e suite" time="0">
          <skipped></skipped>
      </testcase>
      <testcase name="[sig-storage] In-tree Volumes [Driver: gcepd] [Testpattern: Dynamic PV (default fs)] provisioning should create and delete block persistent volumes" classname="Kubernetes e2e suite" time="0">
          <skipped></skipped>
      </testcase>
      <testcase name="[sig-storage] In-tree Volumes [Driver: local][LocalVolumeType: block] [Testpattern: Dynamic PV (default fs)] provisioning should allow concurrent writes on the same node" classname="Kubernetes e2e suite" time="0">
          <skipped></skipped>
      </testcase>
      <testcase name="[sig-storage] In-tree Volumes [Driver: rbd][Feature:Volumes] [Testpattern: Dynamic PV (default fs)] provisioning should provision storage with snapshot data source [Feature:VolumeSnapshotDataSource]" classname="Kubernetes e2e suite" time="0">
          <skipped></skipped>
      </testcase>
      <testcase name="[sig-storage] In-tree Volumes [Driver: azure] [Testpattern: Inline-volume (ntfs)][sig-windows] volumes should allow exec of files on the volume" classname="Kubernetes e2e suite" time="0.001793655">
          <skipped></skipped>
      </testcase>
      <testcase name="[sig-scalability] Load capacity [Feature:ManualPerformance] should be able to handle 30 pods per node Random with 0 secrets, 0 configmaps and 0 daemons with quotas" classname="Kubernetes e2e suite" time="0">
          <skipped></skipped>
      </testcase>
      <testcase name="[sig-storage] In-tree Volumes [Driver: vSphere] [Testpattern: Dynamic PV (default fs)] subPath should support restarting containers using file as subpath [Slow]" classname="Kubernetes e2e suite" time="0">
          <skipped></skipped>
      </testcase>
      <testcase name="[sig-storage] In-tree Volumes [Driver: gluster] [Testpattern: Dynamic PV (default fs)] subPath should unmount if pod is gracefully deleted while kubelet is down [Disruptive][Slow]" classname="Kubernetes e2e suite" time="0">
          <skipped></skipped>
      </testcase>
      <testcase name="[sig-storage] In-tree Volumes [Driver: cinder] [Testpattern: Dynamic PV (default fs)] subPath should fail if non-existent subpath is outside the volume [Slow]" classname="Kubernetes e2e suite" time="0">
          <skipped></skipped>
      </testcase>
      <testcase name="[sig-storage] In-tree Volumes [Driver: rbd][Feature:Volumes] [Testpattern: Dynamic PV (default fs)] provisioning should allow concurrent writes on the same node" classname="Kubernetes e2e suite" time="0">
          <skipped></skipped>
      </testcase>
      <testcase name="[sig-storage] In-tree Volumes [Driver: gcepd] [Testpattern: Inline-volume (default fs)] subPath should support file as subpath" classname="Kubernetes e2e suite" time="0">
          <skipped></skipped>
      </testcase>
      <testcase name="[sig-storage] In-tree Volumes [Driver: cinder] [Testpattern: Dynamic PV (ntfs)][sig-windows] provisioning should provision storage with mount options" classname="Kubernetes e2e suite" time="0.001796129">
          <skipped></skipped>
      </testcase>
      <testcase name="[sig-network] DNS configMap nameserver [Feature:Networking-IPv6] Forward external name lookup should forward externalname lookup to upstream nameserver [Slow][Serial]" classname="Kubernetes e2e suite" time="0">
          <skipped></skipped>
      </testcase>
      <testcase name="[sig-storage] EmptyDir volumes should support (root,0666,default) [LinuxOnly] [NodeConformance] [Conformance]" classname="Kubernetes e2e suite" time="0">
          <skipped></skipped>
      </testcase>
      <testcase name="[sig-storage] Pod Disks detach in a disrupted environment [Slow] [Disruptive] when pod is evicted" classname="Kubernetes e2e suite" time="0">
          <skipped></skipped>
      </testcase>
      <testcase name="[sig-storage] In-tree Volumes [Driver: local][LocalVolumeType: dir-link-bindmounted] [Testpattern: Pre-provisioned PV (default fs)] subPath should fail if non-existent subpath is outside the volume [Slow]" classname="Kubernetes e2e suite" time="0">
          <skipped></skipped>
      </testcase>
      <testcase name="[sig-scheduling] SchedulerPreemption [Serial] validates basic preemption works" classname="Kubernetes e2e suite" time="0">
          <skipped></skipped>
      </testcase>
      <testcase name="[sig-storage] In-tree Volumes [Driver: aws] [Testpattern: Dynamic PV (default fs)] subPath should unmount if pod is gracefully deleted while kubelet is down [Disruptive][Slow]" classname="Kubernetes e2e suite" time="0">
          <skipped></skipped>
      </testcase>
      <testcase name="[sig-storage] In-tree Volumes [Driver: rbd][Feature:Volumes] [Testpattern: Dynamic PV (default fs)] subPath should unmount if pod is force deleted while kubelet is down [Disruptive][Slow]" classname="Kubernetes e2e suite" time="0">
          <skipped></skipped>
      </testcase>
      <testcase name="[sig-storage] In-tree Volumes [Driver: local][LocalVolumeType: tmpfs] [Testpattern: Dynamic PV (ext3)] volumes should allow exec of files on the volume" classname="Kubernetes e2e suite" time="0">
          <skipped></skipped>
      </testcase>
      <testcase name="[sig-instrumentation] Stackdriver Monitoring should run Custom Metrics - Stackdriver Adapter for external metrics [Feature:StackdriverExternalMetrics]" classname="Kubernetes e2e suite" time="0">
          <skipped></skipped>
      </testcase>
      <testcase name="[sig-storage] In-tree Volumes [Driver: gcepd] [Testpattern: Pre-provisioned PV (default fs)] subPath should support existing directories when readOnly specified in the volumeSource" classname="Kubernetes e2e suite" time="0">
          <skipped></skipped>
      </testcase>
      <testcase name="[sig-storage] In-tree Volumes [Driver: cinder] [Testpattern: Pre-provisioned PV (default fs)] subPath should support readOnly directory specified in the volumeMount" classname="Kubernetes e2e suite" time="0">
          <skipped></skipped>
      </testcase>
      <testcase name="[sig-network] [sig-windows] Networking Granular Checks: Pods should function for intra-pod communication: http" classname="Kubernetes e2e suite" time="58.160050054"></testcase>
      <testcase name="[sig-storage] In-tree Volumes [Driver: rbd][Feature:Volumes] [Testpattern: Dynamic PV (default fs)] provisioning should provision storage with defaults" classname="Kubernetes e2e suite" time="0">
          <skipped></skipped>
      </testcase>
      <testcase name="[sig-storage] CSI Volumes [Driver: csi-hostpath-v0] [Testpattern: Dynamic PV (default fs)] subPath should verify container cannot write to subpath readonly volumes" classname="Kubernetes e2e suite" time="0">
          <skipped></skipped>
      </testcase>
      <testcase name="[sig-storage] In-tree Volumes [Driver: azure] [Testpattern: Dynamic PV (default fs)] provisioning should create and delete block persistent volumes" classname="Kubernetes e2e suite" time="0">
          <skipped></skipped>
      </testcase>
      <testcase name="[sig-storage] In-tree Volumes [Driver: local][LocalVolumeType: gce-localssd-scsi-fs] [Serial] [Testpattern: Inline-volume (default fs)] volumeIO should write files of various sizes, verify size, validate content [Slow]" classname="Kubernetes e2e suite" time="0">
          <skipped></skipped>
      </testcase>
      <testcase name="[sig-storage] In-tree Volumes [Driver: aws] [Testpattern: Pre-provisioned PV (default fs)] subPath should fail if non-existent subpath is outside the volume [Slow]" classname="Kubernetes e2e suite" time="0">
          <skipped></skipped>
      </testcase>
      <testcase name="[sig-scalability] Load capacity [Feature:ManualPerformance] should be able to handle 30 pods per node ReplicationController with 0 secrets, 0 configmaps and 0 daemons with quotas" classname="Kubernetes e2e suite" time="0">
          <skipped></skipped>
      </testcase>
      <testcase name="[sig-storage] In-tree Volumes [Driver: local][LocalVolumeType: block] [Testpattern: Dynamic PV (default fs)] subPath should fail if subpath directory is outside the volume [Slow]" classname="Kubernetes e2e suite" time="0">
          <skipped></skipped>
      </testcase>
      <testcase name="[sig-storage] In-tree Volumes [Driver: local][LocalVolumeType: dir-link-bindmounted] [Testpattern: Dynamic PV (ntfs)][sig-windows] volumes should allow exec of files on the volume" classname="Kubernetes e2e suite" time="0.002039303">
          <skipped></skipped>
      </testcase>
      <testcase name="[sig-network] Services should be rejected when no endpoints exist" classname="Kubernetes e2e suite" time="0">
          <skipped></skipped>
      </testcase>
      <testcase name="[sig-storage] In-tree Volumes [Driver: emptydir] [Testpattern: Inline-volume (ntfs)][sig-windows] volumes should be mountable" classname="Kubernetes e2e suite" time="0.001257538">
          <skipped></skipped>
      </testcase>
      <testcase name="[sig-cli] Kubectl client [k8s.io] Kubectl version should check is all data is printed  [Conformance]" classname="Kubernetes e2e suite" time="8.325526901"></testcase>
      <testcase name="[sig-storage] In-tree Volumes [Driver: local][LocalVolumeType: block] [Testpattern: Dynamic PV (ntfs)][sig-windows] provisioning should provision storage with defaults" classname="Kubernetes e2e suite" time="0.002140042">
          <skipped></skipped>
      </testcase>
      <testcase name="[sig-storage] In-tree Volumes [Driver: iscsi][Feature:Volumes] [Testpattern: Dynamic PV (default fs)] volumes should be mountable" classname="Kubernetes e2e suite" time="0">
          <skipped></skipped>
      </testcase>
      <testcase name="[sig-storage] CSI Volumes [Driver: csi-hostpath-v0] [Testpattern: Pre-provisioned PV (default fs)] subPath should support restarting containers using file as subpath [Slow]" classname="Kubernetes e2e suite" time="0">
          <skipped></skipped>
      </testcase>
      <testcase name="[sig-storage] In-tree Volumes [Driver: local][LocalVolumeType: dir] [Testpattern: Pre-provisioned PV (default fs)] subPath should fail if non-existent subpath is outside the volume [Slow]" classname="Kubernetes e2e suite" time="0">
          <skipped></skipped>
      </testcase>
      <testcase name="[sig-storage] In-tree Volumes [Driver: local][LocalVolumeType: dir-bindmounted] [Testpattern: Dynamic PV (default fs)] subPath should support non-existent path" classname="Kubernetes e2e suite" time="0">
          <skipped></skipped>
      </testcase>
      <testcase name="[sig-storage] In-tree Volumes [Driver: local][LocalVolumeType: dir] [Testpattern: Dynamic PV (default fs)] subPath should unmount if pod is gracefully deleted while kubelet is down [Disruptive][Slow]" classname="Kubernetes e2e suite" time="0">
          <skipped></skipped>
      </testcase>
      <testcase name="[sig-cluster-lifecycle] [Feature:BootstrapTokens] should resign the bootstrap tokens when the clusterInfo ConfigMap updated [Serial][Disruptive]" classname="Kubernetes e2e suite" time="0">
          <skipped></skipped>
      </testcase>
      <testcase name="[sig-storage] In-tree Volumes [Driver: ceph][Feature:Volumes] [Testpattern: Dynamic PV (default fs)] subPath should support creating multiple subpath from same volumes [Slow]" classname="Kubernetes e2e suite" time="0">
          <skipped></skipped>
      </testcase>
      <testcase name="[sig-cli] Kubectl client [k8s.io] Update Demo should scale a replication controller  [Conformance]" classname="Kubernetes e2e suite" time="119.626185365"></testcase>
      <testcase name="[sig-storage] In-tree Volumes [Driver: ceph][Feature:Volumes] [Testpattern: Dynamic PV (ext3)] volumes should be mountable" classname="Kubernetes e2e suite" time="0">
          <skipped></skipped>
      </testcase>
      <testcase name="[sig-storage] In-tree Volumes [Driver: local][LocalVolumeType: gce-localssd-scsi-fs] [Serial] [Testpattern: Dynamic PV (default fs)] provisioning should access volume from different nodes" classname="Kubernetes e2e suite" time="0">
          <skipped></skipped>
      </testcase>
      <testcase name="[sig-storage] In-tree Volumes [Driver: local][LocalVolumeType: block] [Testpattern: Dynamic PV (default fs)] subPath should verify container cannot write to subpath readonly volumes" classname="Kubernetes e2e suite" time="0">
          <skipped></skipped>
      </testcase>
      <testcase name="[sig-storage] Projected downwardAPI should provide node allocatable (cpu) as default cpu limit if the limit is not set [NodeConformance] [Conformance]" classname="Kubernetes e2e suite" time="16.419527553"></testcase>
      <testcase name="[sig-storage] In-tree Volumes [Driver: local][LocalVolumeType: dir-bindmounted] [Testpattern: Pre-provisioned PV (default fs)] volumes should allow exec of files on the volume" classname="Kubernetes e2e suite" time="0">
          <skipped></skipped>
      </testcase>
      <testcase name="[sig-storage] In-tree Volumes [Driver: ceph][Feature:Volumes] [Testpattern: Dynamic PV (ext3)] volumes should allow exec of files on the volume" classname="Kubernetes e2e suite" time="0">
          <skipped></skipped>
      </testcase>
      <testcase name="[sig-storage] In-tree Volumes [Driver: aws] [Testpattern: Dynamic PV (default fs)] subPath should fail if subpath with backstepping is outside the volume [Slow]" classname="Kubernetes e2e suite" time="0">
          <skipped></skipped>
      </testcase>
      <testcase name="[sig-storage] In-tree Volumes [Driver: local][LocalVolumeType: block] [Testpattern: Dynamic PV (default fs)] subPath should support readOnly file specified in the volumeMount" classname="Kubernetes e2e suite" time="0">
          <skipped></skipped>
      </testcase>
      <testcase name="[sig-storage] In-tree Volumes [Driver: hostPath] [Testpattern: Inline-volume (xfs)] volumes should allow exec of files on the volume" classname="Kubernetes e2e suite" time="0">
          <skipped></skipped>
      </testcase>
      <testcase name="[sig-storage] CSI Volumes [Driver: csi-hostpath-v0] [Testpattern: Inline-volume (default fs)] subPath should fail if non-existent subpath is outside the volume [Slow]" classname="Kubernetes e2e suite" time="0">
          <skipped></skipped>
      </testcase>
      <testcase name="[sig-storage] In-tree Volumes [Driver: hostPath] [Testpattern: Inline-volume (default fs)] subPath should fail if subpath with backstepping is outside the volume [Slow]" classname="Kubernetes e2e suite" time="0">
          <skipped></skipped>
      </testcase>
      <testcase name="[k8s.io] Container Runtime blackbox test when running a container with a new image should not be able to pull from private registry without secret [NodeConformance]" classname="Kubernetes e2e suite" time="13.386128235"></testcase>
      <testcase name="[sig-storage] In-tree Volumes [Driver: gluster] [Testpattern: Pre-provisioned PV (xfs)] volumes should be mountable" classname="Kubernetes e2e suite" time="0">
          <skipped></skipped>
      </testcase>
      <testcase name="[sig-storage] In-tree Volumes [Driver: emptydir] [Testpattern: Dynamic PV (default fs)] volumeIO should write files of various sizes, verify size, validate content [Slow]" classname="Kubernetes e2e suite" time="0">
          <skipped></skipped>
      </testcase>
      <testcase name="[sig-node] Downward API should provide pod UID as env vars [NodeConformance] [Conformance]" classname="Kubernetes e2e suite" time="20.559662608"></testcase>
      <testcase name="[sig-storage] In-tree Volumes [Driver: iscsi][Feature:Volumes] [Testpattern: Pre-provisioned PV (default fs)] subPath should support readOnly directory specified in the volumeMount" classname="Kubernetes e2e suite" time="0">
          <skipped></skipped>
      </testcase>
      <testcase name="[sig-storage] In-tree Volumes [Driver: local][LocalVolumeType: gce-localssd-scsi-fs] [Serial] [Testpattern: Inline-volume (xfs)] volumes should be mountable" classname="Kubernetes e2e suite" time="0">
          <skipped></skipped>
      </testcase>
      <testcase name="[sig-storage] In-tree Volumes [Driver: local][LocalVolumeType: dir-bindmounted] [Testpattern: Pre-provisioned PV (default fs)] subPath should support file as subpath" classname="Kubernetes e2e suite" time="0">
          <skipped></skipped>
      </testcase>
      <testcase name="[sig-instrumentation] MetricsGrabber should grab all metrics from a Scheduler." classname="Kubernetes e2e suite" time="0">
          <skipped></skipped>
      </testcase>
      <testcase name="[sig-storage] In-tree Volumes [Driver: local][LocalVolumeType: dir-link-bindmounted] [Testpattern: Dynamic PV (default fs)] provisioning should allow concurrent writes on the same node" classname="Kubernetes e2e suite" time="0">
          <skipped></skipped>
      </testcase>
      <testcase name="[sig-storage] CSI Volumes [Driver: csi-hostpath-v0] [Testpattern: Dynamic PV (default fs)] subPath should fail if subpath file is outside the volume [Slow]" classname="Kubernetes e2e suite" time="0">
          <skipped></skipped>
      </testcase>
      <testcase name="[sig-storage] Volume Disk Format [Feature:vsphere] verify disk format type - thin is honored for dynamically provisioned pv using storageclass" classname="Kubernetes e2e suite" time="0">
          <skipped></skipped>
      </testcase>
      <testcase name="[sig-storage] In-tree Volumes [Driver: hostPathSymlink] [Testpattern: Dynamic PV (default fs)] subPath should fail if subpath directory is outside the volume [Slow]" classname="Kubernetes e2e suite" time="0">
          <skipped></skipped>
      </testcase>
      <testcase name="[sig-storage] In-tree Volumes [Driver: rbd][Feature:Volumes] [Testpattern: Pre-provisioned PV (default fs)] subPath should unmount if pod is gracefully deleted while kubelet is down [Disruptive][Slow]" classname="Kubernetes e2e suite" time="0">
          <skipped></skipped>
      </testcase>
      <testcase name="[sig-storage] In-tree Volumes [Driver: ceph][Feature:Volumes] [Testpattern: Dynamic PV (default fs)] subPath should support readOnly directory specified in the volumeMount" classname="Kubernetes e2e suite" time="0">
          <skipped></skipped>
      </testcase>
      <testcase name="[k8s.io] Kubelet when scheduling a read only busybox container should not write to root filesystem [LinuxOnly] [NodeConformance] [Conformance]" classname="Kubernetes e2e suite" time="0">
          <skipped></skipped>
      </testcase>
      <testcase name="[sig-auth] [Feature:NodeAuthorizer] A node shouldn&#39;t be able to create another node" classname="Kubernetes e2e suite" time="0">
          <skipped></skipped>
      </testcase>
      <testcase name="[sig-storage] In-tree Volumes [Driver: local][LocalVolumeType: dir-link-bindmounted] [Testpattern: Dynamic PV (xfs)] volumes should be mountable" classname="Kubernetes e2e suite" time="0">
          <skipped></skipped>
      </testcase>
      <testcase name="[sig-storage] CSI Volumes [Driver: pd.csi.storage.gke.io][Feature: gcePD-external] [Testpattern: Inline-volume (ext4)] volumes should allow exec of files on the volume" classname="Kubernetes e2e suite" time="0">
          <skipped></skipped>
      </testcase>
      <testcase name="[sig-storage] CSI Volumes [Driver: pd.csi.storage.gke.io][Feature: gcePD-external] [Testpattern: Dynamic PV (default fs)] subPath should unmount if pod is force deleted while kubelet is down [Disruptive][Slow]" classname="Kubernetes e2e suite" time="0">
          <skipped></skipped>
      </testcase>
      <testcase name="[sig-storage] CSI Volumes [Driver: pd.csi.storage.gke.io][Feature: gcePD-external] [Testpattern: Dynamic PV (ntfs)][sig-windows] volumes should be mountable" classname="Kubernetes e2e suite" time="0">
          <skipped></skipped>
      </testcase>
      <testcase name="[sig-storage] In-tree Volumes [Driver: cinder] [Testpattern: Inline-volume (default fs)] subPath should support existing directory" classname="Kubernetes e2e suite" time="0">
          <skipped></skipped>
      </testcase>
      <testcase name="[sig-storage] In-tree Volumes [Driver: local][LocalVolumeType: tmpfs] [Testpattern: Dynamic PV (ntfs)][sig-windows] provisioning should provision storage with defaults" classname="Kubernetes e2e suite" time="0.001771126">
          <skipped></skipped>
      </testcase>
      <testcase name="[sig-storage] CSI Volumes [Driver: pd.csi.storage.gke.io][Serial] [Testpattern: Pre-provisioned PV (default fs)] subPath should support existing directory" classname="Kubernetes e2e suite" time="0">
          <skipped></skipped>
      </testcase>
      <testcase name="[sig-storage] In-tree Volumes [Driver: aws] [Testpattern: Dynamic PV (default fs)] subPath should fail if subpath file is outside the volume [Slow]" classname="Kubernetes e2e suite" time="0">
          <skipped></skipped>
      </testcase>
      <testcase name="[sig-storage] In-tree Volumes [Driver: emptydir] [Testpattern: Pre-provisioned PV (xfs)] volumes should allow exec of files on the volume" classname="Kubernetes e2e suite" time="0">
          <skipped></skipped>
      </testcase>
      <testcase name="[sig-storage] In-tree Volumes [Driver: local][LocalVolumeType: dir-link] [Testpattern: Inline-volume (default fs)] subPath should be able to unmount after the subpath directory is deleted" classname="Kubernetes e2e suite" time="0">
          <skipped></skipped>
      </testcase>
      <testcase name="[sig-auth] PodSecurityPolicy should allow pods under the privileged policy.PodSecurityPolicy" classname="Kubernetes e2e suite" time="0">
          <skipped></skipped>
      </testcase>
      <testcase name="[sig-storage] In-tree Volumes [Driver: emptydir] [Testpattern: Dynamic PV (ntfs)][sig-windows] provisioning should create and delete block persistent volumes" classname="Kubernetes e2e suite" time="0.001660244">
          <skipped></skipped>
      </testcase>
      <testcase name="[sig-storage] Zone Support Verify a pod is created and attached to a dynamically created PV, based on allowed zones specified in storage class " classname="Kubernetes e2e suite" time="0">
          <skipped></skipped>
      </testcase>
      <testcase name="[sig-storage] In-tree Volumes [Driver: iscsi][Feature:Volumes] [Testpattern: Pre-provisioned PV (default fs)] subPath should fail if subpath with backstepping is outside the volume [Slow]" classname="Kubernetes e2e suite" time="0">
          <skipped></skipped>
      </testcase>
      <testcase name="[sig-network] NetworkPolicy NetworkPolicy between server and client should enforce policy based on NamespaceSelector [Feature:NetworkPolicy]" classname="Kubernetes e2e suite" time="0">
          <skipped></skipped>
      </testcase>
      <testcase name="[sig-storage] Volume Placement should create and delete pod with multiple volumes from same datastore" classname="Kubernetes e2e suite" time="0">
          <skipped></skipped>
      </testcase>
      <testcase name="[sig-storage] In-tree Volumes [Driver: rbd][Feature:Volumes] [Testpattern: Pre-provisioned PV (ntfs)][sig-windows] volumes should be mountable" classname="Kubernetes e2e suite" time="0">
          <skipped></skipped>
      </testcase>
      <testcase name="[sig-storage] In-tree Volumes [Driver: aws] [Testpattern: Pre-provisioned PV (default fs)] volumes should allow exec of files on the volume" classname="Kubernetes e2e suite" time="0">
          <skipped></skipped>
      </testcase>
      <testcase name="[sig-storage] In-tree Volumes [Driver: local][LocalVolumeType: dir-link-bindmounted] [Testpattern: Inline-volume (default fs)] subPath should be able to unmount after the subpath directory is deleted" classname="Kubernetes e2e suite" time="0">
          <skipped></skipped>
      </testcase>
      <testcase name="[k8s.io] Container Lifecycle Hook when create a pod with lifecycle hook should execute poststart exec hook properly [NodeConformance] [Conformance]" classname="Kubernetes e2e suite" time="66.557558923"></testcase>
      <testcase name="[sig-storage] In-tree Volumes [Driver: iscsi][Feature:Volumes] [Testpattern: Dynamic PV (default fs)] subPath should support restarting containers using directory as subpath [Slow]" classname="Kubernetes e2e suite" time="0">
          <skipped></skipped>
      </testcase>
      <testcase name="[k8s.io] Security Context when creating containers with AllowPrivilegeEscalation should allow privilege escalation when true [LinuxOnly] [NodeConformance]" classname="Kubernetes e2e suite" time="0">
          <skipped></skipped>
      </testcase>
      <testcase name="[sig-storage] [Serial] Volume metrics should create prometheus metrics for volume provisioning and attach/detach" classname="Kubernetes e2e suite" time="0">
          <skipped></skipped>
      </testcase>
      <testcase name="[sig-storage] In-tree Volumes [Driver: emptydir] [Testpattern: Dynamic PV (block volmode)] volumeMode should fail in binding dynamic provisioned PV to PVC" classname="Kubernetes e2e suite" time="0">
          <skipped></skipped>
      </testcase>
      <testcase name="[k8s.io] Kubelet when scheduling a busybox command that always fails in a pod should be possible to delete [NodeConformance] [Conformance]" classname="Kubernetes e2e suite" time="8.10809109"></testcase>
      <testcase name="[sig-storage] CSI Volumes [Driver: csi-hostpath-v0] [Testpattern: Dynamic PV (ntfs)][sig-windows] provisioning should create and delete block persistent volumes" classname="Kubernetes e2e suite" time="0.001942372">
          <skipped></skipped>
      </testcase>
      <testcase name="[sig-storage] CSI Volumes [Driver: pd.csi.storage.gke.io][Serial] [Testpattern: Pre-provisioned PV (filesystem volmode)] volumeMode should create sc, pod, pv, and pvc, read/write to the pv, and delete all created resources" classname="Kubernetes e2e suite" time="0">
          <skipped></skipped>
      </testcase>
      <testcase name="[sig-storage] In-tree Volumes [Driver: gluster] [Testpattern: Dynamic PV (default fs)] subPath should support existing directories when readOnly specified in the volumeSource" classname="Kubernetes e2e suite" time="0">
          <skipped></skipped>
      </testcase>
      <testcase name="[sig-storage] In-tree Volumes [Driver: rbd][Feature:Volumes] [Testpattern: Dynamic PV (default fs)] subPath should fail if subpath file is outside the volume [Slow]" classname="Kubernetes e2e suite" time="0">
          <skipped></skipped>
      </testcase>
      <testcase name="[sig-storage] CSI Volumes [Driver: pd.csi.storage.gke.io][Feature: gcePD-external] [Testpattern: Pre-provisioned PV (ntfs)][sig-windows] volumes should be mountable" classname="Kubernetes e2e suite" time="0">
          <skipped></skipped>
      </testcase>
      <testcase name="[sig-storage] In-tree Volumes [Driver: local][LocalVolumeType: dir-link] [Testpattern: Dynamic PV (default fs)] subPath should unmount if pod is gracefully deleted while kubelet is down [Disruptive][Slow]" classname="Kubernetes e2e suite" time="0">
          <skipped></skipped>
      </testcase>
      <testcase name="[sig-storage] EmptyDir volumes volume on default medium should have the correct mode [LinuxOnly] [NodeConformance] [Conformance]" classname="Kubernetes e2e suite" time="0">
          <skipped></skipped>
      </testcase>
      <testcase name="[sig-storage] In-tree Volumes [Driver: iscsi][Feature:Volumes] [Testpattern: Dynamic PV (default fs)] subPath should support existing directories when readOnly specified in the volumeSource" classname="Kubernetes e2e suite" time="0">
          <skipped></skipped>
      </testcase>
      <testcase name="[sig-storage] In-tree Volumes [Driver: azure] [Testpattern: Inline-volume (default fs)] volumeIO should write files of various sizes, verify size, validate content [Slow]" classname="Kubernetes e2e suite" time="0">
          <skipped></skipped>
      </testcase>
      <testcase name="[sig-storage] In-tree Volumes [Driver: hostPathSymlink] [Testpattern: Dynamic PV (xfs)] volumes should be mountable" classname="Kubernetes e2e suite" time="0">
          <skipped></skipped>
      </testcase>
      <testcase name="[sig-storage] In-tree Volumes [Driver: azure] [Testpattern: Dynamic PV (default fs)] subPath should fail if non-existent subpath is outside the volume [Slow]" classname="Kubernetes e2e suite" time="0">
          <skipped></skipped>
      </testcase>
      <testcase name="[sig-storage] In-tree Volumes [Driver: local][LocalVolumeType: gce-localssd-scsi-fs] [Serial] [Testpattern: Dynamic PV (default fs)] subPath should support restarting containers using file as subpath [Slow]" classname="Kubernetes e2e suite" time="0">
          <skipped></skipped>
      </testcase>
      <testcase name="[sig-network] Loadbalancing: L7 GCE [Slow] [Feature:NEG] should be able to create a ClusterIP service" classname="Kubernetes e2e suite" time="0">
          <skipped></skipped>
      </testcase>
      <testcase name="[sig-storage] In-tree Volumes [Driver: hostPath] [Testpattern: Dynamic PV (ntfs)][sig-windows] provisioning should provision storage with mount options" classname="Kubernetes e2e suite" time="0.00186924">
          <skipped></skipped>
      </testcase>
      <testcase name="[sig-storage] In-tree Volumes [Driver: gluster] [Testpattern: Inline-volume (ext3)] volumes should be mountable" classname="Kubernetes e2e suite" time="0">
          <skipped></skipped>
      </testcase>
      <testcase name="[sig-storage] CSI Volumes [Driver: pd.csi.storage.gke.io][Serial] [Testpattern: Inline-volume (ext4)] volumes should be mountable" classname="Kubernetes e2e suite" time="0">
          <skipped></skipped>
      </testcase>
      <testcase name="[sig-storage] In-tree Volumes [Driver: ceph][Feature:Volumes] [Testpattern: Dynamic PV (default fs)] subPath should be able to unmount after the subpath directory is deleted" classname="Kubernetes e2e suite" time="0">
          <skipped></skipped>
      </testcase>
      <testcase name="[sig-storage] In-tree Volumes [Driver: iscsi][Feature:Volumes] [Testpattern: Dynamic PV (default fs)] subPath should verify container cannot write to subpath readonly volumes" classname="Kubernetes e2e suite" time="0">
          <skipped></skipped>
      </testcase>
      <testcase name="[sig-storage] In-tree Volumes [Driver: iscsi][Feature:Volumes] [Testpattern: Dynamic PV (default fs)] subPath should support file as subpath" classname="Kubernetes e2e suite" time="0">
          <skipped></skipped>
      </testcase>
      <testcase name="[sig-storage] In-tree Volumes [Driver: local][LocalVolumeType: dir] [Testpattern: Dynamic PV (ntfs)][sig-windows] provisioning should access volume from different nodes" classname="Kubernetes e2e suite" time="0.001648774">
          <skipped></skipped>
      </testcase>
      <testcase name="[sig-storage] In-tree Volumes [Driver: local][LocalVolumeType: dir] [Testpattern: Dynamic PV (ntfs)][sig-windows] volumes should be mountable" classname="Kubernetes e2e suite" time="0.001610098">
          <skipped></skipped>
      </testcase>
      <testcase name="[sig-api-machinery] CustomResourceDefinition resources Simple CustomResourceDefinition creating/deleting custom resource definition objects works  [Conformance]" classname="Kubernetes e2e suite" time="8.361428346"></testcase>
      <testcase name="[sig-storage] In-tree Volumes [Driver: hostPath] [Testpattern: Dynamic PV (ext3)] volumes should be mountable" classname="Kubernetes e2e suite" time="0">
          <skipped></skipped>
      </testcase>
      <testcase name="[sig-storage] In-tree Volumes [Driver: local][LocalVolumeType: gce-localssd-scsi-fs] [Serial] [Testpattern: Pre-provisioned PV (filesystem volmode)] volumeMode should create sc, pod, pv, and pvc, read/write to the pv, and delete all created resources" classname="Kubernetes e2e suite" time="0">
          <skipped></skipped>
      </testcase>
      <testcase name="[sig-storage] CSI Volumes [Driver: csi-hostpath] [Testpattern: Dynamic PV (ntfs)][sig-windows] provisioning should allow concurrent writes on the same node" classname="Kubernetes e2e suite" time="0.001765628">
          <skipped></skipped>
      </testcase>
      <testcase name="[sig-storage] CSI Volumes [Driver: pd.csi.storage.gke.io][Feature: gcePD-external] [Testpattern: Dynamic PV (default fs)] subPath should support readOnly file specified in the volumeMount" classname="Kubernetes e2e suite" time="0">
          <skipped></skipped>
      </testcase>
      <testcase name="[sig-apps] StatefulSet [k8s.io] Basic StatefulSet functionality [StatefulSetBasic] should provide basic identity" classname="Kubernetes e2e suite" time="0">
          <skipped></skipped>
      </testcase>
      <testcase name="[sig-storage] Storage Policy Based Volume Provisioning [Feature:vsphere] verify if a non-existing SPBM policy is not honored for dynamically provisioned pvc using storageclass" classname="Kubernetes e2e suite" time="0">
          <skipped></skipped>
      </testcase>
      <testcase name="[sig-storage] In-tree Volumes [Driver: local][LocalVolumeType: dir] [Testpattern: Pre-provisioned PV (default fs)] subPath should support existing directory" classname="Kubernetes e2e suite" time="0">
          <skipped></skipped>
      </testcase>
      <testcase name="[sig-storage] In-tree Volumes [Driver: aws] [Testpattern: Inline-volume (ext4)] volumes should be mountable" classname="Kubernetes e2e suite" time="0">
          <skipped></skipped>
      </testcase>
      <testcase name="[sig-storage] In-tree Volumes [Driver: local][LocalVolumeType: blockfs] [Testpattern: Dynamic PV (default fs)] subPath should support restarting containers using directory as subpath [Slow]" classname="Kubernetes e2e suite" time="0">
          <skipped></skipped>
      </testcase>
      <testcase name="[sig-cli] Kubectl client [k8s.io] Simple pod should handle in-cluster config" classname="Kubernetes e2e suite" time="0">
          <skipped></skipped>
      </testcase>
      <testcase name="[sig-storage] In-tree Volumes [Driver: vSphere] [Testpattern: Dynamic PV (ntfs)][sig-windows] provisioning should provision storage with snapshot data source [Feature:VolumeSnapshotDataSource]" classname="Kubernetes e2e suite" time="0">
          <skipped></skipped>
      </testcase>
      <testcase name="[sig-storage] Downward API volume should update annotations on modification [NodeConformance] [Conformance]" classname="Kubernetes e2e suite" time="61.016641748"></testcase>
      <testcase name="[sig-storage] In-tree Volumes [Driver: emptydir] [Testpattern: Pre-provisioned PV (ntfs)][sig-windows] volumes should allow exec of files on the volume" classname="Kubernetes e2e suite" time="0.001809181">
          <skipped></skipped>
      </testcase>
      <testcase name="[sig-storage] In-tree Volumes [Driver: rbd][Feature:Volumes] [Testpattern: Inline-volume (ext4)] volumes should be mountable" classname="Kubernetes e2e suite" time="0">
          <skipped></skipped>
      </testcase>
      <testcase name="[sig-storage] In-tree Volumes [Driver: ceph][Feature:Volumes] [Testpattern: Dynamic PV (default fs)] subPath should fail if subpath directory is outside the volume [Slow]" classname="Kubernetes e2e suite" time="0">
          <skipped></skipped>
      </testcase>
      <testcase name="[sig-autoscaling] Cluster size autoscaling [Slow] should increase cluster size if pending pods are small and one node is broken [Feature:ClusterSizeAutoscalingScaleUp]" classname="Kubernetes e2e suite" time="0">
          <skipped></skipped>
      </testcase>
      <testcase name="[sig-storage] ConfigMap should be consumable from pods in volume with defaultMode set [LinuxOnly] [NodeConformance] [Conformance]" classname="Kubernetes e2e suite" time="0">
          <skipped></skipped>
      </testcase>
      <testcase name="[sig-storage] Volume Placement test back to back pod creation and deletion with different volume sources on the same worker node" classname="Kubernetes e2e suite" time="0">
          <skipped></skipped>
      </testcase>
      <testcase name="[sig-autoscaling] Cluster size autoscaling [Slow] Should not scale GPU pool up if pod does not require GPUs [GpuType:] [Feature:ClusterSizeAutoscalingGpu]" classname="Kubernetes e2e suite" time="0">
          <skipped></skipped>
      </testcase>
      <testcase name="[sig-storage] In-tree Volumes [Driver: local][LocalVolumeType: block] [Testpattern: Pre-provisioned PV (filesystem volmode)] volumeMode should create sc, pod, pv, and pvc, read/write to the pv, and delete all created resources" classname="Kubernetes e2e suite" time="0">
          <skipped></skipped>
      </testcase>
      <testcase name="[sig-storage] In-tree Volumes [Driver: cinder] [Testpattern: Inline-volume (xfs)] volumes should allow exec of files on the volume" classname="Kubernetes e2e suite" time="0">
          <skipped></skipped>
      </testcase>
      <testcase name="[sig-storage] PersistentVolumes NFS when invoking the Recycle reclaim policy should test that a PV becomes Available and is clean after the PVC is deleted." classname="Kubernetes e2e suite" time="0">
          <skipped></skipped>
      </testcase>
      <testcase name="[sig-storage] In-tree Volumes [Driver: hostPathSymlink] [Testpattern: Pre-provisioned PV (default fs)] subPath should support readOnly directory specified in the volumeMount" classname="Kubernetes e2e suite" time="0">
          <skipped></skipped>
      </testcase>
      <testcase name="[sig-api-machinery] Garbage collector should support orphan deletion of custom resources" classname="Kubernetes e2e suite" time="0">
          <skipped></skipped>
      </testcase>
      <testcase name="[sig-storage] In-tree Volumes [Driver: vSphere] [Testpattern: Inline-volume (default fs)] subPath should fail if subpath with backstepping is outside the volume [Slow]" classname="Kubernetes e2e suite" time="0">
          <skipped></skipped>
      </testcase>
      <testcase name="[sig-storage] In-tree Volumes [Driver: gluster] [Testpattern: Inline-volume (xfs)] volumes should be mountable" classname="Kubernetes e2e suite" time="0">
          <skipped></skipped>
      </testcase>
      <testcase name="[sig-autoscaling] Cluster size autoscaling [Slow] should increase cluster size if pending pods are small [Feature:ClusterSizeAutoscalingScaleUp]" classname="Kubernetes e2e suite" time="0">
          <skipped></skipped>
      </testcase>
      <testcase name="[sig-storage] In-tree Volumes [Driver: hostPathSymlink] [Testpattern: Dynamic PV (default fs)] subPath should unmount if pod is force deleted while kubelet is down [Disruptive][Slow]" classname="Kubernetes e2e suite" time="0">
          <skipped></skipped>
      </testcase>
      <testcase name="[sig-network] Firewall rule [Slow] [Serial] should create valid firewall rules for LoadBalancer type service" classname="Kubernetes e2e suite" time="0">
          <skipped></skipped>
      </testcase>
      <testcase name="[sig-storage] CSI Volumes [Driver: pd.csi.storage.gke.io][Serial] [Testpattern: Pre-provisioned PV (default fs)] volumeIO should write files of various sizes, verify size, validate content [Slow]" classname="Kubernetes e2e suite" time="0">
          <skipped></skipped>
      </testcase>
      <testcase name="[sig-storage] In-tree Volumes [Driver: local][LocalVolumeType: gce-localssd-scsi-fs] [Serial] [Testpattern: Dynamic PV (default fs)] subPath should support existing single file" classname="Kubernetes e2e suite" time="0">
          <skipped></skipped>
      </testcase>
      <testcase name="[sig-storage] In-tree Volumes [Driver: ceph][Feature:Volumes] [Testpattern: Inline-volume (default fs)] subPath should support readOnly directory specified in the volumeMount" classname="Kubernetes e2e suite" time="0">
          <skipped></skipped>
      </testcase>
      <testcase name="[sig-storage] In-tree Volumes [Driver: ceph][Feature:Volumes] [Testpattern: Inline-volume (default fs)] subPath should verify container cannot write to subpath readonly volumes" classname="Kubernetes e2e suite" time="0">
          <skipped></skipped>
      </testcase>
      <testcase name="[sig-storage] In-tree Volumes [Driver: gcepd] [Testpattern: Dynamic PV (default fs)] subPath should support existing directory" classname="Kubernetes e2e suite" time="0">
          <skipped></skipped>
      </testcase>
      <testcase name="[sig-cli] Kubectl client [k8s.io] Simple pod should support port-forward" classname="Kubernetes e2e suite" time="0">
          <skipped></skipped>
      </testcase>
      <testcase name="[sig-storage] In-tree Volumes [Driver: local][LocalVolumeType: dir-link-bindmounted] [Testpattern: Pre-provisioned PV (default fs)] subPath should support existing directories when readOnly specified in the volumeSource" classname="Kubernetes e2e suite" time="0">
          <skipped></skipped>
      </testcase>
      <testcase name="[sig-storage] CSI Volumes [Driver: csi-hostpath-v0] [Testpattern: Pre-provisioned PV (default fs)] subPath should unmount if pod is gracefully deleted while kubelet is down [Disruptive][Slow]" classname="Kubernetes e2e suite" time="0">
          <skipped></skipped>
      </testcase>
      <testcase name="[sig-storage] In-tree Volumes [Driver: ceph][Feature:Volumes] [Testpattern: Pre-provisioned PV (default fs)] volumeIO should write files of various sizes, verify size, validate content [Slow]" classname="Kubernetes e2e suite" time="0">
          <skipped></skipped>
      </testcase>
      <testcase name="[sig-api-machinery] ResourceQuota [Feature:PodPriority] should verify ResourceQuota&#39;s priority class scope (cpu, memory quota set) against a pod with same priority class." classname="Kubernetes e2e suite" time="0">
          <skipped></skipped>
      </testcase>
      <testcase name="[sig-api-machinery] ResourceQuota [Feature:PodPriority] should verify ResourceQuota&#39;s multiple priority class scope (quota set to pod count: 2) against 2 pods with same priority classes." classname="Kubernetes e2e suite" time="0">
          <skipped></skipped>
      </testcase>
      <testcase name="[sig-storage] In-tree Volumes [Driver: local][LocalVolumeType: tmpfs] [Testpattern: Inline-volume (xfs)] volumes should be mountable" classname="Kubernetes e2e suite" time="0">
          <skipped></skipped>
      </testcase>
      <testcase name="[sig-storage] In-tree Volumes [Driver: aws] [Testpattern: Pre-provisioned PV (default fs)] subPath should support non-existent path" classname="Kubernetes e2e suite" time="0">
          <skipped></skipped>
      </testcase>
      <testcase name="[sig-storage] In-tree Volumes [Driver: vSphere] [Testpattern: Dynamic PV (ntfs)][sig-windows] volumes should allow exec of files on the volume" classname="Kubernetes e2e suite" time="0.001666569">
          <skipped></skipped>
      </testcase>
      <testcase name="[sig-storage] In-tree Volumes [Driver: azure] [Testpattern: Dynamic PV (default fs)] provisioning should provision storage with defaults" classname="Kubernetes e2e suite" time="0">
          <skipped></skipped>
      </testcase>
      <testcase name="[sig-storage] [Serial] Volume metrics PVController should create unbound pvc count metrics for pvc controller after creating pvc only" classname="Kubernetes e2e suite" time="0">
          <skipped></skipped>
      </testcase>
      <testcase name="[sig-storage] In-tree Volumes [Driver: local][LocalVolumeType: dir] [Testpattern: Pre-provisioned PV (default fs)] subPath should support readOnly file specified in the volumeMount" classname="Kubernetes e2e suite" time="0">
          <skipped></skipped>
      </testcase>
      <testcase name="[sig-api-machinery] Secrets should be consumable via the environment [NodeConformance] [Conformance]" classname="Kubernetes e2e suite" time="16.482383262"></testcase>
      <testcase name="[sig-storage] In-tree Volumes [Driver: local][LocalVolumeType: dir-link] [Testpattern: Inline-volume (default fs)] subPath should fail if non-existent subpath is outside the volume [Slow]" classname="Kubernetes e2e suite" time="0">
          <skipped></skipped>
      </testcase>
      <testcase name="[sig-storage] In-tree Volumes [Driver: local][LocalVolumeType: dir-link] [Testpattern: Pre-provisioned PV (default fs)] subPath should fail if non-existent subpath is outside the volume [Slow]" classname="Kubernetes e2e suite" time="0">
          <skipped></skipped>
      </testcase>
      <testcase name="[sig-storage] In-tree Volumes [Driver: emptydir] [Testpattern: Pre-provisioned PV (default fs)] subPath should support existing single file" classname="Kubernetes e2e suite" time="0">
          <skipped></skipped>
      </testcase>
      <testcase name="[sig-cli] Kubectl client [k8s.io] Kubectl run CronJob should create a CronJob" classname="Kubernetes e2e suite" time="0">
          <skipped></skipped>
      </testcase>
      <testcase name="[sig-storage] In-tree Volumes [Driver: azure] [Testpattern: Pre-provisioned PV (ext4)] volumes should allow exec of files on the volume" classname="Kubernetes e2e suite" time="0">
          <skipped></skipped>
      </testcase>
      <testcase name="[sig-storage] In-tree Volumes [Driver: iscsi][Feature:Volumes] [Testpattern: Pre-provisioned PV (xfs)] volumes should be mountable" classname="Kubernetes e2e suite" time="0">
          <skipped></skipped>
      </testcase>
      <testcase name="[sig-storage] In-tree Volumes [Driver: emptydir] [Testpattern: Inline-volume (ntfs)][sig-windows] volumes should allow exec of files on the volume" classname="Kubernetes e2e suite" time="0.001989822">
          <skipped></skipped>
      </testcase>
      <testcase name="[sig-storage] In-tree Volumes [Driver: local][LocalVolumeType: dir-link-bindmounted] [Testpattern: Dynamic PV (default fs)] subPath should unmount if pod is force deleted while kubelet is down [Disruptive][Slow]" classname="Kubernetes e2e suite" time="0">
          <skipped></skipped>
      </testcase>
      <testcase name="[sig-storage] PersistentVolumes-local  [Volume type: block] One pod requesting one prebound PVC should be able to mount volume and read from pod1" classname="Kubernetes e2e suite" time="0">
          <skipped></skipped>
      </testcase>
      <testcase name="[sig-storage] Secrets should be consumable from pods in volume [NodeConformance] [Conformance]" classname="Kubernetes e2e suite" time="24.695534821"></testcase>
      <testcase name="[sig-storage] CSI Volumes [Driver: csi-hostpath] [Testpattern: Inline-volume (default fs)] subPath should support readOnly directory specified in the volumeMount" classname="Kubernetes e2e suite" time="0">
          <skipped></skipped>
      </testcase>
      <testcase name="[sig-storage] Projected configMap should be consumable from pods in volume with defaultMode set [LinuxOnly] [NodeConformance] [Conformance]" classname="Kubernetes e2e suite" time="0">
          <skipped></skipped>
      </testcase>
      <testcase name="[sig-storage] In-tree Volumes [Driver: local][LocalVolumeType: block] [Testpattern: Pre-provisioned PV (default fs)] subPath should be able to unmount after the subpath directory is deleted" classname="Kubernetes e2e suite" time="0">
          <skipped></skipped>
      </testcase>
      <testcase name="[sig-storage] In-tree Volumes [Driver: cinder] [Testpattern: Inline-volume (default fs)] subPath should fail if subpath with backstepping is outside the volume [Slow]" classname="Kubernetes e2e suite" time="0">
          <skipped></skipped>
      </testcase>
      <testcase name="[sig-storage] In-tree Volumes [Driver: gluster] [Testpattern: Inline-volume (default fs)] subPath should support file as subpath" classname="Kubernetes e2e suite" time="0">
          <skipped></skipped>
      </testcase>
      <testcase name="[sig-storage] In-tree Volumes [Driver: hostPath] [Testpattern: Pre-provisioned PV (default fs)] subPath should fail if subpath file is outside the volume [Slow]" classname="Kubernetes e2e suite" time="0">
          <skipped></skipped>
      </testcase>
      <testcase name="[sig-storage] In-tree Volumes [Driver: cinder] [Testpattern: Inline-volume (xfs)] volumes should be mountable" classname="Kubernetes e2e suite" time="0">
          <skipped></skipped>
      </testcase>
      <testcase name="[sig-storage] In-tree Volumes [Driver: azure] [Testpattern: Pre-provisioned PV (xfs)] volumes should allow exec of files on the volume" classname="Kubernetes e2e suite" time="0">
          <skipped></skipped>
      </testcase>
      <testcase name="[sig-storage] In-tree Volumes [Driver: emptydir] [Testpattern: Dynamic PV (default fs)] subPath should support readOnly file specified in the volumeMount" classname="Kubernetes e2e suite" time="0">
          <skipped></skipped>
      </testcase>
      <testcase name="[sig-storage] In-tree Volumes [Driver: gcepd] [Testpattern: Pre-provisioned PV (default fs)] subPath should fail if non-existent subpath is outside the volume [Slow]" classname="Kubernetes e2e suite" time="0">
          <skipped></skipped>
      </testcase>
      <testcase name="[sig-storage] In-tree Volumes [Driver: emptydir] [Testpattern: Dynamic PV (default fs)] subPath should fail if subpath file is outside the volume [Slow]" classname="Kubernetes e2e suite" time="0">
          <skipped></skipped>
      </testcase>
      <testcase name="[sig-storage] In-tree Volumes [Driver: rbd][Feature:Volumes] [Testpattern: Pre-provisioned PV (block volmode)] volumeMode should create sc, pod, pv, and pvc, read/write to the pv, and delete all created resources" classname="Kubernetes e2e suite" time="0">
          <skipped></skipped>
      </testcase>
      <testcase name="[sig-storage] In-tree Volumes [Driver: hostPathSymlink] [Testpattern: Inline-volume (default fs)] subPath should support existing directories when readOnly specified in the volumeSource" classname="Kubernetes e2e suite" time="0">
          <skipped></skipped>
      </testcase>
      <testcase name="[sig-autoscaling] [Feature:ClusterSizeAutoscalingScaleUp] [Slow] Autoscaling [sig-autoscaling] Autoscaling a service from 1 pod and 3 nodes to 8 pods and &gt;=4 nodes takes less than 15 minutes" classname="Kubernetes e2e suite" time="0">
          <skipped></skipped>
      </testcase>
      <testcase name="[sig-storage] In-tree Volumes [Driver: emptydir] [Testpattern: Inline-volume (default fs)] volumes should be mountable" classname="Kubernetes e2e suite" time="0">
          <skipped></skipped>
      </testcase>
      <testcase name="[sig-storage] In-tree Volumes [Driver: gcepd] [Testpattern: Dynamic PV (default fs)] subPath should support non-existent path" classname="Kubernetes e2e suite" time="0">
          <skipped></skipped>
      </testcase>
      <testcase name="[sig-storage] Secrets should be consumable in multiple volumes in a pod [NodeConformance] [Conformance]" classname="Kubernetes e2e suite" time="24.680051025"></testcase>
      <testcase name="[sig-storage] CSI Volumes [Driver: pd.csi.storage.gke.io][Serial] [Testpattern: Pre-provisioned PV (ext4)] volumes should allow exec of files on the volume" classname="Kubernetes e2e suite" time="0">
          <skipped></skipped>
      </testcase>
      <testcase name="[sig-storage] CSI Volumes [Driver: csi-hostpath-v0] [Testpattern: Dynamic PV (ntfs)][sig-windows] provisioning should allow concurrent writes on the same node" classname="Kubernetes e2e suite" time="0.001642748">
          <skipped></skipped>
      </testcase>
      <testcase name="[sig-cluster-lifecycle] etcd Upgrade [Feature:EtcdUpgrade] etcd upgrade should maintain a functioning cluster" classname="Kubernetes e2e suite" time="0">
          <skipped></skipped>
      </testcase>
      <testcase name="[sig-storage] Regional PD RegionalPD should provision storage with delayed binding [Slow]" classname="Kubernetes e2e suite" time="0">
          <skipped></skipped>
      </testcase>
      <testcase name="[sig-storage] In-tree Volumes [Driver: local][LocalVolumeType: gce-localssd-scsi-fs] [Serial] [Testpattern: Dynamic PV (ntfs)][sig-windows] provisioning should provision storage with mount options" classname="Kubernetes e2e suite" time="0">
          <skipped></skipped>
      </testcase>
      <testcase name="[sig-storage] PersistentVolumes-local  [Volume type: block] Set fsGroup for local volume should set different fsGroup for second pod if first pod is deleted" classname="Kubernetes e2e suite" time="0">
          <skipped></skipped>
      </testcase>
      <testcase name="[sig-storage] Projected downwardAPI should provide node allocatable (memory) as default memory limit if the limit is not set [NodeConformance] [Conformance]" classname="Kubernetes e2e suite" time="22.554630327"></testcase>
      <testcase name="[sig-storage] In-tree Volumes [Driver: gluster] [Testpattern: Pre-provisioned PV (default fs)] subPath should unmount if pod is force deleted while kubelet is down [Disruptive][Slow]" classname="Kubernetes e2e suite" time="0">
          <skipped></skipped>
      </testcase>
      <testcase name="[sig-storage] Pod Disks schedule a pod w/ RW PD(s) mounted to 1 or more containers, write to PD, verify content, delete pod, and repeat in rapid succession [Slow] using 1 containers and 2 PDs" classname="Kubernetes e2e suite" time="0">
          <skipped></skipped>
      </testcase>
      <testcase name="[k8s.io] Container Runtime blackbox test when running a container with a new image should be able to pull image from docker hub [NodeConformance]" classname="Kubernetes e2e suite" time="17.556050369"></testcase>
      <testcase name="[sig-storage] In-tree Volumes [Driver: aws] [Testpattern: Pre-provisioned PV (default fs)] subPath should be able to unmount after the subpath directory is deleted" classname="Kubernetes e2e suite" time="0">
          <skipped></skipped>
      </testcase>
      <testcase name="[sig-storage] In-tree Volumes [Driver: hostPathSymlink] [Testpattern: Dynamic PV (ntfs)][sig-windows] provisioning should access volume from different nodes" classname="Kubernetes e2e suite" time="0.001814046">
          <skipped></skipped>
      </testcase>
      <testcase name="[sig-storage] In-tree Volumes [Driver: local][LocalVolumeType: tmpfs] [Testpattern: Pre-provisioned PV (xfs)] volumes should be mountable" classname="Kubernetes e2e suite" time="0">
          <skipped></skipped>
      </testcase>
      <testcase name="[sig-network] Networking Granular Checks: Pods should function for node-pod communication: udp [LinuxOnly] [NodeConformance] [Conformance]" classname="Kubernetes e2e suite" time="0">
          <skipped></skipped>
      </testcase>
      <testcase name="[sig-storage] In-tree Volumes [Driver: gcepd] [Testpattern: Dynamic PV (ext3)] volumes should allow exec of files on the volume" classname="Kubernetes e2e suite" time="0">
          <skipped></skipped>
      </testcase>
      <testcase name="[sig-cli] Kubectl Port forwarding [k8s.io] With a server listening on 0.0.0.0 [k8s.io] that expects NO client request should support a client that connects, sends DATA, and disconnects" classname="Kubernetes e2e suite" time="0">
          <skipped></skipped>
      </testcase>
      <testcase name="[sig-storage] In-tree Volumes [Driver: local][LocalVolumeType: tmpfs] [Testpattern: Inline-volume (default fs)] subPath should support file as subpath" classname="Kubernetes e2e suite" time="0">
          <skipped></skipped>
      </testcase>
      <testcase name="[sig-storage] CSI Volumes [Driver: pd.csi.storage.gke.io][Feature: gcePD-external] [Testpattern: Inline-volume (ntfs)][sig-windows] volumes should be mountable" classname="Kubernetes e2e suite" time="0">
          <skipped></skipped>
      </testcase>
      <testcase name="[sig-storage] Subpath Atomic writer volumes should support subpaths with configmap pod with mountPath of existing file [LinuxOnly] [Conformance]" classname="Kubernetes e2e suite" time="0">
          <skipped></skipped>
      </testcase>
      <testcase name="[sig-storage] In-tree Volumes [Driver: local][LocalVolumeType: block] [Testpattern: Inline-volume (default fs)] subPath should support existing single file" classname="Kubernetes e2e suite" time="0">
          <skipped></skipped>
      </testcase>
      <testcase name="[sig-storage] In-tree Volumes [Driver: aws] [Testpattern: Inline-volume (default fs)] subPath should unmount if pod is force deleted while kubelet is down [Disruptive][Slow]" classname="Kubernetes e2e suite" time="0">
          <skipped></skipped>
      </testcase>
      <testcase name="[sig-storage] PersistentVolumes-local  [Volume type: tmpfs] Two pods mounting a local volume at the same time should be able to write from pod1 and read from pod2" classname="Kubernetes e2e suite" time="0">
          <skipped></skipped>
      </testcase>
      <testcase name="[sig-storage] In-tree Volumes [Driver: gluster] [Testpattern: Inline-volume (default fs)] subPath should support readOnly directory specified in the volumeMount" classname="Kubernetes e2e suite" time="0">
          <skipped></skipped>
      </testcase>
      <testcase name="[sig-network] Networking Granular Checks: Services [Slow] should update nodePort: http [Slow]" classname="Kubernetes e2e suite" time="0">
          <skipped></skipped>
      </testcase>
      <testcase name="[sig-storage] In-tree Volumes [Driver: local][LocalVolumeType: dir-bindmounted] [Testpattern: Dynamic PV (default fs)] provisioning should provision storage with snapshot data source [Feature:VolumeSnapshotDataSource]" classname="Kubernetes e2e suite" time="0">
          <skipped></skipped>
      </testcase>
      <testcase name="[sig-storage] Subpath Atomic writer volumes should support subpaths with configmap pod [LinuxOnly] [Conformance]" classname="Kubernetes e2e suite" time="0">
          <skipped></skipped>
      </testcase>
      <testcase name="[sig-storage] In-tree Volumes [Driver: local][LocalVolumeType: tmpfs] [Testpattern: Inline-volume (default fs)] subPath should unmount if pod is force deleted while kubelet is down [Disruptive][Slow]" classname="Kubernetes e2e suite" time="0">
          <skipped></skipped>
      </testcase>
      <testcase name="[sig-storage] CSI Volumes [Driver: csi-hostpath-v0] [Testpattern: Inline-volume (ext4)] volumes should be mountable" classname="Kubernetes e2e suite" time="0">
          <skipped></skipped>
      </testcase>
      <testcase name="[sig-autoscaling] [HPA] Horizontal pod autoscaling (scale resource: Custom Metrics from Stackdriver) should scale down with Custom Metric of type Object from Stackdriver [Feature:CustomMetricsAutoscaling]" classname="Kubernetes e2e suite" time="0">
          <skipped></skipped>
      </testcase>
      <testcase name="[sig-storage] Zone Support Verify a pod is created and attached to a dynamically created PV, based on multiple zones specified in the storage class. (No shared datastores exist among both zones)" classname="Kubernetes e2e suite" time="0">
          <skipped></skipped>
      </testcase>
      <testcase name="[sig-storage] In-tree Volumes [Driver: gcepd] [Testpattern: Dynamic PV (default fs)] volumes should be mountable" classname="Kubernetes e2e suite" time="0">
          <skipped></skipped>
      </testcase>
      <testcase name="[sig-storage] In-tree Volumes [Driver: cinder] [Testpattern: Inline-volume (default fs)] subPath should be able to unmount after the subpath directory is deleted" classname="Kubernetes e2e suite" time="0">
          <skipped></skipped>
      </testcase>
      <testcase name="[sig-apps] stateful Upgrade [Feature:StatefulUpgrade] [k8s.io] stateful upgrade should maintain a functioning cluster" classname="Kubernetes e2e suite" time="0">
          <skipped></skipped>
      </testcase>
      <testcase name="[sig-storage] In-tree Volumes [Driver: local][LocalVolumeType: dir-link] [Testpattern: Pre-provisioned PV (default fs)] subPath should support readOnly file specified in the volumeMount" classname="Kubernetes e2e suite" time="0">
          <skipped></skipped>
      </testcase>
      <testcase name="[sig-storage] CSI Volumes [Driver: csi-hostpath-v0] [Testpattern: Inline-volume (default fs)] subPath should support file as subpath" classname="Kubernetes e2e suite" time="0">
          <skipped></skipped>
      </testcase>
      <testcase name="[sig-storage] CSI Volumes [Driver: pd.csi.storage.gke.io][Feature: gcePD-external] [Testpattern: Pre-provisioned PV (default fs)] subPath should support restarting containers using directory as subpath [Slow]" classname="Kubernetes e2e suite" time="0">
          <skipped></skipped>
      </testcase>
      <testcase name="[sig-storage] In-tree Volumes [Driver: hostPath] [Testpattern: Dynamic PV (ntfs)][sig-windows] provisioning should create and delete block persistent volumes" classname="Kubernetes e2e suite" time="0.001636673">
          <skipped></skipped>
      </testcase>
      <testcase name="[sig-storage] CSI Volumes [Driver: pd.csi.storage.gke.io][Feature: gcePD-external] [Testpattern: Dynamic PV (filesystem volmode)] volumeMode should create sc, pod, pv, and pvc, read/write to the pv, and delete all created resources" classname="Kubernetes e2e suite" time="0">
          <skipped></skipped>
      </testcase>
      <testcase name="[sig-storage] In-tree Volumes [Driver: iscsi][Feature:Volumes] [Testpattern: Pre-provisioned PV (default fs)] subPath should support restarting containers using directory as subpath [Slow]" classname="Kubernetes e2e suite" time="0">
          <skipped></skipped>
      </testcase>
      <testcase name="[sig-storage] In-tree Volumes [Driver: emptydir] [Testpattern: Pre-provisioned PV (default fs)] subPath should unmount if pod is gracefully deleted while kubelet is down [Disruptive][Slow]" classname="Kubernetes e2e suite" time="0">
          <skipped></skipped>
      </testcase>
      <testcase name="[sig-storage] In-tree Volumes [Driver: local][LocalVolumeType: gce-localssd-scsi-fs] [Serial] [Testpattern: Pre-provisioned PV (default fs)] subPath should support restarting containers using directory as subpath [Slow]" classname="Kubernetes e2e suite" time="0">
          <skipped></skipped>
      </testcase>
      <testcase name="[sig-storage] In-tree Volumes [Driver: local][LocalVolumeType: dir-bindmounted] [Testpattern: Inline-volume (default fs)] subPath should verify container cannot write to subpath readonly volumes" classname="Kubernetes e2e suite" time="0">
          <skipped></skipped>
      </testcase>
      <testcase name="[sig-storage] In-tree Volumes [Driver: emptydir] [Testpattern: Inline-volume (default fs)] subPath should support readOnly file specified in the volumeMount" classname="Kubernetes e2e suite" time="0">
          <skipped></skipped>
      </testcase>
      <testcase name="[sig-storage] In-tree Volumes [Driver: gluster] [Testpattern: Inline-volume (default fs)] subPath should fail if non-existent subpath is outside the volume [Slow]" classname="Kubernetes e2e suite" time="0">
          <skipped></skipped>
      </testcase>
      <testcase name="[sig-storage] In-tree Volumes [Driver: nfs] [Testpattern: Inline-volume (default fs)] subPath should verify container cannot write to subpath readonly volumes" classname="Kubernetes e2e suite" time="0">
          <skipped></skipped>
      </testcase>
      <testcase name="[sig-storage] CSI Volumes [Driver: pd.csi.storage.gke.io][Serial] [Testpattern: Inline-volume (xfs)] volumes should allow exec of files on the volume" classname="Kubernetes e2e suite" time="0">
          <skipped></skipped>
      </testcase>
      <testcase name="[sig-storage] PersistentVolumes NFS with multiple PVs and PVCs all in same ns should create 4 PVs and 2 PVCs: test write access [Slow]" classname="Kubernetes e2e suite" time="0">
          <skipped></skipped>
      </testcase>
      <testcase name="[sig-storage] In-tree Volumes [Driver: hostPathSymlink] [Testpattern: Dynamic PV (default fs)] subPath should support readOnly file specified in the volumeMount" classname="Kubernetes e2e suite" time="0">
          <skipped></skipped>
      </testcase>
      <testcase name="[sig-storage] PersistentVolumes-local  [Volume type: tmpfs] One pod requesting one prebound PVC should be able to mount volume and write from pod1" classname="Kubernetes e2e suite" time="0">
          <skipped></skipped>
      </testcase>
      <testcase name="[sig-cli] Kubectl Port forwarding [k8s.io] With a server listening on 0.0.0.0 [k8s.io] that expects a client request should support a client that connects, sends DATA, and disconnects" classname="Kubernetes e2e suite" time="0">
          <skipped></skipped>
      </testcase>
      <testcase name="[sig-storage] In-tree Volumes [Driver: local][LocalVolumeType: block] [Testpattern: Dynamic PV (default fs)] subPath should support existing directory" classname="Kubernetes e2e suite" time="0">
          <skipped></skipped>
      </testcase>
      <testcase name="[sig-storage] In-tree Volumes [Driver: ceph][Feature:Volumes] [Testpattern: Dynamic PV (ext4)] volumes should be mountable" classname="Kubernetes e2e suite" time="0">
          <skipped></skipped>
      </testcase>
      <testcase name="[sig-storage] In-tree Volumes [Driver: nfs] [Testpattern: Inline-volume (default fs)] volumes should allow exec of files on the volume" classname="Kubernetes e2e suite" time="0">
          <skipped></skipped>
      </testcase>
      <testcase name="[sig-apps] DaemonRestart [Disruptive] Scheduler should continue assigning pods to nodes across restart" classname="Kubernetes e2e suite" time="0">
          <skipped></skipped>
      </testcase>
      <testcase name="[sig-storage] In-tree Volumes [Driver: gcepd] [Testpattern: Inline-volume (ntfs)][sig-windows] volumes should be mountable" classname="Kubernetes e2e suite" time="116.829919056"></testcase>
      <testcase name="[sig-storage] In-tree Volumes [Driver: rbd][Feature:Volumes] [Testpattern: Pre-provisioned PV (default fs)] subPath should support restarting containers using directory as subpath [Slow]" classname="Kubernetes e2e suite" time="0">
          <skipped></skipped>
      </testcase>
      <testcase name="[sig-scheduling] SchedulerPredicates [Serial] validates that NodeAffinity is respected if not matching" classname="Kubernetes e2e suite" time="0">
          <skipped></skipped>
      </testcase>
      <testcase name="[sig-storage] In-tree Volumes [Driver: local][LocalVolumeType: gce-localssd-scsi-fs] [Serial] [Testpattern: Pre-provisioned PV (xfs)] volumes should allow exec of files on the volume" classname="Kubernetes e2e suite" time="0">
          <skipped></skipped>
      </testcase>
      <testcase name="[sig-storage] CSI Volumes [Driver: pd.csi.storage.gke.io][Serial] [Testpattern: Dynamic PV (default fs)] provisioning should provision storage with defaults" classname="Kubernetes e2e suite" time="0">
          <skipped></skipped>
      </testcase>
      <testcase name="[sig-network] ClusterDns [Feature:Example] should create pod that uses dns" classname="Kubernetes e2e suite" time="0">
          <skipped></skipped>
      </testcase>
      <testcase name="[k8s.io] [Feature:TTLAfterFinished][NodeAlphaFeature:TTLAfterFinished] job should be deleted once it finishes after TTL seconds" classname="Kubernetes e2e suite" time="0">
          <skipped></skipped>
      </testcase>
      <testcase name="[sig-storage] In-tree Volumes [Driver: hostPath] [Testpattern: Dynamic PV (default fs)] subPath should support file as subpath" classname="Kubernetes e2e suite" time="0">
          <skipped></skipped>
      </testcase>
      <testcase name="[sig-storage] In-tree Volumes [Driver: nfs] [Testpattern: Inline-volume (xfs)] volumes should allow exec of files on the volume" classname="Kubernetes e2e suite" time="0">
          <skipped></skipped>
      </testcase>
      <testcase name="[sig-storage] In-tree Volumes [Driver: rbd][Feature:Volumes] [Testpattern: Dynamic PV (default fs)] subPath should fail if subpath directory is outside the volume [Slow]" classname="Kubernetes e2e suite" time="0">
          <skipped></skipped>
      </testcase>
      <testcase name="[sig-storage] In-tree Volumes [Driver: hostPathSymlink] [Testpattern: Pre-provisioned PV (default fs)] subPath should fail if non-existent subpath is outside the volume [Slow]" classname="Kubernetes e2e suite" time="0">
          <skipped></skipped>
      </testcase>
      <testcase name="[sig-storage] In-tree Volumes [Driver: hostPathSymlink] [Testpattern: Dynamic PV (default fs)] subPath should support creating multiple subpath from same volumes [Slow]" classname="Kubernetes e2e suite" time="0">
          <skipped></skipped>
      </testcase>
      <testcase name="[sig-storage] In-tree Volumes [Driver: vSphere] [Testpattern: Pre-provisioned PV (default fs)] subPath should unmount if pod is gracefully deleted while kubelet is down [Disruptive][Slow]" classname="Kubernetes e2e suite" time="0">
          <skipped></skipped>
      </testcase>
      <testcase name="[sig-storage] Projected configMap updates should be reflected in volume [NodeConformance] [Conformance]" classname="Kubernetes e2e suite" time="34.46640021"></testcase>
      <testcase name="[k8s.io] Cluster size autoscaler scalability [Slow] should scale down empty nodes [Feature:ClusterAutoscalerScalability3]" classname="Kubernetes e2e suite" time="0">
          <skipped></skipped>
      </testcase>
      <testcase name="[sig-storage] Pod Disks detach in a disrupted environment [Slow] [Disruptive] when node is deleted" classname="Kubernetes e2e suite" time="0">
          <skipped></skipped>
      </testcase>
      <testcase name="[sig-storage] Secrets optional updates should be reflected in volume [NodeConformance] [Conformance]" classname="Kubernetes e2e suite" time="38.774188719"></testcase>
      <testcase name="[sig-storage] In-tree Volumes [Driver: iscsi][Feature:Volumes] [Testpattern: Pre-provisioned PV (default fs)] subPath should unmount if pod is gracefully deleted while kubelet is down [Disruptive][Slow]" classname="Kubernetes e2e suite" time="0">
          <skipped></skipped>
      </testcase>
      <testcase name="[sig-storage] In-tree Volumes [Driver: local][LocalVolumeType: block] [Testpattern: Inline-volume (default fs)] subPath should support existing directory" classname="Kubernetes e2e suite" time="0">
          <skipped></skipped>
      </testcase>
      <testcase name="[sig-storage] In-tree Volumes [Driver: hostPathSymlink] [Testpattern: Dynamic PV (default fs)] provisioning should provision storage with defaults" classname="Kubernetes e2e suite" time="0">
          <skipped></skipped>
      </testcase>
      <testcase name="[sig-storage] In-tree Volumes [Driver: local][LocalVolumeType: tmpfs] [Testpattern: Pre-provisioned PV (default fs)] volumes should allow exec of files on the volume" classname="Kubernetes e2e suite" time="0">
          <skipped></skipped>
      </testcase>
      <testcase name="[sig-storage] PersistentVolumes-local  [Volume type: blockfswithoutformat] Set fsGroup for local volume should set fsGroup for one pod" classname="Kubernetes e2e suite" time="0">
          <skipped></skipped>
      </testcase>
      <testcase name="[sig-network] Services should check NodePort out-of-range" classname="Kubernetes e2e suite" time="0">
          <skipped></skipped>
      </testcase>
      <testcase name="[sig-storage] In-tree Volumes [Driver: vSphere] [Testpattern: Inline-volume (xfs)] volumes should be mountable" classname="Kubernetes e2e suite" time="0">
          <skipped></skipped>
      </testcase>
      <testcase name="[sig-scheduling] SchedulerPredicates [Serial] validates resource limits of pods that are allowed to run  [Conformance]" classname="Kubernetes e2e suite" time="0">
          <skipped></skipped>
      </testcase>
      <testcase name="[sig-storage] CSI Volumes [Driver: csi-hostpath-v0] [Testpattern: Dynamic PV (default fs)] subPath should fail if subpath directory is outside the volume [Slow]" classname="Kubernetes e2e suite" time="0">
          <skipped></skipped>
      </testcase>
      <testcase name="[sig-storage] In-tree Volumes [Driver: local][LocalVolumeType: dir-bindmounted] [Testpattern: Pre-provisioned PV (default fs)] subPath should support existing directory" classname="Kubernetes e2e suite" time="0">
          <skipped></skipped>
      </testcase>
      <testcase name="[sig-storage] CSI Volumes [Driver: csi-hostpath-v0] [Testpattern: Pre-provisioned PV (ext4)] volumes should allow exec of files on the volume" classname="Kubernetes e2e suite" time="0">
          <skipped></skipped>
      </testcase>
      <testcase name="[sig-storage] In-tree Volumes [Driver: ceph][Feature:Volumes] [Testpattern: Inline-volume (default fs)] subPath should fail if subpath directory is outside the volume [Slow]" classname="Kubernetes e2e suite" time="0">
          <skipped></skipped>
      </testcase>
      <testcase name="[sig-storage] PersistentVolumes [Feature:LabelSelector] [sig-storage] Selector-Label Volume Binding:vsphere should bind volume with claim for given label" classname="Kubernetes e2e suite" time="0">
          <skipped></skipped>
      </testcase>
      <testcase name="[sig-storage] CSI Volumes [Driver: csi-hostpath] [Testpattern: Inline-volume (ext3)] volumes should allow exec of files on the volume" classname="Kubernetes e2e suite" time="0">
          <skipped></skipped>
      </testcase>
      <testcase name="[sig-autoscaling] Cluster size autoscaling [Slow] should increase cluster size if pod requesting EmptyDir volume is pending [Feature:ClusterSizeAutoscalingScaleUp]" classname="Kubernetes e2e suite" time="0">
          <skipped></skipped>
      </testcase>
      <testcase name="[sig-storage] In-tree Volumes [Driver: ceph][Feature:Volumes] [Testpattern: Inline-volume (default fs)] volumeIO should write files of various sizes, verify size, validate content [Slow]" classname="Kubernetes e2e suite" time="0">
          <skipped></skipped>
      </testcase>
      <testcase name="[sig-storage] In-tree Volumes [Driver: iscsi][Feature:Volumes] [Testpattern: Pre-provisioned PV (ntfs)][sig-windows] volumes should be mountable" classname="Kubernetes e2e suite" time="0">
          <skipped></skipped>
      </testcase>
      <testcase name="[sig-storage] CSI Volumes [Driver: csi-hostpath-v0] [Testpattern: Pre-provisioned PV (xfs)] volumes should be mountable" classname="Kubernetes e2e suite" time="0">
          <skipped></skipped>
      </testcase>
      <testcase name="[sig-api-machinery] ResourceQuota [Feature:ScopeSelectors] should verify ResourceQuota with terminating scopes through scope selectors." classname="Kubernetes e2e suite" time="0">
          <skipped></skipped>
      </testcase>
      <testcase name="[sig-storage] In-tree Volumes [Driver: ceph][Feature:Volumes] [Testpattern: Dynamic PV (default fs)] subPath should unmount if pod is force deleted while kubelet is down [Disruptive][Slow]" classname="Kubernetes e2e suite" time="0">
          <skipped></skipped>
      </testcase>
      <testcase name="[sig-storage] In-tree Volumes [Driver: hostPath] [Testpattern: Pre-provisioned PV (default fs)] subPath should unmount if pod is force deleted while kubelet is down [Disruptive][Slow]" classname="Kubernetes e2e suite" time="0">
          <skipped></skipped>
      </testcase>
      <testcase name="[sig-storage] In-tree Volumes [Driver: cinder] [Testpattern: Dynamic PV (default fs)] volumes should be mountable" classname="Kubernetes e2e suite" time="0">
          <skipped></skipped>
      </testcase>
      <testcase name="[sig-storage] CSI Volumes [Driver: pd.csi.storage.gke.io][Feature: gcePD-external] [Testpattern: Dynamic PV (ntfs)][sig-windows] provisioning should access volume from different nodes" classname="Kubernetes e2e suite" time="0">
          <skipped></skipped>
      </testcase>
      <testcase name="[sig-storage] In-tree Volumes [Driver: local][LocalVolumeType: dir-link-bindmounted] [Testpattern: Inline-volume (default fs)] subPath should unmount if pod is force deleted while kubelet is down [Disruptive][Slow]" classname="Kubernetes e2e suite" time="0">
          <skipped></skipped>
      </testcase>
      <testcase name="[sig-storage] In-tree Volumes [Driver: rbd][Feature:Volumes] [Testpattern: Inline-volume (default fs)] subPath should verify container cannot write to subpath readonly volumes" classname="Kubernetes e2e suite" time="0">
          <skipped></skipped>
      </testcase>
      <testcase name="[sig-storage] Projected configMap should be consumable from pods in volume [NodeConformance] [Conformance]" classname="Kubernetes e2e suite" time="26.82710865"></testcase>
      <testcase name="[sig-storage] [Serial] Volume metrics PVController should create bound pv/pvc count metrics for pvc controller after creating both pv and pvc" classname="Kubernetes e2e suite" time="0">
          <skipped></skipped>
      </testcase>
      <testcase name="[sig-scheduling] SchedulerPriorities [Serial] Pod should be preferably scheduled to nodes pod can tolerate" classname="Kubernetes e2e suite" time="0">
          <skipped></skipped>
      </testcase>
      <testcase name="[sig-storage] CSI Volumes [Driver: pd.csi.storage.gke.io][Serial] [Testpattern: Inline-volume (default fs)] subPath should support readOnly directory specified in the volumeMount" classname="Kubernetes e2e suite" time="0">
          <skipped></skipped>
      </testcase>
      <testcase name="[sig-storage] Zone Support Verify a pod is created and attached to a dynamically created PV, based on the allowed zones and datastore specified in storage class" classname="Kubernetes e2e suite" time="0">
          <skipped></skipped>
      </testcase>
      <testcase name="[sig-network] Networking Granular Checks: Services [Slow] should function for endpoint-Service: http" classname="Kubernetes e2e suite" time="0">
          <skipped></skipped>
      </testcase>
      <testcase name="[sig-storage] PersistentVolumes-local  [Volume type: gce-localssd-scsi-fs] [Serial] Set fsGroup for local volume should set same fsGroup for two pods simultaneously" classname="Kubernetes e2e suite" time="0">
          <skipped></skipped>
      </testcase>
      <testcase name="[sig-storage] CSI Volumes [Driver: csi-hostpath] [Testpattern: Inline-volume (ext4)] volumes should allow exec of files on the volume" classname="Kubernetes e2e suite" time="0">
          <skipped></skipped>
      </testcase>
      <testcase name="[sig-storage] CSI mock volume CSI Volume expansion [Feature:ExpandCSIVolumes] should expand volume by restarting pod if attach=off, nodeExpansion=on" classname="Kubernetes e2e suite" time="0">
          <skipped></skipped>
      </testcase>
      <testcase name="[sig-storage] In-tree Volumes [Driver: aws] [Testpattern: Dynamic PV (ext4)] volumes should allow exec of files on the volume" classname="Kubernetes e2e suite" time="0">
          <skipped></skipped>
      </testcase>
      <testcase name="[sig-storage] In-tree Volumes [Driver: vSphere] [Testpattern: Dynamic PV (default fs)] provisioning should provision storage with mount options" classname="Kubernetes e2e suite" time="0">
          <skipped></skipped>
      </testcase>
      <testcase name="[sig-storage] In-tree Volumes [Driver: ceph][Feature:Volumes] [Testpattern: Pre-provisioned PV (default fs)] subPath should unmount if pod is gracefully deleted while kubelet is down [Disruptive][Slow]" classname="Kubernetes e2e suite" time="0">
          <skipped></skipped>
      </testcase>
      <testcase name="[sig-storage] Storage Policy Based Volume Provisioning [Feature:vsphere] verify VSAN storage capability with invalid capability name objectSpaceReserve is not honored for dynamically provisioned pvc using storageclass" classname="Kubernetes e2e suite" time="0">
          <skipped></skipped>
      </testcase>
      <testcase name="[sig-storage] CSI Volumes [Driver: csi-hostpath-v0] [Testpattern: Inline-volume (ntfs)][sig-windows] volumes should allow exec of files on the volume" classname="Kubernetes e2e suite" time="0.001777518">
          <skipped></skipped>
      </testcase>
      <testcase name="[k8s.io] [sig-node] Pods Extended [k8s.io] Pods Set QOS Class should be submitted and removed  [Conformance]" classname="Kubernetes e2e suite" time="24.194360516"></testcase>
      <testcase name="[sig-storage] In-tree Volumes [Driver: local][LocalVolumeType: blockfs] [Testpattern: Dynamic PV (default fs)] provisioning should provision storage with snapshot data source [Feature:VolumeSnapshotDataSource]" classname="Kubernetes e2e suite" time="0">
          <skipped></skipped>
      </testcase>
      <testcase name="[sig-storage] CSI Volumes [Driver: pd.csi.storage.gke.io][Serial] [Testpattern: Pre-provisioned PV (default fs)] subPath should support non-existent path" classname="Kubernetes e2e suite" time="0">
          <skipped></skipped>
      </testcase>
      <testcase name="[sig-storage] In-tree Volumes [Driver: gcepd] [Testpattern: Inline-volume (default fs)] subPath should support readOnly directory specified in the volumeMount" classname="Kubernetes e2e suite" time="0">
          <skipped></skipped>
      </testcase>
      <testcase name="[sig-storage] CSI Volumes [Driver: pd.csi.storage.gke.io][Serial] [Testpattern: Dynamic PV (default fs)] subPath should fail if subpath directory is outside the volume [Slow]" classname="Kubernetes e2e suite" time="0">
          <skipped></skipped>
      </testcase>
      <testcase name="[sig-storage] In-tree Volumes [Driver: local][LocalVolumeType: dir-bindmounted] [Testpattern: Pre-provisioned PV (default fs)] subPath should unmount if pod is force deleted while kubelet is down [Disruptive][Slow]" classname="Kubernetes e2e suite" time="0">
          <skipped></skipped>
      </testcase>
      <testcase name="[sig-storage] In-tree Volumes [Driver: azure] [Testpattern: Dynamic PV (default fs)] subPath should fail if subpath file is outside the volume [Slow]" classname="Kubernetes e2e suite" time="0">
          <skipped></skipped>
      </testcase>
      <testcase name="[sig-storage] In-tree Volumes [Driver: hostPathSymlink] [Testpattern: Pre-provisioned PV (default fs)] subPath should unmount if pod is force deleted while kubelet is down [Disruptive][Slow]" classname="Kubernetes e2e suite" time="0">
          <skipped></skipped>
      </testcase>
      <testcase name="[sig-storage] Projected configMap Should fail non-optional pod creation due to configMap object does not exist [Slow]" classname="Kubernetes e2e suite" time="0">
          <skipped></skipped>
      </testcase>
      <testcase name="[sig-storage] In-tree Volumes [Driver: emptydir] [Testpattern: Dynamic PV (ntfs)][sig-windows] provisioning should provision storage with defaults" classname="Kubernetes e2e suite" time="0.00170168">
          <skipped></skipped>
      </testcase>
      <testcase name="[sig-apps] StatefulSet [k8s.io] Basic StatefulSet functionality [StatefulSetBasic] Scaling should happen in predictable order and halt if any stateful pod is unhealthy [Conformance]" classname="Kubernetes e2e suite" time="386.835744009"></testcase>
      <testcase name="[sig-storage] In-tree Volumes [Driver: azure] [Testpattern: Pre-provisioned PV (default fs)] subPath should fail if subpath file is outside the volume [Slow]" classname="Kubernetes e2e suite" time="0">
          <skipped></skipped>
      </testcase>
      <testcase name="[sig-storage] In-tree Volumes [Driver: gcepd] [Testpattern: Pre-provisioned PV (default fs)] subPath should support readOnly directory specified in the volumeMount" classname="Kubernetes e2e suite" time="0">
          <skipped></skipped>
      </testcase>
      <testcase name="[sig-storage] In-tree Volumes [Driver: vSphere] [Testpattern: Inline-volume (default fs)] subPath should fail if subpath directory is outside the volume [Slow]" classname="Kubernetes e2e suite" time="0">
          <skipped></skipped>
      </testcase>
      <testcase name="[sig-storage] In-tree Volumes [Driver: vSphere] [Testpattern: Inline-volume (default fs)] subPath should support restarting containers using file as subpath [Slow]" classname="Kubernetes e2e suite" time="0">
          <skipped></skipped>
      </testcase>
      <testcase name="[sig-apps] ReplicationController should serve a basic image on each replica with a private image" classname="Kubernetes e2e suite" time="0">
          <skipped></skipped>
      </testcase>
      <testcase name="[sig-storage] CSI Volumes [Driver: pd.csi.storage.gke.io][Serial] [Testpattern: Pre-provisioned PV (default fs)] subPath should support readOnly directory specified in the volumeMount" classname="Kubernetes e2e suite" time="0">
          <skipped></skipped>
      </testcase>
      <testcase name="[sig-storage] CSI Volumes [Driver: csi-hostpath] [Testpattern: Dynamic PV (ntfs)][sig-windows] provisioning should create and delete block persistent volumes" classname="Kubernetes e2e suite" time="0.0017523">
          <skipped></skipped>
      </testcase>
      <testcase name="[sig-storage] In-tree Volumes [Driver: aws] [Testpattern: Pre-provisioned PV (default fs)] subPath should support creating multiple subpath from same volumes [Slow]" classname="Kubernetes e2e suite" time="0">
          <skipped></skipped>
      </testcase>
      <testcase name="[sig-storage] In-tree Volumes [Driver: local][LocalVolumeType: gce-localssd-scsi-fs] [Serial] [Testpattern: Dynamic PV (ntfs)][sig-windows] provisioning should provision storage with snapshot data source [Feature:VolumeSnapshotDataSource]" classname="Kubernetes e2e suite" time="0">
          <skipped></skipped>
      </testcase>
      <testcase name="[sig-storage] In-tree Volumes [Driver: local][LocalVolumeType: blockfs] [Testpattern: Dynamic PV (default fs)] subPath should support readOnly file specified in the volumeMount" classname="Kubernetes e2e suite" time="0">
          <skipped></skipped>
      </testcase>
      <testcase name="[sig-storage] CSI Volumes [Driver: csi-hostpath] [Testpattern: Dynamic PV (xfs)] volumes should allow exec of files on the volume" classname="Kubernetes e2e suite" time="0">
          <skipped></skipped>
      </testcase>
      <testcase name="[sig-storage] In-tree Volumes [Driver: emptydir] [Testpattern: Pre-provisioned PV (default fs)] subPath should verify container cannot write to subpath readonly volumes" classname="Kubernetes e2e suite" time="0">
          <skipped></skipped>
      </testcase>
      <testcase name="[sig-storage] In-tree Volumes [Driver: local][LocalVolumeType: blockfs] [Testpattern: Dynamic PV (ntfs)][sig-windows] provisioning should access volume from different nodes" classname="Kubernetes e2e suite" time="0.00170181">
          <skipped></skipped>
      </testcase>
      <testcase name="[sig-storage] PVC Protection Verify that PVC in active use by a pod is not removed immediately" classname="Kubernetes e2e suite" time="0">
          <skipped></skipped>
      </testcase>
      <testcase name="[sig-storage] In-tree Volumes [Driver: local][LocalVolumeType: dir-link-bindmounted] [Testpattern: Inline-volume (default fs)] subPath should support non-existent path" classname="Kubernetes e2e suite" time="0">
          <skipped></skipped>
      </testcase>
      <testcase name="[sig-storage] In-tree Volumes [Driver: local][LocalVolumeType: dir-link] [Testpattern: Dynamic PV (ntfs)][sig-windows] volumes should allow exec of files on the volume" classname="Kubernetes e2e suite" time="0.001604414">
          <skipped></skipped>
      </testcase>
      <testcase name="[sig-storage] In-tree Volumes [Driver: local][LocalVolumeType: blockfs] [Testpattern: Pre-provisioned PV (default fs)] subPath should fail if subpath file is outside the volume [Slow]" classname="Kubernetes e2e suite" time="0">
          <skipped></skipped>
      </testcase>
      <testcase name="[sig-storage] CSI Volumes [Driver: csi-hostpath] [Testpattern: Pre-provisioned PV (default fs)] subPath should fail if subpath directory is outside the volume [Slow]" classname="Kubernetes e2e suite" time="0">
          <skipped></skipped>
      </testcase>
      <testcase name="[sig-api-machinery] AdmissionWebhook Should be able to deny pod and configmap creation" classname="Kubernetes e2e suite" time="0">
          <skipped></skipped>
      </testcase>
      <testcase name="[sig-storage] In-tree Volumes [Driver: aws] [Testpattern: Inline-volume (xfs)] volumes should allow exec of files on the volume" classname="Kubernetes e2e suite" time="0">
          <skipped></skipped>
      </testcase>
      <testcase name="[k8s.io] Variable Expansion should allow substituting values in a container&#39;s command [NodeConformance] [Conformance]" classname="Kubernetes e2e suite" time="18.525135961"></testcase>
      <testcase name="[sig-storage] In-tree Volumes [Driver: nfs] [Testpattern: Dynamic PV (default fs)] subPath should support file as subpath" classname="Kubernetes e2e suite" time="0">
          <skipped></skipped>
      </testcase>
      <testcase name="[sig-storage] In-tree Volumes [Driver: local][LocalVolumeType: tmpfs] [Testpattern: Pre-provisioned PV (ntfs)][sig-windows] volumes should be mountable" classname="Kubernetes e2e suite" time="0.001847286">
          <skipped></skipped>
      </testcase>
      <testcase name="[sig-storage] In-tree Volumes [Driver: local][LocalVolumeType: dir-link-bindmounted] [Testpattern: Inline-volume (default fs)] subPath should unmount if pod is gracefully deleted while kubelet is down [Disruptive][Slow]" classname="Kubernetes e2e suite" time="0">
          <skipped></skipped>
      </testcase>
      <testcase name="[sig-storage] In-tree Volumes [Driver: local][LocalVolumeType: block] [Testpattern: Dynamic PV (xfs)] volumes should allow exec of files on the volume" classname="Kubernetes e2e suite" time="0">
          <skipped></skipped>
      </testcase>
      <testcase name="[sig-storage] In-tree Volumes [Driver: local][LocalVolumeType: tmpfs] [Testpattern: Inline-volume (default fs)] volumes should be mountable" classname="Kubernetes e2e suite" time="0">
          <skipped></skipped>
      </testcase>
      <testcase name="[sig-storage] In-tree Volumes [Driver: gluster] [Testpattern: Dynamic PV (default fs)] provisioning should create and delete block persistent volumes" classname="Kubernetes e2e suite" time="0">
          <skipped></skipped>
      </testcase>
      <testcase name="[sig-storage] In-tree Volumes [Driver: hostPath] [Testpattern: Pre-provisioned PV (ntfs)][sig-windows] volumes should allow exec of files on the volume" classname="Kubernetes e2e suite" time="0.001653826">
          <skipped></skipped>
      </testcase>
      <testcase name="[sig-storage] Downward API volume should set mode on item file [LinuxOnly] [NodeConformance] [Conformance]" classname="Kubernetes e2e suite" time="0">
          <skipped></skipped>
      </testcase>
      <testcase name="[sig-storage] CSI Volumes [Driver: csi-hostpath-v0] [Testpattern: Inline-volume (default fs)] subPath should be able to unmount after the subpath directory is deleted" classname="Kubernetes e2e suite" time="0">
          <skipped></skipped>
      </testcase>
      <testcase name="[sig-storage] In-tree Volumes [Driver: local][LocalVolumeType: dir-link] [Testpattern: Dynamic PV (ntfs)][sig-windows] provisioning should access volume from different nodes" classname="Kubernetes e2e suite" time="0.001674958">
          <skipped></skipped>
      </testcase>
      <testcase name="[sig-storage] In-tree Volumes [Driver: local][LocalVolumeType: tmpfs] [Testpattern: Pre-provisioned PV (default fs)] subPath should fail if subpath with backstepping is outside the volume [Slow]" classname="Kubernetes e2e suite" time="0">
          <skipped></skipped>
      </testcase>
      <testcase name="[sig-storage] EmptyDir volumes should support (non-root,0644,tmpfs) [LinuxOnly] [NodeConformance] [Conformance]" classname="Kubernetes e2e suite" time="0">
          <skipped></skipped>
      </testcase>
      <testcase name="[sig-storage] In-tree Volumes [Driver: gcepd] [Testpattern: Pre-provisioned PV (default fs)] subPath should fail if subpath file is outside the volume [Slow]" classname="Kubernetes e2e suite" time="0">
          <skipped></skipped>
      </testcase>
      <testcase name="[sig-storage] In-tree Volumes [Driver: gluster] [Testpattern: Pre-provisioned PV (default fs)] subPath should fail if non-existent subpath is outside the volume [Slow]" classname="Kubernetes e2e suite" time="0">
          <skipped></skipped>
      </testcase>
      <testcase name="[sig-storage] In-tree Volumes [Driver: cinder] [Testpattern: Inline-volume (default fs)] subPath should fail if subpath file is outside the volume [Slow]" classname="Kubernetes e2e suite" time="0">
          <skipped></skipped>
      </testcase>
      <testcase name="[sig-storage] In-tree Volumes [Driver: emptydir] [Testpattern: Inline-volume (default fs)] subPath should fail if non-existent subpath is outside the volume [Slow]" classname="Kubernetes e2e suite" time="0">
          <skipped></skipped>
      </testcase>
      <testcase name="[k8s.io] NodeLease when the NodeLease feature is enabled the kubelet should create and update a lease in the kube-node-lease namespace" classname="Kubernetes e2e suite" time="0">
          <skipped></skipped>
      </testcase>
      <testcase name="[sig-storage] In-tree Volumes [Driver: gcepd] [Testpattern: Pre-provisioned PV (default fs)] subPath should support restarting containers using directory as subpath [Slow]" classname="Kubernetes e2e suite" time="0">
          <skipped></skipped>
      </testcase>
      <testcase name="[sig-storage] In-tree Volumes [Driver: gcepd] [Testpattern: Pre-provisioned PV (default fs)] subPath should unmount if pod is gracefully deleted while kubelet is down [Disruptive][Slow]" classname="Kubernetes e2e suite" time="0">
          <skipped></skipped>
      </testcase>
      <testcase name="[sig-storage] CSI Volumes [Driver: pd.csi.storage.gke.io][Serial] [Testpattern: Inline-volume (default fs)] subPath should support non-existent path" classname="Kubernetes e2e suite" time="0">
          <skipped></skipped>
      </testcase>
      <testcase name="[sig-storage] Projected secret should be able to mount in a volume regardless of a different secret existing with same name in different namespace [NodeConformance]" classname="Kubernetes e2e suite" time="32.723228148"></testcase>
      <testcase name="[sig-storage] In-tree Volumes [Driver: vSphere] [Testpattern: Dynamic PV (default fs)] subPath should unmount if pod is gracefully deleted while kubelet is down [Disruptive][Slow]" classname="Kubernetes e2e suite" time="0">
          <skipped></skipped>
      </testcase>
      <testcase name="[sig-storage] In-tree Volumes [Driver: local][LocalVolumeType: dir] [Testpattern: Inline-volume (default fs)] subPath should support file as subpath" classname="Kubernetes e2e suite" time="0">
          <skipped></skipped>
      </testcase>
      <testcase name="[sig-storage] CSI Volumes [Driver: pd.csi.storage.gke.io][Serial] [Testpattern: Dynamic PV (default fs)] subPath should unmount if pod is force deleted while kubelet is down [Disruptive][Slow]" classname="Kubernetes e2e suite" time="0">
          <skipped></skipped>
      </testcase>
      <testcase name="[sig-storage] In-tree Volumes [Driver: aws] [Testpattern: Dynamic PV (default fs)] provisioning should create and delete block persistent volumes" classname="Kubernetes e2e suite" time="0">
          <skipped></skipped>
      </testcase>
      <testcase name="[sig-storage] CSI Volumes [Driver: csi-hostpath-v0] [Testpattern: Dynamic PV (default fs)] subPath should support readOnly directory specified in the volumeMount" classname="Kubernetes e2e suite" time="0">
          <skipped></skipped>
      </testcase>
      <testcase name="[sig-storage] In-tree Volumes [Driver: local][LocalVolumeType: blockfs] [Testpattern: Dynamic PV (default fs)] subPath should support existing directories when readOnly specified in the volumeSource" classname="Kubernetes e2e suite" time="0">
          <skipped></skipped>
      </testcase>
      <testcase name="[sig-storage] In-tree Volumes [Driver: local][LocalVolumeType: tmpfs] [Testpattern: Pre-provisioned PV (ext3)] volumes should allow exec of files on the volume" classname="Kubernetes e2e suite" time="0">
          <skipped></skipped>
      </testcase>
      <testcase name="[k8s.io] Kubelet when scheduling a busybox Pod with hostAliases should write entries to /etc/hosts [LinuxOnly] [NodeConformance] [Conformance]" classname="Kubernetes e2e suite" time="0">
          <skipped></skipped>
      </testcase>
      <testcase name="[sig-cli] Kubectl Port forwarding [k8s.io] With a server listening on localhost [k8s.io] that expects a client request should support a client that connects, sends NO DATA, and disconnects" classname="Kubernetes e2e suite" time="0">
          <skipped></skipped>
      </testcase>
      <testcase name="[sig-storage] In-tree Volumes [Driver: azure] [Testpattern: Dynamic PV (ntfs)][sig-windows] provisioning should provision storage with mount options" classname="Kubernetes e2e suite" time="0.001020122">
          <skipped></skipped>
      </testcase>
      <testcase name="[sig-storage] In-tree Volumes [Driver: ceph][Feature:Volumes] [Testpattern: Dynamic PV (default fs)] subPath should support existing directories when readOnly specified in the volumeSource" classname="Kubernetes e2e suite" time="0">
          <skipped></skipped>
      </testcase>
      <testcase name="[sig-instrumentation] [Feature:PrometheusMonitoring] Prometheus should successfully scrape all targets" classname="Kubernetes e2e suite" time="0">
          <skipped></skipped>
      </testcase>
      <testcase name="[sig-storage] In-tree Volumes [Driver: ceph][Feature:Volumes] [Testpattern: Pre-provisioned PV (filesystem volmode)] volumeMode should create sc, pod, pv, and pvc, read/write to the pv, and delete all created resources" classname="Kubernetes e2e suite" time="0">
          <skipped></skipped>
      </testcase>
      <testcase name="[sig-storage] In-tree Volumes [Driver: local][LocalVolumeType: blockfs] [Testpattern: Pre-provisioned PV (default fs)] subPath should unmount if pod is gracefully deleted while kubelet is down [Disruptive][Slow]" classname="Kubernetes e2e suite" time="0">
          <skipped></skipped>
      </testcase>
      <testcase name="[sig-scalability] Density [Feature:ManualPerformance] should allow starting 50 pods per node using ReplicationController with 0 secrets, 0 configmaps, 0 token projections, and 0 daemons" classname="Kubernetes e2e suite" time="0">
          <skipped></skipped>
      </testcase>
      <testcase name="[sig-storage] Projected configMap should be consumable from pods in volume with mappings and Item mode set [LinuxOnly] [NodeConformance] [Conformance]" classname="Kubernetes e2e suite" time="0">
          <skipped></skipped>
      </testcase>
      <testcase name="[sig-network] ESIPP [Slow] [DisabledForLargeClusters] should only target nodes with endpoints" classname="Kubernetes e2e suite" time="0">
          <skipped></skipped>
      </testcase>
      <testcase name="[sig-storage] In-tree Volumes [Driver: emptydir] [Testpattern: Dynamic PV (default fs)] subPath should support file as subpath" classname="Kubernetes e2e suite" time="0">
          <skipped></skipped>
      </testcase>
      <testcase name="[sig-storage] In-tree Volumes [Driver: gluster] [Testpattern: Pre-provisioned PV (block volmode)] volumeMode should fail to create pod by failing to mount volume" classname="Kubernetes e2e suite" time="0">
          <skipped></skipped>
      </testcase>
      <testcase name="[sig-cli] Kubectl client [k8s.io] Kubectl client-side validation should create/apply a CR with unknown fields for CRD with no validation schema" classname="Kubernetes e2e suite" time="0">
          <skipped></skipped>
      </testcase>
      <testcase name="[sig-auth] Advanced Audit [DisabledForLargeClusters] should audit API calls to create and delete custom resource definition." classname="Kubernetes e2e suite" time="0">
          <skipped></skipped>
      </testcase>
      <testcase name="[sig-instrumentation] Cluster level logging implemented by Stackdriver [Feature:StackdriverLogging] [Soak] should ingest logs from applications running for a prolonged amount of time" classname="Kubernetes e2e suite" time="0">
          <skipped></skipped>
      </testcase>
      <testcase name="[k8s.io] [sig-node] Kubelet [Serial] [Slow] [k8s.io] [sig-node] regular resource usage tracking resource tracking for 100 pods per node" classname="Kubernetes e2e suite" time="0">
          <skipped></skipped>
      </testcase>
      <testcase name="[sig-storage] In-tree Volumes [Driver: hostPath] [Testpattern: Dynamic PV (default fs)] subPath should unmount if pod is force deleted while kubelet is down [Disruptive][Slow]" classname="Kubernetes e2e suite" time="0">
          <skipped></skipped>
      </testcase>
      <testcase name="[sig-storage] CSI Volumes CSI Topology test using GCE PD driver [Serial] should provision zonal PD with immediate volume binding and AllowedTopologies set and mount the volume to a pod" classname="Kubernetes e2e suite" time="0">
          <skipped></skipped>
      </testcase>
      <testcase name="[sig-storage] In-tree Volumes [Driver: local][LocalVolumeType: tmpfs] [Testpattern: Pre-provisioned PV (default fs)] volumes should be mountable" classname="Kubernetes e2e suite" time="0">
          <skipped></skipped>
      </testcase>
      <testcase name="[sig-storage] In-tree Volumes [Driver: azure] [Testpattern: Dynamic PV (ntfs)][sig-windows] provisioning should access volume from different nodes" classname="Kubernetes e2e suite" time="0.000588043">
          <skipped></skipped>
      </testcase>
      <testcase name="[sig-storage] In-tree Volumes [Driver: hostPathSymlink] [Testpattern: Pre-provisioned PV (xfs)] volumes should allow exec of files on the volume" classname="Kubernetes e2e suite" time="0">
          <skipped></skipped>
      </testcase>
      <testcase name="[sig-storage] In-tree Volumes [Driver: vSphere] [Testpattern: Pre-provisioned PV (default fs)] volumes should allow exec of files on the volume" classname="Kubernetes e2e suite" time="0">
          <skipped></skipped>
      </testcase>
      <testcase name="[sig-storage] In-tree Volumes [Driver: local][LocalVolumeType: gce-localssd-scsi-fs] [Serial] [Testpattern: Inline-volume (ntfs)][sig-windows] volumes should allow exec of files on the volume" classname="Kubernetes e2e suite" time="0">
          <skipped></skipped>
      </testcase>
      <testcase name="[sig-cluster-lifecycle] Upgrade [Feature:Upgrade] master upgrade should maintain a functioning cluster [Feature:MasterUpgrade]" classname="Kubernetes e2e suite" time="0">
          <skipped></skipped>
      </testcase>
      <testcase name="[sig-storage] In-tree Volumes [Driver: ceph][Feature:Volumes] [Testpattern: Inline-volume (default fs)] subPath should support readOnly file specified in the volumeMount" classname="Kubernetes e2e suite" time="0">
          <skipped></skipped>
      </testcase>
      <testcase name="[sig-storage] In-tree Volumes [Driver: local][LocalVolumeType: dir] [Testpattern: Dynamic PV (ext3)] volumes should be mountable" classname="Kubernetes e2e suite" time="0">
          <skipped></skipped>
      </testcase>
      <testcase name="[sig-storage] CSI Volumes [Driver: csi-hostpath] [Testpattern: Dynamic PV (default fs)] subPath should support readOnly directory specified in the volumeMount" classname="Kubernetes e2e suite" time="0">
          <skipped></skipped>
      </testcase>
      <testcase name="[sig-storage] In-tree Volumes [Driver: vSphere] [Testpattern: Dynamic PV (ntfs)][sig-windows] provisioning should provision storage with defaults" classname="Kubernetes e2e suite" time="0.000559772">
          <skipped></skipped>
      </testcase>
      <testcase name="[sig-storage] In-tree Volumes [Driver: emptydir] [Testpattern: Dynamic PV (default fs)] subPath should support non-existent path" classname="Kubernetes e2e suite" time="0">
          <skipped></skipped>
      </testcase>
      <testcase name="[sig-storage] In-tree Volumes [Driver: gcepd] [Testpattern: Inline-volume (default fs)] subPath should unmount if pod is gracefully deleted while kubelet is down [Disruptive][Slow]" classname="Kubernetes e2e suite" time="0">
          <skipped></skipped>
      </testcase>
      <testcase name="[sig-storage] CSI mock volume CSI workload information using mock driver should not be passed when podInfoOnMount=false" classname="Kubernetes e2e suite" time="0">
          <skipped></skipped>
      </testcase>
      <testcase name="[sig-storage] In-tree Volumes [Driver: local][LocalVolumeType: dir-bindmounted] [Testpattern: Pre-provisioned PV (filesystem volmode)] volumeMode should create sc, pod, pv, and pvc, read/write to the pv, and delete all created resources" classname="Kubernetes e2e suite" time="0">
          <skipped></skipped>
      </testcase>
      <testcase name="[sig-storage] In-tree Volumes [Driver: emptydir] [Testpattern: Inline-volume (ext4)] volumes should be mountable" classname="Kubernetes e2e suite" time="0">
          <skipped></skipped>
      </testcase>
      <testcase name="[k8s.io] Kubelet when scheduling a busybox command in a pod should print the output to logs [NodeConformance] [Conformance]" classname="Kubernetes e2e suite" time="34.2231551"></testcase>
      <testcase name="[sig-storage] In-tree Volumes [Driver: local][LocalVolumeType: dir] [Testpattern: Pre-provisioned PV (filesystem volmode)] volumeMode should create sc, pod, pv, and pvc, read/write to the pv, and delete all created resources" classname="Kubernetes e2e suite" time="0">
          <skipped></skipped>
      </testcase>
      <testcase name="[sig-autoscaling] DNS horizontal autoscaling [Serial] [Slow] kube-dns-autoscaler should scale kube-dns pods when cluster size changed" classname="Kubernetes e2e suite" time="0">
          <skipped></skipped>
      </testcase>
      <testcase name="[sig-apps] Deployment deployment should support rollover [Conformance]" classname="Kubernetes e2e suite" time="39.225910621"></testcase>
      <testcase name="[sig-storage] In-tree Volumes [Driver: rbd][Feature:Volumes] [Testpattern: Dynamic PV (ext4)] volumes should allow exec of files on the volume" classname="Kubernetes e2e suite" time="0">
          <skipped></skipped>
      </testcase>
      <testcase name="[sig-network] Loadbalancing: L7 Scalability GCE [Slow] [Serial] [Feature:IngressScale] Creating and updating ingresses should happen promptly with small/medium/large amount of ingresses" classname="Kubernetes e2e suite" time="0">
          <skipped></skipped>
      </testcase>
      <testcase name="[sig-storage] PersistentVolumes:vsphere should test that a vspehre volume mounted to a pod that is deleted while the kubelet is down unmounts when the kubelet returns [Disruptive]" classname="Kubernetes e2e suite" time="0">
          <skipped></skipped>
      </testcase>
      <testcase name="[sig-storage] In-tree Volumes [Driver: nfs] [Testpattern: Pre-provisioned PV (default fs)] subPath should support restarting containers using file as subpath [Slow]" classname="Kubernetes e2e suite" time="0">
          <skipped></skipped>
      </testcase>
      <testcase name="[sig-storage] In-tree Volumes [Driver: local][LocalVolumeType: dir-link] [Testpattern: Pre-provisioned PV (default fs)] subPath should be able to unmount after the subpath directory is deleted" classname="Kubernetes e2e suite" time="0">
          <skipped></skipped>
      </testcase>
      <testcase name="[sig-storage] CSI Volumes [Driver: pd.csi.storage.gke.io][Serial] [Testpattern: Dynamic PV (xfs)] volumes should be mountable" classname="Kubernetes e2e suite" time="0">
          <skipped></skipped>
      </testcase>
      <testcase name="[sig-storage] In-tree Volumes [Driver: local][LocalVolumeType: dir-link] [Testpattern: Inline-volume (default fs)] subPath should verify container cannot write to subpath readonly volumes" classname="Kubernetes e2e suite" time="0">
          <skipped></skipped>
      </testcase>
      <testcase name="[k8s.io] Sysctls [NodeFeature:Sysctls] should support unsafe sysctls which are actually whitelisted" classname="Kubernetes e2e suite" time="0">
          <skipped></skipped>
      </testcase>
      <testcase name="[sig-storage] CSI Volumes [Driver: csi-hostpath-v0] [Testpattern: Pre-provisioned PV (default fs)] subPath should be able to unmount after the subpath directory is deleted" classname="Kubernetes e2e suite" time="0">
          <skipped></skipped>
      </testcase>
      <testcase name="[sig-storage] In-tree Volumes [Driver: iscsi][Feature:Volumes] [Testpattern: Inline-volume (ntfs)][sig-windows] volumes should be mountable" classname="Kubernetes e2e suite" time="0">
          <skipped></skipped>
      </testcase>
      <testcase name="[sig-storage] In-tree Volumes [Driver: azure] [Testpattern: Inline-volume (default fs)] subPath should support existing directories when readOnly specified in the volumeSource" classname="Kubernetes e2e suite" time="0">
          <skipped></skipped>
      </testcase>
      <testcase name="[sig-storage] In-tree Volumes [Driver: hostPath] [Testpattern: Dynamic PV (default fs)] subPath should be able to unmount after the subpath directory is deleted" classname="Kubernetes e2e suite" time="0">
          <skipped></skipped>
      </testcase>
      <testcase name="[sig-storage] EmptyDir volumes when FSGroup is specified [NodeFeature:FSGroup] nonexistent volume subPath should have the correct mode and owner using FSGroup" classname="Kubernetes e2e suite" time="0">
          <skipped></skipped>
      </testcase>
      <testcase name="[sig-storage] In-tree Volumes [Driver: gluster] [Testpattern: Dynamic PV (default fs)] subPath should support restarting containers using file as subpath [Slow]" classname="Kubernetes e2e suite" time="0">
          <skipped></skipped>
      </testcase>
      <testcase name="[sig-storage] In-tree Volumes [Driver: gcepd] [Testpattern: Inline-volume (default fs)] subPath should support existing single file" classname="Kubernetes e2e suite" time="0">
          <skipped></skipped>
      </testcase>
      <testcase name="[sig-storage] CSI Volumes [Driver: pd.csi.storage.gke.io][Serial] [Testpattern: Dynamic PV (default fs)] provisioning should provision storage with mount options" classname="Kubernetes e2e suite" time="0">
          <skipped></skipped>
      </testcase>
      <testcase name="[sig-storage] In-tree Volumes [Driver: hostPathSymlink] [Testpattern: Pre-provisioned PV (filesystem volmode)] volumeMode should create sc, pod, pv, and pvc, read/write to the pv, and delete all created resources" classname="Kubernetes e2e suite" time="0">
          <skipped></skipped>
      </testcase>
      <testcase name="[sig-storage] In-tree Volumes [Driver: local][LocalVolumeType: gce-localssd-scsi-fs] [Serial] [Testpattern: Pre-provisioned PV (default fs)] subPath should fail if subpath directory is outside the volume [Slow]" classname="Kubernetes e2e suite" time="0">
          <skipped></skipped>
      </testcase>
      <testcase name="[sig-storage] CSI Volumes [Driver: csi-hostpath] [Testpattern: Dynamic PV (ntfs)][sig-windows] volumes should allow exec of files on the volume" classname="Kubernetes e2e suite" time="0.001760155">
          <skipped></skipped>
      </testcase>
      <testcase name="[sig-storage] Pod Disks detach in a disrupted environment [Slow] [Disruptive] when node&#39;s API object is deleted" classname="Kubernetes e2e suite" time="0">
          <skipped></skipped>
      </testcase>
      <testcase name="[sig-storage] In-tree Volumes [Driver: emptydir] [Testpattern: Pre-provisioned PV (ext4)] volumes should allow exec of files on the volume" classname="Kubernetes e2e suite" time="0">
          <skipped></skipped>
      </testcase>
      <testcase name="[sig-storage] CSI Volumes [Driver: pd.csi.storage.gke.io][Feature: gcePD-external] [Testpattern: Pre-provisioned PV (filesystem volmode)] volumeMode should create sc, pod, pv, and pvc, read/write to the pv, and delete all created resources" classname="Kubernetes e2e suite" time="0">
          <skipped></skipped>
      </testcase>
      <testcase name="[sig-storage] In-tree Volumes [Driver: aws] [Testpattern: Inline-volume (default fs)] volumes should be mountable" classname="Kubernetes e2e suite" time="0">
          <skipped></skipped>
      </testcase>
      <testcase name="[sig-storage] In-tree Volumes [Driver: local][LocalVolumeType: tmpfs] [Testpattern: Pre-provisioned PV (default fs)] subPath should support restarting containers using file as subpath [Slow]" classname="Kubernetes e2e suite" time="0">
          <skipped></skipped>
      </testcase>
      <testcase name="[sig-storage] In-tree Volumes [Driver: local][LocalVolumeType: tmpfs] [Testpattern: Dynamic PV (ntfs)][sig-windows] provisioning should provision storage with mount options" classname="Kubernetes e2e suite" time="0.001718261">
          <skipped></skipped>
      </testcase>
      <testcase name="[sig-storage] In-tree Volumes [Driver: local][LocalVolumeType: dir] [Testpattern: Inline-volume (default fs)] subPath should fail if subpath with backstepping is outside the volume [Slow]" classname="Kubernetes e2e suite" time="0">
          <skipped></skipped>
      </testcase>
      <testcase name="[sig-storage] In-tree Volumes [Driver: rbd][Feature:Volumes] [Testpattern: Pre-provisioned PV (default fs)] subPath should support existing directory" classname="Kubernetes e2e suite" time="0">
          <skipped></skipped>
      </testcase>
      <testcase name="[sig-storage] In-tree Volumes [Driver: hostPath] [Testpattern: Pre-provisioned PV (default fs)] subPath should fail if non-existent subpath is outside the volume [Slow]" classname="Kubernetes e2e suite" time="0">
          <skipped></skipped>
      </testcase>
      <testcase name="[sig-storage] In-tree Volumes [Driver: gcepd] [Testpattern: Pre-provisioned PV (default fs)] subPath should support file as subpath" classname="Kubernetes e2e suite" time="0">
          <skipped></skipped>
      </testcase>
      <testcase name="[sig-storage] In-tree Volumes [Driver: local][LocalVolumeType: dir-link] [Testpattern: Inline-volume (default fs)] subPath should support readOnly directory specified in the volumeMount" classname="Kubernetes e2e suite" time="0">
          <skipped></skipped>
      </testcase>
      <testcase name="[sig-storage] Zone Support Verify PVC creation with incompatible zone along with compatible storagePolicy and datastore combination specified in storage class fails" classname="Kubernetes e2e suite" time="0">
          <skipped></skipped>
      </testcase>
      <testcase name="[sig-storage] In-tree Volumes [Driver: local][LocalVolumeType: tmpfs] [Testpattern: Dynamic PV (ext4)] volumes should be mountable" classname="Kubernetes e2e suite" time="0">
          <skipped></skipped>
      </testcase>
      <testcase name="[k8s.io] Pods should support retrieving logs from the container over websockets [NodeConformance] [Conformance]" classname="Kubernetes e2e suite" time="32.34299766"></testcase>
      <testcase name="[sig-storage] In-tree Volumes [Driver: local][LocalVolumeType: dir-bindmounted] [Testpattern: Dynamic PV (default fs)] subPath should unmount if pod is force deleted while kubelet is down [Disruptive][Slow]" classname="Kubernetes e2e suite" time="0">
          <skipped></skipped>
      </testcase>
      <testcase name="[sig-storage] CSI Volumes [Driver: pd.csi.storage.gke.io][Serial] [Testpattern: Dynamic PV (default fs)] subPath should support non-existent path" classname="Kubernetes e2e suite" time="0">
          <skipped></skipped>
      </testcase>
      <testcase name="[sig-storage] In-tree Volumes [Driver: ceph][Feature:Volumes] [Testpattern: Inline-volume (xfs)] volumes should allow exec of files on the volume" classname="Kubernetes e2e suite" time="0">
          <skipped></skipped>
      </testcase>
      <testcase name="[sig-storage] In-tree Volumes [Driver: local][LocalVolumeType: dir-bindmounted] [Testpattern: Pre-provisioned PV (ext4)] volumes should allow exec of files on the volume" classname="Kubernetes e2e suite" time="0">
          <skipped></skipped>
      </testcase>
      <testcase name="[sig-network] Services should be able to change the type from ClusterIP to ExternalName" classname="Kubernetes e2e suite" time="0">
          <skipped></skipped>
      </testcase>
      <testcase name="[sig-storage] In-tree Volumes [Driver: local][LocalVolumeType: block] [Testpattern: Dynamic PV (default fs)] subPath should support readOnly directory specified in the volumeMount" classname="Kubernetes e2e suite" time="0">
          <skipped></skipped>
      </testcase>
      <testcase name="[sig-storage] In-tree Volumes [Driver: local][LocalVolumeType: gce-localssd-scsi-fs] [Serial] [Testpattern: Inline-volume (default fs)] subPath should support readOnly file specified in the volumeMount" classname="Kubernetes e2e suite" time="0">
          <skipped></skipped>
      </testcase>
      <testcase name="[sig-storage] CSI Volumes [Driver: pd.csi.storage.gke.io][Feature: gcePD-external] [Testpattern: Dynamic PV (default fs)] subPath should support existing single file" classname="Kubernetes e2e suite" time="0">
          <skipped></skipped>
      </testcase>
      <testcase name="[sig-storage] In-tree Volumes [Driver: hostPath] [Testpattern: Inline-volume (default fs)] volumes should be mountable" classname="Kubernetes e2e suite" time="0">
          <skipped></skipped>
      </testcase>
      <testcase name="[sig-storage] In-tree Volumes [Driver: local][LocalVolumeType: dir] [Testpattern: Pre-provisioned PV (block volmode)] volumeMode should fail to create pod by failing to mount volume" classname="Kubernetes e2e suite" time="0">
          <skipped></skipped>
      </testcase>
      <testcase name="[sig-api-machinery] Generated clientset should create v1beta1 cronJobs, delete cronJobs, watch cronJobs" classname="Kubernetes e2e suite" time="0">
          <skipped></skipped>
      </testcase>
      <testcase name="[sig-storage] In-tree Volumes [Driver: local][LocalVolumeType: tmpfs] [Testpattern: Inline-volume (default fs)] subPath should support readOnly directory specified in the volumeMount" classname="Kubernetes e2e suite" time="0">
          <skipped></skipped>
      </testcase>
      <testcase name="[sig-cluster-lifecycle] Ports Security Check [Feature:KubeletSecurity] should not have port 10255 open on its all public IP addresses" classname="Kubernetes e2e suite" time="0">
          <skipped></skipped>
      </testcase>
      <testcase name="[sig-storage] CSI Volumes [Driver: csi-hostpath] [Testpattern: Dynamic PV (xfs)] volumes should be mountable" classname="Kubernetes e2e suite" time="0">
          <skipped></skipped>
      </testcase>
      <testcase name="[sig-apps] Daemon set [Serial] should not update pod when spec was updated and update strategy is OnDelete" classname="Kubernetes e2e suite" time="0">
          <skipped></skipped>
      </testcase>
      <testcase name="[sig-storage] CSI Volumes [Driver: csi-hostpath] [Testpattern: Inline-volume (default fs)] subPath should support creating multiple subpath from same volumes [Slow]" classname="Kubernetes e2e suite" time="0">
          <skipped></skipped>
      </testcase>
      <testcase name="[sig-storage] PersistentVolumes-local  Pod with node different from PV&#39;s NodeAffinity should fail scheduling due to different NodeAffinity" classname="Kubernetes e2e suite" time="0">
          <skipped></skipped>
      </testcase>
      <testcase name="[sig-storage] In-tree Volumes [Driver: local][LocalVolumeType: tmpfs] [Testpattern: Dynamic PV (default fs)] subPath should support readOnly directory specified in the volumeMount" classname="Kubernetes e2e suite" time="0">
          <skipped></skipped>
      </testcase>
      <testcase name="[sig-apps] StatefulSet [k8s.io] Basic StatefulSet functionality [StatefulSetBasic] should perform rolling updates and roll backs of template modifications with PVCs" classname="Kubernetes e2e suite" time="0">
          <skipped></skipped>
      </testcase>
      <testcase name="[sig-storage] In-tree Volumes [Driver: gcepd] [Testpattern: Dynamic PV (default fs)] subPath should unmount if pod is force deleted while kubelet is down [Disruptive][Slow]" classname="Kubernetes e2e suite" time="0">
          <skipped></skipped>
      </testcase>
      <testcase name="[k8s.io] NodeLease when the NodeLease feature is enabled the kubelet should report node status infrequently" classname="Kubernetes e2e suite" time="0">
          <skipped></skipped>
      </testcase>
      <testcase name="[sig-storage] In-tree Volumes [Driver: nfs] [Testpattern: Pre-provisioned PV (default fs)] subPath should fail if subpath file is outside the volume [Slow]" classname="Kubernetes e2e suite" time="0">
          <skipped></skipped>
      </testcase>
      <testcase name="[sig-apps] ReplicationController should adopt matching pods on creation [Conformance]" classname="Kubernetes e2e suite" time="32.230907727"></testcase>
      <testcase name="[sig-storage] CSI Volumes [Driver: csi-hostpath-v0] [Testpattern: Dynamic PV (ntfs)][sig-windows] provisioning should access volume from different nodes" classname="Kubernetes e2e suite" time="0.001810361">
          <skipped></skipped>
      </testcase>
      <testcase name="[sig-storage] In-tree Volumes [Driver: cinder] [Testpattern: Dynamic PV (default fs)] subPath should support restarting containers using directory as subpath [Slow]" classname="Kubernetes e2e suite" time="0">
          <skipped></skipped>
      </testcase>
      <testcase name="[sig-cluster-lifecycle] Upgrade [Feature:Upgrade] cluster upgrade should maintain a functioning cluster [Feature:ClusterUpgrade]" classname="Kubernetes e2e suite" time="0">
          <skipped></skipped>
      </testcase>
      <testcase name="[sig-storage] In-tree Volumes [Driver: azure] [Testpattern: Inline-volume (ext4)] volumes should be mountable" classname="Kubernetes e2e suite" time="0">
          <skipped></skipped>
      </testcase>
      <testcase name="[sig-storage] In-tree Volumes [Driver: nfs] [Testpattern: Pre-provisioned PV (filesystem volmode)] volumeMode should create sc, pod, pv, and pvc, read/write to the pv, and delete all created resources" classname="Kubernetes e2e suite" time="0">
          <skipped></skipped>
      </testcase>
      <testcase name="[sig-storage] In-tree Volumes [Driver: local][LocalVolumeType: dir-link] [Testpattern: Inline-volume (default fs)] subPath should unmount if pod is gracefully deleted while kubelet is down [Disruptive][Slow]" classname="Kubernetes e2e suite" time="0">
          <skipped></skipped>
      </testcase>
      <testcase name="[sig-apps] StatefulSet [k8s.io] Deploy clustered applications [Feature:StatefulSet] [Slow] should creating a working CockroachDB cluster" classname="Kubernetes e2e suite" time="0">
          <skipped></skipped>
      </testcase>
      <testcase name="[sig-storage] Dynamic Provisioning Invalid AWS KMS key should report an error and create no PV" classname="Kubernetes e2e suite" time="0">
          <skipped></skipped>
      </testcase>
      <testcase name="[sig-storage] In-tree Volumes [Driver: azure] [Testpattern: Pre-provisioned PV (default fs)] subPath should fail if subpath directory is outside the volume [Slow]" classname="Kubernetes e2e suite" time="0">
          <skipped></skipped>
      </testcase>
      <testcase name="[sig-auth] PodSecurityPolicy should forbid pod creation when no PSP is available" classname="Kubernetes e2e suite" time="0">
          <skipped></skipped>
      </testcase>
      <testcase name="[sig-scheduling] NoExecuteTaintManager Single Pod [Serial] eventually evict pod with finite tolerations from tainted nodes" classname="Kubernetes e2e suite" time="0">
          <skipped></skipped>
      </testcase>
      <testcase name="[sig-storage] In-tree Volumes [Driver: hostPathSymlink] [Testpattern: Dynamic PV (default fs)] subPath should support existing directories when readOnly specified in the volumeSource" classname="Kubernetes e2e suite" time="0">
          <skipped></skipped>
      </testcase>
      <testcase name="[sig-storage] CSI Volumes [Driver: csi-hostpath-v0] [Testpattern: Inline-volume (default fs)] subPath should fail if subpath with backstepping is outside the volume [Slow]" classname="Kubernetes e2e suite" time="0">
          <skipped></skipped>
      </testcase>
      <testcase name="[sig-storage] In-tree Volumes [Driver: local][LocalVolumeType: tmpfs] [Testpattern: Dynamic PV (ntfs)][sig-windows] provisioning should provision storage with snapshot data source [Feature:VolumeSnapshotDataSource]" classname="Kubernetes e2e suite" time="0">
          <skipped></skipped>
      </testcase>
      <testcase name="[sig-storage] Projected downwardAPI should provide container&#39;s cpu limit [NodeConformance] [Conformance]" classname="Kubernetes e2e suite" time="16.487023533"></testcase>
      <testcase name="[sig-storage] CSI Volumes [Driver: pd.csi.storage.gke.io][Serial] [Testpattern: Pre-provisioned PV (ext3)] volumes should allow exec of files on the volume" classname="Kubernetes e2e suite" time="0">
          <skipped></skipped>
      </testcase>
      <testcase name="[sig-storage] CSI Volumes [Driver: csi-hostpath-v0] [Testpattern: Pre-provisioned PV (ext3)] volumes should be mountable" classname="Kubernetes e2e suite" time="0">
          <skipped></skipped>
      </testcase>
      <testcase name="[sig-storage] CSI Volumes [Driver: csi-hostpath-v0] [Testpattern: Inline-volume (xfs)] volumes should allow exec of files on the volume" classname="Kubernetes e2e suite" time="0">
          <skipped></skipped>
      </testcase>
      <testcase name="[sig-storage] In-tree Volumes [Driver: emptydir] [Testpattern: Dynamic PV (default fs)] provisioning should access volume from different nodes" classname="Kubernetes e2e suite" time="0">
          <skipped></skipped>
      </testcase>
      <testcase name="[sig-network] ESIPP [Slow] [DisabledForLargeClusters] should work from pods" classname="Kubernetes e2e suite" time="0">
          <skipped></skipped>
      </testcase>
      <testcase name="[sig-storage] CSI Volumes [Driver: pd.csi.storage.gke.io][Feature: gcePD-external] [Testpattern: Dynamic PV (default fs)] volumes should be mountable" classname="Kubernetes e2e suite" time="0">
          <skipped></skipped>
      </testcase>
      <testcase name="[sig-autoscaling] Cluster size autoscaling [Slow] shouldn&#39;t be able to scale down when rescheduling a pod is required, but pdb doesn&#39;t allow drain[Feature:ClusterSizeAutoscalingScaleDown]" classname="Kubernetes e2e suite" time="0">
          <skipped></skipped>
      </testcase>
      <testcase name="[sig-storage] In-tree Volumes [Driver: gluster] [Testpattern: Pre-provisioned PV (default fs)] subPath should fail if subpath with backstepping is outside the volume [Slow]" classname="Kubernetes e2e suite" time="0">
          <skipped></skipped>
      </testcase>
      <testcase name="[sig-storage] In-tree Volumes [Driver: aws] [Testpattern: Dynamic PV (filesystem volmode)] volumeMode should create sc, pod, pv, and pvc, read/write to the pv, and delete all created resources" classname="Kubernetes e2e suite" time="0">
          <skipped></skipped>
      </testcase>
      <testcase name="[sig-storage] In-tree Volumes [Driver: hostPath] [Testpattern: Inline-volume (default fs)] subPath should support restarting containers using directory as subpath [Slow]" classname="Kubernetes e2e suite" time="0">
          <skipped></skipped>
      </testcase>
      <testcase name="[sig-storage] In-tree Volumes [Driver: local][LocalVolumeType: gce-localssd-scsi-fs] [Serial] [Testpattern: Dynamic PV (ntfs)][sig-windows] volumes should allow exec of files on the volume" classname="Kubernetes e2e suite" time="0">
          <skipped></skipped>
      </testcase>
      <testcase name="[sig-storage] In-tree Volumes [Driver: vSphere] [Testpattern: Dynamic PV (default fs)] provisioning should create and delete block persistent volumes" classname="Kubernetes e2e suite" time="0">
          <skipped></skipped>
      </testcase>
      <testcase name="[sig-network] Networking IPerf IPv6 [Experimental] [Feature:Networking-IPv6] [Slow] [Feature:Networking-Performance] should transfer ~ 1GB onto the service endpoint 1 servers (maximum of 1 clients)" classname="Kubernetes e2e suite" time="0">
          <skipped></skipped>
      </testcase>
      <testcase name="[sig-storage] In-tree Volumes [Driver: local][LocalVolumeType: tmpfs] [Testpattern: Pre-provisioned PV (default fs)] subPath should unmount if pod is force deleted while kubelet is down [Disruptive][Slow]" classname="Kubernetes e2e suite" time="0">
          <skipped></skipped>
      </testcase>
      <testcase name="[sig-network] Services should use same NodePort with same port but different protocols" classname="Kubernetes e2e suite" time="0">
          <skipped></skipped>
      </testcase>
      <testcase name="[sig-storage] In-tree Volumes [Driver: vSphere] [Testpattern: Inline-volume (default fs)] subPath should support existing single file" classname="Kubernetes e2e suite" time="0">
          <skipped></skipped>
      </testcase>
      <testcase name="[sig-storage] In-tree Volumes [Driver: local][LocalVolumeType: dir-link-bindmounted] [Testpattern: Inline-volume (ntfs)][sig-windows] volumes should allow exec of files on the volume" classname="Kubernetes e2e suite" time="0.001828904">
          <skipped></skipped>
      </testcase>
      <testcase name="[sig-storage] In-tree Volumes [Driver: iscsi][Feature:Volumes] [Testpattern: Pre-provisioned PV (ntfs)][sig-windows] volumes should allow exec of files on the volume" classname="Kubernetes e2e suite" time="0">
          <skipped></skipped>
      </testcase>
      <testcase name="[sig-storage] In-tree Volumes [Driver: local][LocalVolumeType: gce-localssd-scsi-fs] [Serial] [Testpattern: Pre-provisioned PV (ntfs)][sig-windows] volumes should allow exec of files on the volume" classname="Kubernetes e2e suite" time="0">
          <skipped></skipped>
      </testcase>
      <testcase name="[sig-storage] In-tree Volumes [Driver: aws] [Testpattern: Dynamic PV (ext3)] volumes should allow exec of files on the volume" classname="Kubernetes e2e suite" time="0">
          <skipped></skipped>
      </testcase>
      <testcase name="[sig-storage] In-tree Volumes [Driver: azure] [Testpattern: Inline-volume (default fs)] subPath should support existing directory" classname="Kubernetes e2e suite" time="0">
          <skipped></skipped>
      </testcase>
      <testcase name="[sig-apps] ReplicationController should serve a basic image on each replica with a public image  [Conformance]" classname="Kubernetes e2e suite" time="21.299528344"></testcase>
      <testcase name="[sig-storage] In-tree Volumes [Driver: local][LocalVolumeType: dir-link] [Testpattern: Dynamic PV (default fs)] subPath should fail if subpath with backstepping is outside the volume [Slow]" classname="Kubernetes e2e suite" time="0">
          <skipped></skipped>
      </testcase>
      <testcase name="[sig-storage] Ephemeralstorage When pod refers to non-existent ephemeral storage should allow deletion of pod with invalid volume : configmap" classname="Kubernetes e2e suite" time="0">
          <skipped></skipped>
      </testcase>
      <testcase name="[sig-storage] CSI Volumes [Driver: csi-hostpath-v0] [Testpattern: Dynamic PV (ext3)] volumes should allow exec of files on the volume" classname="Kubernetes e2e suite" time="0">
          <skipped></skipped>
      </testcase>
      <testcase name="[sig-api-machinery] AdmissionWebhook Should not be able to mutate or prevent deletion of webhook configuration objects" classname="Kubernetes e2e suite" time="0">
          <skipped></skipped>
      </testcase>
      <testcase name="[sig-storage] CSI Volumes [Driver: pd.csi.storage.gke.io][Serial] [Testpattern: Inline-volume (default fs)] subPath should support restarting containers using file as subpath [Slow]" classname="Kubernetes e2e suite" time="0">
          <skipped></skipped>
      </testcase>
      <testcase name="[sig-storage] In-tree Volumes [Driver: hostPath] [Testpattern: Inline-volume (xfs)] volumes should be mountable" classname="Kubernetes e2e suite" time="0">
          <skipped></skipped>
      </testcase>
      <testcase name="[sig-storage] CSI Volumes [Driver: csi-hostpath] [Testpattern: Inline-volume (ext3)] volumes should be mountable" classname="Kubernetes e2e suite" time="0">
          <skipped></skipped>
      </testcase>
      <testcase name="[sig-apps] DisruptionController evictions: maxUnavailable allow single eviction, percentage =&gt; should allow an eviction" classname="Kubernetes e2e suite" time="0">
          <skipped></skipped>
      </testcase>
      <testcase name="[sig-storage] In-tree Volumes [Driver: aws] [Testpattern: Dynamic PV (ntfs)][sig-windows] volumes should be mountable" classname="Kubernetes e2e suite" time="0.001888066">
          <skipped></skipped>
      </testcase>
      <testcase name="[k8s.io] Container Lifecycle Hook when create a pod with lifecycle hook should execute prestop http hook properly [NodeConformance] [Conformance]" classname="Kubernetes e2e suite" time="162.552510396"></testcase>
      <testcase name="[sig-storage] PersistentVolumes-local  [Volume type: dir-link-bindmounted] Set fsGroup for local volume should set different fsGroup for second pod if first pod is deleted" classname="Kubernetes e2e suite" time="0">
          <skipped></skipped>
      </testcase>
      <testcase name="[sig-storage] CSI Volumes [Driver: pd.csi.storage.gke.io][Feature: gcePD-external] [Testpattern: Inline-volume (default fs)] subPath should support existing directory" classname="Kubernetes e2e suite" time="0">
          <skipped></skipped>
      </testcase>
      <testcase name="[sig-storage] In-tree Volumes [Driver: emptydir] [Testpattern: Inline-volume (xfs)] volumes should allow exec of files on the volume" classname="Kubernetes e2e suite" time="0">
          <skipped></skipped>
      </testcase>
      <testcase name="[sig-storage] In-tree Volumes [Driver: gcepd] [Testpattern: Dynamic PV (default fs)] subPath should unmount if pod is gracefully deleted while kubelet is down [Disruptive][Slow]" classname="Kubernetes e2e suite" time="0">
          <skipped></skipped>
      </testcase>
      <testcase name="[sig-storage] CSI Volumes [Driver: pd.csi.storage.gke.io][Feature: gcePD-external] [Testpattern: Pre-provisioned PV (default fs)] subPath should support creating multiple subpath from same volumes [Slow]" classname="Kubernetes e2e suite" time="0">
          <skipped></skipped>
      </testcase>
      <testcase name="[sig-storage] In-tree Volumes [Driver: local][LocalVolumeType: dir] [Testpattern: Inline-volume (default fs)] subPath should support readOnly directory specified in the volumeMount" classname="Kubernetes e2e suite" time="0">
          <skipped></skipped>
      </testcase>
      <testcase name="[sig-storage] PersistentVolumes-local  [Volume type: blockfswithformat] One pod requesting one prebound PVC should be able to mount volume and write from pod1" classname="Kubernetes e2e suite" time="0">
          <skipped></skipped>
      </testcase>
      <testcase name="[sig-storage] In-tree Volumes [Driver: nfs] [Testpattern: Pre-provisioned PV (default fs)] subPath should fail if subpath with backstepping is outside the volume [Slow]" classname="Kubernetes e2e suite" time="0">
          <skipped></skipped>
      </testcase>
      <testcase name="[sig-network] DNS should provide DNS for pods for Hostname and Subdomain" classname="Kubernetes e2e suite" time="0">
          <skipped></skipped>
      </testcase>
      <testcase name="[sig-storage] In-tree Volumes [Driver: nfs] [Testpattern: Dynamic PV (ntfs)][sig-windows] provisioning should access volume from different nodes" classname="Kubernetes e2e suite" time="0.001847794">
          <skipped></skipped>
      </testcase>
      <testcase name="[sig-storage] In-tree Volumes [Driver: local][LocalVolumeType: dir-link-bindmounted] [Testpattern: Pre-provisioned PV (filesystem volmode)] volumeMode should create sc, pod, pv, and pvc, read/write to the pv, and delete all created resources" classname="Kubernetes e2e suite" time="0">
          <skipped></skipped>
      </testcase>
      <testcase name="[sig-storage] CSI Volumes [Driver: csi-hostpath] [Testpattern: Dynamic PV (default fs)] volumes should be mountable" classname="Kubernetes e2e suite" time="0">
          <skipped></skipped>
      </testcase>
      <testcase name="[sig-network] DNS should resolve DNS of partial qualified names for the cluster " classname="Kubernetes e2e suite" time="0">
          <skipped></skipped>
      </testcase>
      <testcase name="[sig-storage] In-tree Volumes [Driver: local][LocalVolumeType: tmpfs] [Testpattern: Dynamic PV (default fs)] subPath should fail if subpath with backstepping is outside the volume [Slow]" classname="Kubernetes e2e suite" time="0">
          <skipped></skipped>
      </testcase>
      <testcase name="[sig-storage] CSI Volumes [Driver: csi-hostpath] [Testpattern: Pre-provisioned PV (default fs)] subPath should fail if subpath file is outside the volume [Slow]" classname="Kubernetes e2e suite" time="0">
          <skipped></skipped>
      </testcase>
      <testcase name="[sig-storage] In-tree Volumes [Driver: local][LocalVolumeType: block] [Testpattern: Inline-volume (default fs)] subPath should support readOnly file specified in the volumeMount" classname="Kubernetes e2e suite" time="0">
          <skipped></skipped>
      </testcase>
      <testcase name="[sig-storage] CSI Volumes [Driver: csi-hostpath] [Testpattern: Pre-provisioned PV (default fs)] subPath should support readOnly file specified in the volumeMount" classname="Kubernetes e2e suite" time="0">
          <skipped></skipped>
      </testcase>
      <testcase name="[sig-storage] In-tree Volumes [Driver: vSphere] [Testpattern: Dynamic PV (default fs)] subPath should support existing directory" classname="Kubernetes e2e suite" time="0">
          <skipped></skipped>
      </testcase>
      <testcase name="[sig-storage] In-tree Volumes [Driver: hostPath] [Testpattern: Inline-volume (default fs)] subPath should unmount if pod is gracefully deleted while kubelet is down [Disruptive][Slow]" classname="Kubernetes e2e suite" time="0">
          <skipped></skipped>
      </testcase>
      <testcase name="[sig-storage] In-tree Volumes [Driver: azure] [Testpattern: Inline-volume (default fs)] subPath should unmount if pod is force deleted while kubelet is down [Disruptive][Slow]" classname="Kubernetes e2e suite" time="0">
          <skipped></skipped>
      </testcase>
      <testcase name="[sig-network] Loadbalancing: L7 GCE [Slow] [Feature:Ingress] multicluster ingress should get instance group annotation" classname="Kubernetes e2e suite" time="0">
          <skipped></skipped>
      </testcase>
      <testcase name="[sig-storage] In-tree Volumes [Driver: local][LocalVolumeType: dir-link] [Testpattern: Dynamic PV (default fs)] subPath should support readOnly file specified in the volumeMount" classname="Kubernetes e2e suite" time="0">
          <skipped></skipped>
      </testcase>
      <testcase name="[sig-autoscaling] Cluster size autoscaling [Slow] should correctly scale down after a node is not needed when there is non autoscaled pool[Feature:ClusterSizeAutoscalingScaleDown]" classname="Kubernetes e2e suite" time="0">
          <skipped></skipped>
      </testcase>
  </testsuite>